/sbin/pam_timestamp_check:
1
1
1
1
/sbin/consoletype:
0
0
0
0
/sbin/udevadm:
1
1
1
1
/sbin/auditctl:
1
1
1
1
/sbin/runlevel:
1
1
1
1
/sbin/fsck.ext3:
0
1
1
0
/sbin/lspci:
0
1
0
0
/sbin/netreport:
0
1
0
0
/sbin/mkfs.ext4:
0
1
1
0
/sbin/fstab-decode:
0
0
0
0
/sbin/init:
1
1
1
1
/sbin/unix_update:
1
1
1
1
/sbin/setpci:
0
1
0
0
/sbin/rtmon:
0
1
0
0
/sbin/fuser:
0
1
0
0
/sbin/logsave:
0
1
1
0
/sbin/dhclient:
1
1
1
1
/sbin/ppp-watch:
0
1
0
0
/sbin/partx:
0
1
0
0
/sbin/telinit:
1
1
1
1
/sbin/insmod.static:
0
0
0
0
/sbin/lvmetad:
1
1
1
1
/sbin/mke2fs:
0
1
1
0
/sbin/rdisc:
1
1
0
0
/sbin/mdadm:
0
1
0
0
/sbin/pdata_tools:
0
1
0
0
/sbin/fsck:
0
1
0
0
/sbin/nologin:
0
0
0
0
/sbin/insmod:
0
0
0
0
/sbin/tc:
0
1
0
0
/sbin/mii-tool:
0
1
0
0
/sbin/mingetty:
0
1
0
0
/sbin/sulogin:
0
1
0
0
/sbin/plymouthd:
0
1
0
0
/sbin/wipefs:
0
1
0
0
/sbin/losetup:
0
1
0
0
/sbin/fsck.ext4:
0
1
1
0
/sbin/lsmod:
0
0
0
0
/sbin/ether-wake:
0
1
0
0
/sbin/mkhomedir_helper:
0
1
1
0
/sbin/aureport:
0
1
0
0
/sbin/delpart:
0
1
0
0
/sbin/load_policy:
1
0
1
0
/sbin/shutdown:
1
1
1
1
/sbin/rmmod:
0
1
0
0
/sbin/pivot_root:
0
0
0
0
/sbin/e2image:
0
1
1
0
/sbin/mdmon:
0
1
0
1
/sbin/busybox:
0
0
0
0
/sbin/mkfs.ext2:
0
1
1
0
/sbin/arping:
1
1
0
0
/sbin/killall5:
0
1
0
0
/sbin/chcpu:
0
1
0
0
/sbin/unix_chkpwd:
1
1
1
1
/sbin/badblocks:
0
1
1
0
/sbin/sysctl:
0
1
0
0
/sbin/ifenslave:
0
1
0
0
/sbin/iptables-multi-1.4.7:
0
1
0
0
/sbin/mkswap:
0
1
0
0
/sbin/blkid:
0
1
0
0
/sbin/bridge:
0
1
0
0
/sbin/securetty:
0
1
0
0
/sbin/pam_console_apply:
0
1
1
0
/sbin/ethtool:
0
1
0
0
/sbin/rsyslogd:
1
1
1
1
/sbin/e2label:
0
1
1
0
/sbin/MAKEDEV:
0
1
0
0
/sbin/genhostid:
0
0
0
0
/sbin/chkconfig:
0
1
0
0
/sbin/vmcore-dmesg:
0
1
0
0
/sbin/resize2fs:
0
0
1
0
/sbin/kpartx:
0
1
0
0
/sbin/ctrlaltdel:
0
0
0
0
/sbin/ausearch:
0
1
0
0
/sbin/e2fsck:
0
1
1
0
/sbin/fdisk:
0
1
0
0
/sbin/matchpathcon:
0
0
0
0
/sbin/pam_tally2:
0
1
1
0
/sbin/iptunnel:
0
1
0
0
/sbin/grubby:
0
1
0
0
/sbin/kdump:
0
0
0
0
/sbin/mkfs.cramfs:
0
1
0
0
/sbin/mkfs:
0
0
0
0
/sbin/fsck.ext2:
0
1
1
0
/sbin/dmeventd:
1
1
1
1
/sbin/arp:
0
1
0
0
/sbin/runuser:
1
1
0
0
/sbin/plipconfig:
0
0
0
0
/sbin/swapon:
0
1
0
0
/sbin/autrace:
0
1
0
0
/sbin/blkdiscard:
0
1
0
0
/sbin/findfs:
0
0
0
0
/sbin/grub:
0
0
0
0
/sbin/dumpe2fs:
0
1
1
0
/sbin/mii-diag:
0
0
0
0
/sbin/ip:
0
1
0
0
/sbin/ipmaddr:
0
1
0
0
/sbin/ldconfig:
0
0
0
0
/sbin/getkey:
0
1
0
0
/sbin/sfdisk:
0
1
0
0
/sbin/ip6tables-multi-1.4.7:
0
1
0
0
/sbin/addpart:
0
1
0
0
/sbin/reboot:
1
1
1
1
/sbin/lvm:
1
1
1
1
/sbin/install-info:
0
1
0
0
/sbin/hwclock:
0
1
0
0
/sbin/blockdev:
0
1
0
0
/sbin/ifconfig:
0
1
0
0
/sbin/faillock:
0
1
1
0
/sbin/mkfs.ext4dev:
0
1
1
0
/sbin/slattach:
0
1
0
0
/sbin/route:
0
1
0
0
/sbin/setfiles:
1
1
1
0
/sbin/fsck.ext4dev:
0
1
1
0
/sbin/kexec:
0
1
0
0
/sbin/depmod:
0
1
0
0
/sbin/fsck.cramfs:
0
1
0
0
/sbin/cfdisk:
0
1
0
0
/sbin/debugfs:
0
1
1
0
/sbin/audispd:
1
1
1
1
/sbin/nameif:
0
1
0
0
/sbin/mkfs.ext3:
0
1
1
0
/sbin/switch_root:
0
1
0
0
/sbin/udevd:
1
1
1
1
/sbin/auditd:
1
1
1
1
/sbin/tune2fs:
0
1
1
0
/sbin/agetty:
0
1
0
0
/sbin/sln:
0
0
0
0
/sbin/modinfo:
0
1
0
0
/sbin/modprobe:
0
1
0
0
/sbin/e2undo:
0
1
1
0
/sbin/dmsetup:
1
1
1
1
/sbin/fstrim:
0
1
0
0
/sbin/initctl:
1
0
1
1
/sbin/fsfreeze:
0
0
0
0
/bin/ping6:
1
1
0
0
/bin/rpm:
0
0
0
0
/bin/ipcalc:
0
1
0
0
/bin/arch:
0
1
0
0
/bin/date:
0
1
0
0
/bin/uname:
0
1
0
0
/bin/sed:
0
1
0
0
/bin/mkdir:
0
1
0
0
/bin/pwd:
0
1
0
0
/bin/cpio:
0
1
0
0
/bin/find:
0
1
0
0
/bin/cp:
0
1
0
0
/bin/ls:
0
1
0
0
/bin/tar:
0
1
0
0
/bin/gzip:
0
1
0
0
/bin/hostname:
0
1
0
0
/bin/false:
0
1
0
0
/bin/mv:
0
1
0
0
/bin/nice:
0
1
0
0
/bin/cat:
0
1
0
0
/bin/ln:
0
1
0
0
/bin/usleep:
0
0
0
0
/bin/cut:
0
1
0
0
/bin/kill:
0
1
0
0
/bin/tracepath:
1
1
0
0
/bin/taskset:
0
1
0
0
/bin/stty:
0
1
0
0
/bin/basename:
0
1
0
0
/bin/plymouth:
0
1
0
0
/bin/loadkeys:
0
1
0
0
/bin/findmnt:
0
1
0
0
/bin/lsblk:
0
1
0
0
/bin/ping:
1
1
0
0
/bin/mknod:
0
1
0
0
/bin/unlink:
0
1
0
0
/bin/tracepath6:
1
1
0
0
/bin/rmdir:
0
1
0
0
/bin/bash:
0
1
0
0
/bin/touch:
0
1
0
0
/bin/netstat:
0
1
0
0
/bin/mktemp:
0
1
0
0
/bin/kbd_mode:
0
0
0
0
/bin/mountpoint:
0
1
0
0
/bin/dumpkeys:
0
1
0
0
/bin/link:
0
1
0
0
/bin/sync:
0
1
0
0
/bin/vi:
0
1
0
0
/bin/sleep:
0
1
0
0
/bin/setfont:
0
1
0
0
/bin/ps:
0
1
0
0
/bin/rm:
0
1
0
0
/bin/su:
1
1
1
1
/bin/raw:
0
0
0
0
/bin/logger:
0
1
0
0
/bin/df:
0
1
0
0
/bin/echo:
0
1
0
0
/bin/chown:
0
1
0
0
/bin/chmod:
0
1
0
0
/bin/login:
0
1
0
0
/bin/more:
0
1
0
0
/bin/env:
0
1
0
0
/bin/readlink:
0
1
0
0
/bin/grep:
0
1
0
0
/bin/dd:
0
1
0
0
/bin/gawk:
0
1
0
0
/bin/dash:
0
1
0
0
/bin/mount:
1
1
0
0
/bin/true:
0
1
0
0
/bin/dmesg:
0
0
0
0
/bin/chgrp:
0
1
0
0
/bin/sort:
0
1
0
0
/bin/umount:
1
1
0
0
/usr/sbin/lpasswd:
0
1
0
0
/usr/sbin/iconvconfig.x86_64:
0
0
1
0
/usr/sbin/iconvconfig:
0
0
1
0
/usr/sbin/selinuxdefcon:
0
0
0
0
/usr/sbin/setcap:
0
0
0
0
/usr/sbin/postlock:
1
1
1
0
/usr/sbin/usernetctl:
1
0
0
0
/usr/sbin/useradd:
1
1
1
1
/usr/sbin/getsebool:
0
0
0
0
/usr/sbin/lnstat:
0
1
0
0
/usr/sbin/luserdel:
0
1
0
0
/usr/sbin/grpck:
1
1
1
1
/usr/sbin/getcap:
0
0
0
0
/usr/sbin/groupadd:
1
1
1
1
/usr/sbin/clockdiff:
1
1
0
0
/usr/sbin/tunelp:
0
0
0
0
/usr/sbin/postmulti:
1
1
1
0
/usr/sbin/setsebool:
1
0
1
0
/usr/sbin/smtp-sink:
1
1
1
0
/usr/sbin/restorecond:
1
1
1
0
/usr/sbin/luseradd:
0
1
0
0
/usr/sbin/arpd:
0
1
0
0
/usr/sbin/postdrop:
1
1
1
0
/usr/sbin/postcat:
1
1
1
0
/usr/sbin/lgroupdel:
0
1
0
0
/usr/sbin/rtacct:
0
1
0
0
/usr/sbin/saslauthd:
1
1
1
1
/usr/sbin/postmap:
1
1
1
0
/usr/sbin/pwconv:
1
1
1
1
/usr/sbin/chroot:
0
1
0
0
/usr/sbin/grpunconv:
1
1
1
1
/usr/sbin/lid:
0
0
0
0
/usr/sbin/setenforce:
0
0
0
0
/usr/sbin/usermod:
1
1
1
1
/usr/sbin/ldattach:
0
0
0
0
/usr/sbin/build-locale-archive:
0
0
0
0
/usr/sbin/groupdel:
1
1
1
1
/usr/sbin/newusers:
1
1
1
1
/usr/sbin/lgroupmod:
0
1
0
0
/usr/sbin/makedumpfile:
0
0
0
0
/usr/sbin/cracklib-unpacker:
0
0
0
0
/usr/sbin/postalias:
1
1
1
0
/usr/sbin/testsaslauthd:
0
1
0
0
/usr/sbin/postqueue:
1
1
1
0
/usr/sbin/sshd:
1
1
1
1
/usr/sbin/efibootmgr:
0
1
0
0
/usr/sbin/e2freefrag:
0
1
1
0
/usr/sbin/readprofile:
0
1
0
0
/usr/sbin/selinuxenabled:
0
0
0
0
/usr/sbin/pwunconv:
1
1
1
1
/usr/sbin/postkick:
1
1
1
0
/usr/sbin/userdel:
1
1
1
1
/usr/sbin/lusermod:
0
1
0
0
/usr/sbin/chpasswd:
1
1
1
1
/usr/sbin/mksock:
0
1
0
0
/usr/sbin/lchage:
0
1
0
0
/usr/sbin/anacron:
1
1
1
1
/usr/sbin/zdump:
0
0
1
0
/usr/sbin/sendmail.postfix:
1
1
1
0
/usr/sbin/postlog:
1
1
1
0
/usr/sbin/lgroupadd:
0
1
0
0
/usr/sbin/capsh:
0
0
0
0
/usr/sbin/pwck:
1
1
1
1
/usr/sbin/togglesebool:
0
0
0
0
/usr/sbin/grpconv:
1
1
1
1
/usr/sbin/avcstat:
0
1
0
0
/usr/sbin/visudo:
1
1
1
1
/usr/sbin/open_init_pty:
1
0
1
0
/usr/sbin/getpcaps:
0
0
0
0
/usr/sbin/run_init:
1
1
1
0
/usr/sbin/alternatives:
0
1
0
0
/usr/sbin/sestatus:
1
1
1
0
/usr/sbin/cracklib-check:
0
1
0
0
/usr/sbin/ss:
0
1
0
0
/usr/sbin/filefrag:
0
1
1
0
/usr/sbin/smtp-source:
1
1
1
0
/usr/sbin/getenforce:
0
0
0
0
/usr/sbin/semodule:
1
0
1
0
/usr/sbin/cracklib-packer:
0
1
0
0
/usr/sbin/rtcwake:
0
1
0
0
/usr/sbin/glibc_post_upgrade.x86_64:
0
0
0
0
/usr/sbin/vipw:
1
1
1
1
/usr/sbin/selinuxconlist:
0
0
0
0
/usr/sbin/fdformat:
0
0
0
0
/usr/sbin/crond:
1
1
1
1
/usr/sbin/lnewusers:
0
1
0
0
/usr/sbin/postsuper:
1
1
1
0
/usr/sbin/nstat:
0
1
0
0
/usr/sbin/groupmod:
1
1
1
1
/usr/sbin/mklost+found:
0
0
1
0
/usr/sbin/groupmems:
1
1
1
1
/usr/sbin/sasldblistusers2:
0
1
0
0
/usr/sbin/logrotate:
0
1
0
0
/usr/sbin/saslpasswd2:
0
1
0
0
/usr/sbin/postconf:
1
1
1
0
/usr/sbin/tzdata-update:
0
0
1
0
/usr/sbin/pluginviewer:
0
0
0
0
/usr/sbin/postfix:
1
1
1
0
/usr/sbin/zic:
0
0
1
0
/usr/bin/shuf:
0
1
0
0
/usr/bin/idn:
0
1
0
0
/usr/bin/write:
1
1
0
0
/usr/bin/getent:
0
0
1
0
/usr/bin/cal:
0
1
0
0
/usr/bin/refer:
0
1
0
0
/usr/bin/semodule_link:
1
0
1
0
/usr/bin/tailf:
0
1
0
0
/usr/bin/fallocate:
0
0
0
0
/usr/bin/bc:
0
1
0
0
/usr/bin/ipcrm:
0
0
0
0
/usr/bin/bzip2recover:
0
0
0
0
/usr/bin/berkeley_db_svc:
0
1
0
0
/usr/bin/indxbib:
0
0
0
0
/usr/bin/signver:
0
1
1
0
/usr/bin/pgawk:
0
1
0
0
/usr/bin/gprof:
0
1
0
0
/usr/bin/sha224sum:
0
1
0
0
/usr/bin/gpasswd:
1
1
1
1
/usr/bin/whoami:
0
1
0
0
/usr/bin/join:
0
1
0
0
/usr/bin/sprof:
0
0
1
0
/usr/bin/showkey:
0
0
0
0
/usr/bin/psfxtable:
0
1
0
0
/usr/bin/python:
0
0
0
0
/usr/bin/pcretest:
0
1
0
0
/usr/bin/tee:
0
1
0
0
/usr/bin/db_recover:
0
0
0
0
/usr/bin/lookbib:
0
1
0
0
/usr/bin/m4:
0
1
0
0
/usr/bin/dirname:
0
1
0
0
/usr/bin/post-grohtml:
0
1
0
0
/usr/bin/getfattr:
0
1
1
0
/usr/bin/attr:
0
0
1
0
/usr/bin/which:
0
1
0
0
/usr/bin/rpm2cpio:
0
0
0
0
/usr/bin/du:
0
1
0
0
/usr/bin/head:
0
1
0
0
/usr/bin/setfattr:
0
0
1
0
/usr/bin/uptime:
0
0
0
0
/usr/bin/ipcmk:
0
1
0
0
/usr/bin/soelim:
0
0
0
0
/usr/bin/paste:
0
1
0
0
/usr/bin/chacl:
0
0
1
0
/usr/bin/setsid:
0
0
0
0
/usr/bin/grotty:
0
1
0
0
/usr/bin/db_dump185:
0
1
0
0
/usr/bin/watch:
0
0
0
0
/usr/bin/lastlog:
1
1
1
1
/usr/bin/hostid:
0
1
0
0
/usr/bin/setterm:
0
1
0
0
/usr/bin/lua:
0
0
0
0
/usr/bin/watchgnupg:
0
0
0
0
/usr/bin/db_verify:
0
0
0
0
/usr/bin/strings:
0
1
0
0
/usr/bin/db_hotbackup:
0
1
0
0
/usr/bin/sqlite3:
0
1
0
0
/usr/bin/tsort:
0
1
0
0
/usr/bin/fmt:
0
1
0
0
/usr/bin/scriptreplay:
0
1
0
0
/usr/bin/snice:
0
1
0
0
/usr/bin/rpcgen:
0
0
1
0
/usr/bin/install:
0
1
0
0
/usr/bin/sudoreplay:
1
1
1
1
/usr/bin/tabs:
0
0
0
0
/usr/bin/mbchk:
0
0
0
0
/usr/bin/mapscrn:
0
1
0
0
/usr/bin/tail:
0
1
0
0
/usr/bin/ssltap:
0
1
1
0
/usr/bin/tfmtodit:
0
1
0
0
/usr/bin/hpftodit:
0
1
0
0
/usr/bin/db_codegen:
0
1
0
0
/usr/bin/gio-querymodules-64:
0
0
0
0
/usr/bin/dir:
0
1
0
0
/usr/bin/make:
0
1
0
0
/usr/bin/db_load:
0
1
0
0
/usr/bin/loadunimap:
0
1
0
0
/usr/bin/mkfifo:
0
1
0
0
/usr/bin/sha512sum:
0
1
0
0
/usr/bin/getconf:
0
0
1
0
/usr/bin/grn:
0
1
0
0
/usr/bin/base64:
0
1
0
0
/usr/bin/mcookie:
0
1
0
0
/usr/bin/utmpdump:
0
1
0
0
/usr/bin/setleds:
0
0
0
0
/usr/bin/semodule_expand:
1
0
1
0
/usr/bin/lessecho:
0
1
0
0
/usr/bin/gpg2:
0
1
0
0
/usr/bin/pwdx:
0
1
0
0
/usr/bin/gpg-connect-agent:
0
1
0
0
/usr/bin/nsenter:
0
1
0
0
/usr/bin/setkeycodes:
0
0
0
0
/usr/bin/ipcs:
0
1
0
0
/usr/bin/pre-grohtml:
0
1
0
0
/usr/bin/file:
0
1
0
0
/usr/bin/hexdump:
0
1
0
0
/usr/bin/curl:
0
1
0
0
/usr/bin/nohup:
0
1
0
0
/usr/bin/toe:
0
1
0
0
/usr/bin/users:
0
1
0
0
/usr/bin/deallocvt:
0
0
0
0
/usr/bin/flock:
0
0
0
0
/usr/bin/xmllint:
0
1
0
0
/usr/bin/vdir:
0
1
0
0
/usr/bin/chsh:
1
0
0
0
/usr/bin/diff:
0
1
0
0
/usr/bin/ptx:
0
1
0
0
/usr/bin/gpg-error:
0
0
1
0
/usr/bin/fipscheck:
0
1
1
0
/usr/bin/readelf:
0
1
0
0
/usr/bin/ar:
0
1
0
0
/usr/bin/ionice:
0
1
0
0
/usr/bin/pgrep:
0
1
0
0
/usr/bin/unexpand:
0
1
0
0
/usr/bin/lscpu:
0
1
0
0
/usr/bin/troff:
0
1
0
0
/usr/bin/lslogins:
0
1
0
0
/usr/bin/grodvi:
0
1
0
0
/usr/bin/dircolors:
0
1
0
0
/usr/bin/bzip2:
0
1
0
0
/usr/bin/col:
0
0
0
0
/usr/bin/db_printlog:
0
1
0
0
/usr/bin/dbus-binding-tool:
0
1
0
0
/usr/bin/gpgkey2ssh:
0
1
0
0
/usr/bin/getfacl:
0
1
1
0
/usr/bin/p11-kit:
0
1
0
0
/usr/bin/locale:
0
0
1
0
/usr/bin/resizecons:
0
1
0
0
/usr/bin/tty:
0
1
0
0
/usr/bin/auvirt:
0
1
0
0
/usr/bin/pkill:
0
1
0
0
/usr/bin/chattr:
0
0
1
0
/usr/bin/infokey:
0
1
0
0
/usr/bin/db_stat:
0
0
0
0
/usr/bin/split:
0
1
0
0
/usr/bin/groff:
0
1
0
0
/usr/bin/sedispol:
0
0
0
0
/usr/bin/uuidgen:
0
1
0
0
/usr/bin/chrt:
0
0
0
0
/usr/bin/truncate:
0
1
0
0
/usr/bin/infocmp:
0
1
0
0
/usr/bin/tac:
0
1
0
0
/usr/bin/rename:
0
0
0
0
/usr/bin/id:
0
1
0
0
/usr/bin/grolj4:
0
1
0
0
/usr/bin/pinky:
0
1
0
0
/usr/bin/last:
0
1
0
0
/usr/bin/xargs:
0
1
0
0
/usr/bin/xmlcatalog:
0
1
0
0
/usr/bin/fgconsole:
0
0
0
0
/usr/bin/top:
0
1
0
0
/usr/bin/renice:
0
0
0
0
/usr/bin/look:
0
0
0
0
/usr/bin/unshare:
0
0
0
0
/usr/bin/factor:
0
1
0
0
/usr/bin/stdbuf:
0
1
0
0
/usr/bin/less:
0
1
0
0
/usr/bin/isosize:
0
1
0
0
/usr/bin/grops:
0
1
0
0
/usr/bin/groups:
0
1
0
0
/usr/bin/secon:
1
1
1
0
/usr/bin/gencat:
0
0
1
0
/usr/bin/vmstat:
0
1
0
0
/usr/bin/aulastlog:
0
1
0
0
/usr/bin/column:
0
0
0
0
/usr/bin/wget:
0
1
1
0
/usr/bin/strip:
0
1
0
0
/usr/bin/info:
0
1
0
0
/usr/bin/stat:
0
1
0
0
/usr/bin/checkpolicy:
0
1
0
0
/usr/bin/localedef:
0
0
1
0
/usr/bin/c++filt:
0
1
0
0
/usr/bin/python2.6:
0
0
0
0
/usr/bin/gpgconf:
0
1
0
0
/usr/bin/wall:
0
1
0
0
/usr/bin/skill:
0
1
0
0
/usr/bin/addr2line:
0
1
0
0
/usr/bin/sudo:
1
1
1
1
/usr/bin/pathchk:
0
1
0
0
/usr/bin/nm:
0
1
0
0
/usr/bin/tr:
0
1
0
0
/usr/bin/grolbp:
0
1
0
0
/usr/bin/setmetamode:
0
0
0
0
/usr/bin/expand:
0
1
0
0
/usr/bin/oldfind:
0
1
0
0
/usr/bin/tput:
0
0
0
0
/usr/bin/a2p:
0
1
0
0
/usr/bin/objcopy:
0
1
0
0
/usr/bin/openvt:
0
1
0
0
/usr/bin/ssh-keygen:
1
1
1
1
/usr/bin/crlutil:
0
1
1
0
/usr/bin/signtool:
0
1
1
0
/usr/bin/cmp:
0
1
0
0
/usr/bin/gdbus:
0
0
0
0
/usr/bin/newgrp:
1
1
1
1
/usr/bin/kbdrate:
0
0
0
0
/usr/bin/clear:
0
0
0
0
/usr/bin/killall:
0
1
0
0
/usr/bin/getkeycodes:
0
0
0
0
/usr/bin/logname:
0
1
0
0
/usr/bin/ld:
0
1
0
0
/usr/bin/db_checkpoint:
0
1
0
0
/usr/bin/getopt:
0
0
0
0
/usr/bin/fipshmac:
0
1
1
0
/usr/bin/ranlib:
0
1
0
0
/usr/bin/semodule_deps:
1
0
1
0
/usr/bin/expr:
0
1
0
0
/usr/bin/addftinfo:
0
0
0
0
/usr/bin/chvt:
0
0
0
0
/usr/bin/pfbtops:
0
0
0
0
/usr/bin/csplit:
0
1
0
0
/usr/bin/gpgparsemail:
0
1
0
0
/usr/bin/lesskey:
0
1
0
0
/usr/bin/pinentry-curses:
0
1
0
0
/usr/bin/modutil:
0
1
1
0
/usr/bin/seq:
0
1
0
0
/usr/bin/semodule_package:
1
0
1
0
/usr/bin/setfacl:
0
1
1
0
/usr/bin/pic:
0
1
0
0
/usr/bin/test:
0
1
0
0
/usr/bin/namei:
0
1
0
0
/usr/bin/pkg-config:
0
1
0
0
/usr/bin/showconsolefont:
0
0
0
0
/usr/bin/peekfd:
0
0
0
0
/usr/bin/w:
0
1
0
0
/usr/bin/timeout:
0
1
0
0
/usr/bin/setarch:
0
1
0
0
/usr/bin/nl:
0
1
0
0
/usr/bin/tset:
0
1
0
0
/usr/bin/ul:
0
1
0
0
/usr/bin/mesg:
0
0
0
0
/usr/bin/objdump:
0
1
0
0
/usr/bin/aulast:
0
1
0
0
/usr/bin/tic:
0
1
0
0
/usr/bin/size:
0
1
0
0
/usr/bin/iconv:
0
0
1
0
/usr/bin/db_archive:
0
0
0
0
/usr/bin/pmap:
0
1
0
0
/usr/bin/fold:
0
1
0
0
/usr/bin/tload:
0
0
0
0
/usr/bin/who:
0
1
0
0
/usr/bin/script:
0
1
0
0
/usr/bin/md5sum:
0
1
0
0
/usr/bin/slabtop:
0
1
0
0
/usr/bin/cksum:
0
1
0
0
/usr/bin/openssl:
0
1
1
0
/usr/bin/lsattr:
0
0
1
0
/usr/bin/update-mime-database:
0
0
0
0
/usr/bin/pcregrep:
0
1
0
0
/usr/bin/wc:
0
1
0
0
/usr/bin/cmsutil:
0
1
1
0
/usr/bin/comm:
0
1
0
0
/usr/bin/sedismod:
0
0
0
0
/usr/bin/as:
0
1
0
0
/usr/bin/gpgv2:
0
1
0
0
/usr/bin/sum:
0
1
0
0
/usr/bin/free:
0
0
0
0
/usr/bin/db_upgrade:
0
0
0
0
/usr/bin/floppy:
0
1
0
0
/usr/bin/colcrt:
0
0
0
0
/usr/bin/chage:
1
1
1
1
/usr/bin/pr:
0
1
0
0
/usr/bin/tbl:
0
0
0
0
/usr/bin/sdiff:
0
1
0
0
/usr/bin/sha384sum:
0
1
0
0
/usr/bin/shred:
0
1
0
0
/usr/bin/colrm:
0
0
0
0
/usr/bin/checkmodule:
0
1
0
0
/usr/bin/gpgsplit:
0
1
0
0
/usr/bin/[:
0
1
0
0
/usr/bin/pstree:
0
1
0
0
/usr/bin/runcon:
0
1
0
0
/usr/bin/perl:
0
0
0
0
/usr/bin/yes:
0
1
0
0
/usr/bin/printenv:
0
1
0
0
/usr/bin/nproc:
0
1
0
0
/usr/bin/xmlwf:
0
0
0
0
/usr/bin/passwd:
1
1
1
1
/usr/bin/od:
0
1
0
0
/usr/bin/luac:
0
1
0
0
/usr/bin/ddate:
0
1
0
0
/usr/bin/printf:
0
1
0
0
/usr/bin/lchfn:
0
1
0
0
/usr/bin/perl5.10.1:
0
0
0
0
/usr/bin/db_deadlock:
0
1
0
0
/usr/bin/glib-compile-schemas:
0
1
0
0
/usr/bin/diff3:
0
1
0
0
/usr/bin/dc:
0
1
0
0
/usr/bin/db_dump:
0
0
0
0
/usr/bin/whereis:
0
1
0
0
/usr/bin/lchsh:
0
1
0
0
/usr/bin/lkbib:
0
0
0
0
/usr/bin/uniq:
0
1
0
0
/usr/bin/eqn:
0
1
0
0
/usr/bin/certutil:
0
1
1
0
/usr/bin/chfn:
1
0
0
0
/usr/bin/pk12util:
0
1
1
0
/usr/bin/rev:
0
0
0
0
/usr/bin/crontab:
1
1
1
1
/usr/bin/chcon:
0
1
0
0
/usr/bin/whiptail:
0
1
0
0
/usr/bin/gpg-agent:
0
1
0
0
/usr/bin/sha256sum:
0
1
0
0
/usr/bin/sha1sum:
0
1
0
0
/usr/bin/ausyscall:
0
0
0
0
