/usr/bin/nf-queue:
0
1
1
0
/usr/bin/nl-addr-add:
0
1
1
0
/usr/bin/gencat:
0
0
1
0
/usr/bin/nl-addr-delete:
0
1
1
0
/usr/bin/getent:
0
0
1
0
/usr/bin/nl-route-add:
0
1
1
0
/usr/bin/iconv:
0
0
1
0
/usr/bin/nl-route-delete:
0
1
1
0
/usr/bin/locale:
0
0
1
0
/usr/bin/nl-route-get:
0
1
1
0
/usr/bin/localedef:
0
0
1
0
/usr/bin/nl-route-list:
0
1
1
0
/usr/bin/makedb:
0
0
1
0
/usr/bin/nl-rule-list:
0
1
1
0
/usr/bin/pldd:
0
0
1
0
/usr/bin/nl-tctree-list:
0
1
1
0
/usr/bin/rpcgen:
0
0
1
0
/usr/bin/nl-util-addr:
0
1
1
0
/usr/bin/genl-ctrl-list:
0
1
1
0
/usr/bin/sprof:
0
0
1
0
/usr/bin/nl-class-add:
0
1
1
0
/usr/bin/nl-class-delete:
0
1
1
0
/usr/bin/getconf:
0
0
1
0
/usr/bin/nl-class-list:
0
1
1
0
/usr/bin/nl-classid-lookup:
0
1
1
0
/usr/bin/bash:
0
1
1
0
/usr/bin/nl-cls-add:
0
1
1
0
/usr/bin/nl-cls-delete:
0
1
1
0
/usr/bin/last:
1
1
1
1
/usr/bin/nl-cls-list:
0
1
1
0
/usr/bin/mesg:
1
1
1
1
/usr/bin/nl-link-list:
0
1
1
0
/usr/bin/nl-pktloc-lookup:
0
1
1
0
/usr/bin/nl-qdisc-add:
0
1
1
0
/usr/bin/wall:
1
1
1
1
/usr/bin/nl-qdisc-delete:
0
1
1
0
/usr/bin/nl-qdisc-list:
0
1
1
0
/usr/bin/p11-kit:
0
1
1
0
/usr/bin/eqn:
0
1
1
0
/usr/bin/less:
0
1
1
0
/usr/bin/info:
0
1
1
0
/usr/bin/infokey:
0
1
1
0
/usr/bin/sed:
0
1
1
0
/usr/bin/tar:
0
1
1
0
/usr/bin/grep:
0
1
1
0
/usr/bin/hostname:
0
1
1
0
/usr/bin/groff:
0
1
1
0
/usr/bin/dgawk:
0
1
1
0
/usr/bin/grops:
0
1
1
0
/usr/bin/gawk:
0
1
1
0
/usr/bin/grotty:
0
1
1
0
/usr/bin/pgawk:
0
1
1
0
/usr/bin/xmlcatalog:
0
1
1
0
/usr/bin/xmllint:
0
1
1
0
/usr/bin/gpg-error:
0
0
1
0
/usr/bin/cpio:
0
1
1
0
/usr/bin/pic:
0
1
1
0
/usr/bin/vi:
0
1
1
0
/usr/bin/xmlwf:
0
1
1
0
/usr/bin/lua:
0
1
1
0
/usr/bin/post-grohtml:
0
1
1
0
/usr/bin/luac:
0
1
1
0
/usr/bin/pre-grohtml:
0
1
1
0
/usr/bin/which:
0
1
1
0
/usr/bin/whiptail:
0
1
1
0
/usr/bin/cmp:
0
1
1
0
/usr/bin/preconv:
0
1
1
0
/usr/bin/diff:
0
1
1
0
/usr/bin/soelim:
0
1
1
0
/usr/bin/diff3:
0
1
1
0
/usr/bin/tbl:
0
1
1
0
/usr/bin/sdiff:
0
1
1
0
/usr/bin/troff:
0
1
1
0
/usr/bin/find:
0
1
1
0
/usr/bin/oldfind:
0
1
1
0
/usr/bin/make:
0
1
1
0
/usr/bin/xargs:
0
1
1
0
/usr/bin/xz:
0
1
1
0
/usr/bin/tabs:
0
0
1
0
/usr/bin/sqlite3:
0
1
1
0
/usr/bin/file:
0
1
1
0
/usr/bin/nl-list-caches:
0
1
1
0
/usr/bin/tic:
0
1
1
0
/usr/bin/idiag-socket-details:
0
1
1
0
/usr/bin/nf-ct-add:
0
1
1
0
/usr/bin/xzdec:
0
1
1
0
/usr/bin/nf-ct-list:
0
1
1
0
/usr/bin/nf-exp-add:
0
1
1
0
/usr/bin/nf-monitor:
0
1
1
0
/usr/bin/toe:
0
1
1
0
/usr/bin/nf-exp-delete:
0
1
1
0
/usr/bin/nf-exp-list:
0
1
1
0
/usr/bin/nf-log:
0
1
1
0
/usr/bin/nl-addr-list:
0
1
1
0
/usr/bin/nl-neigh-add:
0
1
1
0
/usr/bin/tput:
0
1
1
0
/usr/bin/nl-fib-lookup:
0
1
1
0
/usr/bin/nl-neigh-delete:
0
1
1
0
/usr/bin/nl-link-enslave:
0
0
1
0
/usr/bin/nl-list-sockets:
0
1
1
0
/usr/bin/tset:
0
1
1
0
/usr/bin/nl-link-ifindex2name:
0
1
1
0
/usr/bin/nl-monitor:
0
1
1
0
/usr/bin/testgdbm:
0
1
1
0
/usr/bin/nl-link-name2ifindex:
0
0
1
0
/usr/bin/nl-neigh-list:
0
1
1
0
/usr/bin/nl-link-release:
0
0
1
0
/usr/bin/nl-link-set:
0
1
1
0
/usr/bin/nl-neightbl-list:
0
1
1
0
/usr/bin/nl-link-stats:
0
1
1
0
/usr/bin/idn:
0
1
1
0
/usr/bin/[:
0
1
1
0
/usr/bin/link:
0
1
1
0
/usr/bin/who:
0
1
1
0
/usr/bin/ln:
0
1
1
0
/usr/bin/whoami:
0
1
1
0
/usr/bin/mv:
0
1
1
0
/usr/bin/gzip:
0
1
1
0
/usr/bin/lessecho:
0
1
1
0
/usr/bin/nice:
0
1
1
0
/usr/bin/lesskey:
0
1
1
0
/usr/bin/nl:
0
1
1
0
/usr/bin/nohup:
0
1
1
0
/usr/bin/teamnl:
1
1
1
1
/usr/bin/nproc:
0
1
1
0
/usr/bin/chacl:
0
1
1
0
/usr/bin/numfmt:
0
1
1
0
/usr/bin/getfacl:
0
1
1
0
/usr/bin/od:
0
1
1
0
/usr/bin/setfacl:
0
1
1
0
/usr/bin/paste:
0
1
1
0
/usr/bin/pathchk:
0
1
1
0
/usr/bin/db_archive:
0
1
1
0
/usr/bin/logname:
0
1
1
0
/usr/bin/free:
0
1
1
0
/usr/bin/db_checkpoint:
0
1
1
0
/usr/bin/pinky:
0
1
1
0
/usr/bin/db_deadlock:
0
1
1
0
/usr/bin/pr:
0
1
1
0
/usr/bin/pmap:
0
1
1
0
/usr/bin/db_dump:
0
1
1
0
/usr/bin/printenv:
0
1
1
0
/usr/bin/db_dump185:
0
1
1
0
/usr/bin/ls:
0
1
1
0
/usr/bin/yes:
0
1
1
0
/usr/bin/db_hotbackup:
0
1
1
0
/usr/bin/printf:
0
1
1
0
/usr/bin/db_load:
0
1
1
0
/usr/bin/md5sum:
0
1
1
0
/usr/bin/ps:
0
1
1
0
/usr/bin/db_log_verify:
0
1
1
0
/usr/bin/ptx:
0
1
1
0
/usr/bin/pwdx:
0
1
1
0
/usr/bin/db_printlog:
0
1
1
0
/usr/bin/pwd:
0
1
1
0
/usr/bin/top:
0
1
1
0
/usr/bin/db_recover:
0
1
1
0
/usr/bin/mkdir:
0
1
1
0
/usr/bin/w:
0
1
1
0
/usr/bin/db_replicate:
0
1
1
0
/usr/bin/readlink:
0
1
1
0
/usr/bin/db_stat:
0
1
1
0
/usr/bin/realpath:
0
1
1
0
/usr/bin/db_tuner:
0
1
1
0
/usr/bin/rm:
0
1
1
0
/usr/bin/ar:
0
1
1
0
/usr/bin/db_upgrade:
0
1
1
0
/usr/bin/rmdir:
0
1
1
0
/usr/bin/db_verify:
0
1
1
0
/usr/bin/runcon:
0
1
1
0
/usr/bin/mkfifo:
0
1
1
0
/usr/bin/as:
0
1
1
0
/usr/bin/pinentry-curses:
0
1
1
0
/usr/bin/seq:
0
1
1
0
/usr/bin/dwp:
0
1
1
0
/usr/bin/sha1sum:
0
1
1
0
/usr/bin/geoiplookup:
0
1
1
0
/usr/bin/mknod:
0
1
1
0
/usr/bin/nm:
0
1
1
0
/usr/bin/geoiplookup6:
0
1
1
0
/usr/bin/sha224sum:
0
1
1
0
/usr/bin/geoipupdate:
0
0
1
0
/usr/bin/sha256sum:
0
1
1
0
/usr/bin/sha384sum:
0
1
1
0
/usr/bin/clear:
0
0
1
0
/usr/bin/sha512sum:
0
1
1
0
/usr/bin/infocmp:
0
1
1
0
/usr/bin/shred:
0
1
1
0
/usr/bin/shuf:
0
1
1
0
/usr/bin/size:
0
1
1
0
/usr/bin/sleep:
0
1
1
0
/usr/bin/trust:
0
1
1
0
/usr/bin/sort:
0
1
1
0
/usr/bin/mktemp:
0
1
1
0
/usr/bin/curl:
0
1
1
0
/usr/bin/split:
0
1
1
0
/usr/bin/arch:
0
1
1
0
/usr/bin/stat:
0
1
1
0
/usr/bin/rpm:
0
0
1
0
/usr/bin/base64:
0
1
1
0
/usr/bin/stdbuf:
0
1
1
0
/usr/bin/basename:
0
1
1
0
/usr/bin/cat:
0
1
1
0
/usr/bin/stty:
0
1
1
0
/usr/bin/chcon:
0
1
1
0
/usr/bin/sum:
0
1
1
0
/usr/bin/gpg2:
0
1
1
0
/usr/bin/chgrp:
0
1
1
0
/usr/bin/sync:
0
1
1
0
/usr/bin/chmod:
0
1
1
0
/usr/bin/tac:
0
1
1
0
/usr/bin/cal:
0
1
1
0
/usr/bin/chown:
0
1
1
0
/usr/bin/tail:
0
1
1
0
/usr/bin/cksum:
0
1
1
0
/usr/bin/tee:
0
1
1
0
/usr/bin/chrt:
0
1
1
0
/usr/bin/comm:
0
1
1
0
/usr/bin/cp:
0
1
1
0
/usr/bin/test:
0
1
1
0
/usr/bin/csplit:
0
1
1
0
/usr/bin/cut:
0
1
1
0
/usr/bin/timeout:
0
1
1
0
/usr/bin/date:
0
1
1
0
/usr/bin/python2.7:
0
0
1
0
/usr/bin/dd:
0
1
1
0
/usr/bin/chage:
1
1
1
1
/usr/bin/df:
0
1
1
0
/usr/bin/gpasswd:
1
1
1
1
/usr/bin/dir:
0
1
1
0
/usr/bin/touch:
0
1
1
0
/usr/bin/dircolors:
0
1
1
0
/usr/bin/tr:
0
1
1
0
/usr/bin/col:
0
1
1
0
/usr/bin/dirname:
0
1
1
0
/usr/bin/lastlog:
1
1
1
1
/usr/bin/du:
0
1
1
0
/usr/bin/true:
0
1
1
0
/usr/bin/echo:
0
1
1
0
/usr/bin/newgrp:
1
1
1
1
/usr/bin/env:
0
1
1
0
/usr/bin/truncate:
0
1
1
0
/usr/bin/expand:
0
1
1
0
/usr/bin/tsort:
0
1
1
0
/usr/bin/expr:
0
1
1
0
/usr/bin/tty:
0
1
1
0
/usr/bin/ipcs:
0
1
1
0
/usr/bin/factor:
0
1
1
0
/usr/bin/uname:
0
1
1
0
/usr/bin/false:
0
1
1
0
/usr/bin/fmt:
0
1
1
0
/usr/bin/unexpand:
0
1
1
0
/usr/bin/fold:
0
1
1
0
/usr/bin/uniq:
0
1
1
0
/usr/bin/kill:
0
1
1
0
/usr/bin/groups:
0
1
1
0
/usr/bin/unlink:
0
1
1
0
/usr/bin/head:
0
1
1
0
/usr/bin/users:
0
1
1
0
/usr/bin/hostid:
0
1
1
0
/usr/bin/id:
0
1
1
0
/usr/bin/vdir:
0
1
1
0
/usr/bin/look:
0
1
1
0
/usr/bin/install:
0
1
1
0
/usr/bin/wc:
0
1
1
0
/usr/bin/lsns:
0
1
1
0
/usr/bin/join:
0
1
1
0
/usr/bin/gsettings:
0
1
1
0
/usr/bin/gio:
0
1
1
0
/usr/bin/gapplication:
0
1
1
0
/usr/bin/gdbus:
0
1
1
0
/usr/bin/rpmdb:
0
0
1
0
/usr/bin/gio-querymodules-64:
0
1
1
0
/usr/bin/ld.gold:
0
1
1
0
/usr/bin/uuidgen:
0
1
1
0
/usr/bin/glib-compile-schemas:
0
1
1
0
/usr/bin/fipscheck:
0
1
1
0
/usr/bin/wdctl:
0
1
1
0
/usr/bin/update-mime-database:
0
1
1
0
/usr/bin/csslint-0.6:
0
1
1
0
/usr/bin/gpg-agent:
0
1
1
0
/usr/bin/pwmake:
0
1
1
0
/usr/bin/gpg-connect-agent:
0
1
1
0
/usr/bin/pwscore:
0
1
1
0
/usr/bin/pgrep:
0
1
1
0
/usr/bin/gpgconf:
0
1
1
0
/usr/bin/pkill:
0
1
1
0
/usr/bin/gpgparsemail:
0
1
1
0
/usr/bin/skill:
0
1
1
0
/usr/bin/gpgsplit:
0
1
1
0
/usr/bin/slabtop:
0
1
1
0
/usr/bin/gpgv2:
0
1
1
0
/usr/bin/snice:
0
1
1
0
/usr/bin/watchgnupg:
0
1
1
0
/usr/bin/tload:
0
1
1
0
/usr/bin/lchfn:
0
1
1
0
/usr/bin/uptime:
0
1
1
0
/usr/bin/lchsh:
0
1
1
0
/usr/bin/vmstat:
0
1
1
0
/usr/bin/colcrt:
0
0
1
0
/usr/bin/watch:
0
1
1
0
/usr/bin/colrm:
0
1
1
0
/usr/bin/envsubst:
0
1
1
0
/usr/bin/column:
0
1
1
0
/usr/bin/gettext:
0
1
1
0
/usr/bin/dmesg:
0
1
1
0
/usr/bin/eject:
0
1
1
0
/usr/bin/msgattrib:
0
0
1
0
/usr/bin/fallocate:
0
1
1
0
/usr/bin/msgcat:
0
0
1
0
/usr/bin/findmnt:
0
1
1
0
/usr/bin/msgcmp:
0
1
1
0
/usr/bin/flock:
0
1
1
0
/usr/bin/msgcomm:
0
0
1
0
/usr/bin/getopt:
0
1
1
0
/usr/bin/msgconv:
0
0
1
0
/usr/bin/hexdump:
0
1
1
0
/usr/bin/msgen:
0
0
1
0
/usr/bin/ionice:
0
1
1
0
/usr/bin/msgexec:
0
0
1
0
/usr/bin/ipcmk:
0
1
1
0
/usr/bin/msgfilter:
0
1
1
0
/usr/bin/ipcrm:
0
1
1
0
/usr/bin/msgfmt:
0
1
1
0
/usr/bin/isosize:
0
1
1
0
/usr/bin/msggrep:
0
1
1
0
/usr/bin/msginit:
0
1
1
0
/usr/bin/logger:
0
1
1
0
/usr/bin/msgmerge:
0
1
1
0
/usr/bin/login:
0
1
1
0
/usr/bin/msgunfmt:
0
1
1
0
/usr/bin/lsblk:
0
1
1
0
/usr/bin/msguniq:
0
0
1
0
/usr/bin/lscpu:
0
1
1
0
/usr/bin/ngettext:
0
1
1
0
/usr/bin/rpm2cpio:
0
0
1
0
/usr/bin/kmod:
0
1
1
0
/usr/bin/recode-sr-latin:
0
0
1
0
/usr/bin/lsipc:
0
1
1
0
/usr/bin/xgettext:
0
1
1
0
/usr/bin/systemd-ask-password:
1
1
1
1
/usr/bin/dbus-binding-tool:
0
1
1
0
/usr/bin/lslocks:
0
1
1
0
/usr/bin/pkg-config:
0
1
1
0
/usr/bin/lslogins:
0
1
1
0
/usr/bin/mcookie:
0
1
1
0
/usr/bin/more:
0
1
1
0
/usr/bin/ping:
1
1
1
1
/usr/bin/mount:
1
1
1
1
/usr/bin/openssl:
0
1
1
0
/usr/bin/rpmkeys:
0
0
1
0
/usr/bin/chvt:
0
1
1
0
/usr/bin/mountpoint:
0
1
1
0
/usr/bin/certutil:
0
1
1
0
/usr/bin/namei:
0
1
1
0
/usr/bin/cmsutil:
0
1
1
0
/usr/bin/nsenter:
0
1
1
0
/usr/bin/crlutil:
0
1
1
0
/usr/bin/prlimit:
0
1
1
0
/usr/bin/modutil:
0
1
1
0
/usr/bin/raw:
0
1
1
0
/usr/bin/man:
0
1
1
0
/usr/bin/pk12util:
0
1
1
0
/usr/bin/rename:
0
1
1
0
/usr/bin/signtool:
0
1
1
0
/usr/bin/renice:
0
1
1
0
/usr/bin/signver:
0
1
1
0
/usr/bin/rev:
0
0
1
0
/usr/bin/tmon:
0
1
1
0
/usr/bin/ssltap:
0
1
1
0
/usr/bin/script:
0
1
1
0
/usr/bin/aserver:
0
1
1
0
/usr/bin/scriptreplay:
0
1
1
0
/usr/bin/addr2line:
0
1
1
0
/usr/bin/setarch:
0
1
1
0
/usr/bin/c++filt:
0
1
1
0
/usr/bin/setpriv:
0
1
1
0
/usr/bin/elfedit:
0
1
1
0
/usr/bin/setsid:
0
0
1
0
/usr/bin/gprof:
0
1
1
0
/usr/bin/setterm:
0
1
1
0
/usr/bin/ld.bfd:
0
1
1
0
/usr/bin/su:
1
1
1
1
/usr/bin/scp:
1
1
1
1
/usr/bin/objcopy:
0
1
1
0
/usr/bin/tailf:
0
1
1
0
/usr/bin/objdump:
0
1
1
0
/usr/bin/taskset:
0
1
1
0
/usr/bin/ranlib:
0
1
1
0
/usr/bin/ul:
0
1
1
0
/usr/bin/sftp:
1
1
1
1
/usr/bin/readelf:
0
1
1
0
/usr/bin/umount:
1
1
1
1
/usr/bin/strings:
0
1
1
0
/usr/bin/unshare:
0
1
1
0
/usr/bin/strip:
0
1
1
0
/usr/bin/utmpdump:
0
1
1
0
/usr/bin/fipshmac:
0
1
1
0
/usr/bin/whereis:
0
1
1
0
/usr/bin/write:
1
1
1
1
/usr/bin/secon:
1
1
1
1
/usr/bin/ssh-keygen:
1
1
1
1
/usr/bin/ndptool:
0
1
1
0
/usr/bin/teamd:
1
1
1
1
/usr/bin/teamdctl:
1
1
1
1
/usr/bin/lsscsi:
0
1
1
0
/usr/bin/bootctl:
1
1
1
1
/usr/bin/busctl:
1
1
1
1
/usr/bin/coredumpctl:
1
1
1
1
/usr/bin/hostnamectl:
1
1
1
1
/usr/bin/journalctl:
1
1
1
1
/usr/bin/localectl:
1
1
1
1
/usr/bin/loginctl:
1
1
1
1
/usr/bin/machinectl:
1
1
1
1
/usr/bin/systemctl:
1
1
1
1
/usr/bin/systemd-analyze:
1
1
1
1
/usr/bin/systemd-cat:
1
1
1
1
/usr/bin/grub2-mkrelpath:
0
0
1
0
/usr/bin/systemd-cgls:
1
1
1
1
/usr/bin/grub2-script-check:
0
0
1
0
/usr/bin/systemd-cgtop:
1
1
1
1
/usr/bin/hdsploader:
0
1
1
0
/usr/bin/ssh:
1
1
1
1
/usr/bin/mixartloader:
0
1
1
0
/usr/bin/systemd-delta:
1
1
1
1
/usr/bin/usx2yloader:
0
1
1
0
/usr/bin/lz4:
0
1
1
0
/usr/bin/systemd-detect-virt:
1
1
1
1
/usr/bin/vxloader:
0
1
1
0
/usr/bin/lz4c:
0
1
1
0
/usr/bin/systemd-escape:
1
1
1
1
/usr/bin/plymouth:
1
1
1
1
/usr/bin/wget:
0
1
1
0
/usr/bin/systemd-firstboot:
1
1
1
1
/usr/bin/dumpkeys:
0
1
1
0
/usr/bin/a2p:
0
1
1
0
/usr/bin/systemd-hwdb:
1
1
1
1
/usr/bin/kbd_mode:
0
1
1
0
/usr/bin/systemd-inhibit:
1
1
1
1
/usr/bin/loadkeys:
0
1
1
0
/usr/bin/grub2-mkrescue:
0
0
1
0
/usr/bin/perl:
0
1
1
0
/usr/bin/systemd-machine-id-setup:
1
1
1
1
/usr/bin/setfont:
0
1
1
0
/usr/bin/systemd-notify:
1
1
1
1
/usr/bin/systemd-nspawn:
1
1
1
1
/usr/bin/systemd-path:
1
1
1
1
/usr/bin/psfxtable:
0
1
1
0
/usr/bin/systemd-run:
1
1
1
1
/usr/bin/grub2-mknetdir:
0
0
1
0
/usr/bin/ab:
1
1
1
1
/usr/bin/systemd-stdio-bridge:
1
1
1
1
/usr/bin/deallocvt:
0
1
1
0
/usr/bin/systemd-tmpfiles:
1
1
1
1
/usr/bin/grub2-mkimage:
0
0
1
0
/usr/bin/auvirt:
0
1
1
0
/usr/bin/systemd-tty-ask-password-agent:
1
1
1
1
/usr/bin/resizecons:
0
1
1
0
/usr/bin/timedatectl:
1
1
1
1
/usr/bin/setkeycodes:
0
1
1
0
/usr/bin/udevadm:
1
1
1
1
/usr/bin/grub2-mkstandalone:
0
0
1
0
/usr/bin/php:
1
1
1
1
/usr/bin/dbus-cleanup-sockets:
1
1
1
1
/usr/bin/setleds:
0
0
1
0
/usr/bin/dbus-daemon:
1
1
1
1
/usr/bin/fgconsole:
0
1
1
0
/usr/bin/dbus-monitor:
1
1
1
1
/usr/bin/setmetamode:
0
0
1
0
/usr/bin/dbus-send:
1
1
1
1
/usr/bin/getkeycodes:
0
1
1
0
/usr/bin/dbus-uuidgen:
1
0
1
1
/usr/bin/setvtrgb:
0
1
1
0
/usr/bin/pkaction:
1
1
1
1
/usr/bin/showconsolefont:
0
1
1
0
/usr/bin/pkcheck:
1
1
1
1
/usr/bin/showkey:
0
1
1
0
/usr/bin/pkexec:
1
1
1
1
/usr/bin/vlock:
0
1
1
0
/usr/bin/pkttyagent:
1
1
1
1
/usr/bin/grub2-syslinux2cfg:
0
0
1
0
/usr/bin/pkla-admin-identities:
1
1
1
1
/usr/bin/pkla-check-authorization:
1
1
1
1
/usr/bin/tracepath:
1
1
1
1
/usr/bin/tracepath6:
1
1
1
1
/usr/bin/nmtui:
1
1
1
1
/usr/bin/ipcalc:
1
1
1
1
/usr/bin/usleep:
1
1
1
1
/usr/bin/grub2-file:
0
0
1
0
/usr/bin/nm-online:
1
1
1
1
/usr/bin/nmcli:
1
1
1
1
/usr/bin/kbdinfo:
0
1
1
0
/usr/bin/aulast:
0
1
1
0
/usr/bin/aulastlog:
0
1
1
0
/usr/bin/ausyscall:
0
0
1
0
/usr/bin/crontab:
1
1
1
1
/usr/bin/kbdrate:
0
1
1
0
/usr/bin/grub2-editenv:
0
0
1
0
/usr/bin/grub2-menulst2cfg:
0
0
1
0
/usr/bin/grub2-mkpasswd-pbkdf2:
0
0
1
0
/usr/bin/loadunimap:
0
1
1
0
/usr/bin/grub2-fstest:
0
0
1
0
/usr/bin/mapscrn:
0
1
1
0
/usr/bin/grub2-glue-efi:
0
0
1
0
/usr/bin/openvt:
0
1
1
0
/usr/bin/grub2-mkfont:
0
0
1
0
/usr/bin/grub2-mklayout:
0
0
1
0
/usr/bin/chronyc:
1
1
1
1
/usr/bin/mysql_tzinfo_to_sql:
0
1
1
0
/usr/bin/mysql_upgrade:
0
1
1
0
/usr/bin/catman:
0
1
1
0
/usr/bin/lexgrog:
0
1
1
0
/usr/bin/mandb:
0
1
1
0
/usr/bin/manpath:
0
1
1
0
/usr/bin/whatis:
0
1
1
0
/usr/bin/innochecksum:
0
1
1
0
/usr/bin/centrino-decode:
0
0
1
0
/usr/bin/cpupower:
0
0
1
0
/usr/bin/my_print_defaults:
0
1
1
0
/usr/bin/powernow-k8-decode:
0
0
1
0
/usr/bin/turbostat:
0
0
1
0
/usr/bin/x86_energy_perf_policy:
0
0
1
0
/usr/bin/perror:
0
1
1
0
/usr/bin/mysqltest:
0
1
1
0
/usr/bin/ssh-add:
1
1
1
1
/usr/bin/replace:
0
1
1
0
/usr/bin/zipcmp:
0
1
1
0
/usr/bin/resolve_stack_dump:
0
1
1
0
/usr/bin/ssh-keyscan:
1
1
1
1
/usr/bin/resolveip:
0
1
1
0
/usr/bin/passwd:
1
1
1
1
/usr/bin/zipmerge:
0
0
1
0
/usr/bin/ziptorrent:
0
1
1
0
/usr/bin/chattr:
0
1
1
0
/usr/bin/lsattr:
0
1
1
0
/usr/bin/php-cgi:
1
1
1
1
/usr/bin/chmem:
0
1
1
0
/usr/bin/lsmem:
0
1
1
0
/usr/bin/myisam_ftdump:
0
1
1
0
/usr/bin/dbus-run-session:
1
1
1
1
/usr/bin/myisampack:
0
1
1
0
/usr/bin/dbus-test-tool:
1
1
1
1
/usr/bin/dbus-update-activation-environment:
1
1
1
1
/usr/bin/myisamlog:
0
1
1
0
/usr/bin/grub2-render-label:
0
0
1
0
/usr/bin/perl5.16.3:
0
1
1
0
/usr/bin/htdbm:
1
1
1
1
/usr/bin/htdigest:
1
1
1
1
/usr/bin/htpasswd:
1
1
1
1
/usr/bin/httxt2dbm:
1
1
1
1
/usr/bin/logresolve:
1
1
1
1
/usr/bin/mysql:
0
1
1
0
/usr/bin/mysql_config_editor:
0
1
1
0
/usr/bin/mysql_plugin:
0
1
1
0
/usr/bin/mysql_waitpid:
0
1
1
0
/usr/bin/mysqladmin:
0
1
1
0
/usr/bin/mysqlbinlog:
0
1
1
0
/usr/bin/mysqlcheck:
0
1
1
0
/usr/bin/mysqldump:
0
1
1
0
/usr/bin/mysqlimport:
0
1
1
0
/usr/bin/mysqlshow:
0
1
1
0
/usr/bin/mysqlslap:
0
1
1
0
/usr/bin/netstat:
1
1
1
1
/usr/bin/myisamchk:
0
1
1
0
/usr/sbin/selabel_partial_match:
0
1
1
0
/usr/sbin/zdump:
0
0
1
0
/usr/sbin/lid:
0
1
1
0
/usr/sbin/zic:
0
0
1
0
/usr/sbin/ldconfig:
0
0
1
0
/usr/sbin/lnewusers:
0
1
1
0
/usr/sbin/sln:
0
0
1
0
/usr/sbin/lpasswd:
0
1
1
0
/usr/sbin/rtmon:
0
1
1
0
/usr/sbin/ss:
0
1
1
0
/usr/sbin/iconvconfig:
0
0
1
0
/usr/sbin/iconvconfig.x86_64:
0
0
1
0
/usr/sbin/tc:
0
1
1
0
/usr/sbin/luseradd:
0
1
1
0
/usr/sbin/sefcontext_compile:
0
1
1
0
/usr/sbin/ipset:
0
1
1
0
/usr/sbin/fsck:
0
1
1
0
/usr/sbin/install-info:
0
1
1
0
/usr/sbin/mkfs:
0
0
1
0
/usr/sbin/chkconfig:
0
1
1
0
/usr/sbin/selinuxconlist:
0
1
1
0
/usr/sbin/alternatives:
0
1
1
0
/usr/sbin/selinuxdefcon:
0
1
1
0
/usr/sbin/vipw:
1
1
1
1
/usr/sbin/capsh:
0
0
1
0
/usr/sbin/cracklib-check:
0
1
1
0
/usr/sbin/getcap:
0
1
1
0
/usr/sbin/getpcaps:
0
1
1
0
/usr/sbin/cracklib-packer:
0
1
1
0
/usr/sbin/setcap:
0
0
1
0
/usr/sbin/selinuxenabled:
0
0
1
0
/usr/sbin/genl-ctrl-list:
0
1
1
0
/usr/sbin/selinuxexeccon:
0
1
1
0
/usr/sbin/nl-class-add:
0
1
1
0
/usr/sbin/setenforce:
0
0
1
0
/usr/sbin/nl-class-delete:
0
1
1
0
/usr/sbin/biosdecode:
1
1
1
1
/usr/sbin/nl-class-list:
0
1
1
0
/usr/sbin/dmidecode:
1
1
1
1
/usr/sbin/nl-classid-lookup:
0
1
1
0
/usr/sbin/cracklib-unpacker:
0
0
1
0
/usr/sbin/nl-cls-add:
0
1
1
0
/usr/sbin/ownership:
1
1
1
1
/usr/sbin/nl-cls-delete:
0
1
1
0
/usr/sbin/nl-cls-list:
0
1
1
0
/usr/sbin/vpddecode:
1
1
1
1
/usr/sbin/nl-link-list:
0
1
1
0
/usr/sbin/chroot:
0
1
1
0
/usr/sbin/nl-pktloc-lookup:
0
1
1
0
/usr/sbin/nl-qdisc-add:
0
1
1
0
/usr/sbin/chpasswd:
1
1
1
1
/usr/sbin/sshd:
1
1
1
1
/usr/sbin/nl-qdisc-delete:
0
1
1
0
/usr/sbin/arp:
1
1
1
1
/usr/sbin/nl-qdisc-list:
0
1
1
0
/usr/sbin/sasldblistusers2:
1
1
1
1
/usr/sbin/saslpasswd2:
1
1
1
1
/usr/sbin/killall5:
1
1
1
1
/usr/sbin/faillock:
1
1
1
1
/usr/sbin/mkhomedir_helper:
1
1
1
1
/usr/sbin/ethtool:
0
1
1
0
/usr/sbin/pam_console_apply:
1
1
1
1
/usr/sbin/pam_tally2:
1
1
1
1
/usr/sbin/grpck:
1
1
1
1
/usr/sbin/grpconv:
1
1
1
1
/usr/sbin/grpunconv:
1
1
1
1
/usr/sbin/xtables-multi:
0
1
1
0
/usr/sbin/pam_timestamp_check:
1
1
1
1
/usr/sbin/arpd:
0
1
1
0
/usr/sbin/pwhistory_helper:
0
1
1
0
/usr/sbin/bridge:
0
1
1
0
/usr/sbin/luserdel:
0
1
1
0
/usr/sbin/unix_chkpwd:
1
1
1
1
/usr/sbin/devlink:
0
1
1
0
/usr/sbin/sysctl:
0
1
1
0
/usr/sbin/genl:
0
1
1
0
/usr/sbin/grubby:
0
1
1
0
/usr/sbin/ifstat:
0
1
1
0
/usr/sbin/lusermod:
0
1
1
0
/usr/sbin/ip:
0
1
1
0
/usr/sbin/lnstat:
0
1
1
0
/usr/sbin/logrotate:
0
1
1
0
/usr/sbin/nstat:
0
1
1
0
/usr/sbin/lchage:
0
1
1
0
/usr/sbin/rtacct:
0
1
1
0
/usr/sbin/lgroupadd:
0
1
1
0
/usr/sbin/avcstat:
0
1
1
0
/usr/sbin/lgroupdel:
0
1
1
0
/usr/sbin/getenforce:
0
0
1
0
/usr/sbin/lgroupmod:
0
1
1
0
/usr/sbin/getsebool:
0
1
1
0
/usr/sbin/newusers:
1
1
1
1
/usr/sbin/matchpathcon:
0
1
1
0
/usr/sbin/pwck:
1
1
1
1
/usr/sbin/addpart:
0
1
1
0
/usr/sbin/selabel_digest:
0
1
1
0
/usr/sbin/pwconv:
1
1
1
1
/usr/sbin/selabel_lookup:
0
1
1
0
/usr/sbin/lvm:
1
1
1
1
/usr/sbin/selabel_lookup_best_match:
0
1
1
0
/usr/sbin/pwunconv:
1
1
1
1
/usr/sbin/selinux_restorecon:
0
1
1
0
/usr/sbin/agetty:
0
1
1
0
/usr/sbin/blkdiscard:
0
1
1
0
/usr/sbin/blkid:
0
1
1
0
/usr/sbin/blockdev:
0
1
1
0
/usr/sbin/cfdisk:
0
1
1
0
/usr/sbin/chcpu:
0
1
1
0
/usr/sbin/ctrlaltdel:
0
0
1
0
/usr/sbin/delpart:
0
1
1
0
/usr/sbin/fdformat:
0
1
1
0
/usr/sbin/fdisk:
0
1
1
0
/usr/sbin/findfs:
0
0
1
0
/usr/sbin/fsck.cramfs:
0
1
1
0
/usr/sbin/fsck.minix:
0
1
1
0
/usr/sbin/fsfreeze:
0
1
1
0
/usr/sbin/fstrim:
0
1
1
0
/usr/sbin/hwclock:
0
1
1
0
/usr/sbin/ldattach:
0
1
1
0
/usr/sbin/losetup:
0
1
1
0
/usr/sbin/mkfs.cramfs:
0
1
1
0
/usr/sbin/mkfs.minix:
0
1
1
0
/usr/sbin/mkswap:
0
1
1
0
/usr/sbin/nologin:
0
0
1
0
/usr/sbin/partx:
0
1
1
0
/usr/sbin/pivot_root:
0
0
1
0
/usr/sbin/readprofile:
0
1
1
0
/usr/sbin/resizepart:
0
1
1
0
/usr/sbin/rtcwake:
0
1
1
0
/usr/sbin/runuser:
0
1
1
0
/usr/sbin/sfdisk:
0
1
1
0
/usr/sbin/sulogin:
0
1
1
0
/usr/sbin/swaplabel:
0
1
1
0
/usr/sbin/swapoff:
0
1
1
0
/usr/sbin/swapon:
0
1
1
0
/usr/sbin/switch_root:
0
1
1
0
/usr/sbin/wipefs:
0
1
1
0
/usr/sbin/zramctl:
0
1
1
0
/usr/sbin/load_policy:
1
0
1
1
/usr/sbin/semodule:
1
0
1
1
/usr/sbin/sestatus:
1
1
1
1
/usr/sbin/setfiles:
1
1
1
1
/usr/sbin/setsebool:
1
1
1
1
/usr/sbin/pdata_tools:
0
1
1
0
/usr/sbin/htcacheclean:
1
1
1
1
/usr/sbin/hardlink:
0
1
1
0
/usr/sbin/kpartx:
1
1
1
1
/usr/sbin/dmfilemapd:
1
1
1
1
/usr/sbin/dmsetup:
1
1
1
1
/usr/sbin/arping:
1
1
1
1
/usr/sbin/clockdiff:
1
1
1
1
/usr/sbin/ifenslave:
0
1
1
0
/usr/sbin/rdisc:
1
1
1
1
/usr/sbin/consoletype:
1
1
1
1
/usr/sbin/genhostid:
1
1
1
1
/usr/sbin/netreport:
1
1
1
1
/usr/sbin/ppp-watch:
1
1
1
1
/usr/sbin/usernetctl:
1
1
1
1
/usr/sbin/eapol_test:
1
1
1
1
/usr/sbin/wpa_cli:
1
1
1
1
/usr/sbin/wpa_passphrase:
1
1
1
1
/usr/sbin/wpa_supplicant:
1
1
1
1
/usr/sbin/NetworkManager:
1
1
1
1
/usr/sbin/anacron:
1
1
1
1
/usr/sbin/crond:
1
1
1
1
/usr/sbin/grub2-ofpathname:
0
0
1
0
/usr/sbin/grub2-sparc64-setup:
0
0
1
0
/usr/sbin/grub2-bios-setup:
0
0
1
0
/usr/sbin/grub2-install:
0
0
1
0
/usr/sbin/grub2-probe:
0
0
1
0
/usr/sbin/grub2-rpm-sort:
0
0
1
0
/usr/sbin/dmeventd:
1
1
1
1
/usr/sbin/dhclient:
1
1
1
1
/usr/sbin/ebtables:
0
0
1
1
/usr/sbin/ebtables-restore:
0
1
1
1
/usr/sbin/fxload:
0
1
1
0
/usr/sbin/plymouthd:
1
1
1
1
/usr/sbin/kdump:
0
1
1
0
/usr/sbin/kexec:
0
1
1
0
/usr/sbin/makedumpfile:
0
0
1
0
/usr/sbin/vmcore-dmesg:
0
1
1
0
/usr/sbin/lvmetad:
1
1
1
1
/usr/sbin/lvmpolld:
1
1
1
1
/usr/sbin/audispd:
1
1
1
1
/usr/sbin/auditctl:
1
1
1
1
/usr/sbin/auditd:
1
1
1
1
/usr/sbin/aureport:
0
1
1
0
/usr/sbin/ausearch:
0
1
1
0
/usr/sbin/postalias:
1
1
1
1
/usr/sbin/postcat:
1
1
1
1
/usr/sbin/postconf:
1
1
1
1
/usr/sbin/postdrop:
1
1
1
1
/usr/sbin/postfix:
1
1
1
1
/usr/sbin/postkick:
1
1
1
1
/usr/sbin/postlock:
1
1
1
1
/usr/sbin/postlog:
1
1
1
1
/usr/sbin/postmap:
1
1
1
1
/usr/sbin/postmulti:
1
1
1
1
/usr/sbin/postqueue:
1
1
1
1
/usr/sbin/postsuper:
1
1
1
1
/usr/sbin/sendmail.postfix:
1
1
1
1
/usr/sbin/smtp-sink:
1
1
1
1
/usr/sbin/smtp-source:
1
1
1
1
/usr/sbin/mklost+found:
0
0
1
0
/usr/sbin/fcgistarter:
1
1
1
1
/usr/sbin/irqbalance:
1
1
1
1
/usr/sbin/fsck.ext3:
0
1
1
0
/usr/sbin/chronyd:
1
1
1
1
/usr/sbin/intel-microcode2ucode:
0
1
1
0
/usr/sbin/fsck.ext4:
0
1
1
0
/usr/sbin/mkfs.ext3:
0
1
1
0
/usr/sbin/rsyslogd:
1
1
1
1
/usr/sbin/e2fsck:
0
1
1
0
/usr/sbin/biosdevname:
0
1
1
0
/usr/sbin/fsck.ext2:
0
1
1
0
/usr/sbin/parted:
0
1
1
0
/usr/sbin/e2label:
0
1
1
0
/usr/sbin/partprobe:
0
0
1
0
/usr/sbin/tune2fs:
0
1
1
0
/usr/sbin/iprconfig:
1
1
1
1
/usr/sbin/mkfs.ext4:
0
1
1
0
/usr/sbin/grub2-macbless:
0
0
1
0
/usr/sbin/iprdump:
1
1
1
1
/usr/sbin/mke2fs:
0
1
1
0
/usr/sbin/iprinit:
1
1
1
1
/usr/sbin/mkfs.ext2:
0
1
1
0
/usr/sbin/iprupdate:
1
1
1
1
/usr/sbin/rotatelogs:
1
1
1
1
/usr/sbin/accessdb:
0
0
1
0
/usr/sbin/httpd:
1
1
1
1
/usr/sbin/xfs_quota:
0
1
1
0
/usr/sbin/xfs_repair:
0
1
1
0
/usr/sbin/visudo:
1
1
1
1
/usr/sbin/ifconfig:
1
1
1
1
/usr/sbin/btrfs:
0
1
1
0
/usr/sbin/xfs_rtcp:
0
1
1
0
/usr/sbin/btrfs-convert:
0
1
1
0
/usr/sbin/badblocks:
0
1
1
0
/usr/sbin/btrfs-debug-tree:
0
1
1
0
/usr/sbin/debugfs:
0
1
1
0
/usr/sbin/btrfs-find-root:
0
1
1
0
/usr/sbin/ether-wake:
1
1
1
1
/usr/sbin/btrfs-image:
0
1
1
0
/usr/sbin/dumpe2fs:
0
1
1
0
/usr/sbin/btrfs-map-logical:
0
1
1
0
/usr/sbin/e2freefrag:
0
1
1
0
/usr/sbin/btrfs-select-super:
0
1
1
0
/usr/sbin/e2image:
0
1
1
0
/usr/sbin/btrfs-zero-log:
0
1
1
0
/usr/sbin/ipmaddr:
1
1
1
1
/usr/sbin/iptunnel:
1
1
1
1
/usr/sbin/btrfstune:
0
1
1
0
/usr/sbin/mii-diag:
0
1
1
0
/usr/sbin/mii-tool:
1
1
1
1
/usr/sbin/mkfs.btrfs:
0
1
1
0
/usr/sbin/nameif:
1
1
1
1
/usr/sbin/plipconfig:
1
1
1
1
/usr/sbin/mkfs.xfs:
0
1
1
0
/usr/sbin/route:
1
1
1
1
/usr/sbin/slattach:
1
1
1
1
/usr/sbin/mysqld:
0
1
1
0
/usr/sbin/xfs_copy:
0
1
1
0
/usr/sbin/xfs_db:
0
1
1
0
/usr/sbin/e2undo:
0
1
1
0
/usr/sbin/xfs_estimate:
0
1
1
0
/usr/sbin/mysqld-debug:
0
1
1
0
/usr/sbin/xfs_fsr:
0
1
1
0
/usr/sbin/xfs_growfs:
0
1
1
0
/usr/sbin/xfs_io:
0
1
1
0
/usr/sbin/e4defrag:
0
1
1
0
/usr/sbin/xfs_logprint:
0
1
1
0
/usr/sbin/filefrag:
0
1
1
0
/usr/sbin/xfs_mdrestore:
0
1
1
0
/usr/sbin/logsave:
0
1
1
0
/usr/sbin/resize2fs:
0
1
1
0
