/usr/sbin/pam_timestamp_check:
1
1
1
0
/usr/sbin/groupdel:
1
1
1
1
/usr/sbin/exim_lock:
1
1
1
1
/usr/sbin/vipw:
1
1
1
1
/usr/sbin/rpcinfo:
0
1
1
0
/usr/sbin/accessdb:
1
0
1
1
/usr/sbin/rmt-tar:
0
1
1
0
/usr/sbin/blkmapd:
0
0
0
0
/usr/sbin/rpc.svcgssd:
0
0
1
0
/usr/sbin/e4defrag:
0
1
1
0
/usr/sbin/chpasswd:
1
1
1
1
/usr/sbin/fdformat:
0
1
1
0
/usr/sbin/apache2:
1
1
1
1
/usr/sbin/nologin:
1
0
1
1
/usr/sbin/gss_clnt_send_err:
0
0
0
0
/usr/sbin/cron:
0
1
1
0
/usr/sbin/grub-install:
0
0
0
0
/usr/sbin/pwconv:
1
1
1
1
/usr/sbin/grub-macbless:
0
0
0
0
/usr/sbin/chgpasswd:
1
1
1
1
/usr/sbin/nfnl_osf:
0
1
1
0
/usr/sbin/tunelp:
0
1
1
0
/usr/sbin/safe_finger:
0
0
1
0
/usr/sbin/rpc.idmapd:
0
0
0
0
/usr/sbin/tcpdmatch:
0
1
1
0
/usr/sbin/exim_dumpdb:
1
1
1
1
/usr/sbin/tcpdchk:
0
1
1
0
/usr/sbin/rpc.gssd:
0
0
1
0
/usr/sbin/iconvconfig:
0
0
1
0
/usr/sbin/tcpd:
0
1
1
0
/usr/sbin/arpd:
0
0
0
0
/usr/sbin/e2freefrag:
0
1
1
0
/usr/sbin/pwck:
1
1
1
1
/usr/sbin/atd:
1
1
1
1
/usr/sbin/grpunconv:
1
1
1
1
/usr/sbin/irqbalance:
0
1
1
0
/usr/sbin/biosdecode:
1
0
1
1
/usr/sbin/mklost+found:
0
0
1
0
/usr/sbin/rpcdebug:
0
0
0
0
/usr/sbin/nfsstat:
0
0
0
0
/usr/sbin/try-from:
0
1
1
0
/usr/sbin/arp:
0
1
1
0
/usr/sbin/chroot:
0
1
1
0
/usr/sbin/usermod:
1
1
1
1
/usr/sbin/groupadd:
1
1
1
1
/usr/sbin/logrotate:
0
1
1
0
/usr/sbin/rtcwake:
0
1
1
0
/usr/sbin/ldattach:
0
1
1
0
/usr/sbin/cppw:
1
1
1
1
/usr/sbin/update-passwd:
1
1
1
1
/usr/sbin/acpid:
0
1
1
0
/usr/sbin/pwunconv:
1
1
1
1
/usr/sbin/setvesablank:
0
1
1
0
/usr/sbin/readprofile:
0
1
1
0
/usr/sbin/httxt2dbm:
1
1
1
1
/usr/sbin/exim_fixdb:
1
1
1
1
/usr/sbin/useradd:
1
1
1
1
/usr/sbin/newusers:
1
1
1
1
/usr/sbin/exim_tidydb:
1
1
1
1
/usr/sbin/vcstime:
0
0
1
0
/usr/sbin/groupmod:
1
1
1
1
/usr/sbin/grpconv:
1
1
1
1
/usr/sbin/dmidecode:
1
1
1
1
/usr/sbin/exim4:
1
1
1
1
/usr/sbin/filefrag:
0
1
1
0
/usr/sbin/rsyslogd:
0
1
1
0
/usr/sbin/grpck:
1
1
1
1
/usr/sbin/userdel:
1
1
1
1
/usr/sbin/nfsidmap:
0
0
0
0
/usr/sbin/exim_dbmbuild:
1
1
1
1
/usr/sbin/grub-mkdevicemap:
0
0
0
0
/usr/sbin/vpddecode:
1
0
1
1
/usr/sbin/sshd:
1
1
1
1
/usr/sbin/zic:
0
0
1
0
/usr/sbin/ownership:
1
0
1
1
/usr/sbin/nfacct:
0
1
1
0
/usr/sbin/grub-probe:
0
0
0
0
/usr/bin/kbxutil:
1
1
1
1
/usr/bin/free:
0
1
1
0
/usr/bin/utmpdump:
0
1
1
0
/usr/bin/rename.ul:
0
1
1
0
/usr/bin/omshell:
1
1
1
1
/usr/bin/getent:
0
0
1
0
/usr/bin/loadunimap:
0
1
1
0
/usr/bin/arch:
0
1
1
0
/usr/bin/realpath:
0
1
1
0
/usr/bin/users:
0
1
1
0
/usr/bin/find:
0
1
1
0
/usr/bin/grub-mkfont:
0
0
0
0
/usr/bin/gpasswd:
1
1
1
1
/usr/bin/expand:
0
1
1
0
/usr/bin/top:
0
1
1
0
/usr/bin/checkgid:
1
1
1
1
/usr/bin/install-info:
0
1
1
0
/usr/bin/perl5.20.2:
0
0
1
0
/usr/bin/sha512sum:
0
1
1
0
/usr/bin/pwdx:
0
1
1
0
/usr/bin/systemd-analyze:
1
1
1
1
/usr/bin/preconv:
1
1
1
1
/usr/bin/look:
0
1
1
0
/usr/bin/htdbm:
1
1
1
1
/usr/bin/fc-query:
0
1
1
0
/usr/bin/fallocate:
0
1
1
0
/usr/bin/last:
0
1
1
0
/usr/bin/xargs:
0
1
1
0
/usr/bin/dwp:
0
0
1
0
/usr/bin/grub-menulst2cfg:
0
0
0
0
/usr/bin/ssh-keygen:
1
1
1
1
/usr/bin/zdump:
0
0
1
0
/usr/bin/chsh:
1
1
1
1
/usr/bin/cksum:
0
1
1
0
/usr/bin/lzmainfo:
0
1
1
0
/usr/bin/updatedb.mlocate:
0
0
0
0
/usr/bin/hexdump:
0
1
1
0
/usr/bin/hostnamectl:
1
1
1
1
/usr/bin/id:
0
1
1
0
/usr/bin/taskset:
0
1
1
0
/usr/bin/diff:
0
1
1
0
/usr/bin/clear:
0
0
1
0
/usr/bin/aptitude-curses:
1
1
1
1
/usr/bin/ar:
0
0
1
0
/usr/bin/tsort:
0
1
1
0
/usr/bin/rotatelogs:
1
1
1
1
/usr/bin/nice:
0
1
1
0
/usr/bin/setmetamode:
0
0
1
0
/usr/bin/cmp:
0
1
1
0
/usr/bin/tbl:
1
1
1
1
/usr/bin/deallocvt:
0
1
1
0
/usr/bin/pldd:
0
0
1
0
/usr/bin/patch:
0
0
0
0
/usr/bin/dig:
1
1
1
1
/usr/bin/infokey:
0
1
1
0
/usr/bin/namei:
0
1
1
0
/usr/bin/watchgnupg:
1
1
1
1
/usr/bin/md5sum:
0
1
1
0
/usr/bin/sdiff:
0
1
1
0
/usr/bin/lsof:
1
1
1
1
/usr/bin/ssh-add:
1
1
1
1
/usr/bin/ul:
0
1
1
0
/usr/bin/apt-sortpkgs:
1
1
1
1
/usr/bin/x86_64-linux-gnu-readelf:
0
0
1
0
/usr/bin/troff:
1
1
1
1
/usr/bin/nproc:
0
1
1
0
/usr/bin/fc-match:
0
1
1
0
/usr/bin/calendar:
0
1
1
0
/usr/bin/partx:
0
1
1
0
/usr/bin/make:
0
1
1
0
/usr/bin/scp:
1
1
1
1
/usr/bin/grub-mkrelpath:
0
0
0
0
/usr/bin/seq:
0
1
1
0
/usr/bin/acpi_listen:
0
1
1
0
/usr/bin/systemd-nspawn:
1
1
1
1
/usr/bin/mawk:
0
1
0
0
/usr/bin/grub-file:
0
0
0
0
/usr/bin/ischroot:
0
1
1
0
/usr/bin/whois:
0
1
1
0
/usr/bin/setsid:
0
1
1
0
/usr/bin/stat:
0
1
1
0
/usr/bin/mkpasswd:
0
0
1
0
/usr/bin/skill:
0
1
1
0
/usr/bin/vim.tiny:
1
1
1
1
/usr/bin/factor:
0
1
1
0
/usr/bin/formail:
0
1
1
0
/usr/bin/lsattr:
0
1
1
0
/usr/bin/tty:
0
1
1
0
/usr/bin/grub-editenv:
0
0
0
0
/usr/bin/ncal:
0
1
1
0
/usr/bin/ipcs:
0
1
1
0
/usr/bin/gpgsplit:
0
1
1
0
/usr/bin/apt-config:
1
1
1
1
/usr/bin/usbhid-dump:
0
1
1
0
/usr/bin/ngettext:
0
1
1
0
/usr/bin/htdigest:
1
1
1
1
/usr/bin/pr:
0
1
1
0
/usr/bin/nl:
0
1
1
0
/usr/bin/lexgrog:
1
1
1
1
/usr/bin/objcopy:
0
0
1
0
/usr/bin/chattr:
0
1
1
0
/usr/bin/grops:
1
1
1
1
/usr/bin/dircolors:
0
1
1
0
/usr/bin/procmail:
0
1
1
0
/usr/bin/dbus-daemon:
0
1
1
0
/usr/bin/chfn:
1
1
1
1
/usr/bin/printf:
0
1
1
0
/usr/bin/faillog:
1
1
1
1
/usr/bin/ab:
1
1
1
1
/usr/bin/envsubst:
0
1
1
0
/usr/bin/setarch:
0
1
1
0
/usr/bin/grub-mkrescue:
0
0
0
0
/usr/bin/logname:
0
1
1
0
/usr/bin/xauth:
0
0
0
0
/usr/bin/basename:
0
1
1
0
/usr/bin/bsd-mailx:
0
1
1
0
/usr/bin/flock:
0
1
1
0
/usr/bin/sq:
0
1
1
0
/usr/bin/fold:
0
1
1
0
/usr/bin/pinentry-gtk-2:
0
1
1
0
/usr/bin/grub-mount:
0
0
0
0
/usr/bin/oldfind:
0
1
1
0
/usr/bin/m4:
0
1
1
0
/usr/bin/env:
0
1
1
0
/usr/bin/tic:
0
1
1
0
/usr/bin/newgrp:
1
1
1
1
/usr/bin/fc-cache:
0
1
1
0
/usr/bin/pcimodules:
0
1
1
0
/usr/bin/yes:
0
1
1
0
/usr/bin/gettext:
0
1
1
0
/usr/bin/apt-extracttemplates:
1
1
1
1
/usr/bin/link:
0
1
1
0
/usr/bin/unsq:
0
1
1
0
/usr/bin/tac:
0
1
1
0
/usr/bin/wc:
0
1
1
0
/usr/bin/mapscrn:
0
1
1
0
/usr/bin/ijoin:
0
0
1
0
/usr/bin/man:
1
1
1
1
/usr/bin/timedatectl:
1
1
1
1
/usr/bin/showkey:
0
1
1
0
/usr/bin/lslocks:
0
1
1
0
/usr/bin/whereis:
0
1
1
0
/usr/bin/gpgkey2ssh:
1
1
1
1
/usr/bin/sftp:
1
1
1
1
/usr/bin/systemd-delta:
1
1
1
1
/usr/bin/vmstat:
0
1
1
0
/usr/bin/sort:
0
1
1
0
/usr/bin/dirname:
0
1
1
0
/usr/bin/nslookup:
1
1
1
1
/usr/bin/od:
0
1
1
0
/usr/bin/netkit-ftp:
0
1
1
0
/usr/bin/renice:
0
1
1
0
/usr/bin/crontab:
0
1
1
0
/usr/bin/x86_64-linux-gnu-elfedit:
0
0
1
0
/usr/bin/ipcmk:
0
1
1
0
/usr/bin/ranlib:
0
0
1
0
/usr/bin/addpart:
0
1
1
0
/usr/bin/systemd-cat:
1
1
1
1
/usr/bin/getopt:
0
1
1
0
/usr/bin/tset:
0
1
1
0
/usr/bin/timeout:
0
1
1
0
/usr/bin/script:
0
1
1
0
/usr/bin/numfmt:
0
1
1
0
/usr/bin/mesg:
0
1
1
0
/usr/bin/nm:
0
0
1
0
/usr/bin/uptime:
0
1
1
0
/usr/bin/splitfont:
0
0
1
0
/usr/bin/grub-mknetdir:
0
0
0
0
/usr/bin/lscpu:
0
1
1
0
/usr/bin/texindex:
0
1
1
0
/usr/bin/diff3:
0
1
1
0
/usr/bin/tabs:
0
0
1
0
/usr/bin/bc:
0
1
1
0
/usr/bin/shred:
0
1
1
0
/usr/bin/ispell:
0
1
1
0
/usr/bin/systemd-cgtop:
1
1
1
1
/usr/bin/killall:
0
1
1
0
/usr/bin/localedef:
0
0
1
0
/usr/bin/htpasswd:
1
1
1
1
/usr/bin/lockfile:
0
1
1
0
/usr/bin/tload:
0
1
1
0
/usr/bin/scriptreplay:
0
1
1
0
/usr/bin/whiptail:
0
1
1
0
/usr/bin/du:
0
1
1
0
/usr/bin/traceroute.db:
1
1
1
1
/usr/bin/ssh:
1
1
1
1
/usr/bin/truncate:
0
1
1
0
/usr/bin/fcgistarter:
1
1
1
1
/usr/bin/gpgparsemail:
1
1
1
1
/usr/bin/readelf:
0
0
1
0
/usr/bin/lsusb:
0
1
1
0
/usr/bin/dbus-monitor:
0
1
1
0
/usr/bin/fc-validate:
0
1
1
0
/usr/bin/openssl:
0
1
1
0
/usr/bin/groff:
1
1
1
1
/usr/bin/pathchk:
0
1
1
0
/usr/bin/test:
0
1
1
0
/usr/bin/gpg-agent:
1
1
1
1
/usr/bin/mandb:
1
1
1
1
/usr/bin/head:
0
1
1
0
/usr/bin/hostid:
0
1
1
0
/usr/bin/w3m:
1
1
1
1
/usr/bin/systemd-detect-virt:
1
1
1
1
/usr/bin/elfedit:
0
0
1
0
/usr/bin/peekfd:
0
0
1
0
/usr/bin/gprof:
0
0
1
0
/usr/bin/apt-get:
1
1
1
1
/usr/bin/eqn:
1
1
1
1
/usr/bin/getconf:
0
0
1
0
/usr/bin/setvtrgb:
0
1
1
0
/usr/bin/setlogcons:
0
1
1
0
/usr/bin/paperconf:
0
0
0
0
/usr/bin/toe:
0
1
1
0
/usr/bin/sum:
0
1
1
0
/usr/bin/apt-ftparchive:
1
1
1
1
/usr/bin/tee:
0
1
1
0
/usr/bin/grub-render-label:
0
0
0
0
/usr/bin/column:
0
1
1
0
/usr/bin/dpkg-divert:
0
1
1
0
/usr/bin/paste:
0
1
1
0
/usr/bin/ipcrm:
0
1
1
0
/usr/bin/grub-mklayout:
0
0
0
0
/usr/bin/pgrep:
0
1
1
0
/usr/bin/tail:
0
1
1
0
/usr/bin/dpkg-split:
0
1
1
0
/usr/bin/colrm:
0
0
1
0
/usr/bin/prtstat:
0
1
1
0
/usr/bin/whoami:
0
1
1
0
/usr/bin/printenv:
0
1
1
0
/usr/bin/grotty:
1
1
1
1
/usr/bin/pmap:
0
1
1
0
/usr/bin/csplit:
0
1
1
0
/usr/bin/soelim:
1
1
1
1
/usr/bin/locale:
0
0
1
0
/usr/bin/setterm:
0
1
1
0
/usr/bin/host:
1
1
1
1
/usr/bin/dpkg-deb:
0
1
1
0
/usr/bin/fmt:
0
1
1
0
/usr/bin/logger:
0
1
1
0
/usr/bin/a2p:
0
1
1
0
/usr/bin/ptx:
0
1
1
0
/usr/bin/showconsolefont:
0
1
1
0
/usr/bin/prlimit:
0
1
1
0
/usr/bin/lastlog:
1
1
1
1
/usr/bin/cut:
0
1
1
0
/usr/bin/mlocate:
0
0
0
0
/usr/bin/delpart:
0
1
1
0
/usr/bin/size:
0
0
1
0
/usr/bin/install:
0
1
1
0
/usr/bin/manpath:
1
1
1
1
/usr/bin/grub-mkimage:
0
0
0
0
/usr/bin/acpi:
0
1
1
0
/usr/bin/perl:
0
0
1
0
/usr/bin/whatis:
1
1
1
1
/usr/bin/logresolve:
1
1
1
1
/usr/bin/lnstat:
0
0
0
0
/usr/bin/telnet.netkit:
0
0
0
0
/usr/bin/c++filt:
0
0
1
0
/usr/bin/col:
0
0
1
0
/usr/bin/grub-syslinux2cfg:
0
0
0
0
/usr/bin/pic:
1
1
1
1
/usr/bin/dbus-uuidgen:
0
0
1
0
/usr/bin/expiry:
1
1
1
1
/usr/bin/update-alternatives:
0
1
1
0
/usr/bin/[:
0
1
1
0
/usr/bin/mkfifo:
0
1
1
0
/usr/bin/sha224sum:
0
1
1
0
/usr/bin/sha384sum:
0
1
1
0
/usr/bin/chrt:
0
1
1
0
/usr/bin/expr:
0
1
1
0
/usr/bin/resizepart:
0
1
1
0
/usr/bin/fc-pattern:
0
0
1
0
/usr/bin/dbus-cleanup-sockets:
0
1
1
0
/usr/bin/bsd-from:
0
1
1
0
/usr/bin/info:
0
1
1
0
/usr/bin/defmt-sh:
0
0
0
0
/usr/bin/gpgv:
0
1
1
0
/usr/bin/shuf:
0
1
1
0
/usr/bin/systemd-run:
1
1
1
1
/usr/bin/mutt-org:
0
1
1
0
/usr/bin/lspci:
0
1
1
0
/usr/bin/printerbanner:
0
0
1
0
/usr/bin/pg:
0
1
1
0
/usr/bin/apt-cdrom:
1
1
1
1
/usr/bin/groups:
0
1
1
0
/usr/bin/buildhash:
0
1
1
0
/usr/bin/dpkg-query:
0
1
1
0
/usr/bin/psfxtable:
0
1
1
0
/usr/bin/colcrt:
0
0
1
0
/usr/bin/grub-glue-efi:
0
0
0
0
/usr/bin/apt:
1
1
1
1
/usr/bin/unexpand:
0
1
1
0
/usr/bin/nstat:
0
0
0
0
/usr/bin/runcon:
0
1
1
0
/usr/bin/ssh-agent:
1
1
1
1
/usr/bin/systemd-cgls:
1
1
1
1
/usr/bin/dpkg:
0
1
1
0
/usr/bin/apt-mark:
1
1
1
1
/usr/bin/dbus-run-session:
0
1
1
0
/usr/bin/fc-list:
0
0
1
0
/usr/bin/addr2line:
0
0
1
0
/usr/bin/base64:
0
1
1
0
/usr/bin/grub-mkpasswd-pbkdf2:
0
0
0
0
/usr/bin/dpkg-statoverride:
0
1
1
0
/usr/bin/who:
0
1
1
0
/usr/bin/systemd-path:
1
1
1
1
/usr/bin/codepage:
0
0
1
0
/usr/bin/split:
0
1
1
0
/usr/bin/rev:
0
0
1
0
/usr/bin/chcon:
0
1
1
0
/usr/bin/defmt-c:
0
0
0
0
/usr/bin/file:
0
1
1
0
/usr/bin/gpg-connect-agent:
1
1
1
1
/usr/bin/xxd:
1
0
1
1
/usr/bin/comm:
0
1
1
0
/usr/bin/ssh-keyscan:
1
1
1
1
/usr/bin/nsupdate:
1
1
1
1
/usr/bin/setleds:
0
0
1
0
/usr/bin/strip:
0
0
1
0
/usr/bin/gpg:
0
1
1
0
/usr/bin/ld.bfd:
0
0
1
0
/usr/bin/as:
0
0
1
0
/usr/bin/mcookie:
0
1
1
0
/usr/bin/chage:
1
1
1
1
/usr/bin/unshare:
0
1
1
0
/usr/bin/infocmp:
0
1
1
0
/usr/bin/dc:
0
1
1
0
/usr/bin/grub-script-check:
0
0
0
0
/usr/bin/setkeycodes:
0
1
1
0
/usr/bin/slabtop:
0
1
1
0
/usr/bin/watch:
0
1
1
0
/usr/bin/xz:
0
1
1
0
/usr/bin/busctl:
1
1
1
1
/usr/bin/iconv:
0
0
1
0
/usr/bin/localectl:
1
1
1
1
/usr/bin/pinky:
0
1
1
0
/usr/bin/objdump:
0
0
1
0
/usr/bin/gpgconf:
1
1
1
1
/usr/bin/update-mime-database.real:
0
0
1
0
/usr/bin/htcacheclean:
1
1
1
1
/usr/bin/catman:
1
1
1
1
/usr/bin/at:
1
1
1
1
/usr/bin/dotlockfile:
0
1
1
0
/usr/bin/sha256sum:
0
1
1
0
/usr/bin/fc-cat:
0
1
1
0
/usr/bin/ld.gold:
0
0
1
0
/usr/bin/dpkg-trigger:
0
1
1
0
/usr/bin/screendump:
0
0
1
0
/usr/bin/tr:
0
1
1
0
/usr/bin/setpci:
0
1
1
0
/usr/bin/bsd-write:
0
1
1
0
/usr/bin/gpg2:
1
1
1
1
/usr/bin/wall:
0
1
1
0
/usr/bin/pstree:
0
1
1
0
/usr/bin/nohup:
0
1
1
0
/usr/bin/clear_console:
0
1
1
0
/usr/bin/python2.7:
0
1
1
0
/usr/bin/nsenter:
0
1
1
0
/usr/bin/grub-fstest:
0
0
0
0
/usr/bin/kbdinfo:
0
1
1
0
/usr/bin/mutt_dotlock:
0
1
1
0
/usr/bin/line:
0
1
1
0
/usr/bin/time:
0
0
1
0
/usr/bin/symcryptrun:
1
1
1
1
/usr/bin/unlink:
0
1
1
0
/usr/bin/join:
0
1
1
0
/usr/bin/resizecons:
0
1
1
0
/usr/bin/uniq:
0
1
1
0
/usr/bin/strings:
0
0
1
0
/usr/bin/tput:
0
1
1
0
/usr/bin/wget:
0
1
1
0
/usr/bin/getkeycodes:
0
1
1
0
/usr/bin/xdg-user-dirs-update:
0
1
1
0
/usr/bin/apt-cache:
1
1
1
1
/usr/bin/stdbuf:
0
1
1
0
/usr/bin/grub-mkstandalone:
0
0
0
0
/usr/bin/fc-scan:
0
0
1
0
/usr/bin/passwd:
1
1
1
1
/usr/bin/sha1sum:
0
1
1
0
/usr/bin/ionice:
0
1
1
0
/usr/bin/w.procps:
0
1
1
0
/usr/bin/dbus-send:
0
1
1
0
/usr/bin/icombine:
0
1
1
0
/sbin/getpcaps:
0
1
1
0
/sbin/blkdiscard:
0
1
1
0
/sbin/tune2fs:
0
1
1
0
/sbin/switch_root:
0
1
1
0
/sbin/rpc.statd:
0
0
0
0
/sbin/raw:
0
1
1
0
/sbin/slattach:
0
1
1
0
/sbin/kbdrate:
0
1
1
0
/sbin/sm-notify:
0
0
0
0
/sbin/swapon:
0
1
1
0
/sbin/tc:
0
0
0
0
/sbin/ifup:
0
1
1
0
/sbin/discover:
0
0
0
0
/sbin/mii-tool:
0
1
1
0
/sbin/fsck.minix:
0
1
1
0
/sbin/sulogin:
0
1
1
0
/sbin/mke2fs:
0
1
1
0
/sbin/dumpe2fs:
0
1
1
0
/sbin/unix_update:
1
1
1
0
/sbin/rpcbind:
0
1
1
0
/sbin/dmsetup:
1
1
1
1
/sbin/ldconfig.real:
0
0
0
0
/sbin/setcap:
0
0
1
0
/sbin/mkfs.bfs:
0
1
1
0
/sbin/isosize:
0
1
1
0
/sbin/badblocks:
0
1
1
0
/sbin/sysctl:
0
1
1
0
/sbin/resize2fs:
0
1
1
0
/sbin/rarp:
0
1
1
0
/sbin/rtmon:
0
0
0
0
/sbin/route:
0
1
1
0
/sbin/chcpu:
0
1
1
0
/sbin/swapoff:
0
1
1
0
/sbin/mkfs.cramfs:
0
1
1
0
/sbin/findfs:
0
0
1
0
/sbin/ifconfig:
0
1
1
0
/sbin/e2undo:
0
1
1
0
/sbin/agetty:
0
1
1
0
/sbin/mkswap:
0
1
1
0
/sbin/losetup:
0
1
1
0
/sbin/start-stop-daemon:
0
1
1
0
/sbin/killall5:
0
1
1
0
/sbin/blkid:
0
1
1
0
/sbin/e2fsck:
0
1
1
0
/sbin/unix_chkpwd:
1
1
1
0
/sbin/hwclock:
0
1
1
0
/sbin/fsck:
0
1
1
0
/sbin/rtacct:
0
0
0
0
/sbin/cfdisk:
0
1
1
0
/sbin/iptunnel:
0
1
1
0
/sbin/mkfs:
0
0
1
0
/sbin/swaplabel:
0
1
1
0
/sbin/runuser:
0
1
1
0
/sbin/fsck.cramfs:
0
1
1
0
/sbin/fstab-decode:
0
0
1
0
/sbin/capsh:
0
0
1
0
/sbin/blockdev:
0
1
1
0
/sbin/fsfreeze:
0
1
1
0
/sbin/fdisk:
0
1
1
0
/sbin/pivot_root:
0
0
1
0
/sbin/debugfs:
0
1
1
0
/sbin/ctrlaltdel:
0
0
1
0
/sbin/ipmaddr:
0
1
1
0
/sbin/pam_tally:
0
1
1
0
/sbin/xtables-multi:
0
1
1
0
/sbin/sfdisk:
0
1
1
0
/sbin/wipefs:
0
1
1
0
/sbin/fstrim:
0
1
1
0
/sbin/logsave:
0
1
1
0
/sbin/bridge:
0
0
0
0
/sbin/mount.nfs:
0
0
0
0
/sbin/mkhomedir_helper:
0
1
1
0
/sbin/plipconfig:
0
0
1
0
/sbin/pam_tally2:
0
1
1
0
/sbin/showmount:
0
0
0
0
/sbin/nameif:
0
1
1
0
/sbin/insserv:
0
1
1
0
/sbin/mkfs.minix:
0
1
1
0
/sbin/dhclient:
1
1
1
1
/sbin/e2image:
0
1
1
0
/sbin/getcap:
0
1
1
0
/bin/systemd-notify:
1
1
1
1
/bin/lessecho:
1
1
1
1
/bin/machinectl:
1
1
1
1
/bin/ln:
0
1
1
0
/bin/run-parts:
0
1
1
0
/bin/lesskey:
1
1
1
1
/bin/ping:
0
1
1
0
/bin/less:
1
1
1
1
/bin/true:
0
1
1
0
/bin/uname:
0
1
1
0
/bin/nc.traditional:
0
1
1
0
/bin/mknod:
0
1
1
0
/bin/mt-gnu:
0
1
1
0
/bin/bzip2recover:
0
0
1
0
/bin/getfacl:
0
1
1
0
/bin/tar:
0
1
1
0
/bin/loadkeys:
0
1
1
0
/bin/rmdir:
0
1
1
0
/bin/ip:
0
0
0
0
/bin/bunzip2:
0
1
1
0
/bin/kill:
0
1
1
0
/bin/bash:
0
1
1
0
/bin/chgrp:
0
1
1
0
/bin/setfacl:
0
1
1
0
/bin/busybox:
0
1
1
0
/bin/tempfile:
0
1
1
0
/bin/findmnt:
0
1
1
0
/bin/systemd-machine-id-setup:
1
1
1
1
/bin/false:
0
1
1
0
/bin/nano:
0
1
1
0
/bin/sync:
0
1
1
0
/bin/cpio:
0
1
1
0
/bin/mktemp:
0
1
1
0
/bin/fuser:
0
1
1
0
/bin/chmod:
0
1
1
0
/bin/chacl:
0
1
1
0
/bin/dumpkeys:
0
1
1
0
/bin/date:
0
1
1
0
/bin/cat:
0
1
1
0
/bin/grep:
1
1
1
1
/bin/su:
1
1
1
1
/bin/systemd-ask-password:
1
1
1
1
/bin/fgconsole:
0
1
1
0
/bin/umount:
0
1
1
0
/bin/more:
0
1
1
0
/bin/ls:
0
1
1
0
/bin/readlink:
0
1
1
0
/bin/lsblk:
0
1
1
0
/bin/login:
1
1
1
1
/bin/df:
0
1
1
0
/bin/udevadm:
1
1
1
1
/bin/systemd-tty-ask-password-agent:
1
1
1
1
/bin/pwd:
0
1
1
0
/bin/systemd-escape:
1
1
1
1
/bin/echo:
0
1
1
0
/bin/ps:
0
1
1
0
/bin/mv:
0
1
1
0
/bin/mountpoint:
0
1
1
0
/bin/rm:
0
1
1
0
/bin/kmod:
1
1
1
0
/bin/dmesg:
0
1
1
0
/bin/wdctl:
0
1
1
0
/bin/mkdir:
0
1
1
0
/bin/journalctl:
1
1
1
1
/bin/systemd-tmpfiles:
1
1
1
1
/bin/dd:
0
1
1
0
/bin/gzip:
0
1
1
0
/bin/bzcat:
0
1
1
0
/bin/systemd-inhibit:
1
1
1
1
/bin/setfont:
0
1
1
0
/bin/openvt:
0
1
1
0
/bin/ping6:
0
1
1
0
/bin/netstat:
0
1
1
0
/bin/bzip2:
0
1
1
0
/bin/mount:
0
1
1
0
/bin/systemctl:
1
1
1
1
/bin/dash:
1
1
1
1
/bin/loginctl:
1
1
1
1
/bin/ss:
0
0
0
0
/bin/chown:
0
1
1
0
/bin/tailf:
0
1
1
0
/bin/kbd_mode:
0
1
1
0
/bin/vdir:
0
1
1
0
/bin/stty:
0
1
1
0
/bin/cp:
0
1
1
0
/bin/touch:
0
1
1
0
/bin/dir:
0
1
1
0
/bin/chvt:
0
1
1
0
/bin/hostname:
0
1
1
0
/bin/sed:
0
1
1
0
/bin/sleep:
0
1
1
0
