/usr/bin/file:
1
1
1
1
/usr/bin/free:
1
1
1
1
/usr/bin/tar:
1
1
1
1
/usr/bin/gencat:
0
1
1
0
/usr/bin/pgrep:
1
1
1
1
/usr/bin/getconf:
0
0
1
0
/usr/bin/pidof:
1
1
1
1
/usr/bin/getent:
0
1
1
0
/usr/bin/pmap:
1
1
1
1
/usr/bin/iconv:
0
1
1
0
/usr/bin/pkill:
1
1
1
1
/usr/bin/locale:
0
1
1
0
/usr/bin/ps:
1
1
1
1
/usr/bin/localedef:
0
1
1
0
/usr/bin/pwdx:
1
1
1
1
/usr/bin/vi:
1
1
1
1
/usr/bin/makedb:
0
1
1
0
/usr/bin/nf-ct-list:
1
1
1
1
/usr/bin/pldd:
0
1
1
0
/usr/bin/nf-exp-add:
1
1
1
1
/usr/bin/rpcgen:
0
1
1
0
/usr/bin/nf-exp-delete:
1
1
1
1
/usr/bin/nf-exp-list:
1
1
1
1
/usr/bin/sprof:
0
1
1
0
/usr/bin/nf-log:
1
1
1
1
/usr/bin/nf-monitor:
1
1
1
1
/usr/bin/nf-queue:
1
1
1
1
/usr/bin/bash:
1
1
1
1
/usr/bin/nl-addr-add:
1
1
1
1
/usr/bin/nl-addr-delete:
1
1
1
1
/usr/bin/groff:
1
1
1
1
/usr/bin/grops:
1
1
1
1
/usr/bin/nl-addr-list:
1
1
1
1
/usr/bin/grotty:
1
1
1
1
/usr/bin/nl-class-add:
1
1
1
1
/usr/bin/nl-class-delete:
1
1
1
1
/usr/bin/nl-class-list:
1
1
1
1
/usr/bin/nl-classid-lookup:
1
1
1
1
/usr/bin/nl-cls-add:
1
1
1
1
/usr/bin/nl-cls-delete:
1
1
1
1
/usr/bin/nl-cls-list:
1
1
1
1
/usr/bin/nl-fib-lookup:
1
1
1
1
/usr/bin/nl-link-enslave:
1
0
1
1
/usr/bin/nl-link-ifindex2name:
1
1
1
1
/usr/bin/info:
1
1
1
1
/usr/bin/nl-link-list:
1
1
1
1
/usr/bin/xmlcatalog:
1
1
1
1
/usr/bin/nl-link-name2ifindex:
1
0
1
1
/usr/bin/xmllint:
1
1
1
1
/usr/bin/nl-link-release:
1
0
1
1
/usr/bin/nl-link-set:
1
1
1
1
/usr/bin/nl-link-stats:
1
1
1
1
/usr/bin/grep:
1
1
1
1
/usr/bin/nl-list-caches:
1
1
1
1
/usr/bin/xmlwf:
1
1
1
1
/usr/bin/nl-list-sockets:
1
1
1
1
/usr/bin/gpg-error:
1
1
1
1
/usr/bin/nl-monitor:
1
0
1
1
/usr/bin/libtar:
1
1
1
1
/usr/bin/nl-neigh-add:
1
1
1
1
/usr/bin/kmod:
1
1
1
1
/usr/bin/sed:
1
1
1
1
/usr/bin/nl-neigh-delete:
1
1
1
1
/usr/bin/idn2:
1
1
1
1
/usr/bin/nl-neigh-list:
1
1
1
1
/usr/bin/p11-kit:
1
1
1
1
/usr/bin/nl-neightbl-list:
1
1
1
1
/usr/bin/xz:
1
1
1
1
/usr/bin/nl-pktloc-lookup:
1
1
1
1
/usr/bin/nl-qdisc-add:
1
1
1
1
/usr/bin/nl-qdisc-delete:
1
1
1
1
/usr/bin/xzdec:
1
1
1
1
/usr/bin/nl-qdisc-list:
1
1
1
1
/usr/bin/nl-route-add:
1
1
1
1
/usr/bin/nl-route-delete:
1
1
1
1
/usr/bin/nl-route-get:
1
1
1
1
/usr/bin/nl-route-list:
1
1
1
1
/usr/bin/nl-rule-list:
1
1
1
1
/usr/bin/nl-tctree-list:
1
1
1
1
/usr/bin/which:
1
1
1
1
/usr/bin/nl-util-addr:
1
1
1
1
/usr/bin/cpio:
1
1
1
1
/usr/bin/keyctl:
1
1
1
1
/usr/bin/gdbm_dump:
1
1
1
1
/usr/bin/ipcalc:
0
1
1
0
/usr/bin/gdbm_load:
1
1
1
1
/usr/bin/gdbmtool:
1
1
1
1
/usr/bin/idn:
1
1
1
1
/usr/bin/trust:
1
1
1
1
/usr/bin/find:
1
1
1
1
/usr/bin/xargs:
1
1
1
1
/usr/bin/skill:
1
1
1
1
/usr/bin/slabtop:
1
1
1
1
/usr/bin/teamnl:
1
1
1
1
/usr/bin/snice:
1
1
1
1
/usr/bin/eqn:
1
1
1
1
/usr/bin/tload:
1
1
1
1
/usr/bin/pic:
1
1
1
1
/usr/bin/top:
1
1
1
1
/usr/bin/cmp:
1
1
1
1
/usr/bin/uptime:
1
1
1
1
/usr/bin/vmstat:
1
1
1
1
/usr/bin/post-grohtml:
1
1
1
1
/usr/bin/w:
1
1
1
1
/usr/bin/watch:
1
1
1
1
/usr/bin/nf-ct-add:
1
1
1
1
/usr/bin/diff:
1
1
1
1
/usr/bin/genl-ctrl-list:
1
1
1
1
/usr/bin/troff:
1
1
1
1
/usr/bin/tbl:
1
1
1
1
/usr/bin/idiag-socket-details:
1
1
1
1
/usr/bin/pre-grohtml:
1
1
1
1
/usr/bin/preconv:
1
1
1
1
/usr/bin/soelim:
1
1
1
1
/usr/bin/cat:
1
1
1
1
/usr/bin/shuf:
1
1
1
1
/usr/bin/chcon:
1
1
1
1
/usr/bin/chgrp:
1
1
1
1
/usr/bin/chacl:
1
1
1
1
/usr/bin/chmod:
1
1
1
1
/usr/bin/getfacl:
1
1
1
1
/usr/bin/chown:
1
1
1
1
/usr/bin/setfacl:
1
1
1
1
/usr/bin/cksum:
1
1
1
1
/usr/bin/db_archive:
1
1
1
1
/usr/bin/toe:
1
1
1
1
/usr/bin/runcon:
1
1
1
1
/usr/bin/db_checkpoint:
1
1
1
1
/usr/bin/comm:
1
1
1
1
/usr/bin/sort:
1
1
1
1
/usr/bin/db_deadlock:
1
1
1
1
/usr/bin/cp:
1
1
1
1
/usr/bin/stat:
1
1
1
1
/usr/bin/db_dump:
1
1
1
1
/usr/bin/csplit:
1
1
1
1
/usr/bin/db_dump185:
0
1
1
0
/usr/bin/tput:
1
1
1
1
/usr/bin/sha1sum:
1
1
1
1
/usr/bin/db_hotbackup:
1
1
1
1
/usr/bin/cut:
1
1
1
1
/usr/bin/stty:
1
1
1
1
/usr/bin/db_load:
1
1
1
1
/usr/bin/tset:
1
1
1
1
/usr/bin/sha224sum:
1
1
1
1
/usr/bin/db_log_verify:
1
1
1
1
/usr/bin/date:
1
1
1
1
/usr/bin/sum:
1
1
1
1
/usr/bin/db_printlog:
1
1
1
1
/usr/bin/dd:
1
1
1
1
/usr/bin/sync:
1
1
1
1
/usr/bin/db_recover:
1
1
1
1
/usr/bin/[:
1
1
1
1
/usr/bin/sha256sum:
1
1
1
1
/usr/bin/db_replicate:
1
1
1
1
/usr/bin/df:
1
1
1
1
/usr/bin/tac:
1
1
1
1
/usr/bin/db_stat:
1
1
1
1
/usr/bin/dir:
1
1
1
1
/usr/bin/tail:
1
1
1
1
/usr/bin/db_tuner:
1
1
1
1
/usr/bin/dircolors:
1
1
1
1
/usr/bin/db_upgrade:
1
1
1
1
/usr/bin/dirname:
1
1
1
1
/usr/bin/db_verify:
1
1
1
1
/usr/bin/du:
1
1
1
1
/usr/bin/tee:
1
1
1
1
/usr/bin/hunspell:
1
1
1
1
/usr/bin/echo:
1
1
1
1
/usr/bin/test:
1
1
1
1
/usr/bin/env:
1
1
1
1
/usr/bin/tr:
1
1
1
1
/usr/bin/expand:
1
1
1
1
/usr/bin/expr:
1
1
1
1
/usr/bin/true:
1
1
1
1
/usr/bin/factor:
1
1
1
1
/usr/bin/false:
1
1
1
1
/usr/bin/fmt:
1
1
1
1
/usr/bin/tty:
1
1
1
1
/usr/bin/fold:
1
1
1
1
/usr/bin/uniq:
1
1
1
1
/usr/bin/bzip2:
1
1
1
1
/usr/bin/arch:
1
1
1
1
/usr/bin/sha384sum:
1
1
1
1
/usr/bin/bzip2recover:
1
0
1
1
/usr/bin/groups:
1
1
1
1
/usr/bin/head:
1
1
1
1
/usr/bin/vdir:
1
1
1
1
/usr/bin/hostid:
1
1
1
1
/usr/bin/funzip:
1
1
1
1
/usr/bin/id:
1
1
1
1
/usr/bin/wc:
1
1
1
1
/usr/bin/unzipsfx:
1
1
1
1
/usr/bin/install:
1
1
1
1
/usr/bin/join:
1
1
1
1
/usr/bin/who:
1
1
1
1
/usr/bin/unzip:
1
1
1
1
/usr/bin/link:
1
1
1
1
/usr/bin/yes:
1
1
1
1
/usr/bin/zipinfo:
1
1
1
1
/usr/bin/ln:
1
1
1
1
/usr/bin/diff3:
1
1
1
1
/usr/bin/logname:
1
1
1
1
/usr/bin/sdiff:
1
1
1
1
/usr/bin/ls:
1
1
1
1
/usr/bin/less:
1
1
1
1
/usr/bin/md5sum:
1
1
1
1
/usr/bin/lessecho:
1
1
1
1
/usr/bin/mkdir:
1
1
1
1
/usr/bin/lesskey:
1
1
1
1
/usr/bin/mkfifo:
1
1
1
1
/usr/bin/mknod:
1
1
1
1
/usr/bin/b2sum:
1
1
1
1
/usr/bin/gio:
1
1
1
1
/usr/bin/eu-addr2line:
1
1
1
1
/usr/bin/mktemp:
1
1
1
1
/usr/bin/eu-ar:
1
1
1
1
/usr/bin/mv:
1
1
1
1
/usr/bin/gzip:
1
1
1
1
/usr/bin/eu-elfcmp:
1
1
1
1
/usr/bin/base32:
1
1
1
1
/usr/bin/eu-elfcompress:
1
1
1
1
/usr/bin/nice:
1
1
1
1
/usr/bin/eu-elflint:
1
1
1
1
/usr/bin/base64:
1
1
1
1
/usr/bin/eu-findtextrel:
1
1
1
1
/usr/bin/tic:
1
1
1
1
/usr/bin/nl:
1
1
1
1
/usr/bin/nohup:
1
1
1
1
/usr/bin/eu-nm:
1
1
1
1
/usr/bin/nproc:
1
1
1
1
/usr/bin/eu-objdump:
1
1
1
1
/usr/bin/numfmt:
1
1
1
1
/usr/bin/eu-ranlib:
1
1
1
1
/usr/bin/od:
1
1
1
1
/usr/bin/eu-readelf:
1
1
1
1
/usr/bin/paste:
1
1
1
1
/usr/bin/eu-size:
1
1
1
1
/usr/bin/pathchk:
1
1
1
1
/usr/bin/eu-stack:
1
1
1
1
/usr/bin/pinky:
1
1
1
1
/usr/bin/eu-strings:
1
1
1
1
/usr/bin/pr:
1
1
1
1
/usr/bin/cal:
1
1
1
1
/usr/bin/eu-strip:
1
1
1
1
/usr/bin/printenv:
1
1
1
1
/usr/bin/eu-unstrip:
1
1
1
1
/usr/bin/printf:
1
1
1
1
/usr/bin/geoiplookup:
1
1
1
1
/usr/bin/basename:
1
1
1
1
/usr/bin/chrt:
1
1
1
1
/usr/bin/geoiplookup6:
1
1
1
1
/usr/bin/ptx:
1
1
1
1
/usr/bin/col:
1
1
1
1
/usr/bin/pwd:
1
1
1
1
/usr/bin/clear:
1
0
1
1
/usr/bin/readlink:
1
1
1
1
/usr/bin/infocmp:
1
1
1
1
/usr/bin/realpath:
1
1
1
1
/usr/bin/rm:
1
1
1
1
/usr/bin/ipcs:
1
1
1
1
/usr/bin/rmdir:
1
1
1
1
/usr/bin/tabs:
1
0
1
1
/usr/bin/sha512sum:
1
1
1
1
/usr/bin/seq:
1
1
1
1
/usr/bin/kill:
1
1
1
1
/usr/bin/msgcomm:
1
0
1
1
/usr/bin/shred:
1
1
1
1
/usr/bin/msgconv:
1
0
1
1
/usr/bin/sleep:
1
1
1
1
/usr/bin/msgen:
1
0
1
1
/usr/bin/split:
1
1
1
1
/usr/bin/msgexec:
1
0
1
1
/usr/bin/stdbuf:
1
1
1
1
/usr/bin/msgfilter:
1
1
1
1
/usr/bin/timeout:
1
1
1
1
/usr/bin/msgfmt:
1
1
1
1
/usr/bin/touch:
1
1
1
1
/usr/bin/msggrep:
1
1
1
1
/usr/bin/truncate:
1
1
1
1
/usr/bin/msginit:
1
1
1
1
/usr/bin/tsort:
1
1
1
1
/usr/bin/msgmerge:
1
1
1
1
/usr/bin/uname:
1
1
1
1
/usr/bin/msgunfmt:
1
1
1
1
/usr/bin/unexpand:
1
1
1
1
/usr/bin/msguniq:
1
0
1
1
/usr/bin/unlink:
1
1
1
1
/usr/bin/ngettext:
1
1
1
1
/usr/bin/users:
1
1
1
1
/usr/bin/recode-sr-latin:
1
0
1
1
/usr/bin/whoami:
1
1
1
1
/usr/bin/fc-match:
1
1
1
1
/usr/bin/ntfsfix:
1
1
1
1
/usr/bin/xgettext:
1
1
1
1
/usr/bin/qmi-firmware-update:
1
1
1
1
/usr/bin/envsubst:
1
1
1
1
/usr/bin/last:
1
1
1
1
/usr/bin/qmicli:
1
1
1
1
/usr/bin/mbimcli:
1
1
1
1
/usr/bin/cockpit-bridge:
1
1
1
1
/usr/bin/desktop-file-install:
1
1
1
1
/usr/bin/python3.6:
1
0
1
1
/usr/bin/python3.6m:
1
0
1
1
/usr/bin/chage:
1
1
1
1
/usr/bin/gpasswd:
1
1
1
1
/usr/bin/lastlog:
1
1
1
1
/usr/bin/newgidmap:
1
1
1
1
/usr/bin/newgrp:
1
1
1
1
/usr/bin/newuidmap:
1
1
1
1
/usr/bin/gettext:
1
1
1
1
/usr/bin/look:
1
1
1
1
/usr/bin/gapplication:
1
1
1
1
/usr/bin/gdbus:
1
1
1
1
/usr/bin/lsns:
1
1
1
1
/usr/bin/gio-querymodules-64:
1
1
1
1
/usr/bin/fc-pattern:
1
0
1
1
/usr/bin/ntfsinfo:
1
1
1
1
/usr/bin/glib-compile-schemas:
1
1
1
1
/usr/bin/gsettings:
1
1
1
1
/usr/bin/certutil:
0
1
1
0
/usr/bin/cmsutil:
0
1
1
0
/usr/bin/crlutil:
0
1
1
0
/usr/bin/modutil:
0
1
1
0
/usr/bin/pk12util:
0
1
1
0
/usr/bin/signver:
0
1
1
0
/usr/bin/ssltap:
0
1
1
0
/usr/bin/fprintd-delete:
1
1
1
1
/usr/bin/fprintd-enroll:
1
1
1
1
/usr/bin/fprintd-list:
1
1
1
1
/usr/bin/fprintd-verify:
1
1
1
1
/usr/bin/msgattrib:
1
0
1
1
/usr/bin/mesg:
1
1
1
1
/usr/bin/msgcat:
1
0
1
1
/usr/bin/more:
1
1
1
1
/usr/bin/fipscheck:
1
1
1
1
/usr/bin/fipshmac:
1
1
1
1
/usr/bin/lowntfs-3g:
1
1
1
1
/usr/bin/ntfs-3g:
1
1
1
1
/usr/bin/ntfs-3g.probe:
1
0
1
1
/usr/bin/python2.7:
1
0
1
1
/usr/bin/ntfscat:
1
1
1
1
/usr/bin/pwmake:
1
1
1
1
/usr/bin/ntfsck:
1
1
1
1
/usr/bin/pwscore:
1
1
1
1
/usr/bin/msgcmp:
1
1
1
1
/usr/bin/raw:
1
1
1
1
/usr/bin/dbus-binding-tool:
1
1
1
1
/usr/bin/fc-query:
1
1
1
1
/usr/bin/ntfsls:
1
1
1
1
/usr/bin/update-mime-database:
1
1
1
1
/usr/bin/fc-scan:
1
0
1
1
/usr/bin/ntfsmftalloc:
1
1
1
1
/usr/bin/gdk-pixbuf-query-loaders-64:
1
1
1
1
/usr/bin/fc-validate:
1
1
1
1
/usr/bin/ntfsmove:
1
1
1
1
/usr/bin/gdk-pixbuf-thumbnailer:
1
1
1
1
/usr/bin/ntfscluster:
1
1
1
1
/usr/bin/csslint-0.6:
1
1
1
1
/usr/bin/ntfscmp:
1
1
1
1
/usr/bin/ntfsdecrypt:
1
1
1
1
/usr/bin/fc-cache-64:
1
1
1
1
/usr/bin/ntfsdump_logfile:
1
1
1
1
/usr/bin/fc-cat:
1
1
1
1
/usr/bin/ntfsfallocate:
1
1
1
1
/usr/bin/fc-list:
1
0
1
1
/usr/bin/ntfssecaudit:
1
1
1
1
/usr/bin/ntfsrecover:
1
1
1
1
/usr/bin/desktop-file-validate:
1
1
1
1
/usr/bin/update-desktop-database:
1
1
1
1
/usr/bin/localectl:
1
1
1
1
/usr/bin/ntfstruncate:
1
1
1
1
/usr/bin/systemctl:
1
1
1
1
/usr/bin/ntfsusermap:
1
1
1
1
/usr/bin/systemd-analyze:
1
1
1
1
/usr/bin/ntfswipe:
1
1
1
1
/usr/bin/journalctl:
1
1
1
1
/usr/bin/gawk:
1
1
1
1
/usr/bin/systemd-cgtop:
1
1
1
1
/usr/bin/systemd-cat:
1
0
1
1
/usr/bin/hostname:
0
1
1
0
/usr/bin/systemd-ask-password:
1
1
1
1
/usr/bin/loginctl:
1
1
1
1
/usr/bin/g13:
1
1
1
1
/usr/bin/systemd-cgls:
1
1
1
1
/usr/bin/chattr:
1
1
1
1
/usr/bin/systemd-delta:
1
1
1
1
/usr/bin/lsattr:
1
1
1
1
/usr/bin/systemd-detect-virt:
1
0
1
1
/usr/bin/jimsh:
1
0
1
1
/usr/bin/systemd-escape:
1
1
1
1
/usr/bin/chmem:
1
1
1
1
/usr/bin/systemd-firstboot:
1
1
1
1
/usr/bin/colcrt:
1
1
1
1
/usr/bin/systemd-inhibit:
1
1
1
1
/usr/bin/colrm:
1
1
1
1
/usr/bin/systemd-mount:
1
1
1
1
/usr/bin/column:
1
1
1
1
/usr/bin/systemd-notify:
1
1
1
1
/usr/bin/dmesg:
1
1
1
1
/usr/bin/systemd-path:
1
1
1
1
/usr/bin/eject:
1
1
1
1
/usr/bin/systemd-resolve:
1
1
1
1
/usr/bin/fallocate:
1
1
1
1
/usr/bin/systemd-sysusers:
1
1
1
1
/usr/bin/fincore:
1
1
1
1
/usr/bin/systemd-run:
1
1
1
1
/usr/bin/findmnt:
1
1
1
1
/usr/bin/systemd-stdio-bridge:
1
1
1
1
/usr/bin/flock:
1
1
1
1
/usr/bin/systemd-tmpfiles:
1
1
1
1
/usr/bin/getopt:
1
1
1
1
/usr/bin/hexdump:
1
1
1
1
/usr/bin/dbus-run-session:
1
1
1
1
/usr/bin/ionice:
1
1
1
1
/usr/bin/timedatectl:
1
1
1
1
/usr/bin/ipcmk:
1
1
1
1
/usr/bin/dbus-cleanup-sockets:
1
1
1
1
/usr/bin/ipcrm:
1
1
1
1
/usr/bin/dbus-daemon:
1
1
1
1
/usr/bin/isosize:
1
1
1
1
/usr/bin/dbus-monitor:
1
1
1
1
/usr/bin/dbus-uuidgen:
1
0
1
1
/usr/bin/dbus-send:
1
1
1
1
/usr/bin/dbus-test-tool:
1
1
1
1
/usr/bin/logger:
1
1
1
1
/usr/bin/systemd-hwdb:
1
1
1
1
/usr/bin/login:
1
1
1
1
/usr/bin/bootctl:
1
1
1
1
/usr/bin/lsblk:
1
1
1
1
/usr/bin/lscpu:
1
1
1
1
/usr/bin/lsipc:
1
1
1
1
/usr/bin/udevadm:
1
1
1
1
/usr/bin/lslocks:
1
1
1
1
/usr/bin/lslogins:
1
1
1
1
/usr/bin/lsmem:
1
1
1
1
/usr/bin/pkaction:
1
1
1
1
/usr/bin/mcookie:
1
1
1
1
/usr/bin/pkcheck:
1
1
1
1
/usr/bin/mount:
1
1
1
1
/usr/bin/pkexec:
1
1
1
1
/usr/bin/mountpoint:
1
1
1
1
/usr/bin/pkttyagent:
1
1
1
1
/usr/bin/namei:
1
1
1
1
/usr/bin/ping:
1
1
1
1
/usr/bin/gpg2:
1
1
1
1
/usr/bin/nsenter:
1
1
1
1
/usr/bin/tracepath:
1
1
1
1
/usr/bin/prlimit:
1
1
1
1
/usr/bin/rename:
1
1
1
1
/usr/bin/grub2-editenv:
0
0
1
0
/usr/bin/renice:
1
1
1
1
/usr/bin/hcitool:
1
1
1
1
/usr/bin/rev:
1
0
1
1
/usr/bin/grub2-glue-efi:
0
0
1
0
/usr/bin/script:
1
1
1
1
/usr/bin/networkctl:
1
1
1
1
/usr/bin/lz4:
1
1
1
1
/usr/bin/scriptreplay:
1
1
1
1
/usr/bin/setarch:
1
1
1
1
/usr/bin/grub2-fstest:
0
0
1
0
/usr/bin/setpriv:
1
1
1
1
/usr/bin/setsid:
1
1
1
1
/usr/bin/grub2-mkfont:
0
0
1
0
/usr/bin/setterm:
1
1
1
1
/usr/bin/hex2hcd:
1
1
1
1
/usr/bin/su:
1
1
1
1
/usr/bin/grub2-mklayout:
0
0
1
0
/usr/bin/taskset:
1
1
1
1
/usr/bin/l2ping:
1
1
1
1
/usr/bin/ul:
1
1
1
1
/usr/bin/grub2-mknetdir:
0
0
1
0
/usr/bin/umount:
1
1
1
1
/usr/bin/grub2-mkrescue:
0
0
1
0
/usr/bin/grub2-mkstandalone:
0
0
1
0
/usr/bin/unshare:
1
1
1
1
/usr/bin/grub2-syslinux2cfg:
0
0
1
0
/usr/bin/utmpdump:
1
1
1
1
/usr/bin/bluemoon:
1
1
1
1
/usr/bin/uuidgen:
1
1
1
1
/usr/bin/bccmd:
1
1
1
1
/usr/bin/wall:
1
1
1
1
/usr/bin/btmon:
1
1
1
1
/usr/bin/wdctl:
1
1
1
1
/usr/bin/bluetoothctl:
1
1
1
1
/usr/bin/whereis:
1
1
1
1
/usr/bin/btattach:
1
1
1
1
/usr/bin/write:
1
1
1
1
/usr/bin/ciptool:
1
1
1
1
/usr/bin/gatttool:
1
1
1
1
/usr/bin/ndptool:
1
1
1
1
/usr/bin/hciattach:
1
1
1
1
/usr/bin/busctl:
1
1
1
1
/usr/bin/hciconfig:
1
1
1
1
/usr/bin/coredumpctl:
1
1
1
1
/usr/bin/hcidump:
1
1
1
1
/usr/bin/hostnamectl:
1
1
1
1
/usr/bin/dirmngr-client:
1
1
1
1
/usr/bin/reporter-kerneloops:
1
1
1
1
/usr/bin/systemd-machine-id-setup:
1
1
1
1
/usr/bin/reporter-print:
1
1
1
1
/usr/bin/delv:
1
1
1
1
/usr/bin/systemd-socket-activate:
1
1
1
1
/usr/bin/secon:
1
1
1
1
/usr/bin/systemd-tty-ask-password-agent:
1
1
1
1
/usr/bin/reporter-ureport:
1
1
1
1
/usr/bin/dbus-update-activation-environment:
1
1
1
1
/usr/bin/reporter-systemd-journal:
1
1
1
1
/usr/bin/pkla-admin-identities:
1
1
1
1
/usr/bin/report-cli:
1
1
1
1
/usr/bin/openvt:
1
1
1
1
/usr/bin/pkla-check-authorization:
1
1
1
1
/usr/bin/grub2-file:
0
0
1
0
/usr/bin/grub2-mkpasswd-pbkdf2:
0
0
1
0
/usr/bin/l2test:
1
1
1
1
/usr/bin/meshctl:
1
1
1
1
/usr/bin/mpris-proxy:
1
1
1
1
/usr/bin/rctest:
1
1
1
1
/usr/bin/rfcomm:
1
1
1
1
/usr/bin/sdptool:
1
1
1
1
/usr/bin/crontab:
1
1
1
1
/usr/bin/mmcli:
1
1
1
1
/usr/bin/lchfn:
1
1
1
1
/usr/bin/lchsh:
1
1
1
1
/usr/bin/usleep:
1
1
1
1
/usr/bin/dirmngr:
1
1
1
1
/usr/bin/gpg-agent:
1
1
1
1
/usr/bin/grub2-mkrelpath:
0
0
1
0
/usr/bin/gpg-connect-agent:
1
1
1
1
/usr/bin/abrt-watch-log:
1
0
1
1
/usr/bin/gpgconf:
1
1
1
1
/usr/bin/grub2-script-check:
0
0
1
0
/usr/bin/gpgparsemail:
1
1
1
1
/usr/bin/abrt-dump-oops:
1
1
1
1
/usr/bin/gpgv2:
1
1
1
1
/usr/bin/abrt-retrace-client:
1
1
1
1
/usr/bin/watchgnupg:
1
1
1
1
/usr/bin/abrt-dump-xorg:
1
1
1
1
/usr/bin/ssh-keygen:
1
1
1
1
/usr/bin/abrt-bodhi:
1
1
1
1
/usr/bin/rpcbind:
1
1
1
0
/usr/bin/abrt-cli:
1
1
1
1
/usr/bin/rpcinfo:
1
1
1
0
/usr/bin/gpgsplit:
1
1
1
1
/usr/bin/plymouth:
1
1
1
1
/usr/bin/passwd:
1
1
1
1
/usr/bin/applydeltarpm:
1
1
1
1
/usr/bin/consolehelper:
1
0
1
1
/usr/bin/combinedeltarpm:
1
1
1
1
/usr/bin/appstream-compose:
1
1
1
1
/usr/bin/makedeltarpm:
1
1
1
1
/usr/bin/dig:
1
1
1
1
/usr/bin/appstream-util:
1
1
1
1
/usr/bin/gpgv:
1
1
1
1
/usr/bin/host:
1
1
1
1
/usr/bin/teamd:
1
1
1
1
/usr/bin/udisksctl:
1
1
1
1
/usr/bin/teamdctl:
1
1
1
1
/usr/bin/quota:
1
1
1
1
/usr/bin/whiptail:
1
1
1
1
/usr/bin/quotasync:
1
1
1
1
/usr/bin/pkgconf:
1
1
1
1
/usr/bin/reporter-bugzilla:
1
1
1
1
/usr/bin/lz4c:
1
1
1
1
/usr/bin/pkcon:
1
1
1
1
/usr/bin/guile:
1
1
1
1
/usr/bin/pkmon:
1
1
1
1
/usr/bin/dumpkeys:
1
1
1
1
/usr/bin/rpmdumpheader:
1
0
1
1
/usr/bin/kbd_mode:
1
1
1
1
/usr/bin/loadkeys:
1
1
1
1
/usr/bin/make:
1
1
1
1
/usr/bin/scp:
1
1
1
1
/usr/bin/setfont:
1
1
1
1
/usr/bin/openssl:
1
1
1
1
/usr/bin/psfxtable:
1
1
1
1
/usr/bin/evmctl:
1
1
1
1
/usr/bin/abrt-action-analyze-python:
1
1
1
1
/usr/bin/abrt-action-analyze-xorg:
1
1
1
1
/usr/bin/cairo-sphinx:
1
1
1
1
/usr/bin/grub2-menulst2cfg:
0
0
1
0
/usr/bin/sftp:
1
1
1
1
/usr/bin/sss_ssh_authorizedkeys:
1
1
1
1
/usr/bin/grub2-mkimage:
0
0
1
0
/usr/bin/ssh:
1
1
1
1
/usr/bin/sss_ssh_knownhostsproxy:
1
1
1
1
/usr/bin/nm-online:
1
1
1
1
/usr/bin/deallocvt:
1
1
1
1
/usr/bin/nmcli:
1
1
1
1
/usr/bin/chvt:
1
1
1
1
/usr/bin/curl:
1
1
1
1
/usr/bin/resizecons:
1
1
1
1
/usr/bin/rpm:
1
1
1
1
/usr/bin/fgconsole:
1
1
1
1
/usr/bin/rpm2archive:
1
1
1
1
/usr/bin/getkeycodes:
1
1
1
1
/usr/bin/rpm2cpio:
1
1
1
1
/usr/bin/kbdinfo:
1
1
1
1
/usr/bin/rpmdb:
1
1
1
1
/usr/bin/kbdrate:
1
1
1
1
/usr/bin/rpmkeys:
1
1
1
1
/usr/bin/loadunimap:
1
1
1
1
/usr/bin/mapscrn:
1
1
1
1
/usr/bin/satyr:
1
1
1
1
/usr/bin/setkeycodes:
1
1
1
1
/usr/bin/gpg:
1
1
1
1
/usr/bin/setleds:
1
1
1
1
/usr/bin/abrt-action-save-package-data:
1
1
1
1
/usr/bin/abrt-action-analyze-oops:
1
1
1
1
/usr/bin/abrt-dump-journal-oops:
1
1
1
1
/usr/bin/abrt-action-analyze-backtrace:
1
1
1
1
/usr/bin/abrt-action-analyze-c:
1
1
1
1
/usr/bin/abrt-action-generate-backtrace:
1
1
1
1
/usr/bin/abrt-action-generate-core-backtrace:
1
1
1
1
/usr/bin/abrt-action-trim-files:
1
1
1
1
/usr/bin/abrt-dump-journal-core:
1
1
1
1
/usr/bin/abrt-merge-pstoreoops:
1
1
1
1
/usr/bin/abrt-dump-journal-xorg:
1
1
1
1
/usr/bin/pwqgen:
0
1
1
0
/usr/bin/pigz:
0
1
1
0
/usr/bin/rngtest:
1
1
1
1
/usr/bin/ar:
1
1
1
1
/usr/bin/pwqcheck:
0
1
1
0
/usr/bin/wget:
1
1
1
1
/usr/bin/as:
1
1
1
1
/usr/bin/setmetamode:
1
1
1
1
/usr/bin/lsusb:
1
1
1
1
/usr/bin/setvtrgb:
1
1
1
1
/usr/bin/catman:
1
1
1
1
/usr/bin/dwp:
1
1
1
1
/usr/bin/showconsolefont:
1
1
1
1
/usr/bin/showkey:
1
1
1
1
/usr/bin/vlock:
1
1
1
1
/usr/bin/usbhid-dump:
1
1
1
1
/usr/bin/cardos-tool:
1
1
1
1
/usr/bin/lexgrog:
1
1
1
1
/usr/bin/nm:
1
1
1
1
/usr/bin/cryptoflex-tool:
1
1
1
1
/usr/bin/sscg:
1
1
1
1
/usr/bin/size:
1
1
1
1
/usr/bin/dnie-tool:
1
1
1
1
/usr/bin/ab:
1
1
1
1
/usr/bin/eidenv:
1
1
1
1
/usr/bin/ncat:
1
1
1
1
/usr/bin/gids-tool:
1
1
1
1
/usr/bin/zip:
0
1
1
0
/usr/bin/iasecc-tool:
1
1
1
1
/usr/bin/zipcloak:
0
1
1
0
/usr/bin/netkey-tool:
1
1
1
1
/usr/bin/manpath:
1
1
1
1
/usr/bin/openpgp-tool:
1
1
1
1
/usr/bin/mandb:
1
1
1
1
/usr/bin/opensc-explorer:
1
1
1
1
/usr/bin/zipnote:
0
1
1
0
/usr/bin/opensc-tool:
1
1
1
1
/usr/bin/zipsplit:
0
1
1
0
/usr/bin/piv-tool:
1
1
1
1
/usr/bin/nano:
1
1
1
1
/usr/bin/pkcs11-tool:
1
1
1
1
/usr/bin/whatis:
1
1
1
1
/usr/bin/pkcs15-crypt:
1
1
1
1
/usr/bin/pkcs15-init:
1
1
1
1
/usr/bin/jwhois:
1
1
1
1
/usr/bin/pkcs15-tool:
1
1
1
1
/usr/bin/attr:
1
1
1
1
/usr/bin/sc-hsm-tool:
1
1
1
1
/usr/bin/pinfo:
1
1
1
1
/usr/bin/westcos-tool:
1
1
1
1
/usr/bin/rsync:
1
1
1
1
/usr/bin/getfattr:
1
1
1
1
/usr/bin/cifscreds:
1
1
1
1
/usr/bin/setfattr:
1
1
1
1
/usr/bin/getcifsacl:
1
1
1
1
/usr/bin/bc:
1
1
1
1
/usr/bin/setcifsacl:
1
1
1
1
/usr/bin/dc:
1
1
1
1
/usr/bin/arpaname:
1
1
1
1
/usr/bin/time:
1
1
1
1
/usr/bin/nslookup:
1
1
1
1
/usr/bin/ed:
0
1
1
0
/usr/bin/nsupdate:
1
1
1
1
/usr/bin/ssh-add:
1
1
1
1
/usr/bin/lsof:
0
1
1
0
/usr/bin/ssh-agent:
1
1
1
1
/usr/bin/traceroute:
1
1
1
1
/usr/bin/ssh-keyscan:
1
1
1
1
/usr/bin/symlinks:
0
1
1
0
/usr/bin/telnet:
1
1
1
1
/usr/bin/b43-fwcutter:
0
1
1
0
/usr/bin/tree:
0
1
1
0
/usr/bin/afs5log:
1
1
1
1
/usr/bin/dos2unix:
0
1
1
0
/usr/bin/aulast:
1
1
1
1
/usr/bin/aulastlog:
1
1
1
1
/usr/bin/unix2dos:
0
1
1
0
/usr/bin/ausyscall:
1
0
1
1
/usr/bin/auvirt:
1
1
1
1
/usr/bin/secret-tool:
1
1
1
1
/usr/bin/pk11install:
1
1
1
1
/usr/bin/grub2-render-label:
0
0
1
0
/usr/bin/chronyc:
1
1
1
1
/usr/bin/kbxutil:
1
1
1
1
/usr/bin/gpgsm:
1
1
1
1
/usr/bin/updatedb:
1
1
1
1
/usr/bin/netstat:
1
1
1
1
/usr/bin/unpigz:
0
1
1
0
/usr/bin/ac:
1
1
1
1
/usr/bin/lastcomm:
1
1
1
1
/usr/bin/perl:
1
0
1
1
/usr/bin/man:
1
1
1
1
/usr/bin/pinentry-curses:
1
1
1
1
/usr/bin/perl5.26.2:
1
0
1
1
/usr/bin/addr2line:
1
1
1
1
/usr/bin/c++filt:
1
1
1
1
/usr/bin/elfedit:
1
1
1
1
/usr/bin/gprof:
1
1
1
1
/usr/bin/ld.bfd:
1
1
1
1
/usr/bin/ld.gold:
1
1
1
1
/usr/bin/objcopy:
1
1
1
1
/usr/bin/objdump:
1
1
1
1
/usr/bin/ranlib:
1
1
1
1
/usr/bin/readelf:
1
1
1
1
/usr/bin/strings:
1
1
1
1
/usr/bin/strip:
1
1
1
1
/usr/bin/htdbm:
1
1
1
1
/usr/bin/htdigest:
1
1
1
1
/usr/bin/htpasswd:
1
1
1
1
/usr/bin/httxt2dbm:
1
1
1
1
/usr/bin/logresolve:
1
1
1
1
/usr/bin/brotli:
1
1
1
1
/usr/sbin/skdump:
1
1
1
1
/usr/sbin/zdump:
0
1
1
0
/usr/sbin/pam_tally2:
1
1
1
1
/usr/sbin/zic:
0
1
1
0
/usr/sbin/fsck:
1
1
1
1
/usr/sbin/sktest:
1
1
1
1
/usr/sbin/ldconfig:
0
0
1
0
/usr/sbin/unix_chkpwd:
1
1
1
1
/usr/sbin/sln:
0
0
1
0
/usr/sbin/ipset:
1
1
1
1
/usr/sbin/iconvconfig:
0
1
1
0
/usr/sbin/nfbpf_compile:
1
1
1
1
/usr/sbin/iconvconfig.x86_64:
0
1
1
0
/usr/sbin/xtables-multi:
1
1
1
1
/usr/sbin/sefcontext_compile:
1
1
1
1
/usr/sbin/mkfs:
1
1
1
1
/usr/sbin/install-info:
1
1
1
1
/usr/sbin/safe_finger:
1
1
1
1
/usr/sbin/capsh:
1
0
1
1
/usr/sbin/tcpd:
1
1
1
1
/usr/sbin/getcap:
1
1
1
1
/usr/sbin/tcpdmatch:
1
1
1
1
/usr/sbin/getpcaps:
1
1
1
1
/usr/sbin/try-from:
1
1
1
1
/usr/sbin/setcap:
1
0
1
1
/usr/sbin/iw:
0
1
1
0
/usr/sbin/chkconfig:
1
1
1
1
/usr/sbin/alternatives:
1
1
1
1
/usr/sbin/crda:
1
1
1
1
/usr/sbin/avcstat:
1
1
1
1
/usr/sbin/getenforce:
1
0
1
1
/usr/sbin/getsebool:
1
1
1
1
/usr/sbin/matchpathcon:
1
1
1
1
/usr/sbin/selabel_digest:
1
1
1
1
/usr/sbin/selabel_lookup:
1
1
1
1
/usr/sbin/selinux_check_access:
1
0
1
1
/usr/sbin/arpd:
0
1
1
0
/usr/sbin/selinuxconlist:
1
1
1
1
/usr/sbin/bridge:
0
1
1
0
/usr/sbin/selinuxdefcon:
1
1
1
1
/usr/sbin/selinuxenabled:
1
0
1
1
/usr/sbin/devlink:
0
1
1
0
/usr/sbin/selinuxexeccon:
1
1
1
1
/usr/sbin/genl:
0
1
1
0
/usr/sbin/chroot:
1
1
1
1
/usr/sbin/setenforce:
1
0
1
1
/usr/sbin/ifstat:
0
1
1
0
/usr/sbin/ip:
0
1
1
0
/usr/sbin/lnstat:
0
1
1
0
/usr/sbin/chgpasswd:
1
1
1
1
/usr/sbin/nstat:
0
1
1
0
/usr/sbin/chpasswd:
1
1
1
1
/usr/sbin/groupadd:
1
1
1
1
/usr/sbin/groupdel:
1
1
1
1
/usr/sbin/rtacct:
0
1
1
0
/usr/sbin/groupmems:
1
1
1
1
/usr/sbin/rtmon:
0
1
1
0
/usr/sbin/groupmod:
1
1
1
1
/usr/sbin/grpck:
1
1
1
1
/usr/sbin/ss:
0
1
1
0
/usr/sbin/grpconv:
1
1
1
1
/usr/sbin/tipc:
0
1
1
0
/usr/sbin/grpunconv:
1
1
1
1
/usr/sbin/newusers:
1
1
1
1
/usr/sbin/sysctl:
1
1
1
1
/usr/sbin/key.dns_resolver:
1
1
1
1
/usr/sbin/pwck:
1
1
1
1
/usr/sbin/lid:
1
1
1
1
/usr/sbin/request-key:
1
1
1
1
/usr/sbin/pwconv:
1
1
1
1
/usr/sbin/cgdisk:
0
1
1
0
/usr/sbin/pwunconv:
1
1
1
1
/usr/sbin/fixparts:
0
1
1
0
/usr/sbin/useradd:
1
1
1
1
/usr/sbin/gdisk:
0
1
1
0
/usr/sbin/userdel:
1
1
1
1
/usr/sbin/sgdisk:
0
1
1
0
/usr/sbin/usermod:
1
1
1
1
/usr/sbin/htcacheclean:
1
1
1
1
/usr/sbin/sshd:
1
1
1
1
/usr/sbin/sssd:
1
1
1
1
/usr/sbin/httpd:
1
1
1
1
/usr/sbin/quot:
1
1
1
1
/usr/sbin/lvm:
1
1
1
1
/usr/sbin/fcgistarter:
1
1
1
1
/usr/sbin/selabel_lookup_best_match:
1
1
1
1
/usr/sbin/vipw:
1
1
1
1
/usr/sbin/pdata_tools:
1
1
1
1
/usr/sbin/cracklib-check:
1
1
1
1
/usr/sbin/cracklib-packer:
1
1
1
1
/usr/sbin/cracklib-unpacker:
1
0
1
1
/usr/sbin/mkhomedir_helper:
1
1
1
1
/usr/sbin/faillock:
1
1
1
1
/usr/sbin/selabel_partial_match:
1
1
1
1
/usr/sbin/mkfs.ext2:
1
1
1
1
/usr/sbin/pam_console_apply:
1
1
1
1
/usr/sbin/mkfs.ext3:
1
1
1
1
/usr/sbin/pam_timestamp_check:
1
1
1
1
/usr/sbin/mkfs.ext4:
1
1
1
1
/usr/sbin/arp:
1
1
1
1
/usr/sbin/pwhistory_helper:
1
1
1
1
/usr/sbin/delpart:
1
1
1
1
/usr/sbin/mkfs.xfs:
1
1
1
1
/usr/sbin/fdformat:
1
1
1
1
/usr/sbin/fdisk:
1
1
1
1
/usr/sbin/findfs:
1
0
1
1
/usr/sbin/xfs_copy:
1
1
1
1
/usr/sbin/fsck.cramfs:
1
1
1
1
/usr/sbin/xfs_db:
1
1
1
1
/usr/sbin/addpart:
1
1
1
1
/usr/sbin/sa:
1
1
1
1
/usr/sbin/xfs_estimate:
1
1
1
1
/usr/sbin/fsck.minix:
1
1
1
1
/usr/sbin/fsfreeze:
1
1
1
1
/usr/sbin/xfs_fsr:
1
1
1
1
/usr/sbin/fstrim:
1
1
1
1
/usr/sbin/xfs_growfs:
1
1
1
1
/usr/sbin/hwclock:
1
1
1
1
/usr/sbin/ldattach:
1
1
1
1
/usr/sbin/xfs_io:
1
1
1
1
/usr/sbin/agetty:
1
1
1
1
/usr/sbin/rngd:
1
1
1
1
/usr/sbin/xfs_logprint:
1
1
1
1
/usr/sbin/blkdiscard:
1
1
1
1
/usr/sbin/mtr:
1
1
1
1
/usr/sbin/xfs_mdrestore:
1
1
1
1
/usr/sbin/blkid:
1
1
1
1
/usr/sbin/rdma:
0
1
1
0
/usr/sbin/losetup:
1
1
1
1
/usr/sbin/mkfs.cramfs:
1
1
1
1
/usr/sbin/mkfs.minix:
1
1
1
1
/usr/sbin/xfs_quota:
1
1
1
1
/usr/sbin/mkswap:
1
1
1
1
/usr/sbin/xfs_repair:
1
1
1
1
/usr/sbin/nologin:
1
1
1
1
/usr/sbin/xfs_rtcp:
1
1
1
1
/usr/sbin/blkzone:
1
1
1
1
/usr/sbin/tcsd:
1
1
1
1
/usr/sbin/xfs_spaceman:
1
1
1
1
/usr/sbin/partx:
1
1
1
1
/usr/sbin/logrotate:
1
1
1
1
/usr/sbin/blockdev:
1
1
1
1
/usr/sbin/pivot_root:
1
0
1
1
/usr/sbin/cfdisk:
1
1
1
1
/usr/sbin/tc:
0
1
1
0
/usr/sbin/chcpu:
1
1
1
1
/usr/sbin/readprofile:
1
1
1
1
/usr/sbin/resizepart:
1
1
1
1
/usr/sbin/rtcwake:
1
1
1
1
/usr/sbin/mkntfs:
1
1
1
1
/usr/sbin/runuser:
1
1
1
1
/usr/sbin/ntfsclone:
1
1
1
1
/usr/sbin/sfdisk:
1
1
1
1
/usr/sbin/ntfscp:
1
1
1
1
/usr/sbin/sulogin:
1
1
1
1
/usr/sbin/ntfslabel:
1
1
1
1
/usr/sbin/swaplabel:
1
1
1
1
/usr/sbin/ntfsresize:
1
1
1
1
/usr/sbin/ntfsundelete:
1
1
1
1
/usr/sbin/swapoff:
1
1
1
1
/usr/sbin/ethtool:
1
1
1
1
/usr/sbin/swapon:
1
1
1
1
/usr/sbin/switch_root:
1
1
1
1
/usr/sbin/wipefs:
1
1
1
1
/usr/sbin/fatlabel:
1
1
1
1
/usr/sbin/zramctl:
1
1
1
1
/usr/sbin/fsck.fat:
1
1
1
1
/usr/sbin/dmfilemapd:
1
1
1
1
/usr/sbin/dmsetup:
1
1
1
1
/usr/sbin/mkfs.fat:
1
1
1
1
/usr/sbin/badblocks:
1
1
1
1
/usr/sbin/debugfs:
1
1
1
1
/usr/sbin/dumpe2fs:
1
1
1
1
/usr/sbin/e2freefrag:
1
1
1
1
/usr/sbin/pcscd:
1
1
1
1
/usr/sbin/e2image:
1
1
1
1
/usr/sbin/arping:
1
1
1
1
/usr/sbin/e2undo:
1
1
1
1
/usr/sbin/clockdiff:
1
1
1
1
/usr/sbin/e4crypt:
1
1
1
1
/usr/sbin/ifenslave:
1
1
1
1
/usr/sbin/e4defrag:
1
1
1
1
/usr/sbin/filefrag:
1
1
1
1
/usr/sbin/rdisc:
1
1
1
1
/usr/sbin/fuse2fs:
1
1
1
1
/usr/sbin/logsave:
1
1
1
1
/usr/sbin/ctrlaltdel:
1
1
1
1
/usr/sbin/mklost+found:
1
0
1
1
/usr/sbin/resize2fs:
1
1
1
1
/usr/sbin/parted:
1
1
1
1
/usr/sbin/e2fsck:
1
1
1
1
/usr/sbin/partprobe:
1
0
1
1
/usr/sbin/fsck.ext2:
1
1
1
1
/usr/sbin/fsck.ext3:
1
1
1
1
/usr/sbin/fsck.ext4:
1
1
1
1
/usr/sbin/grub2-ofpathname:
0
0
1
0
/usr/sbin/e2label:
1
1
1
1
/usr/sbin/grub2-sparc64-setup:
0
0
1
0
/usr/sbin/tune2fs:
1
1
1
1
/usr/sbin/dmeventd:
1
1
1
1
/usr/sbin/mke2fs:
1
1
1
1
/usr/sbin/regdbdump:
1
0
1
1
/usr/sbin/usb_modeswitch:
0
1
1
0
/usr/sbin/crond:
1
1
1
1
/usr/sbin/anacron:
1
1
1
1
/usr/sbin/mdadm:
1
1
1
1
/usr/sbin/mdmon:
1
1
1
1
/usr/sbin/ebtables:
1
0
1
1
/usr/sbin/ebtables-restore:
1
1
1
1
/usr/sbin/eapol_test:
1
1
1
1
/usr/sbin/wpa_cli:
1
1
1
1
/usr/sbin/wpa_passphrase:
1
1
1
1
/usr/sbin/wpa_supplicant:
1
1
1
1
/usr/sbin/ModemManager:
1
1
1
1
/usr/sbin/kpartx:
1
1
1
1
/usr/sbin/sasldblistusers2:
1
1
1
1
/usr/sbin/saslpasswd2:
1
1
1
1
/usr/sbin/lchage:
1
1
1
1
/usr/sbin/lgroupadd:
1
1
1
1
/usr/sbin/lgroupdel:
1
1
1
1
/usr/sbin/lgroupmod:
1
1
1
1
/usr/sbin/lnewusers:
1
1
1
1
/usr/sbin/lpasswd:
1
1
1
1
/usr/sbin/luseradd:
1
1
1
1
/usr/sbin/luserdel:
1
1
1
1
/usr/sbin/lusermod:
1
1
1
1
/usr/sbin/consoletype:
1
1
1
1
/usr/sbin/genhostid:
1
1
1
1
/usr/sbin/netreport:
1
1
1
1
/usr/sbin/usernetctl:
1
1
1
1
/usr/sbin/mpathpersist:
1
1
1
1
/usr/sbin/multipath:
1
1
1
1
/usr/sbin/multipathd:
1
1
1
1
/usr/sbin/g13-syshelp:
1
1
1
1
/usr/sbin/plymouthd:
1
1
1
1
/usr/sbin/remotectl:
1
1
1
1
/usr/sbin/sss_cache:
1
1
1
1
/usr/sbin/NetworkManager:
1
1
1
1
/usr/sbin/load_policy:
1
0
1
1
/usr/sbin/restorecon_xattr:
1
1
1
1
/usr/sbin/semodule:
1
0
1
1
/usr/sbin/sestatus:
1
1
1
1
/usr/sbin/setfiles:
1
1
1
1
/usr/sbin/setsebool:
1
1
1
1
/usr/sbin/grub2-bios-setup:
0
0
1
0
/usr/sbin/grub2-install:
0
0
1
0
/usr/sbin/grub2-probe:
0
0
1
0
/usr/sbin/grub2-rpm-sort:
0
0
1
0
/usr/sbin/abrt-configuration:
1
1
1
1
/usr/sbin/abrt-dbus:
1
1
1
1
/usr/sbin/abrt-auto-reporting:
1
1
1
1
/usr/sbin/abrt-server:
1
1
1
1
/usr/sbin/abrtd:
1
1
1
1
/usr/sbin/umount.udisks2:
1
1
1
1
/usr/sbin/gssproxy:
1
1
1
1
/usr/sbin/convertquota:
1
1
1
1
/usr/sbin/edquota:
1
1
1
1
/usr/sbin/quotacheck:
1
1
1
1
/usr/sbin/quotaon:
1
1
1
1
/usr/sbin/quotastats:
1
1
1
1
/usr/sbin/repquota:
1
1
1
1
/usr/sbin/setquota:
1
1
1
1
/usr/sbin/xqmstats:
1
1
1
1
/usr/sbin/dhclient:
1
1
1
1
/usr/sbin/kdump:
0
1
1
0
/usr/sbin/kexec:
0
1
1
0
/usr/sbin/makedumpfile:
0
0
1
0
/usr/sbin/vmcore-dmesg:
0
1
1
0
/usr/sbin/mount.nfs:
1
1
1
0
/usr/sbin/nfsdcltrack:
1
1
1
0
/usr/sbin/rpc.statd:
1
1
1
0
/usr/sbin/blkmapd:
1
1
1
0
/usr/sbin/exportfs:
1
1
1
0
/usr/sbin/nfsidmap:
1
1
1
0
/usr/sbin/nfsstat:
1
1
1
0
/usr/sbin/rpc.gssd:
1
1
1
0
/usr/sbin/rpc.idmapd:
1
1
1
0
/usr/sbin/rpc.mountd:
1
1
1
0
/usr/sbin/rpc.nfsd:
1
1
1
0
/usr/sbin/rpcdebug:
1
1
1
0
/usr/sbin/showmount:
1
1
1
0
/usr/sbin/sm-notify:
1
1
1
0
/usr/sbin/realm:
1
1
1
1
/usr/sbin/setup:
1
1
1
1
/usr/sbin/cifs.idmap:
1
1
1
1
/usr/sbin/cifs.upcall:
1
1
1
1
/usr/sbin/mount.cifs:
1
1
1
1
/usr/sbin/ddns-confgen:
1
1
1
1
/usr/sbin/dnssec-dsfromkey:
1
1
1
1
/usr/sbin/dnssec-importkey:
1
1
1
1
/usr/sbin/dnssec-keyfromlabel:
1
1
1
1
/usr/sbin/dnssec-keygen:
1
1
1
1
/usr/sbin/dnssec-revoke:
1
1
1
1
/usr/sbin/dnssec-settime:
1
1
1
1
/usr/sbin/dnssec-signzone:
1
1
1
1
/usr/sbin/dnssec-verify:
1
1
1
1
/usr/sbin/genrandom:
1
1
1
1
/usr/sbin/isc-hmac-fixup:
1
1
1
1
/usr/sbin/named-checkzone:
1
1
1
1
/usr/sbin/nsec3hash:
1
1
1
1
/usr/sbin/adcli:
1
1
1
1
/usr/sbin/visudo:
1
1
1
1
/usr/sbin/audispd:
1
1
1
1
/usr/sbin/auditctl:
1
1
1
1
/usr/sbin/auditd:
1
1
1
1
/usr/sbin/aureport:
1
1
1
1
/usr/sbin/ausearch:
1
1
1
1
/usr/sbin/lspci:
0
1
1
0
/usr/sbin/setpci:
0
1
1
0
/usr/sbin/rsyslogd:
1
1
1
1
/usr/sbin/ifrename:
0
1
1
0
/usr/sbin/iwconfig:
0
1
1
0
/usr/sbin/iwevent:
0
1
1
0
/usr/sbin/iwgetid:
0
1
1
0
/usr/sbin/iwlist:
0
1
1
0
/usr/sbin/iwpriv:
0
1
1
0
/usr/sbin/iwspy:
0
1
1
0
/usr/sbin/lvmetad:
1
1
1
1
/usr/sbin/lvmpolld:
1
1
1
1
/usr/sbin/iscsiadm:
1
1
1
1
/usr/sbin/btrfs-zero-log:
1
1
1
1
/usr/sbin/iscsi-iname:
1
1
1
1
/usr/sbin/iscsid:
1
1
1
1
/usr/sbin/iscsistart:
1
1
1
1
/usr/sbin/hardlink:
0
1
1
0
/usr/sbin/xfs_scrub:
1
1
1
1
/usr/sbin/grub2-macbless:
0
0
1
0
/usr/sbin/rotatelogs:
1
1
1
1
/usr/sbin/grubby:
0
1
1
0
/usr/sbin/btrfstune:
1
1
1
1
/usr/sbin/timedatex:
1
1
1
1
/usr/sbin/chronyd:
1
1
1
1
/usr/sbin/ether-wake:
1
1
1
1
/usr/sbin/ifconfig:
1
1
1
1
/usr/sbin/ipmaddr:
1
1
1
1
/usr/sbin/iptunnel:
1
1
1
1
/usr/sbin/mii-diag:
0
1
1
0
/usr/sbin/mii-tool:
1
1
1
1
/usr/sbin/nameif:
1
1
1
1
/usr/sbin/plipconfig:
1
1
1
1
/usr/sbin/route:
1
1
1
1
/usr/sbin/slattach:
1
1
1
1
/usr/sbin/dnsmasq:
1
1
1
1
/usr/sbin/accton:
1
1
1
1
/usr/sbin/dump-acct:
1
1
1
1
/usr/sbin/dump-utmp:
1
1
1
1
/usr/sbin/mcelog:
0
1
1
0
/usr/sbin/smartctl:
1
1
1
1
/usr/sbin/smartd:
1
1
1
1
/usr/sbin/btrfs-select-super:
1
1
1
1
/usr/sbin/cryptsetup:
1
1
1
1
/usr/sbin/irqbalance:
1
1
1
1
/usr/sbin/accessdb:
1
0
1
1
/usr/sbin/tcpdump:
1
1
1
1
/usr/sbin/tcpslice:
1
1
1
1
/usr/sbin/btrfs:
1
1
1
1
/usr/sbin/mkfs.btrfs:
1
1
1
1
/usr/sbin/btrfs-convert:
1
1
1
1
/usr/sbin/iptstate:
0
1
1
0
/usr/sbin/btrfs-debug-tree:
1
1
1
1
/usr/sbin/brctl:
1
1
1
1
/usr/sbin/btrfs-find-root:
1
1
1
1
/usr/sbin/btrfs-image:
1
1
1
1
/usr/sbin/vconfig:
0
1
1
0
/usr/sbin/btrfs-map-logical:
1
1
1
1
/usr/sbin/iscsiuio:
1
1
1
1
