/usr/bin/opiepasswd:
0
1
1
0
/usr/bin/mysqlshow:
0
1
1
0
/usr/bin/python2.6:
0
0
1
0
/usr/bin/killall:
0
1
1
0
/usr/bin/icc2ps:
0
0
1
0
/usr/bin/showfont:
0
1
1
0
/usr/bin/runcon:
0
0
1
0
/usr/bin/pnmcolormap:
0
1
1
0
/usr/bin/intel_error_decode:
0
0
1
0
/usr/bin/pbmlife:
0
0
1
0
/usr/bin/ft1string:
0
0
1
0
/usr/bin/ppmtoxpm:
0
0
1
0
/usr/bin/eu-elfcmp:
0
1
1
0
/usr/bin/sg_raw:
0
1
1
0
/usr/bin/gnome-dictionary:
0
0
1
0
/usr/bin/xcmsdb:
0
1
1
0
/usr/bin/pamtotga:
0
1
1
0
/usr/bin/last:
0
1
1
0
/usr/bin/whoami:
0
0
1
0
/usr/bin/db_upgrade:
0
0
1
0
/usr/bin/fallocate:
0
1
1
0
/usr/bin/synclient:
0
0
1
0
/usr/bin/pnmtopng:
0
1
1
0
/usr/bin/vino-passwd:
0
1
1
0
/usr/bin/diff:
0
1
1
0
/usr/bin/prezip-bin:
0
0
1
0
/usr/bin/gsf-vba-dump:
0
0
1
0
/usr/bin/blkrawverify:
0
1
1
0
/usr/bin/pgmmorphconv:
0
0
1
0
/usr/bin/mdiff:
0
0
1
0
/usr/bin/sg_referrals:
0
1
1
0
/usr/bin/intel_reg_write:
0
1
1
0
/usr/bin/eu-ranlib:
0
1
1
0
/usr/bin/hal-find-by-property:
0
0
1
0
/usr/bin/xsetpointer:
0
0
1
0
/usr/bin/paste:
0
0
1
0
/usr/bin/type1afm:
0
0
1
0
/usr/bin/chmorph:
0
1
1
0
/usr/bin/icedax:
0
1
1
0
/usr/bin/gvfs-open:
0
0
1
0
/usr/bin/sgp_dd:
0
1
1
0
/usr/bin/chcon:
0
1
1
0
/usr/bin/gpgsplit:
1
1
1
0
/usr/bin/jscal:
0
0
1
0
/usr/bin/ptx:
0
1
1
0
/usr/bin/gedit:
0
1
1
0
/usr/bin/hal-disable-polling:
0
1
1
0
/usr/bin/ppmcolors:
0
0
1
0
/usr/bin/db_recover:
0
0
1
0
/usr/bin/gnome-network-properties:
0
0
1
0
/usr/bin/ldbadd:
0
0
1
0
/usr/bin/gvfs-ls:
0
0
1
0
/usr/bin/eu-ar:
0
1
1
0
/usr/bin/pbmtomrf:
0
0
1
0
/usr/bin/uptime:
0
1
1
0
/usr/bin/host:
1
1
1
0
/usr/bin/ppmcie:
0
1
1
0
/usr/bin/gnomevfs-info:
0
1
1
0
/usr/bin/pbmtoplot:
0
0
1
0
/usr/bin/peekfd:
0
0
1
0
/usr/bin/ppmtomd:
0
1
1
0
/usr/bin/wall:
0
1
1
0
/usr/bin/xscreensaver-command:
0
1
1
0
/usr/bin/pnmsmooth:
0
0
1
0
/usr/bin/pnmnlfilt:
0
0
1
0
/usr/bin/dfblayer:
0
0
1
0
/usr/bin/shuf:
0
1
1
0
/usr/bin/sg_modes:
0
1
1
0
/usr/bin/ftpatchk:
0
0
1
0
/usr/bin/intel_gpu_time:
0
1
1
0
/usr/bin/pktopbm:
0
1
1
0
/usr/bin/vmmouse_detect:
0
0
1
0
/usr/bin/intel_upload_blit_large_gtt:
0
0
1
0
/usr/bin/pnmcut:
0
0
1
0
/usr/bin/gpk-application:
0
1
1
0
/usr/bin/ppmhist:
0
0
1
0
/usr/bin/asn1Decoding:
0
1
1
0
/usr/bin/myisamlog:
0
1
1
0
/usr/bin/ft1timer:
0
0
1
0
/usr/bin/sg_verify:
0
1
1
0
/usr/bin/pamgauss:
0
1
1
0
/usr/bin/pacat:
0
1
1
0
/usr/bin/pdfinfo:
0
1
1
0
/usr/bin/pkcs11-tool:
0
1
1
0
/usr/bin/xcalc:
0
1
1
0
/usr/bin/pnmsplit:
0
0
1
0
/usr/bin/glxgears:
0
1
1
0
/usr/bin/free:
0
1
1
0
/usr/bin/metacity:
0
1
1
0
/usr/bin/lscpu:
0
1
1
0
/usr/bin/lsof:
0
1
1
0
/usr/bin/addr2line:
0
1
1
0
/usr/bin/rsync:
0
1
1
0
/usr/bin/db_printlog:
0
1
1
0
/usr/bin/link:
0
0
1
0
/usr/bin/cZ11-V2:
0
1
1
0
/usr/bin/toc2cddb:
0
1
1
0
/usr/bin/xgc:
0
1
1
0
/usr/bin/makedeltarpm:
0
1
1
0
/usr/bin/zipsplit:
0
1
1
0
/usr/bin/top:
0
1
1
0
/usr/bin/telnet:
1
1
1
0
/usr/bin/pamfunc:
0
0
1
0
/usr/bin/pstopnm:
0
1
1
0
/usr/bin/ppmchange:
0
0
1
0
/usr/bin/man:
0
0
1
0
/usr/bin/intel_audio_dump:
0
1
1
0
/usr/bin/chkstat:
0
1
1
0
/usr/bin/ul:
0
1
1
0
/usr/bin/ddbugtopbm:
0
0
1
0
/usr/bin/pbmto4425:
0
0
1
0
/usr/bin/fribidi:
0
1
1
0
/usr/bin/fslsfonts:
0
1
1
0
/usr/bin/fc-list:
0
0
1
0
/usr/bin/who:
0
1
1
0
/usr/bin/pamditherbw:
0
1
1
0
/usr/bin/ppmtoyuv:
0
0
1
0
/usr/bin/recode:
0
0
1
0
/usr/bin/metacity-window-demo:
0
0
1
0
/usr/bin/mouse-test:
0
1
1
0
/usr/bin/nautilus-file-management-properties:
0
1
1
0
/usr/bin/pbmpscale:
0
0
1
0
/usr/bin/ftdiff:
0
1
1
0
/usr/bin/xfindproxy:
0
0
1
0
/usr/bin/line:
0
0
1
0
/usr/bin/sg_rep_zones:
0
1
1
0
/usr/bin/pdftotext:
0
1
1
0
/usr/bin/sudoreplay:
1
1
1
0
/usr/bin/gpgconf:
1
1
1
0
/usr/bin/ldapcompare:
1
1
1
0
/usr/bin/find:
0
1
1
0
/usr/bin/cjet:
0
0
1
0
/usr/bin/taskset:
0
1
1
0
/usr/bin/xset:
0
1
1
0
/usr/bin/ssh-agent:
1
1
1
1
/usr/bin/dvd+rw-booktype:
0
1
1
0
/usr/bin/thinkjettopbm:
0
0
1
0
/usr/bin/xkbbell:
0
0
1
0
/usr/bin/as:
0
1
1
0
/usr/bin/xkbvleds:
0
1
1
0
/usr/bin/zkt-signer:
0
1
1
0
/usr/bin/chsh:
1
1
1
0
/usr/bin/intel_dpio_read:
0
1
1
0
/usr/bin/gconf-merge-tree:
0
1
1
0
/usr/bin/ar:
0
1
1
0
/usr/bin/xload:
0
1
1
0
/usr/bin/ppmntsc:
0
0
1
0
/usr/bin/xtermset:
0
1
1
0
/usr/bin/rpl8:
0
1
1
0
/usr/bin/ycpc:
0
1
1
0
/usr/bin/gnome-open:
0
0
1
0
/usr/bin/smbget:
1
1
1
0
/usr/bin/dig:
1
1
1
0
/usr/bin/dfbfx:
0
1
1
0
/usr/bin/editres:
0
1
1
0
/usr/bin/imgtoppm:
0
1
1
0
/usr/bin/vte:
0
1
1
0
/usr/bin/fiascotopnm:
0
1
1
0
/usr/bin/sg_copy_results:
0
1
1
0
/usr/bin/ppmlabel:
0
1
1
0
/usr/bin/ppmrough:
0
0
1
0
/usr/bin/gpgparsemail:
1
1
1
0
/usr/bin/scriptreplay:
0
1
1
0
/usr/bin/pfbtops:
0
0
1
0
/usr/bin/fstobdf:
0
0
1
0
/usr/bin/resize:
0
0
1
0
/usr/bin/zypp-NameReqPrv:
0
0
1
0
/usr/bin/amidi:
0
1
1
0
/usr/bin/pacmd:
0
1
1
0
/usr/bin/pamtojpeg2k:
0
0
1
0
/usr/bin/dvd+rw-mediainfo:
0
1
1
0
/usr/bin/pnmcomp:
0
0
1
0
/usr/bin/gpg-agent:
1
1
1
0
/usr/bin/pnmtofits:
0
0
1
0
/usr/bin/intel_upload_blit_large_map:
0
0
1
0
/usr/bin/grotty:
0
1
1
0
/usr/bin/ppmmake:
0
0
1
0
/usr/bin/atktopbm:
0
0
1
0
/usr/bin/rletopnm:
0
1
1
0
/usr/bin/gnomesu:
0
0
1
0
/usr/bin/cal:
0
1
1
0
/usr/bin/gpk-update-icon:
0
1
1
0
/usr/bin/dc:
0
1
1
0
/usr/bin/3dinfo:
0
0
1
0
/usr/bin/gnome-keyring-daemon:
0
1
1
0
/usr/bin/lookbib:
0
1
1
0
/usr/bin/gnome-screenshot:
0
0
1
0
/usr/bin/xman:
0
1
1
0
/usr/bin/expiry:
1
1
1
0
/usr/bin/ldbrename:
0
0
1
0
/usr/bin/ppmtobmp:
0
1
1
0
/usr/bin/ft1error:
0
0
1
0
/usr/bin/desktop-file-validate:
0
1
1
0
/usr/bin/vncpasswd.arg:
0
1
1
0
/usr/bin/sg_scan:
0
1
1
0
/usr/bin/resolve_stack_dump:
0
1
1
0
/usr/bin/bzip2:
0
1
1
0
/usr/bin/wdiff:
0
1
1
0
/usr/bin/modeprint:
0
0
1
0
/usr/bin/ipcrm:
0
0
1
0
/usr/bin/pax11publish:
0
1
1
0
/usr/bin/pgmkernel:
0
0
1
0
/usr/bin/pamsharpness:
0
1
1
0
/usr/bin/jpegicc:
0
1
1
0
/usr/bin/pbmtopgm:
0
0
1
0
/usr/bin/xdriinfo:
0
0
1
0
/usr/bin/xmessage:
0
0
1
0
/usr/bin/printf:
0
1
1
0
/usr/bin/sg_readcap:
0
1
1
0
/usr/bin/intel_forcewaked:
0
1
1
0
/usr/bin/xev:
0
1
1
0
/usr/bin/wnck-urgency-monitor:
0
0
1
0
/usr/bin/gemtopnm:
0
0
1
0
/usr/bin/pgmnoise:
0
0
1
0
/usr/bin/smbclient:
1
1
1
0
/usr/bin/pnmgamma:
0
0
1
0
/usr/bin/logname:
0
0
1
0
/usr/bin/pamsumm:
0
1
1
0
/usr/bin/isosize:
0
1
1
0
/usr/bin/eu-objdump:
0
1
1
0
/usr/bin/xvinfo:
0
0
1
0
/usr/bin/sg_wr_mode:
0
1
1
0
/usr/bin/cmp:
0
1
1
0
/usr/bin/gvfs-move:
0
1
1
0
/usr/bin/pgmabel:
0
0
1
0
/usr/bin/gnome-keyring:
0
0
1
0
/usr/bin/gnome-terminal:
0
1
1
0
/usr/bin/glxinfo:
0
0
1
0
/usr/bin/xsetroot:
0
0
1
0
/usr/bin/crontab:
1
1
1
0
/usr/bin/festival-synthesis-driver:
0
1
1
0
/usr/bin/pbmpage:
0
1
1
0
/usr/bin/ffcfstress:
0
0
1
0
/usr/bin/pgmhist:
0
0
1
0
/usr/bin/rpcclient:
1
1
1
0
/usr/bin/nproc:
0
0
1
0
/usr/bin/gsf-office-thumbnailer:
0
0
1
0
/usr/bin/dnssec-signer:
0
1
1
0
/usr/bin/locale:
0
0
1
0
/usr/bin/opielogin:
0
1
1
0
/usr/bin/idnconv:
0
1
1
0
/usr/bin/ppmglobe:
0
0
1
0
/usr/bin/pactl:
0
1
1
0
/usr/bin/lphelp:
1
1
1
0
/usr/bin/pbmtomda:
0
0
1
0
/usr/bin/xlito:
0
1
1
0
/usr/bin/a2ps:
0
1
1
0
/usr/bin/xscreensaver:
0
1
1
0
/usr/bin/pstree:
0
1
1
0
/usr/bin/tdbdump:
1
0
1
0
/usr/bin/ppmtomitsu:
0
0
1
0
/usr/bin/aplaymidi:
0
1
1
0
/usr/bin/pamtopfm:
0
1
1
0
/usr/bin/smbstatus:
1
1
1
0
/usr/bin/volname:
0
1
1
0
/usr/bin/openipmish:
0
1
1
0
/usr/bin/vncconnect:
0
0
1
0
/usr/bin/bonobo-activation-run-query:
0
0
1
0
/usr/bin/indxbib:
0
0
1
0
/usr/bin/pnmtorle:
0
1
1
0
/usr/bin/isoinfo:
0
1
1
0
/usr/bin/vdir:
0
1
1
0
/usr/bin/intel_sprite_on:
0
1
1
0
/usr/bin/gnome-at-properties:
0
0
1
0
/usr/bin/formail:
0
1
1
0
/usr/bin/smbspool:
1
1
1
0
/usr/bin/idn:
0
1
1
0
/usr/bin/strace:
0
1
1
0
/usr/bin/split:
0
1
1
0
/usr/bin/fastjar:
0
1
1
0
/usr/bin/unshare:
0
0
1
0
/usr/bin/iceauth:
0
1
1
0
/usr/bin/objdump:
0
1
1
0
/usr/bin/sg_turs:
0
1
1
0
/usr/bin/memhog:
0
0
1
0
/usr/bin/pic:
0
1
1
0
/usr/bin/pamtohtmltbl:
0
0
1
0
/usr/bin/troff:
0
1
1
0
/usr/bin/xrx:
0
1
1
0
/usr/bin/acpixtract:
0
1
1
0
/usr/bin/pmt-fd0ssh:
0
1
1
0
/usr/bin/pmap:
0
1
1
0
/usr/bin/passwd:
1
1
1
0
/usr/bin/lockfile:
0
1
1
0
/usr/bin/eog:
0
1
1
0
/usr/bin/spottopgm:
0
0
1
0
/usr/bin/gnomevfs-mkdir:
0
1
1
0
/usr/bin/pgmtolispm:
0
0
1
0
/usr/bin/pamcomp:
0
1
1
0
/usr/bin/sg_rtpg:
0
1
1
0
/usr/bin/expect:
0
1
1
0
/usr/bin/grops:
0
1
1
0
/usr/bin/gnome-default-applications-properties:
0
0
1
0
/usr/bin/fstopgm:
0
0
1
0
/usr/bin/gpgsm:
1
1
1
0
/usr/bin/w3m:
1
1
1
0
/usr/bin/polkit-auth:
0
1
1
0
/usr/bin/unify:
0
0
1
0
/usr/bin/zsoelim:
0
1
1
0
/usr/bin/dos2unix:
0
0
1
0
/usr/bin/sgitopnm:
0
0
1
0
/usr/bin/gucharmap:
0
1
1
0
/usr/bin/openipmicmd:
0
1
1
0
/usr/bin/pbmtoybm:
0
0
1
0
/usr/bin/gnome-audio-profiles-properties:
0
0
1
0
/usr/bin/pamstereogram:
0
1
1
0
/usr/bin/pnmtopnm:
0
0
1
0
/usr/bin/ppmtoilbm:
0
0
1
0
/usr/bin/infokey:
0
1
1
0
/usr/bin/xclock:
0
0
1
0
/usr/bin/unlink:
0
0
1
0
/usr/bin/pbmtox10bm:
0
0
1
0
/usr/bin/pc1toppm:
0
0
1
0
/usr/bin/chage:
1
1
1
0
/usr/bin/getdelays:
0
1
1
0
/usr/bin/gnome-screensaver:
0
1
1
0
/usr/bin/gpart:
0
1
1
0
/usr/bin/sudo:
1
1
1
0
/usr/bin/ppmtoyuvsplit:
0
0
1
0
/usr/bin/pbmtomatrixorbital:
0
0
1
0
/usr/bin/mdatopbm:
0
0
1
0
/usr/bin/smbcacls:
1
1
1
0
/usr/bin/sg_map26:
0
1
1
0
/usr/bin/enchant-lsmod:
0
0
1
0
/usr/bin/tbl:
0
0
1
0
/usr/bin/pnmrotate:
0
0
1
0
/usr/bin/pbmtog3:
0
1
1
0
/usr/bin/tartest:
0
1
1
0
/usr/bin/icewm:
0
1
1
0
/usr/bin/poll_ppd_base:
1
1
1
0
/usr/bin/funzip:
1
1
1
0
/usr/bin/pnmtofiasco:
0
1
1
0
/usr/bin/gconf-editor:
0
0
1
0
/usr/bin/lsscsi:
0
1
1
0
/usr/bin/getfacl:
0
1
1
0
/usr/bin/dumpsolv:
0
1
1
0
/usr/bin/lshal:
0
0
1
0
/usr/bin/pbmtowbmp:
0
0
1
0
/usr/bin/gnome-volume-control-applet:
0
1
1
0
/usr/bin/eu-size:
0
1
1
0
/usr/bin/polkit-action:
0
0
1
0
/usr/bin/sha512sum:
0
0
1
0
/usr/bin/ldapexop:
1
1
1
0
/usr/bin/mysql_upgrade:
0
1
1
0
/usr/bin/migspeed:
0
1
1
0
/usr/bin/turbostat:
0
1
1
0
/usr/bin/pcl3opts:
0
1
1
0
/usr/bin/colcrt:
0
0
1
0
/usr/bin/fftest:
0
0
1
0
/usr/bin/intel_upload_blit_large:
0
1
1
0
/usr/bin/enchant:
0
0
1
0
/usr/bin/msgfmt:
0
1
1
0
/usr/bin/mergesolv:
0
1
1
0
/usr/bin/csplit:
0
1
1
0
/usr/bin/hal-lock:
0
0
1
0
/usr/bin/gpk-install-mime-type:
0
1
1
0
/usr/bin/nice:
0
0
1
0
/usr/bin/fusermount:
0
1
1
0
/usr/bin/opiegen:
0
1
1
0
/usr/bin/fragiso:
0
1
1
0
/usr/bin/sg_sat_set_features:
0
1
1
0
/usr/bin/chattr:
0
0
1
0
/usr/bin/icontopbm:
0
0
1
0
/usr/bin/pbmtoatk:
0
1
1
0
/usr/bin/unrar:
0
1
1
0
/usr/bin/pbm2l2030:
0
1
1
0
/usr/bin/zipcloak:
0
1
1
0
/usr/bin/fc-list32:
0
0
1
0
/usr/bin/xstdcmap:
0
1
1
0
/usr/bin/tifftopnm:
0
1
1
0
/usr/bin/ddate:
0
1
1
0
/usr/bin/ft1view:
0
0
1
0
/usr/bin/perl5.10.0:
0
1
1
0
/usr/bin/myisam_ftdump:
0
1
1
0
/usr/bin/pbmtogo:
0
0
1
0
/usr/bin/mkmanifest:
0
1
1
0
/usr/bin/pango-querymodules:
0
0
1
0
/usr/bin/mkdgiff:
0
0
1
0
/usr/bin/ximtoppm:
0
0
1
0
/usr/bin/expand:
0
1
1
0
/usr/bin/ppmtopj:
0
0
1
0
/usr/bin/fbdump:
0
1
1
0
/usr/bin/vttest:
0
1
1
0
/usr/bin/gnomevfs-mv:
0
1
1
0
/usr/bin/viewres:
0
0
1
0
/usr/bin/bmtoa:
0
1
1
0
/usr/bin/canberra-gtk-play:
0
0
1
0
/usr/bin/star:
0
1
1
0
/usr/bin/gnome-screensaver-command:
0
0
1
0
/usr/bin/pgmbentley:
0
0
1
0
/usr/bin/Xvnc:
0
1
1
0
/usr/bin/gcalctool:
0
1
1
0
/usr/bin/pnmtotiffcmyk:
0
0
1
0
/usr/bin/pnmscale:
0
0
1
0
/usr/bin/pnmtops:
0
0
1
0
/usr/bin/ypwhich:
0
1
1
0
/usr/bin/sqlite3:
0
0
1
0
/usr/bin/sss_ssh_authorizedkeys:
0
1
1
0
/usr/bin/openct-tool:
0
1
1
0
/usr/bin/mtvtoppm:
0
0
1
0
/usr/bin/zipnote:
0
1
1
0
/usr/bin/rpasswd:
0
1
1
0
/usr/bin/magnifier:
0
1
1
0
/usr/bin/tsort:
0
0
1
0
/usr/bin/ppm3d:
0
0
1
0
/usr/bin/pbmtoibm23xx:
0
0
1
0
/usr/bin/cmuwmtopbm:
0
0
1
0
/usr/bin/evince-thumbnailer:
0
0
1
0
/usr/bin/pnmtopclxl:
0
0
1
0
/usr/bin/prctl:
0
0
1
0
/usr/bin/at:
1
1
1
0
/usr/bin/du:
0
1
1
0
/usr/bin/watch:
0
0
1
0
/usr/bin/ruby:
0
0
1
0
/usr/bin/jpeg2ktopam:
0
1
1
0
/usr/bin/gettext:
0
1
1
0
/usr/bin/pbmtoescp2:
0
0
1
0
/usr/bin/mysqladmin:
0
1
1
0
/usr/bin/iasl:
0
1
1
0
/usr/bin/xbiff:
0
0
1
0
/usr/bin/mandb:
0
0
1
0
/usr/bin/pbmtolps:
0
0
1
0
/usr/bin/hunzip:
0
0
1
0
/usr/bin/flock:
0
0
1
0
/usr/bin/pamstack:
0
0
1
0
/usr/bin/testname:
0
1
1
0
/usr/bin/ldapmodify:
1
1
1
0
/usr/bin/hal-setup-keymap:
0
1
1
0
/usr/bin/rpmdb2solv:
0
1
1
0
/usr/bin/dristat:
0
1
1
0
/usr/bin/pdbedit:
1
1
1
0
/usr/bin/od:
0
1
1
0
/usr/bin/sharesec:
1
1
1
0
/usr/bin/sg_ses_microcode:
0
1
1
0
/usr/bin/installcheck:
0
1
1
0
/usr/bin/tty:
0
0
1
0
/usr/bin/cue2toc:
0
1
1
0
/usr/bin/rarian-example:
0
0
1
0
/usr/bin/pkmon:
0
1
1
0
/usr/bin/gnome-typing-monitor:
0
0
1
0
/usr/bin/411toppm:
0
0
1
0
/usr/bin/dirname:
0
0
1
0
/usr/bin/desktop-file-install:
0
1
1
0
/usr/bin/sfcbmof:
0
1
1
0
/usr/bin/m4:
0
1
1
0
/usr/bin/nl:
0
0
1
0
/usr/bin/gnome-session:
0
1
1
0
/usr/bin/zkt-soaserial:
0
1
1
0
/usr/bin/procmail:
0
1
1
0
/usr/bin/pgpring:
0
1
1
0
/usr/bin/tiffdiff:
0
1
1
0
/usr/bin/gst-discoverer-0.10:
0
0
1
0
/usr/bin/tclsh8.5:
0
0
1
0
/usr/bin/shcomp:
0
1
1
0
/usr/bin/xdbedizzy:
0
1
1
0
/usr/bin/wish8.5:
0
0
1
0
/usr/bin/sg_sanitize:
0
1
1
0
/usr/bin/fileschanged:
0
1
1
0
/usr/bin/fitstopnm:
0
1
1
0
/usr/bin/ppmtorgb3:
0
0
1
0
/usr/bin/gpgkey2ssh:
1
1
1
0
/usr/bin/genisoimage:
0
1
1
0
/usr/bin/db_deadlock:
0
1
1
0
/usr/bin/pnmpaste:
0
0
1
0
/usr/bin/gstreamer-properties:
0
0
1
0
/usr/bin/xxd:
0
1
1
0
/usr/bin/ldapwhoami:
1
1
1
0
/usr/bin/ftview:
0
1
1
0
/usr/bin/pdftohtml:
0
1
1
0
/usr/bin/btt:
0
1
1
0
/usr/bin/xbmtopbm:
0
1
1
0
/usr/bin/asn1Coding:
0
0
1
0
/usr/bin/aconnect:
0
1
1
0
/usr/bin/slabtop:
0
1
1
0
/usr/bin/sfinfo:
0
0
1
0
/usr/bin/gnome-session-save:
0
0
1
0
/usr/bin/btrecord:
0
1
1
0
/usr/bin/sg_ident:
0
1
1
0
/usr/bin/icclink:
0
0
1
0
/usr/bin/pbmtomgr:
0
0
1
0
/usr/bin/gnome-session-properties:
0
0
1
0
/usr/bin/intel_stepping:
0
0
1
0
/usr/bin/rhd_conntest:
0
1
1
0
/usr/bin/pnmtojpeg:
0
0
1
0
/usr/bin/pcxtoppm:
0
0
1
0
/usr/bin/addftinfo:
0
0
1
0
/usr/bin/watchgnupg:
1
0
1
0
/usr/bin/pkcs15-init:
0
1
1
0
/usr/bin/colrm:
0
0
1
0
/usr/bin/rasttopnm:
0
0
1
0
/usr/bin/ppmtolj:
0
0
1
0
/usr/bin/pgmtopgm:
0
0
1
0
/usr/bin/devdump:
0
1
1
0
/usr/bin/pamscale:
0
1
1
0
/usr/bin/asn1Parser:
0
0
1
0
/usr/bin/gconftool-2:
0
1
1
0
/usr/bin/m2300w:
0
1
1
0
/usr/bin/pamslice:
0
0
1
0
/usr/bin/gnome-mount:
0
1
1
0
/usr/bin/hal-find-by-capability:
0
0
1
0
/usr/bin/mev:
0
0
1
0
/usr/bin/leaftoppm:
0
1
1
0
/usr/bin/envsubst:
0
1
1
0
/usr/bin/dialog:
0
1
1
0
/usr/bin/pbmmask:
0
0
1
0
/usr/bin/tailf:
0
1
1
0
/usr/bin/hunspell:
0
1
1
0
/usr/bin/ft1lint:
0
0
1
0
/usr/bin/eu-nm:
0
1
1
0
/usr/bin/wbemcli:
0
1
1
0
/usr/bin/rcp:
1
1
1
0
/usr/bin/htdbm2:
1
1
1
0
/usr/bin/xscreensaver-gl-helper:
0
1
1
0
/usr/bin/lpq:
1
1
1
0
/usr/bin/acpinames:
0
1
1
0
/usr/bin/termidx:
0
1
1
0
/usr/bin/sg_get_config:
0
1
1
0
/usr/bin/xlsclients:
0
0
1
0
/usr/bin/unzip:
1
1
1
0
/usr/bin/updateinfoxml2solv:
0
1
1
0
/usr/bin/pkgenpack:
0
1
1
0
/usr/bin/infotopam:
0
1
1
0
/usr/bin/pnmcat:
0
0
1
0
/usr/bin/ypchsh:
0
1
1
0
/usr/bin/sg_read:
0
1
1
0
/usr/bin/opiekey:
0
1
1
0
/usr/bin/gvfs-monitor-file:
0
0
1
0
/usr/bin/test-speech:
0
1
1
0
/usr/bin/ftbench:
0
0
1
0
/usr/bin/mkzimage_cmdline:
0
0
1
0
/usr/bin/evince-previewer:
0
0
1
0
/usr/bin/x86info:
0
1
1
1
/usr/bin/pbmtoln03:
0
1
1
0
/usr/bin/innochecksum:
0
0
1
0
/usr/bin/sldtoppm:
0
0
1
0
/usr/bin/testsaslauthd:
0
1
1
0
/usr/bin/ppmtoarbtxt:
0
1
1
0
/usr/bin/aplay:
0
1
1
0
/usr/bin/vino-preferences:
0
0
1
0
/usr/bin/sessreg:
0
1
1
0
/usr/bin/xdmshell:
0
0
1
0
/usr/bin/xwininfo:
0
1
1
0
/usr/bin/cups-calibrate:
0
1
1
0
/usr/bin/absset:
0
0
1
0
/usr/bin/xwdtopnm:
0
0
1
0
/usr/bin/pango-querymodules-64:
0
0
1
0
/usr/bin/pamdeinterlace:
0
0
1
0
/usr/bin/smbcquotas:
1
1
1
0
/usr/bin/acpi_listen:
0
1
1
0
/usr/bin/fold:
0
1
1
0
/usr/bin/pkg-config:
0
1
1
0
/usr/bin/clear:
0
0
1
0
/usr/bin/gpg2:
1
1
1
0
/usr/bin/mkfontscale:
0
1
1
0
/usr/bin/ppmtopjxl:
0
0
1
0
/usr/bin/netkey-tool:
0
1
1
0
/usr/bin/gnomevfs-ls:
0
1
1
0
/usr/bin/chrt:
0
1
1
0
/usr/bin/unshar:
0
1
1
0
/usr/bin/cksum:
0
1
1
0
/usr/bin/pamsummcol:
0
1
1
0
/usr/bin/dircolors:
0
0
1
0
/usr/bin/dfbinput:
0
0
1
0
/usr/bin/db_dump:
0
0
1
0
/usr/bin/sg_safte:
0
1
1
0
/usr/bin/word-list-compress:
0
1
1
0
/usr/bin/notify-send:
0
0
1
0
/usr/bin/xfontsel:
0
1
1
0
/usr/bin/ppmtoneo:
0
0
1
0
/usr/bin/cpupower:
0
1
1
0
/usr/bin/lessecho:
0
1
1
0
/usr/bin/ppmtoicr:
0
0
1
0
/usr/bin/gethostip:
0
0
1
0
/usr/bin/giftopnm:
0
1
1
0
/usr/bin/Xvfb:
0
1
1
0
/usr/bin/look:
0
0
1
0
/usr/bin/col:
0
0
1
0
/usr/bin/xprop:
0
1
1
0
/usr/bin/ssh-keyscan:
1
1
1
1
/usr/bin/ft1strpnm:
0
0
1
0
/usr/bin/bitmap:
0
1
1
0
/usr/bin/ipmitool:
0
1
1
0
/usr/bin/truncate:
0
1
1
0
/usr/bin/pnmtosir:
0
0
1
0
/usr/bin/xcompmgr:
0
0
1
0
/usr/bin/bioradtopgm:
0
0
1
0
/usr/bin/blkiomon:
0
0
1
0
/usr/bin/sg_stpg:
0
1
1
0
/usr/bin/gnome-panel:
0
1
1
0
/usr/bin/gkbd-indicator-plugins-capplet:
0
0
1
0
/usr/bin/mesg:
0
0
1
0
/usr/bin/xconsole:
0
1
1
0
/usr/bin/lprm:
1
1
1
0
/usr/bin/cdinfo:
0
0
1
0
/usr/bin/xsetmode:
0
0
1
0
/usr/bin/luit:
0
1
1
0
/usr/bin/isovfy:
0
1
1
0
/usr/bin/repomdxml2solv:
0
1
1
0
/usr/bin/pbmtoxbm:
0
0
1
0
/usr/bin/pfmtopam:
0
1
1
0
/usr/bin/nautilus-connect-server:
0
1
1
0
/usr/bin/ft1dump:
0
1
1
0
/usr/bin/smbfilter:
1
1
1
0
/usr/bin/pamstretch:
0
0
1
0
/usr/bin/lp:
1
1
1
0
/usr/bin/update-mime-database:
0
0
1
0
/usr/bin/unclutter:
0
0
1
0
/usr/bin/dbus-launch:
0
1
1
0
/usr/bin/toc2cue:
0
1
1
0
/usr/bin/gpk-install-package-name:
0
1
1
0
/usr/bin/elfedit:
0
1
1
0
/usr/bin/xhost:
0
1
1
0
/usr/bin/pbmtextps:
0
1
1
0
/usr/bin/espeak:
0
0
1
0
/usr/bin/eventlogadm:
1
1
1
0
/usr/bin/dirmngr-client:
0
1
1
0
/usr/bin/nautilus-cd-burner:
0
1
1
0
/usr/bin/c++filt:
0
1
1
0
/usr/bin/ppmtoterm:
0
0
1
0
/usr/bin/gnome-desktop-item-edit:
0
1
1
0
/usr/bin/pnmcrop:
0
0
1
0
/usr/bin/cut:
0
1
1
0
/usr/bin/guile:
0
0
1
0
/usr/bin/openssl:
0
1
1
0
/usr/bin/unzipsfx:
1
1
1
0
/usr/bin/fixnt:
0
0
1
0
/usr/bin/gdk-pixbuf-query-loaders:
0
0
1
0
/usr/bin/zeisstopnm:
0
0
1
0
/usr/bin/hal-get-property:
0
0
1
0
/usr/bin/pi3topbm:
0
0
1
0
/usr/bin/info:
0
1
1
0
/usr/bin/rpmmd2solv:
0
1
1
0
/usr/bin/makedeltaiso:
0
1
1
0
/usr/bin/net:
1
1
1
0
/usr/bin/xrefresh:
0
0
1
0
/usr/bin/xauth:
0
1
1
0
/usr/bin/BackGround:
0
1
1
0
/usr/bin/sg_luns:
0
1
1
0
/usr/bin/xmh:
0
1
1
0
/usr/bin/rutoken-tool:
0
1
1
0
/usr/bin/pnmtorast:
0
0
1
0
/usr/bin/pdftops:
0
0
1
0
/usr/bin/toe:
0
1
1
0
/usr/bin/ipmi_ui:
0
1
1
0
/usr/bin/hdifftopam:
0
0
1
0
/usr/bin/kbxutil:
1
1
1
0
/usr/bin/curl.openssl0:
0
1
1
0
/usr/bin/mt:
0
1
1
0
/usr/bin/sg_reassign:
0
1
1
0
/usr/bin/gsf:
0
0
1
0
/usr/bin/fmt:
0
0
1
0
/usr/bin/pgawk:
0
1
1
0
/usr/bin/hostid:
0
0
1
0
/usr/bin/xgamma:
0
0
1
0
/usr/bin/splitmail:
0
1
1
0
/usr/bin/ft1sbit:
0
0
1
0
/usr/bin/pr:
0
1
1
0
/usr/bin/scp:
1
1
1
1
/usr/bin/xmore:
0
1
1
0
/usr/bin/ldbmodify:
0
0
1
0
/usr/bin/zypp-CheckAccessDeleted:
0
1
1
0
/usr/bin/gdmflexiserver:
0
0
1
0
/usr/bin/snice:
0
1
1
0
/usr/bin/cancel:
1
1
1
0
/usr/bin/sg_write_verify:
0
1
1
0
/usr/bin/rexec:
1
1
1
0
/usr/bin/bc:
0
1
1
0
/usr/bin/namei:
0
1
1
0
/usr/bin/eu-unstrip:
0
1
1
0
/usr/bin/ftlint:
0
0
1
0
/usr/bin/uuencode:
0
1
1
0
/usr/bin/sg_requests:
0
1
1
0
/usr/bin/ppmdim:
0
0
1
0
/usr/bin/xkbwatch:
0
1
1
0
/usr/bin/dfbinfo:
0
1
1
0
/usr/bin/db_verify:
0
0
1
0
/usr/bin/listres:
0
0
1
0
/usr/bin/mkfifo:
0
0
1
0
/usr/bin/cpp-4.3:
0
0
1
0
/usr/bin/perl:
0
1
1
0
/usr/bin/gnome-search-tool:
0
1
1
0
/usr/bin/intel_l3_parity:
0
0
1
0
/usr/bin/lbxproxy:
0
1
1
0
/usr/bin/xlsatoms:
0
0
1
0
/usr/bin/ppmtopuzz:
0
0
1
0
/usr/bin/sg_reset:
0
0
1
0
/usr/bin/gpk-prefs:
0
1
1
0
/usr/bin/comm:
0
0
1
0
/usr/bin/activation-client:
0
0
1
0
/usr/bin/gnome-about-me:
0
1
1
0
/usr/bin/dasher:
0
1
1
0
/usr/bin/iconv:
0
0
1
0
/usr/bin/opieinfo:
0
1
1
0
/usr/bin/proxymngr:
0
1
1
0
/usr/bin/xtrapreset:
0
0
1
0
/usr/bin/syslinux:
0
0
1
0
/usr/bin/mysqlbinlog:
0
1
1
0
/usr/bin/myisampack:
0
1
1
0
/usr/bin/ppmdist:
0
0
1
0
/usr/bin/stdbuf:
0
1
1
0
/usr/bin/mmencode:
0
1
1
0
/usr/bin/pulseaudio:
0
1
1
1
/usr/bin/intel_upload_blit_small:
0
0
1
0
/usr/bin/beforelight:
0
0
1
0
/usr/bin/expr:
0
1
1
0
/usr/bin/smbta-util:
1
1
1
0
/usr/bin/macptopbm:
0
0
1
0
/usr/bin/gnome-keybinding-properties:
0
0
1
0
/usr/bin/sg_start:
0
1
1
0
/usr/bin/unexpand:
0
1
1
0
/usr/bin/ppmtowinicon:
0
0
1
0
/usr/bin/xbacklight:
0
0
1
0
/usr/bin/pamenlarge:
0
1
1
0
/usr/bin/pgmtoppm:
0
0
1
0
/usr/bin/pnmconvol:
0
0
1
0
/usr/bin/mkzftree:
0
1
1
0
/usr/bin/gtk-query-immodules-2.0:
0
0
1
0
/usr/bin/lpoptions:
1
0
1
0
/usr/bin/xz:
0
1
1
0
/usr/bin/metacity-theme-viewer:
0
0
1
0
/usr/bin/zip:
0
1
1
0
/usr/bin/rawtopgm:
0
0
1
0
/usr/bin/dvd+rw-format:
0
1
1
0
/usr/bin/trigger-panel-run-dialog:
0
1
1
0
/usr/bin/atobm:
0
1
1
0
/usr/bin/ybmtopbm:
0
0
1
0
/usr/bin/pax:
0
1
1
0
/usr/bin/gnome-sound-recorder:
0
0
1
0
/usr/bin/pnmtoxwd:
0
0
1
0
/usr/bin/setfattr:
0
0
1
0
/usr/bin/xtrapchar:
0
0
1
0
/usr/bin/pnmpad:
0
0
1
0
/usr/bin/acpihelp:
0
1
1
0
/usr/bin/file:
0
1
1
0
/usr/bin/pnm2ppa:
0
1
1
0
/usr/bin/gs:
0
0
1
0
/usr/bin/gvfs-cat:
0
1
1
0
/usr/bin/brushtopbm:
0
0
1
0
/usr/bin/eyuvtoppm:
0
0
1
0
/usr/bin/grolj4:
0
1
1
0
/usr/bin/ldapsearch:
1
1
1
0
/usr/bin/dfbg:
0
0
1
0
/usr/bin/hzip:
0
1
1
0
/usr/bin/eidenv:
0
1
1
0
/usr/bin/ipmilan:
0
1
1
0
/usr/bin/makedumpfile:
0
1
1
0
/usr/bin/xclipboard:
0
1
1
0
/usr/bin/gnomevfs-rm:
0
1
1
0
/usr/bin/pbmtoepsi:
0
0
1
0
/usr/bin/aulast:
0
1
1
0
/usr/bin/ldapdelete:
1
1
1
0
/usr/bin/crash:
0
1
1
0
/usr/bin/a2p:
0
1
1
0
/usr/bin/xmllint:
0
1
1
0
/usr/bin/pbmtomacp:
0
1
1
0
/usr/bin/pgmenhance:
0
0
1
0
/usr/bin/inputattach:
0
1
1
0
/usr/bin/hal-is-caller-privileged:
0
0
1
0
/usr/bin/utmpdump:
0
1
1
0
/usr/bin/tfmtodit:
0
1
1
0
/usr/bin/ppmtoppm:
0
0
1
0
/usr/bin/smbpasswd:
1
1
1
0
/usr/bin/dnssec-zkt:
0
1
1
0
/usr/bin/dfbdump:
0
1
1
0
/usr/bin/wtpt:
0
1
1
0
/usr/bin/evtest:
0
1
1
0
/usr/bin/FvwmCommand:
0
1
1
0
/usr/bin/ldapmodrdn:
1
1
1
0
/usr/bin/acpibin:
0
0
1
0
/usr/bin/baobab:
0
1
1
0
/usr/bin/cpufreq-set:
0
1
1
0
/usr/bin/pasuspender:
0
0
1
0
/usr/bin/systool:
0
1
1
0
/usr/bin/pgmramp:
0
0
1
0
/usr/bin/rpmgraph:
0
1
1
0
/usr/bin/test:
0
1
1
0
/usr/bin/tee:
0
1
1
0
/usr/bin/ssh-keygen:
1
1
1
1
/usr/bin/opiesu:
0
1
1
0
/usr/bin/fttimer:
0
0
1
0
/usr/bin/pnmhisteq:
0
0
1
0
/usr/bin/xfwp:
0
1
1
0
/usr/bin/x11perf:
0
1
1
0
/usr/bin/ld.bfd:
0
1
1
0
/usr/bin/wc:
0
1
1
0
/usr/bin/gnome-system-log:
0
1
1
0
/usr/bin/sg_senddiag:
0
1
1
0
/usr/bin/strace32:
0
1
1
0
/usr/bin/ipcs:
0
1
1
0
/usr/bin/wnckprop:
0
1
1
0
/usr/bin/chooser:
0
1
1
0
/usr/bin/lsusb:
0
1
1
0
/usr/bin/c2070:
0
1
1
0
/usr/bin/shar:
0
1
1
0
/usr/bin/cardos-info:
0
1
1
0
/usr/bin/join:
0
0
1
0
/usr/bin/intel_gtt:
0
0
1
0
/usr/bin/sg_read_long:
0
1
1
0
/usr/bin/yppasswd:
0
1
1
0
/usr/bin/pnmnorm:
0
0
1
0
/usr/bin/xprehashprinterlist:
0
0
1
0
/usr/bin/qdbusviewer:
0
0
1
0
/usr/bin/aseqdump:
0
1
1
0
/usr/bin/ppmpat:
0
0
1
0
/usr/bin/icewmbg:
0
1
1
0
/usr/bin/numactl:
0
1
1
0
/usr/bin/bzip2recover:
0
0
1
0
/usr/bin/pbmtocmuwm:
0
0
1
0
/usr/bin/neotoppm:
0
0
1
0
/usr/bin/whereis:
0
1
1
0
/usr/bin/htpasswd2:
1
1
1
0
/usr/bin/joe:
0
1
1
0
/usr/bin/my_print_defaults:
0
1
1
0
/usr/bin/intel_reg_snapshot:
0
1
1
0
/usr/bin/xscreensaver-demo:
0
1
1
0
/usr/bin/dvd-ram-control:
0
1
1
0
/usr/bin/xtrapproto:
0
0
1
0
/usr/bin/icewmhint:
0
0
1
0
/usr/bin/uwmdump:
0
0
1
0
/usr/bin/pamtodjvurle:
0
1
1
0
/usr/bin/pkcon:
0
1
1
0
/usr/bin/lexgrog:
0
1
1
0
/usr/bin/nm:
0
1
1
0
/usr/bin/ypcat:
0
1
1
0
/usr/bin/sbigtopgm:
0
1
1
0
/usr/bin/bmptopnm:
0
0
1
0
/usr/bin/xtrapout:
0
0
1
0
/usr/bin/gpk-update-viewer:
0
1
1
0
/usr/bin/xmlwf:
0
0
1
0
/usr/bin/ppmbrighten:
0
0
1
0
/usr/bin/Xnest:
0
1
1
0
/usr/bin/yelp:
0
1
1
0
/usr/bin/setsid:
0
0
1
0
/usr/bin/intel_bios_reader:
0
1
1
0
/usr/bin/profiles:
1
1
1
0
/usr/bin/xfsinfo:
0
0
1
0
/usr/bin/strings:
0
1
1
0
/usr/bin/verify_blkparse:
0
1
1
0
/usr/bin/ffset:
0
0
1
0
/usr/bin/netcat:
0
0
1
0
/usr/bin/sfcbmofpp:
0
1
1
0
/usr/bin/vlock:
0
0
1
0
/usr/bin/sg_compare_and_write:
0
1
1
0
/usr/bin/sg_inq:
0
1
1
0
/usr/bin/sg_decode_sense:
0
1
1
0
/usr/bin/ldbedit:
0
1
1
0
/usr/bin/qtconfig:
0
0
1
0
/usr/bin/gmime-uuencode:
0
0
1
0
/usr/bin/pbmtopk:
0
1
1
0
/usr/bin/escp2topbm:
0
0
1
0
/usr/bin/btcflash:
0
1
1
0
/usr/bin/sg_persist:
0
1
1
0
/usr/bin/ijsgutenprint.5.0:
0
1
1
0
/usr/bin/ppmflash:
0
0
1
0
/usr/bin/xpmtoppm:
0
1
1
0
/usr/bin/pgmtopbm:
0
0
1
0
/usr/bin/fc-cat32:
0
0
1
0
/usr/bin/pamtouil:
0
0
1
0
/usr/bin/smbtree:
1
1
1
0
/usr/bin/pnmmontage:
0
1
1
0
/usr/bin/gvfs-rm:
0
0
1
0
/usr/bin/env:
0
0
1
0
/usr/bin/grolbp:
0
1
1
0
/usr/bin/gnome-control-center:
0
0
1
0
/usr/bin/btrfs-map-logical:
0
1
1
0
/usr/bin/pango-view:
0
1
1
0
/usr/bin/drmstat:
0
1
1
0
/usr/bin/cxpm:
0
1
1
0
/usr/bin/checkmedia:
0
0
1
0
/usr/bin/gpgv2:
1
1
1
0
/usr/bin/gvfs-rename:
0
0
1
0
/usr/bin/pnminvert:
0
0
1
0
/usr/bin/gvfs-mount:
0
1
1
0
/usr/bin/hipstopgm:
0
1
1
0
/usr/bin/spctoppm:
0
0
1
0
/usr/bin/profileeditor:
0
1
1
0
/usr/bin/fc-cache32:
0
0
1
0
/usr/bin/shred:
0
1
1
0
/usr/bin/xli:
0
1
1
0
/usr/bin/tgatoppm:
0
1
1
0
/usr/bin/escputil:
0
1
1
0
/usr/bin/smt:
0
1
1
0
/usr/bin/wget.openssl0:
0
1
1
0
/usr/bin/gnomevfs-copy:
0
1
1
0
/usr/bin/gnome-font-viewer:
0
0
1
0
/usr/bin/pgpewrap:
0
0
1
0
/usr/bin/gencat:
0
0
1
0
/usr/bin/xtrapstats:
0
0
1
0
/usr/bin/pnmtoddif:
0
1
1
0
/usr/bin/pdftoppm:
0
1
1
0
/usr/bin/pkill:
0
1
1
0
/usr/bin/pamoil:
0
0
1
0
/usr/bin/aseqnet:
0
1
1
0
/usr/bin/aspell:
0
1
1
0
/usr/bin/readelf:
0
1
1
0
/usr/bin/btreplay:
0
1
1
0
/usr/bin/pnmshear:
0
0
1
0
/usr/bin/pampop9:
0
0
1
0
/usr/bin/mysqldump:
0
1
1
0
/usr/bin/w:
0
1
1
0
/usr/bin/xsltproc:
0
0
1
0
/usr/bin/winicontoppm:
0
1
1
0
/usr/bin/ksymoops:
0
1
1
0
/usr/bin/mbchk:
0
0
1
0
/usr/bin/finger:
1
1
1
0
/usr/bin/polkit-config-file-validate:
0
0
1
0
/usr/bin/ppmshift:
0
0
1
0
/usr/bin/appres:
0
0
1
0
/usr/bin/xmodmap:
0
1
1
0
/usr/bin/sg_rdac:
0
1
1
0
/usr/bin/getent:
0
0
1
0
/usr/bin/linc-cleanup-sockets:
0
1
1
0
/usr/bin/susetags2solv:
0
1
1
0
/usr/bin/application-browser:
0
0
1
0
/usr/bin/rendercheck:
0
1
1
0
/usr/bin/pbmtodjvurle:
0
0
1
0
/usr/bin/users:
0
0
1
0
/usr/bin/pamcut:
0
1
1
0
/usr/bin/pbmclean:
0
0
1
0
/usr/bin/soelim:
0
0
1
0
/usr/bin/xwud:
0
0
1
0
/usr/bin/opensc-tool:
0
1
1
0
/usr/bin/sg_format:
0
1
1
0
/usr/bin/intel_reg_checker:
0
1
1
0
/usr/bin/gvfs-trash:
0
0
1
0
/usr/bin/ftmemchk:
0
0
1
0
/usr/bin/gvfs-tree:
0
0
1
0
/usr/bin/cyrus_sasl_sample_client:
0
1
1
0
/usr/bin/gnome-mouse-properties:
0
0
1
0
/usr/bin/gnome-display-properties:
0
0
1
0
/usr/bin/combinedeltarpm:
0
1
1
0
/usr/bin/mysql:
0
1
1
0
/usr/bin/tifficc:
0
1
1
0
/usr/bin/xglyph:
0
0
1
0
/usr/bin/nautilus-autorun-software:
0
1
1
0
/usr/bin/mrftopbm:
0
0
1
0
/usr/bin/gprof:
0
1
1
0
/usr/bin/ppmrelief:
0
0
1
0
/usr/bin/scdaemon:
1
1
1
0
/usr/bin/xeyes:
0
0
1
0
/usr/bin/ldapurl:
1
1
1
0
/usr/bin/strip:
0
1
1
0
/usr/bin/tac:
0
0
1
0
/usr/bin/xsm:
0
1
1
0
/usr/bin/gpk-backend-status:
0
1
1
0
/usr/bin/icesh:
0
1
1
0
/usr/bin/qdbus:
0
0
1
0
/usr/bin/sss_ssh_knownhostsproxy:
0
1
1
0
/usr/bin/jpegtopnm:
0
1
1
0
/usr/bin/gnomevfs-df:
0
1
1
0
/usr/bin/numastat:
0
1
1
0
/usr/bin/xcutsel:
0
0
1
0
/usr/bin/alsamixer:
0
1
1
0
/usr/bin/sdiff:
0
1
1
0
/usr/bin/ftvalid:
0
0
1
0
/usr/bin/xrdb:
0
1
1
0
/usr/bin/espeak-synthesis-driver:
0
0
1
0
/usr/bin/gpg-connect-agent:
1
1
1
0
/usr/bin/ft1zoom:
0
0
1
0
/usr/bin/column:
0
0
1
0
/usr/bin/pammasksharpen:
0
1
1
0
/usr/bin/lpr:
1
1
1
0
/usr/bin/sg_reset_wp:
0
1
1
0
/usr/bin/ppmtosixel:
0
0
1
0
/usr/bin/lsattr:
0
0
1
0
/usr/bin/applydeltaiso:
0
1
1
0
/usr/bin/gnome-thumbnail-font:
0
0
1
0
/usr/bin/intel_backlight:
0
1
1
0
/usr/bin/chacl:
0
0
1
0
/usr/bin/jstest:
0
1
1
0
/usr/bin/lm1100:
0
1
1
0
/usr/bin/pnmalias:
0
0
1
0
/usr/bin/gpasswd:
1
1
1
0
/usr/bin/mkdfiff:
0
1
1
0
/usr/bin/lpstyl:
0
1
1
0
/usr/bin/grn:
0
1
1
0
/usr/bin/sginfo:
0
1
1
0
/usr/bin/migratepages:
0
0
1
0
/usr/bin/gnome-keyboard-properties:
0
0
1
0
/usr/bin/pjtoppm:
0
0
1
0
/usr/bin/id:
0
0
1
0
/usr/bin/pnmstitch:
0
1
1
0
/usr/bin/growisofs:
0
1
1
0
/usr/bin/pbmtoepson:
0
0
1
0
/usr/bin/rev:
0
0
1
0
/usr/bin/usbhid-dump:
0
1
1
0
/usr/bin/oclock:
0
0
1
0
/usr/bin/pbmupc:
0
0
1
0
/usr/bin/pbmtoptx:
0
0
1
0
/usr/bin/palmtopnm:
0
1
1
0
/usr/bin/mutt:
0
1
1
0
/usr/bin/ppmspread:
0
0
1
0
/usr/bin/icctrans:
0
1
1
0
/usr/bin/newgrp:
1
1
1
0
/usr/bin/cvt:
0
1
1
0
/usr/bin/ppmtoacad:
0
0
1
0
/usr/bin/lpstat:
1
1
1
0
/usr/bin/cZ11:
0
1
1
0
/usr/bin/yuvsplittoppm:
0
0
1
0
/usr/bin/mgrtopbm:
0
0
1
0
/usr/bin/pre-grohtml:
0
1
1
0
/usr/bin/htdigest2:
1
1
1
0
/usr/bin/pamseq:
0
1
1
0
/usr/bin/rgb3toppm:
0
0
1
0
/usr/bin/eu-strip:
0
1
1
0
/usr/bin/gpk-repo:
0
1
1
0
/usr/bin/xplsprinters:
0
0
1
0
/usr/bin/cryptoflex-tool:
0
1
1
0
/usr/bin/pgmtofs:
0
0
1
0
/usr/bin/pwdx:
0
1
1
0
/usr/bin/update-desktop-database:
0
1
1
0
/usr/bin/test-moniker:
0
0
1
0
/usr/bin/nsupdate:
1
1
1
0
/usr/bin/attr:
0
0
1
0
/usr/bin/pbmmake:
0
0
1
0
/usr/bin/gpk-service-pack:
0
1
1
0
/usr/bin/screen:
0
1
1
0
/usr/bin/xzdec:
0
1
1
0
/usr/bin/extlinux:
0
0
1
0
/usr/bin/gvfs-monitor-dir:
0
0
1
0
/usr/bin/rename:
0
0
1
0
/usr/bin/sg_unmap:
0
1
1
0
/usr/bin/sha384sum:
0
0
1
0
/usr/bin/renice:
0
0
1
0
/usr/bin/whatis:
0
1
1
0
/usr/bin/rpms2solv:
0
1
1
0
/usr/bin/ftgamma:
0
1
1
0
/usr/bin/gmime-uudecode:
0
1
1
0
/usr/bin/ivman:
0
1
1
0
/usr/bin/acpi:
0
1
1
0
/usr/bin/pbmtoicon:
0
0
1
0
/usr/bin/sg_emc_trespass:
0
1
1
0
/usr/bin/isodump:
0
1
1
0
/usr/bin/gpk-install-catalog:
0
1
1
0
/usr/bin/xcursorgen:
0
1
1
0
/usr/bin/pgrep:
0
1
1
0
/usr/bin/setfacl:
0
1
1
0
/usr/bin/sg_rbuf:
0
1
1
0
/usr/bin/pinentry-curses:
0
1
1
0
/usr/bin/rawtoppm:
0
0
1
0
/usr/bin/sg_write_same:
0
1
1
0
/usr/bin/less:
0
1
1
0
/usr/bin/pkcs15-crypt:
0
1
1
0
/usr/bin/base64:
0
1
1
0
/usr/bin/sg_read_buffer:
0
1
1
0
/usr/bin/ppmdither:
0
0
1
0
/usr/bin/intel_gpu_top:
0
1
1
0
/usr/bin/lispmtopgm:
0
0
1
0
/usr/bin/min12xxw:
0
1
1
0
/usr/bin/mailx.openssl0:
0
1
1
0
/usr/bin/eu-elflint:
0
1
1
0
/usr/bin/pkcs15-tool:
0
1
1
0
/usr/bin/gtk-update-icon-cache:
0
0
1
0
/usr/bin/pgmminkowski:
0
0
1
0
/usr/bin/sputoppm:
0
0
1
0
/usr/bin/fc-match32:
0
0
1
0
/usr/bin/setxkbmap:
0
1
1
0
/usr/bin/ranlib:
0
1
1
0
/usr/bin/gnomevfs-cat:
0
1
1
0
/usr/bin/richtoatk:
0
1
1
0
/usr/bin/richtext:
0
1
1
0
/usr/bin/eu-readelf:
0
1
1
0
/usr/bin/sirtopnm:
0
0
1
0
/usr/bin/gvfs-info:
0
0
1
0
/usr/bin/sfcbinst2mof:
0
1
1
0
/usr/bin/pdfimages:
0
0
1
0
/usr/bin/pamedge:
0
0
1
0
/usr/bin/head:
0
1
1
0
/usr/bin/xkbevd:
0
1
1
0
/usr/bin/lppasswd:
1
1
1
0
/usr/bin/pbmtopi3:
0
0
1
0
/usr/bin/rpm2cpio:
0
1
1
0
/usr/bin/lkbib:
0
0
1
0
/usr/bin/psidtopgm:
0
0
1
0
/usr/bin/hpijs:
0
1
1
0
/usr/bin/ssh:
1
1
1
1
/usr/bin/gnome-system-monitor:
0
1
1
0
/usr/bin/sg_test_rwbuf:
0
1
1
0
/usr/bin/quota:
1
1
1
0
/usr/bin/xdpyinfo:
0
0
1
0
/usr/bin/gdm-screenshot:
0
0
1
0
/usr/bin/intel_dpio_write:
0
1
1
0
/usr/bin/fips_standalone_sha1:
0
1
1
0
/usr/bin/acpiexec:
0
1
1
0
/usr/bin/xfs:
0
1
1
0
/usr/bin/gnome-power-preferences:
0
1
1
0
/usr/bin/pi1toppm:
0
0
1
0
/usr/bin/[:
0
1
1
0
/usr/bin/sg_xcopy:
0
1
1
0
/usr/bin/pbmtonokia:
0
1
1
0
/usr/bin/asciitopgm:
0
0
1
0
/usr/bin/ausyscall:
0
0
1
0
/usr/bin/rmcp_ping:
0
1
1
0
/usr/bin/which:
0
1
1
0
/usr/bin/dga:
0
0
1
0
/usr/bin/hexdump:
0
1
1
0
/usr/bin/sfcbdump:
0
1
1
0
/usr/bin/script:
0
1
1
0
/usr/bin/sg_sat_identify:
0
1
1
0
/usr/bin/pamperspective:
0
1
1
0
/usr/bin/sfconvert:
0
0
1
0
/usr/bin/localedef:
0
0
1
0
/usr/bin/ftmulti:
0
1
1
0
/usr/bin/pamarith:
0
1
1
0
/usr/bin/pbmtext:
0
1
1
0
/usr/bin/cupstestdsc:
1
1
1
0
/usr/bin/ldbsearch:
0
1
1
0
/usr/bin/gpm-root:
0
1
1
0
/usr/bin/nautilus:
0
1
1
0
/usr/bin/mysqlcheck:
0
1
1
0
/usr/bin/lastlog:
0
1
1
0
/usr/bin/gvfs-mkdir:
0
0
1
0
/usr/bin/xvminitoppm:
0
0
1
0
/usr/bin/applydeltarpm:
0
1
1
0
/usr/bin/xkbcomp:
0
1
1
0
/usr/bin/wodim:
0
1
1
0
/usr/bin/xpr:
0
1
1
0
/usr/bin/pbmtopsg3:
0
0
1
0
/usr/bin/sg_sync:
0
1
1
0
/usr/bin/pamendian:
0
0
1
0
/usr/bin/twm:
0
1
1
0
/usr/bin/gvfs-save:
0
1
1
0
/usr/bin/myisamchk:
0
1
1
0
/usr/bin/uniq:
0
0
1
0
/usr/bin/hal-is-caller-locked-out:
0
0
1
0
/usr/bin/ck-launch-session:
0
0
1
0
/usr/bin/file-roller:
0
1
1
0
/usr/bin/gdk-pixbuf-query-loaders-64:
0
0
1
0
/usr/bin/sg_map:
0
1
1
0
/usr/bin/sg_dd:
0
1
1
0
/usr/bin/m2400w:
0
1
1
0
/usr/bin/pamsharpmap:
0
1
1
0
/usr/bin/unmunch:
0
1
1
0
/usr/bin/ppmtopi1:
0
0
1
0
/usr/bin/install:
0
1
1
0
/usr/bin/bdftopcf:
0
0
1
0
/usr/bin/xrandr:
0
1
1
0
/usr/bin/acpisrc:
0
1
1
0
/usr/bin/eqn:
0
1
1
0
/usr/bin/getopt:
0
0
1
0
/usr/bin/ilbmtoppm:
0
1
1
0
/usr/bin/ntlm_auth:
1
1
1
0
/usr/bin/sh7722_jpegtool:
0
0
1
0
/usr/bin/hal-device:
0
1
1
0
/usr/bin/setarch:
0
1
1
0
/usr/bin/speaker-test:
0
0
1
0
/usr/bin/sg_get_lba_status:
0
1
1
0
/usr/bin/fonttosfnt:
0
1
1
0
/usr/bin/uuidgen:
0
1
1
0
/usr/bin/pbmreduce:
0
0
1
0
/usr/bin/gvfs-set-attribute:
0
0
1
0
/usr/bin/xterm:
0
1
1
0
/usr/bin/pngtopnm:
0
0
1
0
/usr/bin/pgmcrater:
0
0
1
0
/usr/bin/fc-cat:
0
0
1
0
/usr/bin/ngettext:
0
1
1
0
/usr/bin/munch:
0
1
1
0
/usr/bin/eu-findtextrel:
0
1
1
0
/usr/bin/xphelloworld:
0
1
1
0
/usr/bin/ck-list-sessions:
0
0
1
0
/usr/bin/ffmvforce:
0
1
1
0
/usr/bin/xmag:
0
1
1
0
/usr/bin/gpk-log:
0
1
1
0
/usr/bin/mtools:
0
1
1
0
/usr/bin/factor:
0
1
1
0
/usr/bin/calibrate_ppa:
0
1
1
0
/usr/bin/showrgb:
0
1
1
0
/usr/bin/xscreensaver-getimage:
0
1
1
0
/usr/bin/xdm:
0
1
1
0
/usr/bin/skill:
0
1
1
0
/usr/bin/pnmpsnr:
0
1
1
0
/usr/bin/ppmtoleaf:
0
0
1
0
/usr/bin/uudecode:
0
1
1
0
/usr/bin/zypper:
0
1
1
0
/usr/bin/ico:
0
1
1
0
/usr/bin/pbmto10x:
0
0
1
0
/usr/bin/xlsfonts:
0
1
1
0
/usr/bin/sg_write_buffer:
0
1
1
0
/usr/bin/disable-paste:
0
0
1
0
/usr/bin/ppmcolormask:
0
0
1
0
/usr/bin/pabrowse:
0
1
1
0
/usr/bin/piv-tool:
0
1
1
0
/usr/bin/gdb:
0
1
1
0
/usr/bin/dfbinspector:
0
1
1
0
/usr/bin/polkit-gnome-authorization:
0
1
1
0
/usr/bin/db_hotbackup:
0
1
1
0
/usr/bin/pamchannel:
0
1
1
0
/usr/bin/pathchk:
0
0
1
0
/usr/bin/amixer:
0
1
1
0
/usr/bin/dfbmaster:
0
0
1
0
/usr/bin/xvidtune:
0
1
1
0
/usr/bin/yuvtoppm:
0
0
1
0
/usr/bin/fc-match:
0
0
1
0
/usr/bin/xkbprint:
0
1
1
0
/usr/bin/pnmremap:
0
0
1
0
/usr/bin/gnome-nettool:
0
1
1
0
/usr/bin/intel_disable_clock_gating:
0
1
1
0
/usr/bin/create-branching-keyboard:
0
1
1
0
/usr/bin/sha1sum:
0
0
1
0
/usr/bin/pnmtotiff:
0
0
1
0
/usr/bin/xditview:
0
1
1
0
/usr/bin/xinit:
0
1
1
0
/usr/bin/vitmp:
0
1
1
0
/usr/bin/chrp-addnote:
0
0
1
0
/usr/bin/ppmmix:
0
0
1
0
/usr/bin/pamtohdiff:
0
0
1
0
/usr/bin/rsh:
1
1
1
0
/usr/bin/pcregrep:
0
1
1
0
/usr/bin/sg_vpd:
0
1
1
0
/usr/bin/esc-m:
0
1
1
0
/usr/bin/mysqlimport:
0
1
1
0
/usr/bin/deltainfoxml2solv:
0
1
1
0
/usr/bin/ypchfn:
0
1
1
0
/usr/bin/opensc-explorer:
0
1
1
0
/usr/bin/slptool:
0
1
1
0
/usr/bin/gnome-appearance-properties:
0
1
1
0
/usr/bin/xargs:
0
1
1
0
/usr/bin/zkt-ls:
0
1
1
0
/usr/bin/gpk-install-local-file:
0
1
1
0
/usr/bin/setterm:
0
1
1
0
/usr/bin/procinfo:
0
1
1
0
/usr/bin/ftchkwd:
0
0
1
0
/usr/bin/ppmwheel:
0
0
1
0
/usr/bin/ftgrid:
0
1
1
0
/usr/bin/xtrapin:
0
1
1
0
/usr/bin/ppmtogif:
0
0
1
0
/usr/bin/smbcontrol:
1
1
1
0
/usr/bin/solterm:
0
1
1
0
/usr/bin/sg_ses:
0
1
1
0
/usr/bin/iecset:
0
1
1
0
/usr/bin/pbmtobbnbg:
0
0
1
0
/usr/bin/pamlookup:
0
0
1
0
/usr/bin/vncviewer:
0
1
1
0
/usr/bin/pinky:
0
1
1
0
/usr/bin/suidperl:
0
1
1
0
/usr/bin/hpftodit:
0
1
1
0
/usr/bin/pamtopnm:
0
1
1
0
/usr/bin/metamail:
0
1
1
0
/usr/bin/ppmtoeyuv:
0
0
1
0
/usr/bin/isodebug:
0
1
1
0
/usr/bin/pgmtexture:
0
0
1
0
/usr/bin/qrttoppm:
0
0
1
0
/usr/bin/pbmtoppa:
0
1
1
0
/usr/bin/xwd:
0
1
1
0
/usr/bin/gnome-power-statistics:
0
1
1
0
/usr/bin/arecordmidi:
0
1
1
0
/usr/bin/intel_reg_dumper:
0
1
1
0
/usr/bin/cdrdao:
0
1
1
0
/usr/bin/tput:
0
0
1
0
/usr/bin/sg_logs:
0
1
1
0
/usr/bin/eu-addr2line:
0
0
1
0
/usr/bin/cupstestppd:
1
1
1
0
/usr/bin/gvfs-copy:
0
1
1
0
/usr/bin/pbmtogem:
0
0
1
0
/usr/bin/pnmdepth:
0
0
1
0
/usr/bin/size:
0
1
1
0
/usr/bin/ck-history:
0
1
1
0
/usr/bin/gtf:
0
0
1
0
/usr/bin/db_stat:
0
0
1
0
/usr/bin/lesskey:
0
1
1
0
/usr/bin/snapper:
0
1
1
0
/usr/bin/make:
0
1
1
0
/usr/bin/ypmatch:
0
1
1
0
/usr/bin/fvwm:
0
1
1
0
/usr/bin/groups:
0
0
1
0
/usr/bin/pnmhistmap:
0
0
1
0
/usr/bin/wbinfo:
1
1
1
0
/usr/bin/objcopy:
0
1
1
0
/usr/bin/ssh-add:
1
1
1
1
/usr/bin/tdbtool:
1
0
1
0
/usr/bin/ftdump:
0
0
1
0
/usr/bin/gnome-volume-control:
0
1
1
0
/usr/bin/pnmscalefixed:
0
0
1
0
/usr/bin/resolveip:
0
1
1
0
/usr/bin/sha256sum:
0
0
1
0
/usr/bin/dfbscreen:
0
1
1
0
/usr/bin/intel_bios_dumper:
0
0
1
0
/usr/bin/hal-set-property:
0
0
1
0
/usr/bin/cyrus_sasl_sample_server:
0
1
1
0
/usr/bin/grepjar:
0
1
1
0
/usr/bin/pnmtopalm:
0
1
1
0
/usr/bin/nohup:
0
0
1
0
/usr/bin/catman:
0
1
1
0
/usr/bin/refer:
0
1
1
0
/usr/bin/evince:
0
1
1
0
/usr/bin/gtk-query-immodules-2.0-64:
0
0
1
0
/usr/bin/modetest:
0
0
1
0
/usr/bin/ldappasswd:
1
1
1
0
/usr/bin/sum:
0
1
1
0
/usr/bin/dir:
0
1
1
0
/usr/bin/vmstat:
0
1
1
0
/usr/bin/pamflip:
0
1
1
0
/usr/bin/ldbdel:
0
0
1
0
/usr/bin/ppmtopcx:
0
0
1
0
/usr/bin/db_archive:
0
0
1
0
/usr/bin/Xephyr:
0
1
1
0
/usr/bin/pcretest:
0
1
1
0
/usr/bin/ijsgimpprint:
0
1
1
0
/usr/bin/pftp:
0
1
1
0
/usr/bin/tdbbackup:
1
0
1
0
/usr/bin/gok:
0
1
1
0
/usr/bin/mailto:
0
1
1
0
/usr/bin/pbmtolj:
0
0
1
0
/usr/bin/getconf:
0
0
1
0
/usr/bin/cytune:
0
0
1
0
/usr/bin/icewm-session:
0
1
1
0
/usr/bin/pmt-ofl:
0
1
1
0
/usr/bin/sg_write_long:
0
1
1
0
/usr/bin/ppmtv:
0
0
1
0
/usr/bin/wbmptopbm:
0
0
1
0
/usr/bin/pdftoabw:
0
0
1
0
/usr/bin/sgm_dd:
0
1
1
0
/usr/bin/xpsimplehelloworld:
0
1
1
0
/usr/bin/smproxy:
0
1
1
0
/usr/bin/xinput:
0
1
1
0
/usr/bin/printenv:
0
0
1
0
/usr/bin/eu-strings:
0
0
1
0
/usr/bin/fc-cache:
0
0
1
0
/usr/bin/numademo:
0
1
1
0
/usr/bin/timeout:
1
1
1
0
/usr/bin/patch:
0
1
1
0
/usr/bin/nslookup:
1
1
1
0
/usr/bin/gnome-screensaver-preferences:
0
1
1
0
/usr/bin/zenity:
0
1
1
0
/usr/bin/pamdice:
0
1
1
0
/usr/bin/tdbrestore:
1
1
1
0
/usr/bin/tset:
0
1
1
0
/usr/bin/pnmtile:
0
0
1
0
/usr/bin/ftstring:
0
1
1
0
/usr/bin/pbmtozinc:
0
0
1
0
/usr/bin/rlogin:
1
1
1
0
/usr/bin/readom:
0
1
1
0
/usr/bin/sg_sat_phy_event:
0
1
1
0
/usr/bin/sxpm:
0
0
1
0
/usr/bin/xlogo:
0
0
1
0
/usr/bin/xtrapinfo:
0
0
1
0
/usr/bin/xmlcatalog:
0
1
1
0
/usr/bin/gnome-power-manager:
0
1
1
0
/usr/bin/gouldtoppm:
0
1
1
0
/usr/bin/dfbpenmount:
0
1
1
0
/usr/bin/testparm:
1
1
1
0
/usr/bin/pnmtosgi:
0
0
1
0
/usr/bin/ppmtopict:
0
0
1
0
/usr/bin/sg_prevent:
0
1
1
0
/usr/bin/pdffonts:
0
0
1
0
/usr/bin/sha224sum:
0
0
1
0
/usr/bin/mcookie:
0
1
1
0
/usr/bin/ft1metric:
0
0
1
0
/usr/bin/sg_sat_read_gplog:
0
1
1
0
/usr/bin/ppmtopgm:
0
0
1
0
/usr/bin/panel-test-applets:
0
0
1
0
/usr/bin/xpxthelloworld:
0
1
1
0
/usr/bin/gpk-install-provide-file:
0
1
1
0
/usr/bin/xfd:
0
1
1
0
/usr/bin/pbmtoascii:
0
0
1
0
/usr/bin/write:
0
1
1
0
/usr/bin/db_checkpoint:
0
1
1
0
/usr/bin/tail:
0
1
1
0
/usr/bin/ionice:
0
1
1
0
/usr/bin/sg_read_block_limits:
0
1
1
0
/usr/bin/xedit:
0
1
1
0
/usr/bin/grodvi:
0
1
1
0
/usr/bin/berkeley_db_svc:
0
1
1
0
/usr/bin/syndaemon:
0
1
1
0
/usr/bin/bonobo-browser:
0
0
1
0
/usr/bin/ft1strtto:
0
0
1
0
/usr/bin/sftp:
1
1
1
1
/usr/bin/diff3:
0
0
1
0
/usr/bin/echo-client-2:
0
0
1
0
/usr/bin/chroot:
0
1
1
0
/usr/bin/isohybrid:
0
0
1
0
/usr/bin/directfb-csource:
0
1
1
0
/usr/bin/time:
0
0
1
0
/usr/bin/polkit-policy-file-validate:
0
1
1
0
/usr/bin/opieftpd:
0
1
1
0
/usr/bin/sg_opcodes:
0
1
1
0
/usr/bin/zkt-keyman:
0
1
1
0
/usr/bin/tr:
0
0
1
0
/usr/bin/tload:
0
1
1
0
/usr/bin/db_load:
0
1
1
0
/usr/bin/intel_reg_read:
0
1
1
0
/usr/bin/analyze:
0
1
1
0
/usr/bin/hltest:
0
1
1
0
/usr/bin/ipcmk:
0
0
1
0
/usr/bin/eu-ld:
0
1
1
0
/usr/bin/dwp:
0
1
1
0
/usr/bin/sg_rmsn:
0
1
1
0
/usr/bin/zkt-conf:
0
1
1
0
/usr/bin/vncpasswd:
0
1
1
0
/usr/bin/cpufreq-info:
0
1
1
0
/usr/bin/pamfile:
0
1
1
0
/usr/bin/gnome-window-properties:
0
0
1
0
/usr/bin/yes:
0
0
1
0
/usr/bin/dirmngr:
0
1
1
0
/usr/bin/fvwm-root:
0
1
1
0
/usr/bin/manpath:
0
1
1
0
/usr/bin/xkill:
0
1
1
0
/usr/bin/seq:
0
0
1
0
/usr/bin/metacity-message:
0
1
1
0
/usr/bin/chfn:
1
1
1
0
/usr/bin/ppmforge:
0
0
1
0
/usr/bin/gnomevfs-monitor:
0
1
1
0
/usr/bin/nmblookup:
1
1
1
0
/usr/bin/post-grohtml:
0
1
1
0
/usr/bin/getfattr:
0
1
1
0
/usr/bin/groff:
0
1
1
0
/bin/ypdomainname:
0
1
1
0
/bin/dbus-daemon:
1
1
1
0
/bin/bash:
0
1
1
0
/bin/uname:
0
0
1
0
/bin/egrep:
0
1
1
0
/bin/dbus-cleanup-sockets:
0
1
1
0
/bin/cpio:
0
1
1
0
/bin/keyctl:
0
1
1
0
/bin/mountpoint:
0
1
1
0
/bin/fillup:
0
1
1
0
/bin/blkparse:
0
1
1
0
/bin/readlink:
0
1
1
0
/bin/login:
0
1
1
0
/bin/date:
0
1
1
0
/bin/sed:
0
1
1
0
/bin/chmod:
0
0
1
0
/bin/ping:
1
1
1
0
/bin/cp:
0
1
1
0
/bin/netstat:
0
1
1
0
/bin/sleep:
0
0
1
0
/bin/blktrace:
0
1
1
0
/bin/logger:
0
1
1
0
/bin/setserial:
0
1
1
0
/bin/chown:
0
1
1
0
/bin/lsblk:
0
1
1
0
/bin/rm:
0
0
1
0
/bin/mapscrn:
0
1
1
0
/bin/more:
0
1
1
0
/bin/gzip:
0
1
1
0
/bin/dbus-monitor:
0
0
1
0
/bin/mknod:
0
0
1
0
/bin/stat:
0
1
1
0
/bin/setleds:
0
0
1
0
/bin/kbdrate:
0
0
1
0
/bin/fsync:
0
0
1
0
/bin/openvt:
0
1
1
0
/bin/rmdir:
0
0
1
0
/bin/mkdir:
0
0
1
0
/bin/vim-normal:
0
1
1
0
/bin/dd:
0
1
1
0
/bin/kbd_mode:
0
0
1
0
/bin/arch:
0
0
1
0
/bin/loadunimap:
0
1
1
0
/bin/loadkeys:
0
1
1
0
/bin/ls:
0
1
1
0
/bin/sort:
0
1
1
0
/bin/mv:
0
1
1
0
/bin/mktemp:
0
1
1
0
/bin/lsmod:
0
0
1
0
/bin/sash:
0
0
1
0
/bin/showkey:
0
0
1
0
/bin/eject:
0
1
1
0
/bin/md5sum:
0
0
1
0
/bin/ksh93:
0
1
1
0
/bin/stty:
0
0
1
0
/bin/hmac256:
0
1
1
0
/bin/tunctl:
1
1
1
0
/bin/fgrep:
0
1
1
0
/bin/loggen:
0
1
1
0
/bin/fuser:
0
1
1
0
/bin/hostname:
0
1
1
0
/bin/tcsh:
0
1
1
0
/bin/echo:
0
0
1
0
/bin/ln:
0
1
1
0
/bin/psfxtable:
0
1
1
0
/bin/false:
0
0
1
0
/bin/ps:
0
1
1
0
/bin/showconsolefont:
0
0
1
0
/bin/su:
1
0
1
0
/bin/grep:
0
1
1
0
/bin/umount:
0
1
1
0
/bin/dmesg:
0
1
1
0
/bin/basename:
0
0
1
0
/bin/mount:
0
1
1
0
/bin/chgrp:
0
1
1
0
/bin/zsh:
0
1
1
0
/bin/ed:
0
0
1
0
/bin/gawk:
0
1
1
0
/bin/cat:
0
1
1
0
/bin/getkeycodes:
0
0
1
0
/bin/findmnt:
0
0
1
0
/bin/setkeycodes:
0
0
1
0
/bin/nisdomainname:
0
1
1
0
/bin/pwd:
0
1
1
0
/bin/kill:
0
1
1
0
/bin/ping6:
1
1
1
0
/bin/dumpkeys:
0
0
1
0
/bin/sync:
0
0
1
0
/bin/fgconsole:
0
0
1
0
/bin/setmetamode:
0
0
1
0
/bin/initviocons:
0
0
1
0
/bin/deallocvt:
0
0
1
0
/bin/dbus-send:
0
0
1
0
/bin/usleep:
0
0
1
0
/bin/rpm:
0
1
1
0
/bin/touch:
0
1
1
0
/bin/dbus-uuidgen:
0
0
1
0
/bin/true:
0
0
1
0
/bin/setfont:
0
1
1
0
/bin/df:
0
1
1
0
/bin/chvt:
0
0
1
0
/bin/tar:
0
1
1
0
