/usr/bin/gencat:
0
0
1
0
/usr/bin/getent:
0
0
1
0
/usr/bin/iconv:
0
0
1
0
/usr/bin/locale:
0
0
1
0
/usr/bin/localedef:
0
0
1
0
/usr/bin/zip:
0
1
1
0
/usr/bin/zipcloak:
0
1
1
0
/usr/bin/zipnote:
0
1
1
0
/usr/bin/zipsplit:
0
1
1
0
/usr/bin/perl:
0
1
1
0
/usr/bin/perl5.18.2:
0
1
1
0
/usr/bin/patch:
0
1
1
0
/usr/bin/lsscsi:
0
1
1
0
/usr/bin/xmlwf:
0
0
1
0
/usr/bin/clear:
0
0
1
0
/usr/bin/tabs:
0
0
1
0
/usr/bin/toe:
0
0
1
0
/usr/bin/tput:
0
0
1
0
/usr/bin/tset:
0
1
1
0
/usr/bin/idn:
0
1
1
0
/usr/bin/xtermset:
0
1
1
0
/usr/bin/xscope:
0
1
1
0
/usr/bin/systool:
0
1
1
0
/usr/bin/sessreg:
0
1
1
0
/usr/bin/showrgb:
0
1
1
0
/usr/bin/prctl:
0
0
1
0
/usr/bin/pkg-config:
0
1
1
0
/usr/bin/x86_64-suse-linux-gnu-pkg-config:
0
1
1
0
/usr/bin/gpart:
0
1
1
0
/usr/bin/fribidi:
0
1
1
0
/usr/bin/fillup:
0
1
1
0
/usr/bin/fdupes:
0
1
1
0
/usr/bin/dos2unix:
0
1
1
0
/usr/bin/unix2dos:
0
1
1
0
/usr/bin/getdelays:
0
1
1
0
/usr/bin/checkmedia:
0
0
1
0
/usr/bin/extlinux:
0
0
1
0
/usr/bin/gethostip:
0
0
1
0
/usr/bin/isohybrid:
0
0
1
0
/usr/bin/memdiskfind:
0
0
1
0
/usr/bin/syslinux:
0
0
1
0
/usr/bin/syslinux-mtools:
0
0
1
0
/usr/bin/iceauth:
0
1
1
0
/usr/bin/unrar:
0
1
1
0
/usr/bin/procinfo:
0
1
1
0
/usr/bin/joe:
0
1
1
0
/usr/bin/termidx:
0
1
1
0
/usr/bin/hunspell:
0
1
1
0
/usr/bin/ypcat:
0
1
1
0
/usr/bin/ypmatch:
0
1
1
0
/usr/bin/ypwhich:
0
1
1
0
/usr/bin/nisdomainname:
0
1
1
0
/usr/bin/ypdomainname:
0
1
1
0
/usr/bin/ypchfn:
0
1
1
0
/usr/bin/ypchsh:
0
1
1
0
/usr/bin/yppasswd:
0
1
1
0
/usr/bin/xdg-user-dirs-update:
0
1
1
0
/usr/bin/smidiff:
0
1
1
0
/usr/bin/smidump:
0
1
1
0
/usr/bin/smilint:
0
0
1
0
/usr/bin/smiquery:
0
1
1
0
/usr/bin/smixlate:
0
0
1
0
/usr/bin/initviocons:
0
0
1
0
/usr/bin/pigz:
0
1
1
0
/usr/bin/luit:
0
1
1
0
/usr/bin/strace:
0
1
1
0
/usr/bin/sqlite3:
0
1
1
0
/usr/bin/lzmadec:
0
1
1
0
/usr/bin/lzmainfo:
0
1
1
0
/usr/bin/xz:
0
1
1
0
/usr/bin/xzdec:
0
1
1
0
/usr/bin/iptc:
0
0
1
0
/usr/bin/modeprint:
0
0
1
0
/usr/bin/modetest:
0
0
1
0
/usr/bin/python2.7:
0
0
1
0
/usr/bin/bzip2:
0
1
1
0
/usr/bin/bzip2recover:
0
0
1
0
/usr/bin/attr:
0
0
1
0
/usr/bin/getfattr:
0
1
1
0
/usr/bin/setfattr:
0
0
1
0
/usr/bin/ofl:
0
1
1
0
/usr/bin/dialog:
0
1
1
0
/usr/bin/analyze:
0
1
1
0
/usr/bin/chmorph:
0
1
1
0
/usr/bin/hunzip:
0
0
1
0
/usr/bin/hzip:
0
1
1
0
/usr/bin/munch:
0
1
1
0
/usr/bin/unmunch:
0
1
1
0
/usr/bin/x86info:
0
1
1
1
/usr/bin/quota:
1
1
1
0
/usr/bin/quotasync:
1
1
1
0
/usr/bin/btrfs-map-logical:
0
1
1
0
/usr/bin/info:
0
1
1
0
/usr/bin/infokey:
0
1
1
0
/usr/bin/eu-addr2line:
0
1
1
0
/usr/bin/eu-ar:
0
1
1
0
/usr/bin/eu-elfcmp:
0
1
1
0
/usr/bin/eu-elflint:
0
1
1
0
/usr/bin/eu-findtextrel:
0
1
1
0
/usr/bin/eu-ld:
0
1
1
0
/usr/bin/eu-nm:
0
1
1
0
/usr/bin/eu-objdump:
0
1
1
0
/usr/bin/eu-ranlib:
0
1
1
0
/usr/bin/eu-readelf:
0
1
1
0
/usr/bin/eu-size:
0
1
1
0
/usr/bin/eu-stack:
0
1
1
0
/usr/bin/eu-strings:
0
0
1
0
/usr/bin/eu-strip:
0
1
1
0
/usr/bin/eu-unstrip:
0
1
1
0
/usr/bin/smt:
0
1
1
0
/usr/bin/star:
0
1
1
0
/usr/bin/tartest:
0
1
1
0
/usr/bin/chacl:
0
0
1
0
/usr/bin/getfacl:
0
1
1
0
/usr/bin/setfacl:
0
1
1
0
/usr/bin/xlsclients:
0
0
1
0
/usr/bin/xlsatoms:
0
1
1
0
/usr/bin/espeak:
0
1
1
0
/usr/bin/which:
0
1
1
0
/usr/bin/time:
0
0
1
0
/usr/bin/recode:
0
0
1
0
/usr/bin/pinentry-curses:
0
1
1
0
/usr/bin/make:
0
1
1
0
/usr/bin/m4:
0
1
1
0
/usr/bin/egrep:
0
1
1
0
/usr/bin/fgrep:
0
1
1
0
/usr/bin/grep:
0
1
1
0
/usr/bin/find:
0
1
1
0
/usr/bin/oldfind:
0
1
1
0
/usr/bin/xargs:
0
1
1
0
/usr/bin/fastjar:
0
1
1
0
/usr/bin/grepjar:
0
1
1
0
/usr/bin/ed:
0
1
1
0
/usr/bin/chattr:
0
0
1
0
/usr/bin/lsattr:
0
0
1
0
/usr/bin/cmp:
0
1
1
0
/usr/bin/diff:
0
1
1
0
/usr/bin/diff3:
0
1
1
0
/usr/bin/sdiff:
0
1
1
0
/usr/bin/cpio:
0
1
1
0
/usr/bin/mt:
0
1
1
0
/usr/bin/bc:
0
1
1
0
/usr/bin/dc:
0
1
1
0
/usr/bin/xwininfo:
0
1
1
0
/usr/bin/xbacklight:
0
0
1
0
/usr/bin/xprop:
0
1
1
0
/usr/bin/xmodmap:
0
1
1
0
/usr/bin/xlsfonts:
0
1
1
0
/usr/bin/unclutter:
0
0
1
0
/usr/bin/cdrskin:
0
1
1
0
/usr/bin/xorriso:
0
0
1
0
/usr/bin/appres:
0
0
1
0
/usr/bin/rendercheck:
0
1
1
0
/usr/bin/BackGround:
0
1
1
0
/usr/bin/xkill:
0
1
1
0
/usr/bin/xhost:
0
1
1
0
/usr/bin/python3.4:
0
0
1
0
/usr/bin/python3.4m:
0
0
1
0
/usr/bin/a2p:
0
1
1
0
/usr/bin/killall:
0
1
1
0
/usr/bin/peekfd:
0
0
1
0
/usr/bin/prtstat:
0
1
1
0
/usr/bin/pstree:
0
1
1
0
/usr/bin/cpupower:
0
1
1
0
/usr/bin/turbostat:
0
1
1
0
/usr/bin/gdb:
0
1
1
0
/usr/bin/makedumpfile:
0
1
1
0
/usr/bin/gdk-pixbuf-query-loaders-64:
0
0
1
0
/usr/bin/cpp-4.8:
0
0
1
0
/usr/bin/zsh:
0
1
1
0
/usr/bin/sed:
0
1
1
0
/usr/bin/gzip:
0
1
1
0
/usr/bin/[:
0
1
1
0
/usr/bin/arch:
0
1
1
0
/usr/bin/base32:
0
1
1
0
/usr/bin/base64:
0
1
1
0
/usr/bin/basename:
0
1
1
0
/usr/bin/cat:
0
1
1
0
/usr/bin/chcon:
0
1
1
0
/usr/bin/chgrp:
0
1
1
0
/usr/bin/chmod:
0
1
1
0
/usr/bin/chown:
0
1
1
0
/usr/bin/chroot:
0
1
1
0
/usr/bin/cksum:
0
1
1
0
/usr/bin/comm:
0
1
1
0
/usr/bin/cp:
0
1
1
0
/usr/bin/csplit:
0
1
1
0
/usr/bin/cut:
0
1
1
0
/usr/bin/date:
0
1
1
0
/usr/bin/dd:
0
1
1
0
/usr/bin/df:
0
1
1
0
/usr/bin/dir:
0
1
1
0
/usr/bin/dircolors:
0
1
1
0
/usr/bin/dirname:
0
1
1
0
/usr/bin/du:
0
1
1
0
/usr/bin/echo:
0
1
1
0
/usr/bin/env:
0
1
1
0
/usr/bin/expand:
0
1
1
0
/usr/bin/expr:
0
1
1
0
/usr/bin/factor:
0
1
1
0
/usr/bin/false:
0
1
1
0
/usr/bin/fmt:
0
1
1
0
/usr/bin/fold:
0
1
1
0
/usr/bin/groups:
0
1
1
0
/usr/bin/head:
0
1
1
0
/usr/bin/hostid:
0
1
1
0
/usr/bin/id:
0
1
1
0
/usr/bin/install:
0
1
1
0
/usr/bin/join:
0
1
1
0
/usr/bin/link:
0
1
1
0
/usr/bin/ln:
0
1
1
0
/usr/bin/logname:
0
1
1
0
/usr/bin/ls:
0
1
1
0
/usr/bin/md5sum:
0
1
1
0
/usr/bin/mkdir:
0
1
1
0
/usr/bin/mkfifo:
0
1
1
0
/usr/bin/mknod:
0
1
1
0
/usr/bin/mktemp:
0
1
1
0
/usr/bin/mv:
0
1
1
0
/usr/bin/nice:
0
1
1
0
/usr/bin/nl:
0
1
1
0
/usr/bin/nohup:
0
1
1
0
/usr/bin/nproc:
0
1
1
0
/usr/bin/numfmt:
0
1
1
0
/usr/bin/od:
0
1
1
0
/usr/bin/paste:
0
1
1
0
/usr/bin/pathchk:
0
1
1
0
/usr/bin/pinky:
0
1
1
0
/usr/bin/pr:
0
1
1
0
/usr/bin/printenv:
0
1
1
0
/usr/bin/printf:
0
1
1
0
/usr/bin/ptx:
0
1
1
0
/usr/bin/pwd:
0
1
1
0
/usr/bin/readlink:
0
1
1
0
/usr/bin/realpath:
0
1
1
0
/usr/bin/rm:
0
1
1
0
/usr/bin/rmdir:
0
1
1
0
/usr/bin/runcon:
0
1
1
0
/usr/bin/seq:
0
1
1
0
/usr/bin/sha1sum:
0
1
1
0
/usr/bin/sha224sum:
0
1
1
0
/usr/bin/sha256sum:
0
1
1
0
/usr/bin/sha384sum:
0
1
1
0
/usr/bin/sha512sum:
0
1
1
0
/usr/bin/shred:
0
1
1
0
/usr/bin/shuf:
0
1
1
0
/usr/bin/sleep:
0
1
1
0
/usr/bin/sort:
0
1
1
0
/usr/bin/split:
0
1
1
0
/usr/bin/stat:
0
1
1
0
/usr/bin/stdbuf:
0
1
1
0
/usr/bin/stty:
0
1
1
0
/usr/bin/sum:
0
1
1
0
/usr/bin/sync:
0
1
1
0
/usr/bin/tac:
0
1
1
0
/usr/bin/tail:
0
1
1
0
/usr/bin/tee:
0
1
1
0
/usr/bin/test:
0
1
1
0
/usr/bin/timeout:
1
1
1
0
/usr/bin/touch:
0
1
1
0
/usr/bin/tr:
0
1
1
0
/usr/bin/true:
0
1
1
0
/usr/bin/truncate:
0
1
1
0
/usr/bin/tsort:
0
1
1
0
/usr/bin/tty:
0
1
1
0
/usr/bin/uname:
0
1
1
0
/usr/bin/unexpand:
0
1
1
0
/usr/bin/uniq:
0
1
1
0
/usr/bin/unlink:
0
1
1
0
/usr/bin/uptime:
0
1
1
0
/usr/bin/users:
0
1
1
0
/usr/bin/vdir:
0
1
1
0
/usr/bin/wc:
0
1
1
0
/usr/bin/who:
0
1
1
0
/usr/bin/whoami:
0
1
1
0
/usr/bin/yes:
0
1
1
0
/usr/bin/fips_standalone_hmac:
0
1
1
0
/usr/bin/openssl:
0
1
1
0
/usr/bin/file:
1
0
1
0
/usr/bin/xmlcatalog:
0
1
1
0
/usr/bin/xmllint:
0
1
1
0
/usr/bin/cyrus_sasl_sample_client:
0
1
1
0
/usr/bin/cyrus_sasl_sample_server:
0
1
1
0
/usr/bin/ftbench:
0
0
1
0
/usr/bin/ftdiff:
0
1
1
0
/usr/bin/ftdump:
0
0
1
0
/usr/bin/ftgamma:
0
1
1
0
/usr/bin/ftgrid:
0
1
1
0
/usr/bin/ftlint:
0
0
1
0
/usr/bin/ftmulti:
0
1
1
0
/usr/bin/ftstring:
0
1
1
0
/usr/bin/ftvalid:
0
0
1
0
/usr/bin/ftview:
0
1
1
0
/usr/bin/sg_compare_and_write:
0
1
1
0
/usr/bin/sg_copy_results:
0
1
1
0
/usr/bin/sg_dd:
0
1
1
0
/usr/bin/sg_decode_sense:
0
1
1
0
/usr/bin/sg_emc_trespass:
0
1
1
0
/usr/bin/sg_format:
0
1
1
0
/usr/bin/sg_get_config:
0
1
1
0
/usr/bin/sg_get_lba_status:
0
1
1
0
/usr/bin/sg_ident:
0
1
1
0
/usr/bin/sg_inq:
0
1
1
0
/usr/bin/sg_logs:
0
1
1
0
/usr/bin/sg_luns:
0
1
1
0
/usr/bin/sg_map:
0
1
1
0
/usr/bin/sg_map26:
0
1
1
0
/usr/bin/sg_modes:
0
1
1
0
/usr/bin/sg_opcodes:
0
1
1
0
/usr/bin/sg_persist:
0
1
1
0
/usr/bin/sg_prevent:
0
1
1
0
/usr/bin/sg_raw:
0
1
1
0
/usr/bin/sg_rbuf:
0
1
1
0
/usr/bin/sg_rdac:
0
1
1
0
/usr/bin/sg_read:
0
1
1
0
/usr/bin/sg_read_attr:
0
1
1
0
/usr/bin/sg_read_block_limits:
0
1
1
0
/usr/bin/sg_read_buffer:
0
1
1
0
/usr/bin/sg_read_long:
0
1
1
0
/usr/bin/sg_readcap:
0
1
1
0
/usr/bin/sg_reassign:
0
1
1
0
/usr/bin/sg_referrals:
0
1
1
0
/usr/bin/sg_rep_zones:
0
1
1
0
/usr/bin/sg_requests:
0
1
1
0
/usr/bin/sg_reset:
0
0
1
0
/usr/bin/sg_reset_wp:
0
1
1
0
/usr/bin/sg_rmsn:
0
1
1
0
/usr/bin/sg_rtpg:
0
1
1
0
/usr/bin/sg_safte:
0
1
1
0
/usr/bin/sg_sanitize:
0
1
1
0
/usr/bin/sg_sat_identify:
0
1
1
0
/usr/bin/sg_sat_phy_event:
0
1
1
0
/usr/bin/sg_sat_read_gplog:
0
1
1
0
/usr/bin/sg_sat_set_features:
0
1
1
0
/usr/bin/sg_scan:
0
1
1
0
/usr/bin/sg_senddiag:
0
1
1
0
/usr/bin/sg_ses:
0
1
1
0
/usr/bin/sg_ses_microcode:
0
1
1
0
/usr/bin/sg_start:
0
1
1
0
/usr/bin/sg_stpg:
0
1
1
0
/usr/bin/sg_sync:
0
1
1
0
/usr/bin/sg_test_rwbuf:
0
1
1
0
/usr/bin/sg_timestamp:
0
1
1
0
/usr/bin/sg_turs:
0
1
1
0
/usr/bin/sg_unmap:
0
1
1
0
/usr/bin/sg_verify:
0
1
1
0
/usr/bin/sg_vpd:
0
1
1
0
/usr/bin/sg_wr_mode:
0
1
1
0
/usr/bin/sg_write_buffer:
0
1
1
0
/usr/bin/sg_write_long:
0
1
1
0
/usr/bin/sg_write_same:
0
1
1
0
/usr/bin/sg_write_verify:
0
1
1
0
/usr/bin/sg_xcopy:
0
1
1
0
/usr/bin/sg_zone:
0
1
1
0
/usr/bin/sginfo:
0
1
1
0
/usr/bin/sgm_dd:
0
1
1
0
/usr/bin/sgp_dd:
0
1
1
0
/usr/bin/formail:
1
1
1
0
/usr/bin/lockfile:
1
1
1
0
/usr/bin/procmail:
1
1
1
0
/usr/bin/asn1Coding:
0
0
1
0
/usr/bin/asn1Decoding:
0
1
1
0
/usr/bin/asn1Parser:
0
0
1
0
/usr/bin/wget:
0
1
1
0
/usr/bin/tclsh8.6:
0
0
1
0
/usr/bin/convertdb1:
0
0
1
0
/usr/bin/rpm2cpio:
0
0
1
0
/usr/bin/rpmdb:
0
0
1
0
/usr/bin/rpmgraph:
0
0
1
0
/usr/bin/rpmkeys:
0
0
1
0
/usr/bin/rpmqpack:
0
0
1
0
/usr/bin/rpmsign:
0
0
1
0
/usr/bin/rpmspec:
0
0
1
0
/usr/bin/chkstat:
0
1
1
0
/usr/bin/ldapcompare:
1
1
1
0
/usr/bin/ldapdelete:
1
1
1
0
/usr/bin/ldapexop:
1
1
1
0
/usr/bin/ldapmodify:
1
1
1
0
/usr/bin/ldapmodrdn:
1
1
1
0
/usr/bin/ldappasswd:
1
1
1
0
/usr/bin/ldapsearch:
1
1
1
0
/usr/bin/ldapurl:
1
1
1
0
/usr/bin/ldapwhoami:
1
1
1
0
/usr/bin/augparse:
0
0
1
0
/usr/bin/augtool:
0
1
1
0
/usr/bin/fadot:
0
0
1
0
/usr/bin/free:
0
0
1
0
/usr/bin/pmap:
0
1
1
0
/usr/bin/pwdx:
0
0
1
0
/usr/bin/skill:
0
1
1
0
/usr/bin/slabtop:
0
1
1
0
/usr/bin/snice:
0
1
1
0
/usr/bin/tload:
0
0
1
0
/usr/bin/top:
0
1
1
0
/usr/bin/vmstat:
0
1
1
0
/usr/bin/w:
0
1
1
0
/usr/bin/watch:
0
1
1
0
/usr/bin/cancel:
1
1
1
1
/usr/bin/cupstestdsc:
1
1
1
1
/usr/bin/ippfind:
1
1
1
1
/usr/bin/ipptool:
1
1
1
1
/usr/bin/lp:
1
1
1
1
/usr/bin/lpoptions:
1
1
1
1
/usr/bin/lppasswd:
1
1
1
1
/usr/bin/lpq:
1
1
1
1
/usr/bin/lpr:
1
1
1
1
/usr/bin/lprm:
1
0
1
1
/usr/bin/lpstat:
1
1
1
1
/usr/bin/dig:
1
1
1
0
/usr/bin/host:
1
1
1
0
/usr/bin/idnconv:
1
1
1
0
/usr/bin/nslookup:
1
1
1
0
/usr/bin/nsupdate:
1
1
1
0
/usr/bin/appdata2solv:
0
1
1
0
/usr/bin/comps2solv:
0
1
1
0
/usr/bin/deltainfoxml2solv:
0
1
1
0
/usr/bin/dumpsolv:
0
1
1
0
/usr/bin/installcheck:
0
1
1
0
/usr/bin/mergesolv:
0
1
1
0
/usr/bin/repomdxml2solv:
0
1
1
0
/usr/bin/rpmdb2solv:
0
1
1
0
/usr/bin/rpmmd2solv:
0
1
1
0
/usr/bin/rpms2solv:
0
1
1
0
/usr/bin/susetags2solv:
0
1
1
0
/usr/bin/testsolv:
0
1
1
0
/usr/bin/updateinfoxml2solv:
0
1
1
0
/usr/bin/w3m:
1
1
1
0
/usr/bin/slptool:
0
1
1
0
/usr/bin/qdbus:
0
0
1
0
/usr/bin/xmlpatterns:
0
0
1
0
/usr/bin/xmlpatternsvalidator:
0
0
1
0
/usr/bin/genisoimage:
0
1
1
0
/usr/bin/411toppm:
0
0
1
0
/usr/bin/asciitopgm:
0
0
1
0
/usr/bin/atktopbm:
0
0
1
0
/usr/bin/avstopam:
0
1
1
0
/usr/bin/bioradtopgm:
0
0
1
0
/usr/bin/bmptopnm:
0
1
1
0
/usr/bin/brushtopbm:
0
1
1
0
/usr/bin/cameratopam:
0
1
1
0
/usr/bin/cistopbm:
0
0
1
0
/usr/bin/cmuwmtopbm:
0
0
1
0
/usr/bin/ddbugtopbm:
0
0
1
0
/usr/bin/escp2topbm:
0
0
1
0
/usr/bin/eyuvtoppm:
0
0
1
0
/usr/bin/fiascotopnm:
0
1
1
0
/usr/bin/fitstopnm:
0
1
1
0
/usr/bin/fstopgm:
0
0
1
0
/usr/bin/gemtopnm:
0
0
1
0
/usr/bin/giftopnm:
0
1
1
0
/usr/bin/gouldtoppm:
0
1
1
0
/usr/bin/hdifftopam:
0
0
1
0
/usr/bin/hipstopgm:
0
1
1
0
/usr/bin/ilbmtoppm:
0
1
1
0
/usr/bin/imgtoppm:
0
1
1
0
/usr/bin/infotopam:
0
1
1
0
/usr/bin/jbigtopnm:
0
1
1
0
/usr/bin/jpeg2ktopam:
0
1
1
0
/usr/bin/jpegtopnm:
0
1
1
0
/usr/bin/leaftoppm:
0
1
1
0
/usr/bin/lispmtopgm:
0
0
1
0
/usr/bin/macptopbm:
0
0
1
0
/usr/bin/mdatopbm:
0
0
1
0
/usr/bin/mgrtopbm:
0
0
1
0
/usr/bin/mrftopbm:
0
0
1
0
/usr/bin/mtvtoppm:
0
0
1
0
/usr/bin/neotoppm:
0
0
1
0
/usr/bin/palmtopnm:
0
1
1
0
/usr/bin/pamaddnoise:
0
1
1
0
/usr/bin/pamarith:
0
1
1
0
/usr/bin/pambackground:
0
1
1
0
/usr/bin/pambayer:
0
1
1
0
/usr/bin/pamchannel:
0
1
1
0
/usr/bin/pamcomp:
0
1
1
0
/usr/bin/pamcut:
0
1
1
0
/usr/bin/pamdeinterlace:
0
1
1
0
/usr/bin/pamdepth:
0
1
1
0
/usr/bin/pamdice:
0
1
1
0
/usr/bin/pamditherbw:
0
1
1
0
/usr/bin/pamedge:
0
1
1
0
/usr/bin/pamendian:
0
0
1
0
/usr/bin/pamenlarge:
0
1
1
0
/usr/bin/pamexec:
0
1
1
0
/usr/bin/pamfile:
0
1
1
0
/usr/bin/pamfix:
0
1
1
0
/usr/bin/pamflip:
0
1
1
0
/usr/bin/pamfunc:
0
1
1
0
/usr/bin/pamgauss:
0
1
1
0
/usr/bin/pamgradient:
0
1
1
0
/usr/bin/pamlookup:
0
0
1
0
/usr/bin/pammasksharpen:
0
1
1
0
/usr/bin/pammixinterlace:
0
1
1
0
/usr/bin/pammosaicknit:
0
1
1
0
/usr/bin/pamoil:
0
0
1
0
/usr/bin/pampaintspill:
0
1
1
0
/usr/bin/pamperspective:
0
1
1
0
/usr/bin/pampick:
0
1
1
0
/usr/bin/pampop9:
0
0
1
0
/usr/bin/pamrecolor:
0
1
1
0
/usr/bin/pamrgbatopng:
0
1
1
0
/usr/bin/pamrubber:
0
1
1
0
/usr/bin/pamscale:
0
1
1
0
/usr/bin/pamseq:
0
1
1
0
/usr/bin/pamsharpmap:
0
1
1
0
/usr/bin/pamsharpness:
0
1
1
0
/usr/bin/pamsistoaglyph:
0
1
1
0
/usr/bin/pamslice:
0
0
1
0
/usr/bin/pamsplit:
0
1
1
0
/usr/bin/pamstack:
0
1
1
0
/usr/bin/pamstereogram:
0
1
1
0
/usr/bin/pamstretch:
0
0
1
0
/usr/bin/pamsumm:
0
1
1
0
/usr/bin/pamsummcol:
0
1
1
0
/usr/bin/pamthreshold:
0
1
1
0
/usr/bin/pamtilt:
0
1
1
0
/usr/bin/pamtoavs:
0
1
1
0
/usr/bin/pamtodjvurle:
0
1
1
0
/usr/bin/pamtofits:
0
1
1
0
/usr/bin/pamtogif:
0
1
1
0
/usr/bin/pamtohdiff:
0
0
1
0
/usr/bin/pamtohtmltbl:
0
1
1
0
/usr/bin/pamtojpeg2k:
0
1
1
0
/usr/bin/pamtompfont:
0
1
1
0
/usr/bin/pamtooctaveimg:
0
1
1
0
/usr/bin/pamtopam:
0
1
1
0
/usr/bin/pamtopdbimg:
0
1
1
0
/usr/bin/pamtopfm:
0
1
1
0
/usr/bin/pamtopnm:
0
1
1
0
/usr/bin/pamtosrf:
0
1
1
0
/usr/bin/pamtosvg:
0
1
1
0
/usr/bin/pamtotga:
0
1
1
0
/usr/bin/pamtotiff:
0
1
1
0
/usr/bin/pamtouil:
0
1
1
0
/usr/bin/pamtowinicon:
0
1
1
0
/usr/bin/pamtoxvmini:
0
1
1
0
/usr/bin/pamundice:
0
1
1
0
/usr/bin/pamvalidate:
0
1
1
0
/usr/bin/pamwipeout:
0
1
1
0
/usr/bin/pamx:
0
1
1
0
/usr/bin/pbmclean:
0
0
1
0
/usr/bin/pbmlife:
0
0
1
0
/usr/bin/pbmmake:
0
0
1
0
/usr/bin/pbmmask:
0
0
1
0
/usr/bin/pbmminkowski:
0
0
1
0
/usr/bin/pbmpage:
0
1
1
0
/usr/bin/pbmpscale:
0
0
1
0
/usr/bin/pbmreduce:
0
0
1
0
/usr/bin/pbmtext:
0
1
1
0
/usr/bin/pbmtextps:
0
1
1
0
/usr/bin/pbmto10x:
0
0
1
0
/usr/bin/pbmto4425:
0
0
1
0
/usr/bin/pbmtoascii:
0
0
1
0
/usr/bin/pbmtoatk:
0
1
1
0
/usr/bin/pbmtobbnbg:
0
0
1
0
/usr/bin/pbmtocis:
0
0
1
0
/usr/bin/pbmtocmuwm:
0
1
1
0
/usr/bin/pbmtodjvurle:
0
0
1
0
/usr/bin/pbmtoepsi:
0
0
1
0
/usr/bin/pbmtoepson:
0
0
1
0
/usr/bin/pbmtoescp2:
0
0
1
0
/usr/bin/pbmtog3:
0
1
1
0
/usr/bin/pbmtogem:
0
0
1
0
/usr/bin/pbmtogo:
0
1
1
0
/usr/bin/pbmtoibm23xx:
0
0
1
0
/usr/bin/pbmtolj:
0
0
1
0
/usr/bin/pbmtoln03:
0
1
1
0
/usr/bin/pbmtolps:
0
0
1
0
/usr/bin/pbmtomacp:
0
1
1
0
/usr/bin/pbmtomatrixorbital:
0
0
1
0
/usr/bin/pbmtomda:
0
0
1
0
/usr/bin/pbmtomgr:
0
0
1
0
/usr/bin/pbmtomrf:
0
0
1
0
/usr/bin/pbmtonokia:
0
1
1
0
/usr/bin/pbmtopgm:
0
0
1
0
/usr/bin/pbmtopi3:
0
0
1
0
/usr/bin/pbmtopk:
0
1
1
0
/usr/bin/pbmtoplot:
0
0
1
0
/usr/bin/pbmtoppa:
0
1
1
0
/usr/bin/pbmtopsg3:
0
0
1
0
/usr/bin/pbmtoptx:
0
0
1
0
/usr/bin/pbmtosunicon:
0
0
1
0
/usr/bin/pbmtowbmp:
0
0
1
0
/usr/bin/pbmtoxbm:
0
0
1
0
/usr/bin/pbmtoybm:
0
0
1
0
/usr/bin/pbmtozinc:
0
1
1
0
/usr/bin/pbmupc:
0
0
1
0
/usr/bin/pc1toppm:
0
0
1
0
/usr/bin/pcxtoppm:
0
0
1
0
/usr/bin/pdbimgtopam:
0
1
1
0
/usr/bin/pfmtopam:
0
1
1
0
/usr/bin/pgmabel:
0
0
1
0
/usr/bin/pgmbentley:
0
0
1
0
/usr/bin/pgmcrater:
0
0
1
0
/usr/bin/pgmdeshadow:
0
0
1
0
/usr/bin/pgmenhance:
0
0
1
0
/usr/bin/pgmhist:
0
0
1
0
/usr/bin/pgmkernel:
0
0
1
0
/usr/bin/pgmmake:
0
0
1
0
/usr/bin/pgmmedian:
0
0
1
0
/usr/bin/pgmminkowski:
0
0
1
0
/usr/bin/pgmmorphconv:
0
0
1
0
/usr/bin/pgmnoise:
0
0
1
0
/usr/bin/pgmramp:
0
0
1
0
/usr/bin/pgmtexture:
0
0
1
0
/usr/bin/pgmtofs:
0
0
1
0
/usr/bin/pgmtolispm:
0
0
1
0
/usr/bin/pgmtopbm:
0
0
1
0
/usr/bin/pgmtopgm:
0
0
1
0
/usr/bin/pgmtoppm:
0
0
1
0
/usr/bin/pi1toppm:
0
0
1
0
/usr/bin/pi3topbm:
0
0
1
0
/usr/bin/pjtoppm:
0
0
1
0
/usr/bin/pktopbm:
0
1
1
0
/usr/bin/pngtopam:
0
1
1
0
/usr/bin/pnmalias:
0
0
1
0
/usr/bin/pnmcat:
0
0
1
0
/usr/bin/pnmcolormap:
0
1
1
0
/usr/bin/pnmcomp:
0
0
1
0
/usr/bin/pnmconvol:
0
1
1
0
/usr/bin/pnmcrop:
0
0
1
0
/usr/bin/pnmgamma:
0
0
1
0
/usr/bin/pnmhisteq:
0
0
1
0
/usr/bin/pnmhistmap:
0
0
1
0
/usr/bin/pnmindex:
0
0
1
0
/usr/bin/pnminvert:
0
0
1
0
/usr/bin/pnmmercator:
0
0
1
0
/usr/bin/pnmmontage:
0
1
1
0
/usr/bin/pnmnlfilt:
0
0
1
0
/usr/bin/pnmnorm:
0
0
1
0
/usr/bin/pnmpad:
0
0
1
0
/usr/bin/pnmpaste:
0
0
1
0
/usr/bin/pnmpsnr:
0
1
1
0
/usr/bin/pnmremap:
0
1
1
0
/usr/bin/pnmrotate:
0
0
1
0
/usr/bin/pnmscalefixed:
0
0
1
0
/usr/bin/pnmshear:
0
0
1
0
/usr/bin/pnmsmooth:
0
0
1
0
/usr/bin/pnmstitch:
0
0
1
0
/usr/bin/pnmtile:
0
0
1
0
/usr/bin/pnmtoddif:
0
1
1
0
/usr/bin/pnmtofiasco:
0
1
1
0
/usr/bin/pnmtojbig:
0
1
1
0
/usr/bin/pnmtojpeg:
0
1
1
0
/usr/bin/pnmtopalm:
0
1
1
0
/usr/bin/pnmtopclxl:
0
1
1
0
/usr/bin/pnmtopng:
0
1
1
0
/usr/bin/pnmtops:
0
1
1
0
/usr/bin/pnmtorast:
0
0
1
0
/usr/bin/pnmtorle:
0
1
1
0
/usr/bin/pnmtosgi:
0
0
1
0
/usr/bin/pnmtosir:
0
0
1
0
/usr/bin/pnmtotiffcmyk:
0
0
1
0
/usr/bin/pnmtoxwd:
0
0
1
0
/usr/bin/ppm3d:
0
0
1
0
/usr/bin/ppmbrighten:
0
0
1
0
/usr/bin/ppmchange:
0
0
1
0
/usr/bin/ppmcie:
0
1
1
0
/usr/bin/ppmcolormask:
0
0
1
0
/usr/bin/ppmcolors:
0
0
1
0
/usr/bin/ppmdcfont:
0
1
1
0
/usr/bin/ppmddumpfont:
0
0
1
0
/usr/bin/ppmdim:
0
0
1
0
/usr/bin/ppmdist:
0
0
1
0
/usr/bin/ppmdither:
0
1
1
0
/usr/bin/ppmdmkfont:
0
1
1
0
/usr/bin/ppmdraw:
0
0
1
0
/usr/bin/ppmflash:
0
0
1
0
/usr/bin/ppmforge:
0
0
1
0
/usr/bin/ppmglobe:
0
0
1
0
/usr/bin/ppmhist:
0
0
1
0
/usr/bin/ppmlabel:
0
1
1
0
/usr/bin/ppmmake:
0
0
1
0
/usr/bin/ppmmix:
0
0
1
0
/usr/bin/ppmntsc:
0
0
1
0
/usr/bin/ppmpat:
0
0
1
0
/usr/bin/ppmrelief:
0
0
1
0
/usr/bin/ppmrough:
0
0
1
0
/usr/bin/ppmshift:
0
0
1
0
/usr/bin/ppmspread:
0
0
1
0
/usr/bin/ppmtoacad:
0
0
1
0
/usr/bin/ppmtoapplevol:
0
0
1
0
/usr/bin/ppmtoarbtxt:
0
1
1
0
/usr/bin/ppmtoascii:
0
0
1
0
/usr/bin/ppmtobmp:
0
0
1
0
/usr/bin/ppmtoeyuv:
0
0
1
0
/usr/bin/ppmtogif:
0
1
1
0
/usr/bin/ppmtoicr:
0
0
1
0
/usr/bin/ppmtoilbm:
0
0
1
0
/usr/bin/ppmtoleaf:
0
0
1
0
/usr/bin/ppmtolj:
0
0
1
0
/usr/bin/ppmtomitsu:
0
1
1
0
/usr/bin/ppmtoneo:
0
0
1
0
/usr/bin/ppmtopcx:
0
0
1
0
/usr/bin/ppmtopgm:
0
0
1
0
/usr/bin/ppmtopi1:
0
0
1
0
/usr/bin/ppmtopict:
0
0
1
0
/usr/bin/ppmtopj:
0
0
1
0
/usr/bin/ppmtopjxl:
0
0
1
0
/usr/bin/ppmtoppm:
0
0
1
0
/usr/bin/ppmtopuzz:
0
0
1
0
/usr/bin/ppmtorgb3:
0
0
1
0
/usr/bin/ppmtosixel:
0
0
1
0
/usr/bin/ppmtospu:
0
1
1
0
/usr/bin/ppmtoterm:
0
0
1
0
/usr/bin/ppmtowinicon:
0
0
1
0
/usr/bin/ppmtoxpm:
0
0
1
0
/usr/bin/ppmtoyuv:
0
0
1
0
/usr/bin/ppmtoyuvsplit:
0
1
1
0
/usr/bin/ppmtv:
0
0
1
0
/usr/bin/ppmwheel:
0
0
1
0
/usr/bin/psidtopgm:
0
0
1
0
/usr/bin/pstopnm:
0
1
1
0
/usr/bin/qrttoppm:
0
0
1
0
/usr/bin/rasttopnm:
0
0
1
0
/usr/bin/rawtopgm:
0
0
1
0
/usr/bin/rawtoppm:
0
0
1
0
/usr/bin/rgb3toppm:
0
0
1
0
/usr/bin/rlatopam:
0
1
1
0
/usr/bin/rletopnm:
0
1
1
0
/usr/bin/sbigtopgm:
0
1
1
0
/usr/bin/sgitopnm:
0
0
1
0
/usr/bin/sirtopnm:
0
0
1
0
/usr/bin/sldtoppm:
0
1
1
0
/usr/bin/spctoppm:
0
0
1
0
/usr/bin/spottopgm:
0
0
1
0
/usr/bin/sputoppm:
0
0
1
0
/usr/bin/srftopam:
0
1
1
0
/usr/bin/sunicontopnm:
0
1
1
0
/usr/bin/svgtopam:
0
1
1
0
/usr/bin/tgatoppm:
0
1
1
0
/usr/bin/thinkjettopbm:
0
0
1
0
/usr/bin/tifftopnm:
0
1
1
0
/usr/bin/wbmptopbm:
0
0
1
0
/usr/bin/winicontopam:
0
1
1
0
/usr/bin/winicontoppm:
0
1
1
0
/usr/bin/xbmtopbm:
0
1
1
0
/usr/bin/ximtoppm:
0
1
1
0
/usr/bin/xpmtoppm:
0
1
1
0
/usr/bin/xvminitoppm:
0
1
1
0
/usr/bin/xwdtopnm:
0
1
1
0
/usr/bin/ybmtopbm:
0
0
1
0
/usr/bin/yuvsplittoppm:
0
0
1
0
/usr/bin/yuvtoppm:
0
0
1
0
/usr/bin/zeisstopnm:
0
0
1
0
/usr/bin/ycpc:
0
1
1
0
/usr/bin/epsffit:
0
1
1
0
/usr/bin/psbook:
0
1
1
0
/usr/bin/psnup:
0
1
1
0
/usr/bin/psresize:
0
1
1
0
/usr/bin/psselect:
0
1
1
0
/usr/bin/pstops:
0
1
1
0
/usr/bin/memhog:
0
0
1
0
/usr/bin/migratepages:
0
0
1
0
/usr/bin/migspeed:
0
1
1
0
/usr/bin/numactl:
0
1
1
0
/usr/bin/numademo:
0
1
1
0
/usr/bin/numastat:
0
1
1
0
/usr/bin/mailx:
0
1
1
0
/usr/bin/mkfontscale:
0
1
1
0
/usr/bin/fonttosfnt:
0
1
1
0
/usr/bin/fc-cache:
0
0
1
0
/usr/bin/fc-cat:
0
0
1
0
/usr/bin/fc-list:
0
0
1
0
/usr/bin/fc-match:
0
0
1
0
/usr/bin/fc-pattern:
0
0
1
0
/usr/bin/fc-query:
0
0
1
0
/usr/bin/fc-scan:
0
0
1
0
/usr/bin/fc-validate:
0
0
1
0
/usr/bin/fc-cache32:
0
0
1
0
/usr/bin/fc-cat32:
0
0
1
0
/usr/bin/fc-list32:
0
0
1
0
/usr/bin/fc-match32:
0
0
1
0
/usr/bin/vitmp:
0
0
1
0
/usr/bin/xxd:
0
0
1
0
/usr/bin/shar:
0
1
1
0
/usr/bin/unshar:
0
1
1
0
/usr/bin/uudecode:
0
1
1
0
/usr/bin/uuencode:
0
0
1
0
/usr/bin/update-mime-database:
0
0
1
0
/usr/bin/chvt:
0
0
1
0
/usr/bin/clrunimap:
0
0
1
0
/usr/bin/deallocvt:
0
0
1
0
/usr/bin/dumpkeys:
0
0
1
0
/usr/bin/fgconsole:
0
0
1
0
/usr/bin/getkeycodes:
0
0
1
0
/usr/bin/getunimap:
0
1
1
0
/usr/bin/kbd_mode:
0
0
1
0
/usr/bin/kbdinfo:
0
0
1
0
/usr/bin/kbdrate:
0
0
1
0
/usr/bin/loadkeys:
0
1
1
0
/usr/bin/loadunimap:
0
1
1
0
/usr/bin/mapscrn:
0
1
1
0
/usr/bin/openvt:
0
1
1
0
/usr/bin/outpsfheader:
0
0
1
0
/usr/bin/psfxtable:
0
1
1
0
/usr/bin/resizecons:
0
1
1
0
/usr/bin/screendump:
0
0
1
0
/usr/bin/setfont:
0
1
1
0
/usr/bin/setkeycodes:
0
0
1
0
/usr/bin/setleds:
0
0
1
0
/usr/bin/setlogcons:
0
0
1
0
/usr/bin/setmetamode:
0
0
1
0
/usr/bin/setpalette:
0
1
1
0
/usr/bin/setvesablank:
0
0
1
0
/usr/bin/setvtrgb:
0
0
1
0
/usr/bin/showconsolefont:
0
0
1
0
/usr/bin/showkey:
0
0
1
0
/usr/bin/spawn_console:
0
0
1
0
/usr/bin/spawn_login:
0
0
1
0
/usr/bin/eqn:
0
1
1
0
/usr/bin/groff:
0
1
1
0
/usr/bin/grops:
0
1
1
0
/usr/bin/grotty:
0
1
1
0
/usr/bin/pic:
0
0
1
0
/usr/bin/preconv:
0
1
1
0
/usr/bin/soelim:
0
0
1
0
/usr/bin/tbl:
0
0
1
0
/usr/bin/troff:
0
1
1
0
/usr/bin/ft1dump:
0
1
1
0
/usr/bin/ft1error:
0
0
1
0
/usr/bin/ft1lint:
0
0
1
0
/usr/bin/ft1metric:
0
0
1
0
/usr/bin/ft1sbit:
0
0
1
0
/usr/bin/ft1string:
0
0
1
0
/usr/bin/ft1strpnm:
0
0
1
0
/usr/bin/ft1strtto:
0
0
1
0
/usr/bin/ft1timer:
0
0
1
0
/usr/bin/ft1view:
0
0
1
0
/usr/bin/ft1zoom:
0
0
1
0
/usr/bin/blkiomon:
0
0
1
0
/usr/bin/blkrawverify:
0
1
1
0
/usr/bin/btrecord:
0
1
1
0
/usr/bin/btreplay:
0
1
1
0
/usr/bin/btt:
0
1
1
0
/usr/bin/verify_blkparse:
0
1
1
0
/usr/bin/xli:
0
1
1
0
/usr/bin/xlito:
0
1
1
0
/usr/bin/test_xauth:
0
0
1
0
/usr/bin/xauth:
0
1
1
0
/usr/bin/xsetroot:
0
0
1
0
/usr/bin/xcursorgen:
0
1
1
0
/usr/bin/dirmngr:
0
1
1
0
/usr/bin/dirmngr-client:
0
1
1
0
/usr/bin/less:
0
1
1
0
/usr/bin/lessecho:
0
1
1
0
/usr/bin/lesskey:
0
1
1
0
/usr/bin/stdlogctl:
0
0
1
0
/usr/bin/p11-kit:
0
1
1
0
/usr/bin/trust:
0
1
1
0
/usr/bin/expect:
0
1
1
0
/usr/bin/applydeltaiso:
0
1
1
0
/usr/bin/applydeltarpm:
0
1
1
0
/usr/bin/combinedeltarpm:
0
1
1
0
/usr/bin/fragiso:
0
1
1
0
/usr/bin/makedeltaiso:
0
1
1
0
/usr/bin/makedeltarpm:
0
1
1
0
/usr/bin/cdinfo:
0
0
1
0
/usr/bin/readom:
0
1
1
0
/usr/bin/wodim:
1
1
1
0
/usr/bin/opieftpd:
1
1
1
0
/usr/bin/opiegen:
1
1
1
0
/usr/bin/opieinfo:
1
1
1
0
/usr/bin/opiekey:
1
1
1
0
/usr/bin/opielogin:
1
1
1
0
/usr/bin/opiepasswd:
1
1
1
0
/usr/bin/opiesu:
1
1
1
0
/usr/bin/ping:
1
1
1
1
/usr/bin/ping6:
1
1
1
1
/usr/bin/mkmanifest:
0
1
1
0
/usr/bin/mtools:
0
1
1
0
/usr/bin/fipscheck:
0
1
1
0
/usr/bin/fipshmac:
0
1
1
0
/usr/bin/envsubst:
0
1
1
0
/usr/bin/gettext:
0
1
1
0
/usr/bin/msgfmt:
0
1
1
0
/usr/bin/ngettext:
0
1
1
0
/usr/bin/xsltproc:
0
0
1
0
/usr/bin/xrdb:
0
1
1
0
/usr/bin/funzip-plain:
1
1
1
0
/usr/bin/unzip-plain:
1
1
1
0
/usr/bin/unzipsfx-plain:
1
1
1
0
/usr/bin/lksh:
0
1
1
0
/usr/bin/mksh:
0
1
1
0
/usr/bin/lua5.2:
0
0
1
0
/usr/bin/luac5.2:
0
0
1
0
/usr/bin/gawk:
0
1
1
0
/usr/bin/last:
0
1
1
0
/usr/bin/xgamma:
0
0
1
0
/usr/bin/xvinfo:
0
0
1
0
/usr/bin/xrandr:
0
1
1
0
/usr/bin/xev:
0
1
1
0
/usr/bin/xeyes:
0
0
1
0
/usr/bin/xsetpointer:
0
0
1
0
/usr/bin/xsetmode:
0
0
1
0
/usr/bin/xinput:
0
1
1
0
/usr/bin/xdpyinfo:
0
0
1
0
/usr/bin/xset:
0
1
1
0
/usr/bin/xrestop:
0
1
1
0
/usr/bin/catman:
0
1
1
0
/usr/bin/lexgrog:
0
0
1
0
/usr/bin/man:
0
1
1
0
/usr/bin/mandb:
0
0
1
0
/usr/bin/manpath:
0
1
1
0
/usr/bin/whatis:
0
1
1
0
/usr/bin/zsoelim:
0
1
1
0
/usr/bin/sudo:
1
1
1
0
/usr/bin/sudoreplay:
1
1
1
0
/usr/bin/screen:
0
1
1
0
/usr/bin/x11perf:
0
1
1
0
/usr/bin/lsof:
0
1
1
0
/usr/bin/xwd:
0
1
1
0
/usr/bin/xkbprint:
0
1
1
0
/usr/bin/xkbevd:
0
1
1
0
/usr/bin/xkbcomp:
0
1
1
0
/usr/bin/setxkbmap:
0
1
1
0
/usr/bin/aconnect:
0
1
1
0
/usr/bin/alsaloop:
0
1
1
0
/usr/bin/alsamixer:
0
1
1
0
/usr/bin/alsaucm:
0
1
1
0
/usr/bin/amidi:
0
1
1
0
/usr/bin/amixer:
0
1
1
0
/usr/bin/aplay:
0
1
1
0
/usr/bin/aplaymidi:
0
1
1
0
/usr/bin/arecordmidi:
0
1
1
0
/usr/bin/aseqdump:
0
1
1
0
/usr/bin/aseqnet:
0
1
1
0
/usr/bin/iecset:
0
1
1
0
/usr/bin/speaker-test:
0
0
1
0
/usr/bin/xmessage:
0
0
1
0
/usr/bin/xmag:
0
1
1
0
/usr/bin/xlogo:
0
0
1
0
/usr/bin/xkbbell:
0
0
1
0
/usr/bin/xkbvleds:
0
1
1
0
/usr/bin/xkbwatch:
0
0
1
0
/usr/bin/xfontsel:
0
1
1
0
/usr/bin/xfd:
0
1
1
0
/usr/bin/xconsole:
0
1
1
0
/usr/bin/xclock:
0
0
1
0
/usr/bin/viewres:
0
0
1
0
/usr/bin/listres:
0
0
1
0
/usr/bin/editres:
0
1
1
0
/usr/bin/atobm:
0
1
1
0
/usr/bin/bitmap:
0
1
1
0
/usr/bin/bmtoa:
0
1
1
0
/usr/bin/annotate:
0
1
1
0
/usr/bin/gd2copypal:
0
0
1
0
/usr/bin/gd2togif:
0
0
1
0
/usr/bin/gd2topng:
0
0
1
0
/usr/bin/gdcmpgif:
0
0
1
0
/usr/bin/gdparttopng:
0
0
1
0
/usr/bin/gdtopng:
0
0
1
0
/usr/bin/giftogd2:
0
0
1
0
/usr/bin/pngtogd:
0
0
1
0
/usr/bin/pngtogd2:
0
0
1
0
/usr/bin/webpng:
0
1
1
0
/usr/bin/nc:
0
1
1
0
/usr/bin/dbus-launch.x11:
1
1
1
0
/usr/bin/db48_archive:
0
0
1
0
/usr/bin/db48_checkpoint:
0
1
1
0
/usr/bin/db48_deadlock:
0
1
1
0
/usr/bin/db48_dump:
0
0
1
0
/usr/bin/db48_hotbackup:
0
1
1
0
/usr/bin/db48_load:
0
1
1
0
/usr/bin/db48_printlog:
0
1
1
0
/usr/bin/db48_recover:
0
0
1
0
/usr/bin/db48_sql:
0
1
1
0
/usr/bin/db48_stat:
0
0
1
0
/usr/bin/db48_upgrade:
0
0
1
0
/usr/bin/db48_verify:
0
0
1
0
/usr/bin/cal:
0
1
1
1
/usr/bin/chrp-addnote:
0
0
1
0
/usr/bin/chrt:
0
1
1
1
/usr/bin/col:
0
1
1
1
/usr/bin/colcrt:
0
0
1
1
/usr/bin/colrm:
0
1
1
1
/usr/bin/column:
0
1
1
1
/usr/bin/dmesg:
0
1
1
1
/usr/bin/eject:
0
1
1
1
/usr/bin/fallocate:
0
1
1
1
/usr/bin/findmnt:
0
1
1
1
/usr/bin/flock:
0
1
1
1
/usr/bin/getopt:
0
0
1
1
/usr/bin/hexdump:
0
1
1
1
/usr/bin/ionice:
0
1
1
1
/usr/bin/ipcmk:
0
1
1
1
/usr/bin/ipcrm:
0
1
1
1
/usr/bin/ipcs:
0
1
1
1
/usr/bin/isosize:
0
1
1
1
/usr/bin/kill:
0
1
1
1
/usr/bin/line:
0
0
1
1
/usr/bin/look:
0
0
1
1
/usr/bin/lsblk:
0
1
1
1
/usr/bin/lscpu:
0
1
1
1
/usr/bin/lsipc:
0
1
1
1
/usr/bin/lslocks:
0
1
1
1
/usr/bin/lsns:
0
1
1
1
/usr/bin/mcookie:
0
1
1
1
/usr/bin/mesg:
0
0
1
1
/usr/bin/mkzimage_cmdline:
0
0
1
0
/usr/bin/more:
0
1
1
1
/usr/bin/mount:
1
1
1
1
/usr/bin/mountpoint:
0
1
1
1
/usr/bin/namei:
0
1
1
1
/usr/bin/nsenter:
0
1
1
1
/usr/bin/prlimit:
0
1
1
1
/usr/bin/rename:
0
0
1
1
/usr/bin/renice:
0
0
1
1
/usr/bin/rev:
0
0
1
1
/usr/bin/script:
0
1
1
1
/usr/bin/scriptreplay:
0
1
1
1
/usr/bin/setarch:
0
1
1
1
/usr/bin/setpriv:
0
1
1
1
/usr/bin/setsid:
0
0
1
1
/usr/bin/setterm:
0
1
1
1
/usr/bin/su:
1
1
1
1
/usr/bin/tailf:
0
1
1
1
/usr/bin/taskset:
0
1
1
1
/usr/bin/ul:
0
0
1
1
/usr/bin/umount:
1
1
1
1
/usr/bin/unshare:
0
1
1
1
/usr/bin/utmpdump:
0
1
1
1
/usr/bin/uuidgen:
0
1
1
1
/usr/bin/wall:
1
1
1
1
/usr/bin/wdctl:
0
1
1
1
/usr/bin/whereis:
0
1
1
1
/usr/bin/write:
1
1
1
1
/usr/bin/wish8.6:
0
0
1
0
/usr/bin/curl:
0
1
1
0
/usr/bin/crash:
0
1
1
0
/usr/bin/get_kernel_version:
0
1
1
1
/usr/bin/pdfdetach:
0
1
1
0
/usr/bin/pdffonts:
0
0
1
0
/usr/bin/pdfimages:
0
1
1
0
/usr/bin/pdfinfo:
0
1
1
0
/usr/bin/pdfseparate:
0
1
1
0
/usr/bin/pdfsig:
0
0
1
0
/usr/bin/pdftocairo:
0
1
1
0
/usr/bin/pdftohtml:
0
1
1
0
/usr/bin/pdftoppm:
0
0
1
0
/usr/bin/pdftops:
0
0
1
0
/usr/bin/pdftotext:
0
1
1
0
/usr/bin/pdfunite:
0
0
1
0
/usr/bin/chage:
1
1
1
0
/usr/bin/chfn:
1
1
1
0
/usr/bin/chsh:
1
1
1
0
/usr/bin/expiry:
1
1
1
0
/usr/bin/gpasswd:
1
1
1
0
/usr/bin/lastlog:
1
1
1
0
/usr/bin/newgidmap:
1
1
1
0
/usr/bin/newgrp:
1
1
1
0
/usr/bin/newuidmap:
1
1
1
0
/usr/bin/passwd:
1
1
1
0
/usr/bin/dbus-run-session:
1
1
1
0
/usr/bin/cifscreds:
1
1
1
1
/usr/bin/getcifsacl:
1
0
1
1
/usr/bin/setcifsacl:
1
0
1
1
/usr/bin/gpg-agent:
1
1
1
0
/usr/bin/gpg-connect-agent:
1
1
1
0
/usr/bin/gpg2:
1
1
1
0
/usr/bin/gpgconf:
1
1
1
0
/usr/bin/gpgkey2ssh:
1
1
1
0
/usr/bin/gpgparsemail:
1
1
1
0
/usr/bin/gpgsm:
1
1
1
0
/usr/bin/gpgsplit:
1
1
1
0
/usr/bin/gpgtar:
1
1
1
0
/usr/bin/gpgv2:
1
1
1
0
/usr/bin/kbxutil:
1
1
1
0
/usr/bin/scdaemon:
1
1
1
0
/usr/bin/watchgnupg:
1
0
1
0
/usr/bin/qdbusviewer:
0
0
1
0
/usr/bin/qmlplugindump:
0
0
1
0
/usr/bin/qmlviewer:
0
0
1
0
/usr/bin/qtconfig:
0
0
1
0
/usr/bin/fusermount:
1
1
1
0
/usr/bin/ulockmgr_server:
0
1
1
0
/usr/bin/mailto:
0
1
1
0
/usr/bin/metamail:
0
1
1
0
/usr/bin/mmencode:
0
1
1
0
/usr/bin/richtext:
0
1
1
0
/usr/bin/richtoatk:
0
1
1
0
/usr/bin/splitmail:
0
1
1
0
/usr/bin/resize:
0
1
1
0
/usr/bin/vttest:
0
1
1
0
/usr/bin/xterm:
0
1
1
0
/usr/bin/desktop-file-install:
0
1
1
0
/usr/bin/desktop-file-validate:
0
1
1
0
/usr/bin/update-desktop-database:
0
1
1
0
/usr/bin/gapplication:
0
0
1
0
/usr/bin/gdbus:
0
0
1
0
/usr/bin/gio-querymodules-64:
0
0
1
0
/usr/bin/glib-compile-schemas:
0
1
1
0
/usr/bin/gresource:
0
0
1
0
/usr/bin/gsettings:
0
0
1
0
/usr/bin/snapper:
0
1
1
0
/usr/bin/ruby:
0
0
1
0
/usr/bin/ruby.ruby2.1:
0
0
1
0
/usr/bin/xinit:
0
0
1
0
/usr/bin/telnet:
1
1
1
0
/usr/bin/rcp:
1
1
1
0
/usr/bin/rexec:
1
1
1
0
/usr/bin/rlogin:
1
1
1
0
/usr/bin/rsh:
1
1
1
0
/usr/bin/finger:
1
1
1
0
/usr/bin/mutt:
1
1
1
0
/usr/bin/pgpewrap:
1
1
1
0
/usr/bin/pgpring:
1
1
1
0
/usr/bin/absset:
0
0
1
0
/usr/bin/evtest:
0
1
1
0
/usr/bin/ffcfstress:
0
0
1
0
/usr/bin/ffmvforce:
0
1
1
0
/usr/bin/ffset:
0
0
1
0
/usr/bin/fftest:
0
0
1
0
/usr/bin/inputattach:
0
1
1
0
/usr/bin/jscal:
0
0
1
0
/usr/bin/jstest:
0
1
1
0
/usr/bin/ogg123:
0
1
1
0
/usr/bin/oggdec:
0
1
1
0
/usr/bin/oggenc:
0
1
1
0
/usr/bin/ogginfo:
0
1
1
0
/usr/bin/vcut:
0
1
1
0
/usr/bin/vorbiscomment:
0
1
1
0
/usr/bin/cdrdao:
0
1
1
0
/usr/bin/cue2toc:
0
1
1
0
/usr/bin/toc2cddb:
0
1
1
0
/usr/bin/toc2cue:
0
1
1
0
/usr/bin/dconf:
0
1
1
0
/usr/bin/icedax:
0
1
1
0
/usr/bin/gst-device-monitor-1.0:
0
0
1
0
/usr/bin/gst-discoverer-1.0:
0
0
1
0
/usr/bin/gst-play-1.0:
0
1
1
0
/usr/bin/gconf-merge-tree:
0
1
1
0
/usr/bin/gconftool-2:
0
1
1
0
/usr/bin/gsettings-data-convert:
0
0
1
0
/usr/bin/mkzftree:
0
1
1
0
/usr/bin/zypp-CheckAccessDeleted:
0
0
1
0
/usr/bin/zypp-NameReqPrv:
0
0
1
0
/usr/bin/vncviewer-tigervnc:
0
1
1
0
/usr/bin/bootctl:
1
1
1
1
/usr/bin/busctl:
1
1
1
1
/usr/bin/coredumpctl:
1
1
1
1
/usr/bin/hostnamectl:
1
1
1
1
/usr/bin/journalctl:
1
1
1
1
/usr/bin/localectl:
1
1
1
1
/usr/bin/loginctl:
1
1
1
1
/usr/bin/machinectl:
1
1
1
1
/usr/bin/systemctl:
1
1
1
1
/usr/bin/systemd-analyze:
1
1
1
1
/usr/bin/systemd-ask-password:
1
1
1
1
/usr/bin/systemd-cat:
1
1
1
1
/usr/bin/systemd-cgls:
1
1
1
1
/usr/bin/systemd-cgtop:
1
1
1
1
/usr/bin/systemd-delta:
1
1
1
1
/usr/bin/systemd-detect-virt:
1
1
1
1
/usr/bin/systemd-escape:
1
1
1
1
/usr/bin/systemd-firstboot:
1
1
1
1
/usr/bin/systemd-inhibit:
1
1
1
1
/usr/bin/systemd-machine-id-setup:
1
1
1
1
/usr/bin/systemd-notify:
1
1
1
1
/usr/bin/systemd-nspawn:
1
1
1
1
/usr/bin/systemd-path:
1
1
1
1
/usr/bin/systemd-run:
1
1
1
1
/usr/bin/systemd-stdio-bridge:
1
1
1
1
/usr/bin/systemd-sysusers:
1
1
1
1
/usr/bin/systemd-tmpfiles:
1
1
1
1
/usr/bin/systemd-tty-ask-password-agent:
1
1
1
1
/usr/bin/timedatectl:
1
1
1
1
/usr/bin/gs:
0
1
1
0
/usr/bin/gsc:
0
0
1
0
/usr/bin/gsx:
0
0
1
0
/usr/bin/Xdmx:
0
1
1
0
/usr/bin/Xephyr:
0
1
1
0
/usr/bin/Xnest:
0
1
1
0
/usr/bin/dmxaddinput:
0
0
1
0
/usr/bin/dmxaddscreen:
0
0
1
0
/usr/bin/dmxinfo:
0
0
1
0
/usr/bin/dmxreconfig:
0
0
1
0
/usr/bin/dmxresize:
0
0
1
0
/usr/bin/dmxrminput:
0
0
1
0
/usr/bin/dmxrmscreen:
0
0
1
0
/usr/bin/dmxtodmx:
0
1
1
0
/usr/bin/dmxwininfo:
0
1
1
0
/usr/bin/vdltodmx:
0
1
1
0
/usr/bin/xdmxconfig:
0
1
1
0
/usr/bin/Xorg:
0
1
1
0
/usr/bin/Xvfb:
0
1
1
0
/usr/bin/cvt:
0
0
1
0
/usr/bin/gtf:
0
0
1
0
/usr/bin/zypper:
0
1
1
0
/usr/bin/grub2-editenv:
0
0
1
0
/usr/bin/grub2-emu:
0
0
1
0
/usr/bin/grub2-emu-lite:
0
0
1
0
/usr/bin/grub2-file:
0
0
1
0
/usr/bin/grub2-fstest:
0
0
1
0
/usr/bin/grub2-glue-efi:
0
0
1
0
/usr/bin/grub2-menulst2cfg:
0
0
1
0
/usr/bin/grub2-mkfont:
0
0
1
0
/usr/bin/grub2-mkimage:
0
0
1
0
/usr/bin/grub2-mklayout:
0
0
1
0
/usr/bin/grub2-mknetdir:
0
0
1
0
/usr/bin/grub2-mkpasswd-pbkdf2:
0
0
1
0
/usr/bin/grub2-mkrelpath:
0
0
1
0
/usr/bin/grub2-mkrescue:
0
0
1
0
/usr/bin/grub2-mkstandalone:
0
0
1
0
/usr/bin/grub2-mount:
0
0
1
0
/usr/bin/grub2-render-label:
0
0
1
0
/usr/bin/grub2-script-check:
0
0
1
0
/usr/bin/grub2-syslinux2cfg:
0
0
1
0
/usr/bin/systemd-hwdb:
1
1
1
1
/usr/bin/udevadm:
1
1
1
1
/usr/bin/addftinfo:
0
0
1
0
/usr/bin/grn:
0
1
1
0
/usr/bin/grodvi:
0
1
1
0
/usr/bin/grolbp:
0
1
1
0
/usr/bin/grolj4:
0
1
1
0
/usr/bin/hpftodit:
0
1
1
0
/usr/bin/indxbib:
0
0
1
0
/usr/bin/lkbib:
0
0
1
0
/usr/bin/lookbib:
0
1
1
0
/usr/bin/pfbtops:
0
0
1
0
/usr/bin/post-grohtml:
0
1
1
0
/usr/bin/pre-grohtml:
0
1
1
0
/usr/bin/refer:
0
1
1
0
/usr/bin/tfmtodit:
0
1
1
0
/usr/bin/xtotroff:
0
1
1
0
/usr/bin/gtk-query-immodules-2.0-64:
0
0
1
0
/usr/bin/gtk-update-icon-cache-2.0:
0
0
1
0
/usr/bin/gxditview:
0
1
1
0
/usr/bin/xscreensaver:
0
1
1
0
/usr/bin/xscreensaver-command:
0
1
1
0
/usr/bin/xscreensaver-demo:
0
1
1
0
/usr/bin/xscreensaver-gl-helper:
0
1
1
0
/usr/bin/broadwayd:
0
1
1
0
/usr/bin/gtk-builder-tool:
0
0
1
0
/usr/bin/gtk-encode-symbolic-svg:
0
0
1
0
/usr/bin/gtk-launch:
0
0
1
0
/usr/bin/gtk-query-immodules-3.0-64:
0
0
1
0
/usr/bin/gtk-query-settings:
0
0
1
0
/usr/bin/gtk-update-icon-cache-3.0:
0
0
1
0
/usr/bin/gtk3-icon-browser:
0
0
1
0
/usr/bin/kmod:
0
1
1
0
/usr/bin/logger:
0
1
1
1
/usr/bin/lslogins:
0
1
1
1
/usr/bin/cifsdd:
1
1
1
1
/usr/bin/dbwrap_tool:
1
0
1
1
/usr/bin/eventlogadm:
1
1
1
1
/usr/bin/mvxattr:
1
0
1
1
/usr/bin/net:
1
1
1
1
/usr/bin/nmblookup:
1
1
1
1
/usr/bin/oLschema2ldif:
1
1
1
1
/usr/bin/pdbedit:
1
1
1
1
/usr/bin/profiles:
1
1
1
1
/usr/bin/regdiff:
1
0
1
1
/usr/bin/regpatch:
1
0
1
1
/usr/bin/regshell:
1
0
1
1
/usr/bin/regtree:
1
0
1
1
/usr/bin/rpcclient:
1
1
1
1
/usr/bin/samba-regedit:
1
0
1
1
/usr/bin/sharesec:
1
1
1
1
/usr/bin/smbcacls:
1
1
1
1
/usr/bin/smbclient:
1
1
1
1
/usr/bin/smbcontrol:
1
1
1
1
/usr/bin/smbcquotas:
1
1
1
1
/usr/bin/smbget:
1
1
1
1
/usr/bin/smbpasswd:
1
1
1
1
/usr/bin/smbspool:
1
1
1
1
/usr/bin/smbtree:
1
1
1
1
/usr/bin/testparm:
1
0
1
1
/usr/bin/rsync:
1
1
1
1
/usr/bin/scp:
1
1
1
1
/usr/bin/sftp:
1
1
1
1
/usr/bin/ssh:
1
1
1
1
/usr/bin/ssh-add:
1
1
1
1
/usr/bin/ssh-agent:
1
1
1
1
/usr/bin/ssh-keygen:
1
1
1
1
/usr/bin/ssh-keyscan:
1
1
1
1
/usr/bin/testsaslauthd:
0
1
1
0
/usr/bin/aulast:
0
1
1
1
/usr/bin/aulastlog:
0
1
1
1
/usr/bin/ausyscall:
0
0
1
1
/usr/bin/auvirt:
0
1
1
1
/usr/bin/at:
1
1
1
0
/usr/bin/ipmi_sim:
0
1
1
0
/usr/bin/ipmi_ui:
0
1
1
0
/usr/bin/ipmilan:
0
1
1
0
/usr/bin/openipmi_eventd:
0
1
1
0
/usr/bin/openipmicmd:
0
1
1
0
/usr/bin/openipmish:
0
1
1
0
/usr/bin/rmcp_ping:
0
1
1
0
/usr/bin/sdrcomp:
0
1
1
0
/usr/bin/solterm:
0
1
1
0
/usr/bin/smbstatus:
1
1
1
1
/usr/bin/isdv4-serial-inputattach:
0
1
1
0
/usr/bin/xsetwacom:
0
1
1
0
/usr/bin/synclient:
0
0
1
0
/usr/bin/syndaemon:
0
1
1
0
/usr/bin/lsusb:
0
1
1
0
/usr/bin/usbhid-dump:
0
1
1
0
/usr/bin/upower:
0
0
1
0
/usr/bin/disable-paste:
0
0
1
0
/usr/bin/display-buttons:
0
0
1
0
/usr/bin/display-coords:
0
0
1
0
/usr/bin/get-versions:
0
0
1
0
/usr/bin/gpm-root:
0
1
1
0
/usr/bin/hltest:
0
1
1
0
/usr/bin/mev:
0
0
1
0
/usr/bin/mouse-test:
0
1
1
0
/usr/bin/bccmd:
1
1
1
0
/usr/bin/bluetoothctl:
1
1
1
0
/usr/bin/btmon:
1
1
1
0
/usr/bin/ciptool:
1
1
1
0
/usr/bin/hciattach:
1
1
1
0
/usr/bin/hciconfig:
1
1
1
0
/usr/bin/hcidump:
1
1
1
0
/usr/bin/hcitool:
1
1
1
0
/usr/bin/l2ping:
1
1
1
0
/usr/bin/rfcomm:
1
1
1
0
/usr/bin/sdptool:
1
1
1
0
/usr/bin/chooser:
0
1
1
0
/usr/bin/xdm:
0
1
1
0
/usr/bin/spd-say:
0
0
1
0
/usr/bin/spdsend:
0
1
1
0
/usr/bin/speech-dispatcher:
0
1
1
0
/usr/bin/pkaction:
0
0
1
0
/usr/bin/pkcheck:
0
1
1
0
/usr/bin/pkexec:
1
1
1
1
/usr/bin/pkttyagent:
0
0
1
0
/usr/bin/crontab:
1
1
1
1
/usr/bin/agentxtrap:
0
1
1
0
/usr/bin/encode_keychange:
0
1
1
0
/usr/bin/snmpbulkget:
0
1
1
0
/usr/bin/snmpbulkwalk:
0
1
1
0
/usr/bin/snmpdelta:
0
1
1
0
/usr/bin/snmpdf:
0
1
1
0
/usr/bin/snmpget:
0
1
1
0
/usr/bin/snmpgetnext:
0
1
1
0
/usr/bin/snmpnetstat:
0
1
1
0
/usr/bin/snmpset:
0
1
1
0
/usr/bin/snmpstatus:
0
1
1
0
/usr/bin/snmptable:
0
1
1
0
/usr/bin/snmptest:
0
1
1
0
/usr/bin/snmptls:
0
1
1
0
/usr/bin/snmptranslate:
0
0
1
0
/usr/bin/snmptrap:
0
1
1
0
/usr/bin/snmpusm:
0
1
1
0
/usr/bin/snmpvacm:
0
1
1
0
/usr/bin/snmpwalk:
0
1
1
0
/usr/bin/plymouth:
0
1
1
0
/usr/bin/udisksctl:
0
1
1
0
/usr/bin/brltty:
0
1
1
0
/usr/bin/brltty-atb:
0
1
1
0
/usr/bin/brltty-ctb:
0
1
1
0
/usr/bin/brltty-ktb:
0
1
1
0
/usr/bin/brltty-trtxt:
0
1
1
0
/usr/bin/brltty-ttb:
0
1
1
0
/usr/bin/brltty-tune:
0
1
1
0
/usr/bin/eutp:
0
1
1
0
/usr/bin/ipmitool:
0
1
1
0
/usr/bin/pulseaudio:
0
1
1
1
/usr/bin/pacat:
0
1
1
0
/usr/bin/pacmd:
0
1
1
0
/usr/bin/pactl:
0
1
1
0
/usr/bin/pasuspender:
0
0
1
0
/usr/bin/pax11publish:
0
1
1
0
/usr/bin/omshell:
1
1
1
1
/usr/bin/cupstestppd:
1
1
1
1
/usr/bin/WebKitWebDriver:
0
1
1
1
/usr/bin/gpk-dbus-service:
0
1
1
0
/usr/bin/gpk-install-local-file:
0
1
1
0
/usr/bin/gpk-prefs:
0
1
1
0
/usr/bin/gpk-update-viewer:
0
1
1
0
/usr/bin/icehelp:
0
1
1
0
/usr/bin/icesh-default:
0
1
1
0
/usr/bin/icesound:
0
1
1
0
/usr/bin/icewm-default:
0
1
1
0
/usr/bin/icewm-menu-fdo:
0
0
1
0
/usr/bin/icewm-session-default:
0
1
1
0
/usr/bin/icewmbg-default:
0
1
1
0
/usr/bin/icewmhint-default:
0
0
1
0
/usr/bin/icewmtray:
0
1
1
0
/usr/bin/pkcon:
1
1
1
0
/usr/bin/pkmon:
1
0
1
0
/usr/bin/icesh-lite:
0
1
1
0
/usr/bin/icewm-lite:
0
1
1
0
/usr/bin/icewm-session-lite:
0
1
1
0
/usr/bin/icewmbg-lite:
0
1
1
0
/usr/bin/icewmhint-lite:
0
0
1
0
/usr/bin/evince:
0
1
1
0
/usr/bin/evince-previewer:
0
0
1
0
/usr/bin/evince-thumbnailer:
0
0
1
0
/usr/bin/Xvnc:
0
1
1
0
/usr/bin/vncconfig:
0
1
1
0
/usr/bin/vncpasswd:
0
1
1
0
/usr/bin/x0vncserver:
0
1
1
0
/usr/bin/xdg-user-dirs-gtk-update:
0
0
1
0
/usr/bin/gnome-nettool:
0
1
1
0
/usr/bin/gconf-editor:
0
0
1
0
/usr/bin/file-roller:
0
1
1
0
/usr/bin/cardos-tool:
0
1
1
0
/usr/bin/cryptoflex-tool:
0
1
1
0
/usr/bin/eidenv:
0
1
1
0
/usr/bin/iasecc-tool:
0
1
1
0
/usr/bin/netkey-tool:
0
1
1
0
/usr/bin/openpgp-tool:
0
1
1
0
/usr/bin/opensc-explorer:
0
1
1
0
/usr/bin/opensc-tool:
0
1
1
0
/usr/bin/piv-tool:
0
1
1
0
/usr/bin/pkcs11-tool:
0
1
1
0
/usr/bin/pkcs15-crypt:
0
1
1
0
/usr/bin/pkcs15-init:
0
1
1
0
/usr/bin/pkcs15-tool:
0
1
1
0
/usr/bin/sc-hsm-tool:
0
1
1
0
/usr/bin/westcos-tool:
0
1
1
0
/usr/bin/openct-tool:
0
1
1
0
/usr/bin/gkbd-keyboard-display:
0
0
1
0
/usr/bin/zenity:
0
1
1
0
/usr/bin/gnome-session-inhibit:
0
0
1
0
/usr/bin/gnome-session-quit:
0
0
1
0
/usr/bin/gnome-terminal:
0
1
1
0
/usr/bin/eog:
0
0
1
0
/usr/bin/nautilus:
0
1
1
0
/usr/bin/nautilus-autorun-software:
0
0
1
0
/usr/bin/gucharmap:
0
0
1
0
/usr/bin/gnome-system-monitor:
0
1
1
0
/usr/bin/gnomesu:
0
0
1
0
/usr/bin/yelp:
0
0
1
0
/usr/bin/gnome-power-statistics:
0
1
1
0
/usr/bin/gedit:
0
0
1
0
/usr/bin/gvfs-cat:
0
1
1
0
/usr/bin/gvfs-copy:
0
1
1
0
/usr/bin/gvfs-info:
0
0
1
0
/usr/bin/gvfs-ls:
0
0
1
0
/usr/bin/gvfs-mime:
0
0
1
0
/usr/bin/gvfs-mkdir:
0
0
1
0
/usr/bin/gvfs-monitor-dir:
0
0
1
0
/usr/bin/gvfs-monitor-file:
0
0
1
0
/usr/bin/gvfs-mount:
0
1
1
0
/usr/bin/gvfs-move:
0
1
1
0
/usr/bin/gvfs-open:
0
0
1
0
/usr/bin/gvfs-rename:
0
0
1
0
/usr/bin/gvfs-rm:
0
0
1
0
/usr/bin/gvfs-save:
0
1
1
0
/usr/bin/gvfs-set-attribute:
0
0
1
0
/usr/bin/gvfs-trash:
0
0
1
0
/usr/bin/gvfs-tree:
0
0
1
0
/usr/bin/gcr-viewer:
0
0
1
0
/usr/bin/bluetooth-sendto:
0
0
1
0
/usr/bin/brasero:
0
1
1
0
/usr/bin/mutter:
0
0
1
0
/usr/bin/gnome-keyring-3:
0
0
1
0
/usr/bin/gnome-keyring-daemon:
0
1
1
0
/usr/bin/gnome-control-center:
0
1
1
0
/usr/bin/gnome-shell:
0
0
1
0
/usr/bin/gnome-shell-extension-prefs:
0
0
1
0
/usr/bin/gdm-screenshot:
0
0
1
0
/usr/bin/addr2line:
0
1
1
0
/usr/bin/ar:
0
1
1
0
/usr/bin/as:
0
1
1
0
/usr/bin/c++filt:
0
1
1
0
/usr/bin/dwp:
0
1
1
0
/usr/bin/elfedit:
0
1
1
0
/usr/bin/gprof:
0
1
1
0
/usr/bin/ld.bfd:
0
1
1
0
/usr/bin/nm:
0
1
1
0
/usr/bin/objcopy:
0
1
1
0
/usr/bin/objdump:
0
1
1
0
/usr/bin/ranlib:
0
1
1
0
/usr/bin/readelf:
0
1
1
0
/usr/bin/size:
0
1
1
0
/usr/bin/strings:
0
1
1
0
/usr/bin/strip:
0
1
1
0
/usr/bin/ab:
1
1
1
0
/usr/bin/htdbm:
1
1
1
0
/usr/bin/htdigest:
1
1
1
0
/usr/bin/htpasswd:
1
1
1
0
/usr/bin/httxt2dbm:
1
1
1
0
/usr/bin/logresolve:
1
0
1
0
/usr/bin/mysql:
0
1
1
0
/usr/bin/mysql_config_editor:
0
1
1
0
/usr/bin/mysqladmin:
0
1
1
0
/usr/bin/mysqlbinlog:
0
1
1
0
/usr/bin/mysqlcheck:
0
1
1
0
/usr/bin/mysqldump:
0
1
1
0
/usr/bin/mysqlimport:
0
1
1
0
/usr/bin/mysqlpump:
0
1
1
0
/usr/bin/mysqlshow:
0
1
1
0
/usr/bin/mysqlslap:
0
1
1
0
/usr/bin/ibd2sdi:
0
1
1
0
/usr/bin/innochecksum:
0
1
1
0
/usr/bin/lz4_decompress:
0
1
1
0
/usr/bin/my_print_defaults:
0
1
1
0
/usr/bin/myisam_ftdump:
0
1
1
0
/usr/bin/myisamchk:
0
1
1
0
/usr/bin/myisamlog:
0
1
1
0
/usr/bin/myisampack:
0
1
1
0
/usr/bin/mysql_secure_installation:
0
1
1
0
/usr/bin/mysql_ssl_rsa_setup:
0
1
1
0
/usr/bin/mysql_tzinfo_to_sql:
0
1
1
0
/usr/bin/mysql_upgrade:
0
1
1
0
/usr/bin/perror:
0
1
1
0
/usr/bin/resolve_stack_dump:
0
1
1
0
/usr/bin/resolveip:
0
1
1
0
/usr/bin/zlib_decompress:
0
1
1
0
/bin/hostname:
0
1
1
0
/bin/netstat:
0
1
1
0
/bin/bash:
0
1
1
0
/bin/keyctl:
0
1
1
0
/bin/tar:
0
1
1
0
/bin/fuser:
0
1
1
0
/bin/rpm:
0
0
1
0
/bin/pgrep:
0
1
1
0
/bin/pkill:
0
1
1
0
/bin/ps:
0
1
1
0
/bin/vim:
0
1
1
0
/bin/blkparse:
0
1
1
0
/bin/blktrace:
0
1
1
0
/bin/fsync:
0
0
1
0
/bin/usleep:
0
0
1
0
/bin/login:
0
1
1
1
/bin/tcsh:
0
1
1
0
/bin/dbus-cleanup-sockets:
1
1
1
0
/bin/dbus-daemon:
1
1
1
0
/bin/dbus-monitor:
1
0
1
0
/bin/dbus-send:
1
0
1
0
/bin/dbus-uuidgen:
1
0
1
0
