/usr/sbin/sshd:
1
1
1
1
/usr/sbin/visudo:
1
1
1
0
/usr/sbin/grub-macbless:
0
1
1
0
/usr/sbin/pppoe-discovery:
0
1
1
0
/usr/sbin/grub-probe:
0
1
1
0
/usr/sbin/cytune:
0
0
1
0
/usr/sbin/pppd:
0
1
1
0
/usr/sbin/iconvconfig:
0
0
1
0
/usr/sbin/apache2:
1
1
1
1
/usr/sbin/tcpdmatch:
0
1
1
0
/usr/sbin/pwconv:
0
1
1
0
/usr/sbin/chgpasswd:
0
1
1
0
/usr/sbin/tcpdump:
1
1
1
1
/usr/sbin/ldattach:
0
0
1
0
/usr/sbin/grub-install:
0
1
1
0
/usr/sbin/vcstime:
0
0
1
0
/usr/sbin/e4defrag:
0
1
1
0
/usr/sbin/nfnl_osf:
0
1
1
0
/usr/sbin/setvesablank:
0
1
1
0
/usr/sbin/mysqld:
1
1
1
1
/usr/sbin/accessdb:
1
0
1
1
/usr/sbin/chroot:
0
1
1
0
/usr/sbin/grpconv:
0
1
1
0
/usr/sbin/ntpdate:
1
1
1
1
/usr/sbin/pwunconv:
0
1
1
0
/usr/sbin/chpasswd:
0
1
1
0
/usr/sbin/aa-exec:
0
1
1
1
/usr/sbin/biosdecode:
1
0
1
1
/usr/sbin/filefrag:
0
1
1
0
/usr/sbin/rsyslogd:
0
1
1
0
/usr/sbin/cron:
0
1
1
0
/usr/sbin/grpunconv:
0
1
1
0
/usr/sbin/groupadd:
0
1
1
0
/usr/sbin/e2freefrag:
0
1
1
0
/usr/sbin/userdel:
0
1
1
0
/usr/sbin/groupdel:
0
1
1
0
/usr/sbin/pam_timestamp_check:
1
1
1
0
/usr/sbin/useradd:
0
1
1
0
/usr/sbin/try-from:
0
1
1
0
/usr/sbin/rtcwake:
0
1
1
0
/usr/sbin/arpd:
0
1
1
0
/usr/sbin/groupmod:
0
1
1
0
/usr/sbin/zic:
0
0
1
0
/usr/sbin/vpddecode:
1
0
1
1
/usr/sbin/cppw:
0
1
1
0
/usr/sbin/irqbalance:
0
1
1
0
/usr/sbin/vipw:
0
1
1
0
/usr/sbin/tcpdchk:
0
1
1
0
/usr/sbin/logrotate:
0
1
1
0
/usr/sbin/pppstats:
0
1
1
0
/usr/sbin/ownership:
1
0
1
1
/usr/sbin/tunelp:
0
0
1
0
/usr/sbin/rmt-tar:
0
1
1
0
/usr/sbin/nologin:
0
0
1
0
/usr/sbin/fdformat:
0
0
1
0
/usr/sbin/tcpd:
0
1
1
0
/usr/sbin/grub-mkdevicemap:
0
1
1
0
/usr/sbin/arp:
0
1
1
0
/usr/sbin/usermod:
0
1
1
0
/usr/sbin/pppdump:
0
1
1
0
/usr/sbin/grpck:
0
1
1
0
/usr/sbin/pwck:
0
1
1
0
/usr/sbin/chat:
0
1
1
0
/usr/sbin/readprofile:
0
1
1
0
/usr/sbin/safe_finger:
0
0
1
0
/usr/sbin/newusers:
0
1
1
0
/usr/sbin/mklost+found:
0
0
1
0
/usr/sbin/uuidd:
0
1
1
0
/usr/sbin/update-passwd:
0
0
1
0
/usr/sbin/dmidecode:
1
1
1
1
/usr/bin/unlink:
0
1
1
0
/usr/bin/install:
0
1
1
0
/usr/bin/preconv:
0
1
1
0
/usr/bin/myisam_ftdump:
1
1
1
1
/usr/bin/tset:
0
1
1
0
/usr/bin/pinky:
0
1
1
0
/usr/bin/update-alternatives:
0
1
1
0
/usr/bin/nstat:
0
1
1
0
/usr/bin/sudoreplay:
1
1
1
0
/usr/bin/envsubst:
0
1
1
0
/usr/bin/lsof:
1
1
1
1
/usr/bin/toe:
0
0
1
0
/usr/bin/sudo:
1
1
1
0
/usr/bin/setarch:
0
1
1
0
/usr/bin/apt:
0
0
1
0
/usr/bin/dpkg-split:
0
1
1
0
/usr/bin/grub-mkimage:
0
1
1
0
/usr/bin/objcopy:
0
1
1
0
/usr/bin/apt-cdrom:
0
0
1
0
/usr/bin/setleds:
0
0
1
0
/usr/bin/shred:
0
1
1
0
/usr/bin/grub-file:
0
1
1
0
/usr/bin/objdump:
0
1
1
0
/usr/bin/grotty:
0
1
1
0
/usr/bin/grub-fstest:
0
1
1
0
/usr/bin/python2.7:
0
1
1
0
/usr/bin/apt-ftparchive:
0
1
1
0
/usr/bin/mysqladmin:
1
1
1
1
/usr/bin/volname:
1
1
1
1
/usr/bin/ipcmk:
0
0
1
0
/usr/bin/readelf:
0
1
1
0
/usr/bin/whoami:
0
1
1
0
/usr/bin/expand:
0
1
1
0
/usr/bin/cmp:
0
1
1
0
/usr/bin/telnet.netkit:
0
1
1
0
/usr/bin/dircolors:
0
1
1
0
/usr/bin/ltrace:
0
1
1
0
/usr/bin/uniq:
0
1
1
0
/usr/bin/gprof:
0
1
1
0
/usr/bin/lexgrog:
1
1
1
1
/usr/bin/setkeycodes:
0
1
1
0
/usr/bin/shuf:
0
1
1
0
/usr/bin/env:
0
1
1
0
/usr/bin/addr2line:
0
1
1
0
/usr/bin/slabtop:
0
1
1
0
/usr/bin/expiry:
0
1
1
0
/usr/bin/strings:
0
1
1
0
/usr/bin/paste:
0
1
1
0
/usr/bin/base64:
0
1
1
0
/usr/bin/passwd:
0
1
1
0
/usr/bin/chcon:
0
1
1
0
/usr/bin/test:
0
1
1
0
/usr/bin/numfmt:
0
1
1
0
/usr/bin/kbdinfo:
0
1
1
0
/usr/bin/namei:
0
1
1
0
/usr/bin/nm:
0
1
1
0
/usr/bin/c++filt:
0
1
1
0
/usr/bin/du:
0
1
1
0
/usr/bin/chrt:
0
1
1
0
/usr/bin/lspci:
0
1
1
0
/usr/bin/ngettext:
0
1
1
0
/usr/bin/ipcs:
0
1
1
0
/usr/bin/pstree:
0
1
1
0
/usr/bin/chattr:
0
0
1
0
/usr/bin/groff:
0
1
1
0
/usr/bin/grub-mkrelpath:
0
1
1
0
/usr/bin/file:
0
1
1
0
/usr/bin/diff3:
0
1
1
0
/usr/bin/tbl:
0
0
1
0
/usr/bin/w.procps:
0
1
1
0
/usr/bin/csplit:
0
1
1
0
/usr/bin/pmap:
0
1
1
0
/usr/bin/wc:
0
1
1
0
/usr/bin/diff:
0
1
1
0
/usr/bin/psfxtable:
0
1
1
0
/usr/bin/uptime:
0
0
1
0
/usr/bin/catman:
1
1
1
1
/usr/bin/ionice:
0
1
1
0
/usr/bin/nice:
0
1
1
0
/usr/bin/colcrt:
0
0
1
0
/usr/bin/printf:
0
1
1
0
/usr/bin/mysqlcheck:
1
1
1
1
/usr/bin/flock:
0
0
1
0
/usr/bin/xxd:
0
0
1
0
/usr/bin/pg:
0
1
1
0
/usr/bin/make:
0
1
1
0
/usr/bin/mtr:
0
1
1
0
/usr/bin/cksum:
0
1
1
0
/usr/bin/ranlib:
0
1
1
0
/usr/bin/traceroute6.iputils:
0
1
1
0
/usr/bin/sftp:
1
1
1
1
/usr/bin/screendump:
0
0
1
0
/usr/bin/resolveip:
1
1
1
1
/usr/bin/a2p:
0
1
1
0
/usr/bin/pwdx:
0
0
1
0
/usr/bin/lockfile-remove:
0
0
1
0
/usr/bin/unshare:
0
0
1
0
/usr/bin/mysqlbinlog:
1
1
1
1
/usr/bin/chsh:
0
1
1
0
/usr/bin/head:
0
1
1
0
/usr/bin/gpg:
0
1
1
0
/usr/bin/oldfind:
0
1
1
0
/usr/bin/zsoelim:
1
1
1
1
/usr/bin/resizepart:
0
1
1
0
/usr/bin/showkey:
0
1
1
0
/usr/bin/dbus-send:
0
0
1
0
/usr/bin/apt-get:
0
1
1
0
/usr/bin/vim.tiny:
0
1
1
0
/usr/bin/dbus-monitor:
0
0
1
0
/usr/bin/ncal:
0
1
1
0
/usr/bin/netkit-ftp:
0
1
1
0
/usr/bin/ssh-keyscan:
1
1
1
1
/usr/bin/omshell:
1
1
1
1
/usr/bin/hostid:
0
1
1
0
/usr/bin/deallocvt:
0
1
1
0
/usr/bin/lscpu:
0
1
1
0
/usr/bin/dig:
1
1
1
1
/usr/bin/host:
1
1
1
1
/usr/bin/nslookup:
1
1
1
1
/usr/bin/top:
0
1
1
0
/usr/bin/mesg:
0
0
1
0
/usr/bin/whereis:
0
1
1
0
/usr/bin/scriptreplay:
0
1
1
0
/usr/bin/scp:
1
1
1
1
/usr/bin/split:
0
1
1
0
/usr/bin/getconf:
0
0
1
0
/usr/bin/basename:
0
1
1
0
/usr/bin/tr:
0
1
1
0
/usr/bin/find:
0
1
1
0
/usr/bin/dotlockfile:
0
1
1
0
/usr/bin/yes:
0
1
1
0
/usr/bin/ssh:
1
1
1
1
/usr/bin/stdbuf:
0
1
1
0
/usr/bin/lnstat:
0
1
1
0
/usr/bin/ssh-keygen:
1
1
1
1
/usr/bin/fmt:
0
1
1
0
/usr/bin/truncate:
0
1
1
0
/usr/bin/mysqlslap:
1
1
1
1
/usr/bin/tput:
0
0
1
0
/usr/bin/id:
0
1
1
0
/usr/bin/pic:
0
0
1
0
/usr/bin/gpasswd:
0
1
1
0
/usr/bin/timedatectl:
0
1
1
1
/usr/bin/ar:
0
1
1
0
/usr/bin/sum:
0
1
1
0
/usr/bin/fallocate:
0
1
1
0
/usr/bin/replace:
1
1
1
1
/usr/bin/sha256sum:
0
1
1
0
/usr/bin/ssh-add:
1
1
1
1
/usr/bin/resolve_stack_dump:
1
1
1
1
/usr/bin/renice:
0
0
1
0
/usr/bin/apt-extracttemplates:
0
1
1
0
/usr/bin/mail-lock:
0
0
1
0
/usr/bin/whatis:
1
1
1
1
/usr/bin/getkeycodes:
0
1
1
0
/usr/bin/elfedit:
0
1
1
0
/usr/bin/comm:
0
1
1
0
/usr/bin/getent:
0
0
1
0
/usr/bin/dpkg-query:
0
1
1
0
/usr/bin/groups:
0
1
1
0
/usr/bin/mail-unlock:
0
0
1
0
/usr/bin/logname:
0
1
1
0
/usr/bin/stat:
0
1
1
0
/usr/bin/setpci:
0
1
1
0
/usr/bin/usbhid-dump:
0
1
1
0
/usr/bin/ntfsdecrypt:
1
1
1
1
/usr/bin/ld.gold:
0
1
1
0
/usr/bin/troff:
0
1
1
0
/usr/bin/look:
0
0
1
0
/usr/bin/mysql_plugin:
1
1
1
1
/usr/bin/localedef:
0
0
1
0
/usr/bin/crontab:
0
1
1
0
/usr/bin/gettext:
0
1
1
0
/usr/bin/iconv:
0
0
1
0
/usr/bin/bsd-write:
0
1
1
0
/usr/bin/apt-cache:
0
0
1
0
/usr/bin/watch:
0
1
1
0
/usr/bin/dpkg:
0
1
1
0
/usr/bin/dpkg-trigger:
0
1
1
0
/usr/bin/grub-mkrescue:
0
1
1
0
/usr/bin/faillog:
0
1
1
0
/usr/bin/factor:
0
1
1
0
/usr/bin/grub-render-label:
0
1
1
0
/usr/bin/hostnamectl:
0
1
1
1
/usr/bin/tic:
0
1
1
0
/usr/bin/setmetamode:
0
0
1
0
/usr/bin/perror:
1
1
1
1
/usr/bin/grub-glue-efi:
0
1
1
0
/usr/bin/myisamlog:
1
1
1
1
/usr/bin/pldd:
0
0
1
0
/usr/bin/mapscrn:
0
1
1
0
/usr/bin/rsync:
0
1
1
0
/usr/bin/skill:
0
1
1
0
/usr/bin/dirname:
0
1
1
0
/usr/bin/lzmainfo:
0
1
1
0
/usr/bin/splitfont:
0
1
1
0
/usr/bin/prtstat:
0
1
1
0
/usr/bin/strace:
0
1
1
0
/usr/bin/size:
0
1
1
0
/usr/bin/tail:
0
1
1
0
/usr/bin/tload:
0
0
1
0
/usr/bin/dpkg-deb:
0
1
1
0
/usr/bin/delpart:
0
1
1
0
/usr/bin/seq:
0
1
1
0
/usr/bin/apt-config:
0
0
1
0
/usr/bin/grub-mount:
0
1
1
0
/usr/bin/link:
0
1
1
0
/usr/bin/wall:
0
1
1
0
/usr/bin/tty:
0
1
1
0
/usr/bin/free:
0
0
1
0
/usr/bin/php5:
0
1
1
0
/usr/bin/perl:
0
0
1
0
/usr/bin/logger:
0
1
1
0
/usr/bin/script:
0
1
1
0
/usr/bin/localectl:
0
1
1
1
/usr/bin/sort:
0
1
1
0
/usr/bin/who:
0
1
1
0
/usr/bin/mysqlshow:
1
1
1
1
/usr/bin/mawk:
0
1
1
0
/usr/bin/bsd-from:
0
1
1
0
/usr/bin/lockfile-check:
0
0
1
0
/usr/bin/xargs:
0
1
1
0
/usr/bin/newgrp:
0
1
1
0
/usr/bin/python3.4:
0
1
1
0
/usr/bin/expr:
0
1
1
0
/usr/bin/lsusb:
0
1
1
0
/usr/bin/ld.bfd:
0
1
1
0
/usr/bin/pr:
0
1
1
0
/usr/bin/peekfd:
0
0
1
0
/usr/bin/calendar:
0
1
1
0
/usr/bin/partx:
0
1
1
0
/usr/bin/innochecksum:
1
0
1
1
/usr/bin/strip:
0
1
1
0
/usr/bin/setsid:
0
0
1
0
/usr/bin/tracepath:
0
1
1
0
/usr/bin/wget:
0
1
1
0
/usr/bin/perl5.18.2:
0
0
1
0
/usr/bin/mlocate:
0
1
1
0
/usr/bin/xauth:
0
1
1
0
/usr/bin/aptitude-curses:
1
1
1
1
/usr/bin/openssl:
0
1
1
0
/usr/bin/ul:
0
0
1
0
/usr/bin/apt-mark:
0
0
1
0
/usr/bin/unexpand:
0
1
1
0
/usr/bin/updatedb.mlocate:
0
1
1
0
/usr/bin/lshw:
0
1
1
0
/usr/bin/soelim:
0
0
1
0
/usr/bin/clear_console:
0
0
1
0
/usr/bin/setterm:
0
1
1
0
/usr/bin/x86_64-linux-gnu-elfedit:
0
1
1
0
/usr/bin/eject:
1
1
1
1
/usr/bin/nsupdate:
1
1
1
1
/usr/bin/sha1sum:
0
1
1
0
/usr/bin/join:
0
1
1
0
/usr/bin/uuidgen:
0
1
1
0
/usr/bin/myisamchk:
1
1
1
1
/usr/bin/mysql_tzinfo_to_sql:
1
1
1
1
/usr/bin/addpart:
0
1
1
0
/usr/bin/arch:
0
1
1
0
/usr/bin/mkfifo:
0
1
1
0
/usr/bin/nl:
0
1
1
0
/usr/bin/runcon:
0
1
1
0
/usr/bin/sdiff:
0
1
1
0
/usr/bin/infocmp:
0
1
1
0
/usr/bin/last:
0
1
1
0
/usr/bin/ddate:
0
1
1
0
/usr/bin/grops:
0
1
1
0
/usr/bin/printerbanner:
0
0
1
0
/usr/bin/showconsolefont:
0
1
1
0
/usr/bin/lsattr:
0
0
1
0
/usr/bin/tracepath6:
0
1
1
0
/usr/bin/sha384sum:
0
1
1
0
/usr/bin/rev:
0
0
1
0
/usr/bin/fold:
0
1
1
0
/usr/bin/pcimodules:
0
1
1
0
/usr/bin/sha224sum:
0
1
1
0
/usr/bin/dpkg-statoverride:
0
1
1
0
/usr/bin/infokey:
0
1
1
0
/usr/bin/tee:
0
1
1
0
/usr/bin/ischroot:
0
0
1
0
/usr/bin/mysqltest:
1
1
1
1
/usr/bin/tsort:
0
1
1
0
/usr/bin/nohup:
0
1
1
0
/usr/bin/mail-touchlock:
0
0
1
0
/usr/bin/grub-editenv:
0
1
1
0
/usr/bin/mysql_waitpid:
1
1
1
1
/usr/bin/lastlog:
0
1
1
0
/usr/bin/x86_64-linux-gnu-readelf:
0
1
1
0
/usr/bin/grub-mkstandalone:
0
1
1
0
/usr/bin/rename.ul:
0
0
1
0
/usr/bin/dwp:
0
1
1
0
/usr/bin/ptx:
0
1
1
0
/usr/bin/mysqlimport:
1
1
1
1
/usr/bin/mcookie:
0
1
1
0
/usr/bin/mysql:
1
1
1
1
/usr/bin/manpath:
1
1
1
1
/usr/bin/setlogcons:
0
1
1
0
/usr/bin/apt-sortpkgs:
0
0
1
0
/usr/bin/users:
0
1
1
0
/usr/bin/printenv:
0
1
1
0
/usr/bin/locale:
0
0
1
0
/usr/bin/od:
0
1
1
0
/usr/bin/codepage:
0
1
1
0
/usr/bin/eqn:
0
1
1
0
/usr/bin/mysqldump:
1
1
1
1
/usr/bin/gpgv:
0
1
1
0
/usr/bin/chfn:
0
1
1
0
/usr/bin/ssh-agent:
1
1
1
1
/usr/bin/taskset:
0
1
1
0
/usr/bin/tac:
0
1
1
0
/usr/bin/man:
1
1
1
1
/usr/bin/grub-menulst2cfg:
0
1
1
0
/usr/bin/update-mime-database.real:
0
0
1
0
/usr/bin/nproc:
0
1
1
0
/usr/bin/zdump:
0
0
1
0
/usr/bin/grub-script-check:
0
1
1
0
/usr/bin/clear:
0
0
1
0
/usr/bin/sha512sum:
0
1
1
0
/usr/bin/as:
0
1
1
0
/usr/bin/info:
0
1
1
0
/usr/bin/vmstat:
0
1
1
0
/usr/bin/column:
0
0
1
0
/usr/bin/ipcrm:
0
0
1
0
/usr/bin/grub-mknetdir:
0
1
1
0
/usr/bin/getopt:
0
0
1
0
/usr/bin/line:
0
0
1
0
/usr/bin/myisampack:
1
1
1
1
/usr/bin/ginstall-info:
0
1
1
0
/usr/bin/killall:
0
1
1
0
/usr/bin/timeout:
0
1
1
0
/usr/bin/grub-mkfont:
0
1
1
0
/usr/bin/python3.4m:
0
1
1
0
/usr/bin/grub-syslinux2cfg:
0
1
1
0
/usr/bin/chage:
0
1
1
0
/usr/bin/time:
0
0
1
0
/usr/bin/hexdump:
0
1
1
0
/usr/bin/xz:
0
1
1
0
/usr/bin/lockfile-create:
0
0
1
0
/usr/bin/grub-mkpasswd-pbkdf2:
0
1
1
0
/usr/bin/lockfile-touch:
0
0
1
0
/usr/bin/tabs:
0
0
1
0
/usr/bin/gpgsplit:
0
1
1
0
/usr/bin/pgrep:
0
1
1
0
/usr/bin/aa-enabled:
0
1
1
1
/usr/bin/mysql_client_test:
1
1
1
1
/usr/bin/resizecons:
0
1
1
0
/usr/bin/md5sum:
0
1
1
0
/usr/bin/my_print_defaults:
1
1
1
1
/usr/bin/mysql_upgrade:
1
1
1
1
/usr/bin/grub-mklayout:
0
1
1
0
/usr/bin/dpkg-divert:
0
1
1
0
/usr/bin/mandb:
1
1
1
1
/usr/bin/colrm:
0
0
1
0
/usr/bin/loadunimap:
0
1
1
0
/usr/bin/cut:
0
1
1
0
/usr/bin/[:
0
1
1
0
/usr/bin/pathchk:
0
1
1
0
/usr/bin/col:
0
0
1
0
/sbin/start-stop-daemon:
0
1
1
0
/sbin/tc:
0
1
1
0
/sbin/apparmor_parser:
0
1
1
1
/sbin/capsh:
0
0
1
0
/sbin/mkfs.cramfs:
0
1
1
0
/sbin/mkfs.fat:
0
0
1
0
/sbin/crda:
0
1
1
0
/sbin/regdbdump:
0
1
1
0
/sbin/ntfsclone:
1
1
1
1
/sbin/dmsetup:
0
1
1
0
/sbin/ntfscp:
1
0
1
1
/sbin/killall5:
0
1
1
0
/sbin/upstart-dbus-bridge:
1
0
1
1
/sbin/badblocks:
0
1
1
0
/sbin/mkhomedir_helper:
0
1
1
0
/sbin/ntfslabel:
1
0
1
1
/sbin/sfdisk:
0
1
1
0
/sbin/pam_tally2:
0
1
1
0
/sbin/upstart-udev-bridge:
1
0
1
1
/sbin/slattach:
0
1
1
0
/sbin/mkfs:
0
0
1
0
/sbin/ctrlaltdel:
0
0
1
0
/sbin/xtables-multi:
0
1
1
0
/sbin/shutdown:
1
1
1
1
/sbin/dhclient:
1
1
1
1
/sbin/pivot_root:
0
0
1
0
/sbin/sysctl:
0
1
1
0
/sbin/e2fsck:
0
1
1
0
/sbin/iptunnel:
0
1
1
0
/sbin/tune2fs:
0
1
1
0
/sbin/ipmaddr:
0
1
1
0
/sbin/e2image:
0
1
1
0
/sbin/nameif:
0
1
1
0
/sbin/runlevel:
1
1
1
1
/sbin/setvtrgb:
0
1
1
0
/sbin/isosize:
0
1
1
0
/sbin/parted:
0
1
1
0
/sbin/initctl:
1
0
1
1
/sbin/mii-tool:
0
1
1
0
/sbin/biosdevname:
0
1
1
0
/sbin/cfdisk:
0
1
1
0
/sbin/getty:
0
1
1
0
/sbin/ifconfig:
0
1
1
0
/sbin/ldconfig.real:
0
0
1
0
/sbin/ntfsresize:
1
1
1
1
/sbin/debugfs:
0
1
1
0
/sbin/getpcaps:
0
0
1
0
/sbin/fsck.cramfs:
0
1
1
0
/sbin/hwclock:
0
1
1
0
/sbin/bridge:
0
1
1
0
/sbin/getcap:
0
0
1
0
/sbin/rtacct:
0
1
1
0
/sbin/upstart-local-bridge:
1
1
1
1
/sbin/switch_root:
0
1
1
0
/sbin/route:
0
1
1
0
/sbin/rarp:
0
1
1
0
/sbin/mkfs.minix:
0
1
1
0
/sbin/rtmon:
0
1
1
0
/sbin/fstab-decode:
0
0
1
0
/sbin/losetup:
0
1
1
0
/sbin/plymouthd:
0
1
1
0
/sbin/startpar:
0
1
1
0
/sbin/blkid:
0
1
1
0
/sbin/logsave:
0
1
1
0
/sbin/fdisk:
0
1
1
0
/sbin/sulogin:
0
1
1
0
/sbin/upstart-socket-bridge:
1
1
1
1
/sbin/mkswap:
0
1
1
0
/sbin/ntfsundelete:
1
1
1
1
/sbin/apm_available:
0
0
1
0
/sbin/ureadahead:
1
1
1
1
/sbin/ifup:
0
1
1
0
/sbin/partprobe:
0
0
1
0
/sbin/mke2fs:
0
1
1
0
/sbin/resize2fs:
0
0
1
0
/sbin/fsfreeze:
0
0
1
0
/sbin/e2undo:
0
1
1
0
/sbin/mntctl:
1
0
1
1
/sbin/swaplabel:
0
1
1
0
/sbin/reboot:
1
1
1
1
/sbin/plipconfig:
0
0
1
0
/sbin/fstrim:
0
1
1
0
/sbin/mountall:
1
1
1
1
/sbin/mount.fuse:
1
0
1
1
/sbin/discover:
0
1
1
0
/sbin/startpar-upstart-inject:
0
0
1
0
/sbin/mkfs.bfs:
0
1
1
0
/sbin/fsck:
0
1
1
0
/sbin/kbdrate:
0
0
1
0
/sbin/dumpe2fs:
0
1
1
0
/sbin/agetty:
0
1
1
0
/sbin/wipefs:
0
1
1
0
/sbin/acpi_available:
0
0
1
0
/sbin/hdparm:
0
1
1
0
/sbin/swapon:
0
1
1
0
/sbin/setcap:
0
0
1
0
/sbin/mkntfs:
1
1
1
1
/sbin/upstart-file-bridge:
1
1
1
1
/sbin/fatlabel:
0
1
1
0
/sbin/pam_tally:
0
1
1
0
/sbin/unix_update:
1
1
1
0
/sbin/findfs:
0
0
1
0
/sbin/init:
1
1
1
1
/sbin/lvm:
0
1
1
0
/sbin/blockdev:
0
1
1
0
/sbin/fsck.fat:
0
1
1
0
/sbin/raw:
0
0
1
0
/sbin/upstart-event-bridge:
1
0
1
1
/sbin/telinit:
1
1
1
1
/sbin/fsck.minix:
0
1
1
0
/sbin/unix_chkpwd:
1
1
1
0
/bin/fuser:
0
1
1
0
/bin/lowntfs-3g:
1
1
1
1
/bin/ntfstruncate:
1
1
1
1
/bin/ntfs-3g.probe:
1
0
1
1
/bin/whiptail:
0
1
1
0
/bin/bunzip2:
0
1
1
0
/bin/tar:
0
1
1
0
/bin/netstat:
0
1
1
0
/bin/uname:
0
1
1
0
/bin/sed:
0
1
1
0
/bin/readlink:
0
1
1
0
/bin/kmod:
1
1
1
0
/bin/loginctl:
0
1
1
1
/bin/sleep:
0
1
1
0
/bin/plymouth:
0
1
1
0
/bin/sync:
0
1
1
0
/bin/cpio:
0
1
1
0
/bin/cat:
0
1
1
0
/bin/ntfswipe:
1
0
1
1
/bin/ntfscat:
1
0
1
1
/bin/mknod:
0
1
1
0
/bin/ntfsck:
1
1
1
1
/bin/ntfscluster:
1
1
1
1
/bin/dbus-daemon:
0
1
1
0
/bin/ntfsmftalloc:
1
0
1
1
/bin/ls:
0
1
1
0
/bin/login:
0
1
1
0
/bin/gzip:
0
1
1
0
/bin/tailf:
0
1
1
0
/bin/mktemp:
0
1
1
0
/bin/udevadm:
0
1
1
1
/bin/chgrp:
0
1
1
0
/bin/findmnt:
0
1
1
0
/bin/lsblk:
0
1
1
0
/bin/dbus-uuidgen:
0
0
1
0
/bin/mt-gnu:
0
1
1
0
/bin/pwd:
0
1
1
0
/bin/bzip2:
0
1
1
0
/bin/ping6:
0
1
1
0
/bin/date:
0
1
1
0
/bin/mountpoint:
0
1
1
0
/bin/setfont:
0
1
1
0
/bin/stty:
0
1
1
0
/bin/dmesg:
0
1
1
0
/bin/ntfsls:
1
1
1
1
/bin/mv:
0
1
1
0
/bin/ntfsinfo:
1
1
1
1
/bin/kbd_mode:
0
1
1
0
/bin/ntfs-3g.usermap:
1
1
1
1
/bin/echo:
0
1
1
0
/bin/df:
0
1
1
0
/bin/dbus-cleanup-sockets:
0
1
1
0
/bin/grep:
0
1
1
0
/bin/ss:
0
1
1
0
/bin/su:
0
1
1
0
/bin/chown:
0
1
1
0
/bin/ln:
0
1
1
0
/bin/run-parts:
0
1
1
0
/bin/more:
0
1
1
0
/bin/kill:
0
1
1
0
/bin/fgrep:
0
1
1
0
/bin/rmdir:
0
1
1
0
/bin/busybox:
0
0
1
0
/bin/openvt:
0
1
1
0
/bin/lessecho:
0
1
1
0
/bin/chmod:
0
1
1
0
/bin/ping:
0
1
1
0
/bin/plymouth-upstart-bridge:
0
0
1
0
/bin/ip:
0
1
1
0
/bin/hostname:
0
1
1
0
/bin/less:
0
1
1
0
/bin/mount:
0
1
1
0
/bin/true:
0
1
1
0
/bin/false:
0
1
1
0
/bin/ntfs-3g:
1
1
1
1
/bin/bash:
0
1
1
0
/bin/cp:
0
1
1
0
/bin/tempfile:
0
0
1
0
/bin/fusermount:
1
1
1
1
/bin/mkdir:
0
1
1
0
/bin/ed:
0
1
1
0
/bin/vdir:
0
1
1
0
/bin/ntfsfix:
1
0
1
1
/bin/dumpkeys:
0
1
1
0
/bin/dd:
0
1
1
0
/bin/bzcat:
0
1
1
0
/bin/ntfs-3g.secaudit:
1
1
1
1
/bin/ulockmgr_server:
1
1
1
1
/bin/dash:
1
1
1
1
/bin/chvt:
0
1
1
0
/bin/nc.openbsd:
0
1
1
0
/bin/egrep:
0
1
1
0
/bin/umount:
0
1
1
0
/bin/rm:
0
1
1
0
/bin/lesskey:
0
1
1
0
/bin/dir:
0
1
1
0
/bin/ps:
0
1
1
0
/bin/loadkeys:
0
1
1
0
/bin/ntfscmp:
1
1
1
1
/bin/ntfsmove:
1
0
1
1
/bin/nano:
0
1
1
0
/bin/touch:
0
1
1
0
/bin/fgconsole:
0
1
1
0
/bin/ntfsdump_logfile:
1
0
1
1
/bin/bzip2recover:
0
0
1
0
