/sbin/pam_timestamp_check:
 PIE: yes
 Stack protected: yes
 Fortify: yes
 RELRO: yes
 Immediate binding: yes
/sbin/consoletype:
 PIE: no
 Stack protected: no
 Fortify: yes
 RELRO: no
 Immediate binding: no
/sbin/udevadm:
 PIE: yes
 Stack protected: yes
 Fortify: partial
 RELRO: yes
 Immediate binding: yes
/sbin/auditctl:
 PIE: yes
 Stack protected: yes
 Fortify: partial
 RELRO: yes
 Immediate binding: yes
/sbin/runlevel:
 PIE: yes
 Stack protected: yes
 Fortify: no
 RELRO: yes
 Immediate binding: yes
/sbin/fsck.ext3:
 PIE: no
 Stack protected: yes
 Fortify: partial
 RELRO: yes
 Immediate binding: no
/sbin/lspci:
 PIE: no
 Stack protected: yes
 Fortify: partial
 RELRO: no
 Immediate binding: no
/sbin/netreport:
 PIE: no
 Stack protected: yes
 Fortify: yes
 RELRO: no
 Immediate binding: no
/sbin/mkfs.ext4:
 PIE: no
 Stack protected: yes
 Fortify: partial
 RELRO: yes
 Immediate binding: no
/sbin/fstab-decode:
 PIE: no
 Stack protected: no
 Fortify: yes
 RELRO: no
 Immediate binding: no
/sbin/init:
 PIE: yes
 Stack protected: yes
 Fortify: partial
 RELRO: yes
 Immediate binding: yes
/sbin/unix_update:
 PIE: yes
 Stack protected: yes
 Fortify: partial
 RELRO: yes
 Immediate binding: yes
/sbin/setpci:
 PIE: no
 Stack protected: yes
 Fortify: partial
 RELRO: no
 Immediate binding: no
/sbin/rtmon:
 PIE: no
 Stack protected: yes
 Fortify: partial
 RELRO: no
 Immediate binding: no
/sbin/fuser:
 PIE: no
 Stack protected: yes
 Fortify: partial
 RELRO: no
 Immediate binding: no
/sbin/logsave:
 PIE: no
 Stack protected: yes
 Fortify: partial
 RELRO: yes
 Immediate binding: no
/sbin/dhclient:
 PIE: yes
 Stack protected: yes
 Fortify: partial
 RELRO: yes
 Immediate binding: yes
/sbin/ppp-watch:
 PIE: no
 Stack protected: yes
 Fortify: partial
 RELRO: no
 Immediate binding: no
/sbin/partx:
 PIE: no
 Stack protected: yes
 Fortify: partial
 RELRO: no
 Immediate binding: no
/sbin/telinit:
 PIE: yes
 Stack protected: yes
 Fortify: partial
 RELRO: yes
 Immediate binding: yes
/sbin/insmod.static:
 PIE: no
 Stack protected: no
 Fortify: unknown, no protectable libc functions used
 RELRO: no
 Immediate binding: no
/sbin/lvmetad:
 PIE: yes
 Stack protected: yes
 Fortify: partial
 RELRO: yes
 Immediate binding: yes
/sbin/mke2fs:
 PIE: no
 Stack protected: yes
 Fortify: partial
 RELRO: yes
 Immediate binding: no
/sbin/rdisc:
 PIE: yes
 Stack protected: yes
 Fortify: partial
 RELRO: no
 Immediate binding: no
/sbin/mdadm:
 PIE: no
 Stack protected: yes
 Fortify: partial
 RELRO: no
 Immediate binding: no
/sbin/pdata_tools:
 PIE: no
 Stack protected: yes
 Fortify: partial
 RELRO: no
 Immediate binding: no
/sbin/fsck:
 PIE: no
 Stack protected: yes
 Fortify: partial
 RELRO: no
 Immediate binding: no
/sbin/nologin:
 PIE: no
 Stack protected: no
 Fortify: no
 RELRO: no
 Immediate binding: no
/sbin/insmod:
 PIE: no
 Stack protected: no
 Fortify: partial
 RELRO: no
 Immediate binding: no
/sbin/tc:
 PIE: no
 Stack protected: yes
 Fortify: partial
 RELRO: no
 Immediate binding: no
/sbin/mii-tool:
 PIE: no
 Stack protected: yes
 Fortify: partial
 RELRO: no
 Immediate binding: no
/sbin/mingetty:
 PIE: no
 Stack protected: yes
 Fortify: partial
 RELRO: no
 Immediate binding: no
/sbin/sulogin:
 PIE: no
 Stack protected: yes
 Fortify: partial
 RELRO: no
 Immediate binding: no
/sbin/plymouthd:
 PIE: no
 Stack protected: yes
 Fortify: partial
 RELRO: no
 Immediate binding: no
/sbin/wipefs:
 PIE: no
 Stack protected: yes
 Fortify: partial
 RELRO: no
 Immediate binding: no
/sbin/losetup:
 PIE: no
 Stack protected: yes
 Fortify: partial
 RELRO: no
 Immediate binding: no
/sbin/fsck.ext4:
 PIE: no
 Stack protected: yes
 Fortify: partial
 RELRO: yes
 Immediate binding: no
/sbin/lsmod:
 PIE: no
 Stack protected: no
 Fortify: partial
 RELRO: no
 Immediate binding: no
/sbin/ether-wake:
 PIE: no
 Stack protected: yes
 Fortify: partial
 RELRO: no
 Immediate binding: no
/sbin/mkhomedir_helper:
 PIE: no
 Stack protected: yes
 Fortify: partial
 RELRO: yes
 Immediate binding: no
/sbin/aureport:
 PIE: no
 Stack protected: yes
 Fortify: partial
 RELRO: no
 Immediate binding: no
/sbin/delpart:
 PIE: no
 Stack protected: yes
 Fortify: yes
 RELRO: no
 Immediate binding: no
/sbin/load_policy:
 PIE: yes
 Stack protected: no
 Fortify: yes
 RELRO: yes
 Immediate binding: no
/sbin/shutdown:
 PIE: yes
 Stack protected: yes
 Fortify: partial
 RELRO: yes
 Immediate binding: yes
/sbin/rmmod:
 PIE: no
 Stack protected: yes
 Fortify: partial
 RELRO: no
 Immediate binding: no
/sbin/pivot_root:
 PIE: no
 Stack protected: no
 Fortify: yes
 RELRO: no
 Immediate binding: no
/sbin/e2image:
 PIE: no
 Stack protected: yes
 Fortify: partial
 RELRO: yes
 Immediate binding: no
/sbin/mdmon:
 PIE: no
 Stack protected: yes
 Fortify: partial
 RELRO: no
 Immediate binding: yes
/sbin/busybox:
 PIE: no
 Stack protected: no
 Fortify: unknown, no protectable libc functions used
 RELRO: no
 Immediate binding: no
/sbin/mkfs.ext2:
 PIE: no
 Stack protected: yes
 Fortify: partial
 RELRO: yes
 Immediate binding: no
/sbin/arping:
 PIE: yes
 Stack protected: yes
 Fortify: partial
 RELRO: no
 Immediate binding: no
/sbin/killall5:
 PIE: no
 Stack protected: yes
 Fortify: partial
 RELRO: no
 Immediate binding: no
/sbin/chcpu:
 PIE: no
 Stack protected: yes
 Fortify: partial
 RELRO: no
 Immediate binding: no
/sbin/unix_chkpwd:
 PIE: yes
 Stack protected: yes
 Fortify: partial
 RELRO: yes
 Immediate binding: yes
/sbin/badblocks:
 PIE: no
 Stack protected: yes
 Fortify: partial
 RELRO: yes
 Immediate binding: no
/sbin/sysctl:
 PIE: no
 Stack protected: yes
 Fortify: partial
 RELRO: no
 Immediate binding: no
/sbin/ifenslave:
 PIE: no
 Stack protected: yes
 Fortify: partial
 RELRO: no
 Immediate binding: no
/sbin/iptables-multi-1.4.7:
 PIE: no
 Stack protected: yes
 Fortify: partial
 RELRO: no
 Immediate binding: no
/sbin/mkswap:
 PIE: no
 Stack protected: yes
 Fortify: partial
 RELRO: no
 Immediate binding: no
/sbin/blkid:
 PIE: no
 Stack protected: yes
 Fortify: partial
 RELRO: no
 Immediate binding: no
/sbin/bridge:
 PIE: no
 Stack protected: yes
 Fortify: partial
 RELRO: no
 Immediate binding: no
/sbin/securetty:
 PIE: no
 Stack protected: yes
 Fortify: yes
 RELRO: no
 Immediate binding: no
/sbin/pam_console_apply:
 PIE: no
 Stack protected: yes
 Fortify: partial
 RELRO: yes
 Immediate binding: no
/sbin/ethtool:
 PIE: no
 Stack protected: yes
 Fortify: partial
 RELRO: no
 Immediate binding: no
/sbin/rsyslogd:
 PIE: yes
 Stack protected: yes
 Fortify: partial
 RELRO: yes
 Immediate binding: yes
/sbin/e2label:
 PIE: no
 Stack protected: yes
 Fortify: partial
 RELRO: yes
 Immediate binding: no
/sbin/MAKEDEV:
 PIE: no
 Stack protected: yes
 Fortify: partial
 RELRO: no
 Immediate binding: no
/sbin/genhostid:
 PIE: no
 Stack protected: no
 Fortify: no
 RELRO: no
 Immediate binding: no
/sbin/chkconfig:
 PIE: no
 Stack protected: yes
 Fortify: partial
 RELRO: no
 Immediate binding: no
/sbin/vmcore-dmesg:
 PIE: no
 Stack protected: yes
 Fortify: partial
 RELRO: no
 Immediate binding: no
/sbin/resize2fs:
 PIE: no
 Stack protected: no
 Fortify: partial
 RELRO: yes
 Immediate binding: no
/sbin/kpartx:
 PIE: no
 Stack protected: yes
 Fortify: partial
 RELRO: no
 Immediate binding: no
/sbin/ctrlaltdel:
 PIE: no
 Stack protected: no
 Fortify: yes
 RELRO: no
 Immediate binding: no
/sbin/ausearch:
 PIE: no
 Stack protected: yes
 Fortify: partial
 RELRO: no
 Immediate binding: no
/sbin/e2fsck:
 PIE: no
 Stack protected: yes
 Fortify: partial
 RELRO: yes
 Immediate binding: no
/sbin/fdisk:
 PIE: no
 Stack protected: yes
 Fortify: partial
 RELRO: no
 Immediate binding: no
/sbin/matchpathcon:
 PIE: no
 Stack protected: no
 Fortify: yes
 RELRO: no
 Immediate binding: no
/sbin/pam_tally2:
 PIE: no
 Stack protected: yes
 Fortify: partial
 RELRO: yes
 Immediate binding: no
/sbin/iptunnel:
 PIE: no
 Stack protected: yes
 Fortify: partial
 RELRO: no
 Immediate binding: no
/sbin/grubby:
 PIE: no
 Stack protected: yes
 Fortify: partial
 RELRO: no
 Immediate binding: no
/sbin/kdump:
 PIE: no
 Stack protected: no
 Fortify: partial
 RELRO: no
 Immediate binding: no
/sbin/mkfs.cramfs:
 PIE: no
 Stack protected: yes
 Fortify: partial
 RELRO: no
 Immediate binding: no
/sbin/mkfs:
 PIE: no
 Stack protected: no
 Fortify: yes
 RELRO: no
 Immediate binding: no
/sbin/fsck.ext2:
 PIE: no
 Stack protected: yes
 Fortify: partial
 RELRO: yes
 Immediate binding: no
/sbin/dmeventd:
 PIE: yes
 Stack protected: yes
 Fortify: partial
 RELRO: yes
 Immediate binding: yes
/sbin/arp:
 PIE: no
 Stack protected: yes
 Fortify: partial
 RELRO: no
 Immediate binding: no
/sbin/runuser:
 PIE: yes
 Stack protected: yes
 Fortify: partial
 RELRO: no
 Immediate binding: no
/sbin/plipconfig:
 PIE: no
 Stack protected: no
 Fortify: partial
 RELRO: no
 Immediate binding: no
/sbin/swapon:
 PIE: no
 Stack protected: yes
 Fortify: partial
 RELRO: no
 Immediate binding: no
/sbin/autrace:
 PIE: no
 Stack protected: yes
 Fortify: partial
 RELRO: no
 Immediate binding: no
/sbin/blkdiscard:
 PIE: no
 Stack protected: yes
 Fortify: yes
 RELRO: no
 Immediate binding: no
/sbin/findfs:
 PIE: no
 Stack protected: no
 Fortify: yes
 RELRO: no
 Immediate binding: no
/sbin/grub:
 PIE: no
 Stack protected: no
 Fortify: unknown, no protectable libc functions used
 RELRO: no
 Immediate binding: no
/sbin/dumpe2fs:
 PIE: no
 Stack protected: yes
 Fortify: partial
 RELRO: yes
 Immediate binding: no
/sbin/mii-diag:
 PIE: no
 Stack protected: no
 Fortify: partial
 RELRO: no
 Immediate binding: no
/sbin/ip:
 PIE: no
 Stack protected: yes
 Fortify: partial
 RELRO: no
 Immediate binding: no
/sbin/ipmaddr:
 PIE: no
 Stack protected: yes
 Fortify: partial
 RELRO: no
 Immediate binding: no
/sbin/ldconfig:
 PIE: no
 Stack protected: no
 Fortify: unknown, no protectable libc functions used
 RELRO: no
 Immediate binding: no
/sbin/getkey:
 PIE: no
 Stack protected: yes
 Fortify: partial
 RELRO: no
 Immediate binding: no
/sbin/sfdisk:
 PIE: no
 Stack protected: yes
 Fortify: partial
 RELRO: no
 Immediate binding: no
/sbin/ip6tables-multi-1.4.7:
 PIE: no
 Stack protected: yes
 Fortify: partial
 RELRO: no
 Immediate binding: no
/sbin/addpart:
 PIE: no
 Stack protected: yes
 Fortify: yes
 RELRO: no
 Immediate binding: no
/sbin/reboot:
 PIE: yes
 Stack protected: yes
 Fortify: no
 RELRO: yes
 Immediate binding: yes
/sbin/lvm:
 PIE: yes
 Stack protected: yes
 Fortify: partial
 RELRO: yes
 Immediate binding: yes
/sbin/install-info:
 PIE: no
 Stack protected: yes
 Fortify: partial
 RELRO: no
 Immediate binding: no
/sbin/hwclock:
 PIE: no
 Stack protected: yes
 Fortify: partial
 RELRO: no
 Immediate binding: no
/sbin/blockdev:
 PIE: no
 Stack protected: yes
 Fortify: partial
 RELRO: no
 Immediate binding: no
/sbin/ifconfig:
 PIE: no
 Stack protected: yes
 Fortify: partial
 RELRO: no
 Immediate binding: no
/sbin/faillock:
 PIE: no
 Stack protected: yes
 Fortify: partial
 RELRO: yes
 Immediate binding: no
/sbin/mkfs.ext4dev:
 PIE: no
 Stack protected: yes
 Fortify: partial
 RELRO: yes
 Immediate binding: no
/sbin/slattach:
 PIE: no
 Stack protected: yes
 Fortify: partial
 RELRO: no
 Immediate binding: no
/sbin/route:
 PIE: no
 Stack protected: yes
 Fortify: partial
 RELRO: no
 Immediate binding: no
/sbin/setfiles:
 PIE: yes
 Stack protected: yes
 Fortify: partial
 RELRO: yes
 Immediate binding: no
/sbin/fsck.ext4dev:
 PIE: no
 Stack protected: yes
 Fortify: partial
 RELRO: yes
 Immediate binding: no
/sbin/kexec:
 PIE: no
 Stack protected: yes
 Fortify: partial
 RELRO: no
 Immediate binding: no
/sbin/depmod:
 PIE: no
 Stack protected: yes
 Fortify: partial
 RELRO: no
 Immediate binding: no
/sbin/fsck.cramfs:
 PIE: no
 Stack protected: yes
 Fortify: partial
 RELRO: no
 Immediate binding: no
/sbin/cfdisk:
 PIE: no
 Stack protected: yes
 Fortify: partial
 RELRO: no
 Immediate binding: no
/sbin/debugfs:
 PIE: no
 Stack protected: yes
 Fortify: partial
 RELRO: yes
 Immediate binding: no
/sbin/audispd:
 PIE: yes
 Stack protected: yes
 Fortify: partial
 RELRO: yes
 Immediate binding: yes
/sbin/nameif:
 PIE: no
 Stack protected: yes
 Fortify: partial
 RELRO: no
 Immediate binding: no
/sbin/mkfs.ext3:
 PIE: no
 Stack protected: yes
 Fortify: partial
 RELRO: yes
 Immediate binding: no
/sbin/switch_root:
 PIE: no
 Stack protected: yes
 Fortify: yes
 RELRO: no
 Immediate binding: no
/sbin/udevd:
 PIE: yes
 Stack protected: yes
 Fortify: partial
 RELRO: yes
 Immediate binding: yes
/sbin/auditd:
 PIE: yes
 Stack protected: yes
 Fortify: partial
 RELRO: yes
 Immediate binding: yes
/sbin/tune2fs:
 PIE: no
 Stack protected: yes
 Fortify: partial
 RELRO: yes
 Immediate binding: no
/sbin/agetty:
 PIE: no
 Stack protected: yes
 Fortify: partial
 RELRO: no
 Immediate binding: no
/sbin/sln:
 PIE: no
 Stack protected: no
 Fortify: unknown, no protectable libc functions used
 RELRO: no
 Immediate binding: no
/sbin/modinfo:
 PIE: no
 Stack protected: yes
 Fortify: partial
 RELRO: no
 Immediate binding: no
/sbin/modprobe:
 PIE: no
 Stack protected: yes
 Fortify: partial
 RELRO: no
 Immediate binding: no
/sbin/e2undo:
 PIE: no
 Stack protected: yes
 Fortify: yes
 RELRO: yes
 Immediate binding: no
/sbin/dmsetup:
 PIE: yes
 Stack protected: yes
 Fortify: partial
 RELRO: yes
 Immediate binding: yes
/sbin/fstrim:
 PIE: no
 Stack protected: yes
 Fortify: yes
 RELRO: no
 Immediate binding: no
/sbin/initctl:
 PIE: yes
 Stack protected: no
 Fortify: yes
 RELRO: yes
 Immediate binding: yes
/sbin/fsfreeze:
 PIE: no
 Stack protected: no
 Fortify: yes
 RELRO: no
 Immediate binding: no
/bin/ping6:
 PIE: yes
 Stack protected: yes
 Fortify: partial
 RELRO: no
 Immediate binding: no
/bin/rpm:
 PIE: no
 Stack protected: no
 Fortify: yes
 RELRO: no
 Immediate binding: no
/bin/ipcalc:
 PIE: no
 Stack protected: yes
 Fortify: yes
 RELRO: no
 Immediate binding: no
/bin/arch:
 PIE: no
 Stack protected: yes
 Fortify: partial
 RELRO: no
 Immediate binding: no
/bin/date:
 PIE: no
 Stack protected: yes
 Fortify: partial
 RELRO: no
 Immediate binding: no
/bin/uname:
 PIE: no
 Stack protected: yes
 Fortify: partial
 RELRO: no
 Immediate binding: no
/bin/sed:
 PIE: no
 Stack protected: yes
 Fortify: partial
 RELRO: no
 Immediate binding: no
/bin/mkdir:
 PIE: no
 Stack protected: yes
 Fortify: partial
 RELRO: no
 Immediate binding: no
/bin/pwd:
 PIE: no
 Stack protected: yes
 Fortify: partial
 RELRO: no
 Immediate binding: no
/bin/cpio:
 PIE: no
 Stack protected: yes
 Fortify: partial
 RELRO: no
 Immediate binding: no
/bin/find:
 PIE: no
 Stack protected: yes
 Fortify: partial
 RELRO: no
 Immediate binding: no
/bin/cp:
 PIE: no
 Stack protected: yes
 Fortify: partial
 RELRO: no
 Immediate binding: no
/bin/ls:
 PIE: no
 Stack protected: yes
 Fortify: partial
 RELRO: no
 Immediate binding: no
/bin/tar:
 PIE: no
 Stack protected: yes
 Fortify: partial
 RELRO: no
 Immediate binding: no
/bin/gzip:
 PIE: no
 Stack protected: yes
 Fortify: partial
 RELRO: no
 Immediate binding: no
/bin/hostname:
 PIE: no
 Stack protected: yes
 Fortify: partial
 RELRO: no
 Immediate binding: no
/bin/false:
 PIE: no
 Stack protected: yes
 Fortify: partial
 RELRO: no
 Immediate binding: no
/bin/mv:
 PIE: no
 Stack protected: yes
 Fortify: partial
 RELRO: no
 Immediate binding: no
/bin/nice:
 PIE: no
 Stack protected: yes
 Fortify: partial
 RELRO: no
 Immediate binding: no
/bin/cat:
 PIE: no
 Stack protected: yes
 Fortify: partial
 RELRO: no
 Immediate binding: no
/bin/ln:
 PIE: no
 Stack protected: yes
 Fortify: partial
 RELRO: no
 Immediate binding: no
/bin/usleep:
 PIE: no
 Stack protected: no
 Fortify: yes
 RELRO: no
 Immediate binding: no
/bin/cut:
 PIE: no
 Stack protected: yes
 Fortify: partial
 RELRO: no
 Immediate binding: no
/bin/kill:
 PIE: no
 Stack protected: yes
 Fortify: partial
 RELRO: no
 Immediate binding: no
/bin/tracepath:
 PIE: yes
 Stack protected: yes
 Fortify: partial
 RELRO: no
 Immediate binding: no
/bin/taskset:
 PIE: no
 Stack protected: yes
 Fortify: partial
 RELRO: no
 Immediate binding: no
/bin/stty:
 PIE: no
 Stack protected: yes
 Fortify: partial
 RELRO: no
 Immediate binding: no
/bin/basename:
 PIE: no
 Stack protected: yes
 Fortify: partial
 RELRO: no
 Immediate binding: no
/bin/plymouth:
 PIE: no
 Stack protected: yes
 Fortify: partial
 RELRO: no
 Immediate binding: no
/bin/loadkeys:
 PIE: no
 Stack protected: yes
 Fortify: partial
 RELRO: no
 Immediate binding: no
/bin/findmnt:
 PIE: no
 Stack protected: yes
 Fortify: partial
 RELRO: no
 Immediate binding: no
/bin/lsblk:
 PIE: no
 Stack protected: yes
 Fortify: partial
 RELRO: no
 Immediate binding: no
/bin/ping:
 PIE: yes
 Stack protected: yes
 Fortify: partial
 RELRO: no
 Immediate binding: no
/bin/mknod:
 PIE: no
 Stack protected: yes
 Fortify: partial
 RELRO: no
 Immediate binding: no
/bin/unlink:
 PIE: no
 Stack protected: yes
 Fortify: partial
 RELRO: no
 Immediate binding: no
/bin/tracepath6:
 PIE: yes
 Stack protected: yes
 Fortify: partial
 RELRO: no
 Immediate binding: no
/bin/rmdir:
 PIE: no
 Stack protected: yes
 Fortify: partial
 RELRO: no
 Immediate binding: no
/bin/bash:
 PIE: no
 Stack protected: yes
 Fortify: partial
 RELRO: no
 Immediate binding: no
/bin/touch:
 PIE: no
 Stack protected: yes
 Fortify: partial
 RELRO: no
 Immediate binding: no
/bin/netstat:
 PIE: no
 Stack protected: yes
 Fortify: partial
 RELRO: no
 Immediate binding: no
/bin/mktemp:
 PIE: no
 Stack protected: yes
 Fortify: partial
 RELRO: no
 Immediate binding: no
/bin/kbd_mode:
 PIE: no
 Stack protected: no
 Fortify: yes
 RELRO: no
 Immediate binding: no
/bin/mountpoint:
 PIE: no
 Stack protected: yes
 Fortify: partial
 RELRO: no
 Immediate binding: no
/bin/dumpkeys:
 PIE: no
 Stack protected: yes
 Fortify: yes
 RELRO: no
 Immediate binding: no
/bin/link:
 PIE: no
 Stack protected: yes
 Fortify: partial
 RELRO: no
 Immediate binding: no
/bin/sync:
 PIE: no
 Stack protected: yes
 Fortify: partial
 RELRO: no
 Immediate binding: no
/bin/vi:
 PIE: no
 Stack protected: yes
 Fortify: partial
 RELRO: no
 Immediate binding: no
/bin/sleep:
 PIE: no
 Stack protected: yes
 Fortify: partial
 RELRO: no
 Immediate binding: no
/bin/setfont:
 PIE: no
 Stack protected: yes
 Fortify: partial
 RELRO: no
 Immediate binding: no
/bin/ps:
 PIE: no
 Stack protected: yes
 Fortify: partial
 RELRO: no
 Immediate binding: no
/bin/rm:
 PIE: no
 Stack protected: yes
 Fortify: partial
 RELRO: no
 Immediate binding: no
/bin/su:
 PIE: yes
 Stack protected: yes
 Fortify: partial
 RELRO: yes
 Immediate binding: yes
/bin/raw:
 PIE: no
 Stack protected: no
 Fortify: yes
 RELRO: no
 Immediate binding: no
/bin/logger:
 PIE: no
 Stack protected: yes
 Fortify: partial
 RELRO: no
 Immediate binding: no
/bin/df:
 PIE: no
 Stack protected: yes
 Fortify: partial
 RELRO: no
 Immediate binding: no
/bin/echo:
 PIE: no
 Stack protected: yes
 Fortify: partial
 RELRO: no
 Immediate binding: no
/bin/chown:
 PIE: no
 Stack protected: yes
 Fortify: partial
 RELRO: no
 Immediate binding: no
/bin/chmod:
 PIE: no
 Stack protected: yes
 Fortify: partial
 RELRO: no
 Immediate binding: no
/bin/login:
 PIE: no
 Stack protected: yes
 Fortify: partial
 RELRO: no
 Immediate binding: no
/bin/more:
 PIE: no
 Stack protected: yes
 Fortify: partial
 RELRO: no
 Immediate binding: no
/bin/env:
 PIE: no
 Stack protected: yes
 Fortify: partial
 RELRO: no
 Immediate binding: no
/bin/readlink:
 PIE: no
 Stack protected: yes
 Fortify: partial
 RELRO: no
 Immediate binding: no
/bin/grep:
 PIE: no
 Stack protected: yes
 Fortify: partial
 RELRO: no
 Immediate binding: no
/bin/dd:
 PIE: no
 Stack protected: yes
 Fortify: partial
 RELRO: no
 Immediate binding: no
/bin/gawk:
 PIE: no
 Stack protected: yes
 Fortify: partial
 RELRO: no
 Immediate binding: no
/bin/dash:
 PIE: no
 Stack protected: yes
 Fortify: partial
 RELRO: no
 Immediate binding: no
/bin/mount:
 PIE: yes
 Stack protected: yes
 Fortify: partial
 RELRO: no
 Immediate binding: no
/bin/true:
 PIE: no
 Stack protected: yes
 Fortify: partial
 RELRO: no
 Immediate binding: no
/bin/dmesg:
 PIE: no
 Stack protected: no
 Fortify: yes
 RELRO: no
 Immediate binding: no
/bin/chgrp:
 PIE: no
 Stack protected: yes
 Fortify: partial
 RELRO: no
 Immediate binding: no
/bin/sort:
 PIE: no
 Stack protected: yes
 Fortify: partial
 RELRO: no
 Immediate binding: no
/bin/umount:
 PIE: yes
 Stack protected: yes
 Fortify: partial
 RELRO: no
 Immediate binding: no
/usr/sbin/lpasswd:
 PIE: no
 Stack protected: yes
 Fortify: partial
 RELRO: no
 Immediate binding: no
/usr/sbin/iconvconfig.x86_64:
 PIE: no
 Stack protected: no
 Fortify: no
 RELRO: yes
 Immediate binding: no
/usr/sbin/iconvconfig:
 PIE: no
 Stack protected: no
 Fortify: no
 RELRO: yes
 Immediate binding: no
/usr/sbin/selinuxdefcon:
 PIE: no
 Stack protected: no
 Fortify: yes
 RELRO: no
 Immediate binding: no
/usr/sbin/setcap:
 PIE: no
 Stack protected: no
 Fortify: no
 RELRO: no
 Immediate binding: no
/usr/sbin/postlock:
 PIE: yes
 Stack protected: yes
 Fortify: partial
 RELRO: yes
 Immediate binding: no
/usr/sbin/usernetctl:
 PIE: yes
 Stack protected: no
 Fortify: partial
 RELRO: no
 Immediate binding: no
/usr/sbin/useradd:
 PIE: yes
 Stack protected: yes
 Fortify: partial
 RELRO: yes
 Immediate binding: yes
/usr/sbin/getsebool:
 PIE: no
 Stack protected: no
 Fortify: yes
 RELRO: no
 Immediate binding: no
/usr/sbin/lnstat:
 PIE: no
 Stack protected: yes
 Fortify: partial
 RELRO: no
 Immediate binding: no
/usr/sbin/luserdel:
 PIE: no
 Stack protected: yes
 Fortify: partial
 RELRO: no
 Immediate binding: no
/usr/sbin/grpck:
 PIE: yes
 Stack protected: yes
 Fortify: partial
 RELRO: yes
 Immediate binding: yes
/usr/sbin/getcap:
 PIE: no
 Stack protected: no
 Fortify: no
 RELRO: no
 Immediate binding: no
/usr/sbin/groupadd:
 PIE: yes
 Stack protected: yes
 Fortify: partial
 RELRO: yes
 Immediate binding: yes
/usr/sbin/clockdiff:
 PIE: yes
 Stack protected: yes
 Fortify: partial
 RELRO: no
 Immediate binding: no
/usr/sbin/tunelp:
 PIE: no
 Stack protected: no
 Fortify: yes
 RELRO: no
 Immediate binding: no
/usr/sbin/postmulti:
 PIE: yes
 Stack protected: yes
 Fortify: partial
 RELRO: yes
 Immediate binding: no
/usr/sbin/setsebool:
 PIE: yes
 Stack protected: no
 Fortify: yes
 RELRO: yes
 Immediate binding: no
/usr/sbin/smtp-sink:
 PIE: yes
 Stack protected: yes
 Fortify: partial
 RELRO: yes
 Immediate binding: no
/usr/sbin/restorecond:
 PIE: yes
 Stack protected: yes
 Fortify: partial
 RELRO: yes
 Immediate binding: no
/usr/sbin/luseradd:
 PIE: no
 Stack protected: yes
 Fortify: partial
 RELRO: no
 Immediate binding: no
/usr/sbin/arpd:
 PIE: no
 Stack protected: yes
 Fortify: partial
 RELRO: no
 Immediate binding: no
/usr/sbin/postdrop:
 PIE: yes
 Stack protected: yes
 Fortify: partial
 RELRO: yes
 Immediate binding: no
/usr/sbin/postcat:
 PIE: yes
 Stack protected: yes
 Fortify: partial
 RELRO: yes
 Immediate binding: no
/usr/sbin/lgroupdel:
 PIE: no
 Stack protected: yes
 Fortify: partial
 RELRO: no
 Immediate binding: no
/usr/sbin/rtacct:
 PIE: no
 Stack protected: yes
 Fortify: partial
 RELRO: no
 Immediate binding: no
/usr/sbin/saslauthd:
 PIE: yes
 Stack protected: yes
 Fortify: partial
 RELRO: yes
 Immediate binding: yes
/usr/sbin/postmap:
 PIE: yes
 Stack protected: yes
 Fortify: partial
 RELRO: yes
 Immediate binding: no
/usr/sbin/pwconv:
 PIE: yes
 Stack protected: yes
 Fortify: partial
 RELRO: yes
 Immediate binding: yes
/usr/sbin/chroot:
 PIE: no
 Stack protected: yes
 Fortify: partial
 RELRO: no
 Immediate binding: no
/usr/sbin/grpunconv:
 PIE: yes
 Stack protected: yes
 Fortify: partial
 RELRO: yes
 Immediate binding: yes
/usr/sbin/lid:
 PIE: no
 Stack protected: no
 Fortify: yes
 RELRO: no
 Immediate binding: no
/usr/sbin/setenforce:
 PIE: no
 Stack protected: no
 Fortify: yes
 RELRO: no
 Immediate binding: no
/usr/sbin/usermod:
 PIE: yes
 Stack protected: yes
 Fortify: partial
 RELRO: yes
 Immediate binding: yes
/usr/sbin/ldattach:
 PIE: no
 Stack protected: no
 Fortify: yes
 RELRO: no
 Immediate binding: no
/usr/sbin/build-locale-archive:
 PIE: no
 Stack protected: no
 Fortify: unknown, no protectable libc functions used
 RELRO: no
 Immediate binding: no
/usr/sbin/groupdel:
 PIE: yes
 Stack protected: yes
 Fortify: partial
 RELRO: yes
 Immediate binding: yes
/usr/sbin/newusers:
 PIE: yes
 Stack protected: yes
 Fortify: partial
 RELRO: yes
 Immediate binding: yes
/usr/sbin/lgroupmod:
 PIE: no
 Stack protected: yes
 Fortify: partial
 RELRO: no
 Immediate binding: no
/usr/sbin/makedumpfile:
 PIE: no
 Stack protected: no
 Fortify: no
 RELRO: no
 Immediate binding: no
/usr/sbin/cracklib-unpacker:
 PIE: no
 Stack protected: no
 Fortify: yes
 RELRO: no
 Immediate binding: no
/usr/sbin/postalias:
 PIE: yes
 Stack protected: yes
 Fortify: partial
 RELRO: yes
 Immediate binding: no
/usr/sbin/testsaslauthd:
 PIE: no
 Stack protected: yes
 Fortify: partial
 RELRO: no
 Immediate binding: no
/usr/sbin/postqueue:
 PIE: yes
 Stack protected: yes
 Fortify: partial
 RELRO: yes
 Immediate binding: no
/usr/sbin/sshd:
 PIE: yes
 Stack protected: yes
 Fortify: partial
 RELRO: yes
 Immediate binding: yes
/usr/sbin/efibootmgr:
 PIE: no
 Stack protected: yes
 Fortify: partial
 RELRO: no
 Immediate binding: no
/usr/sbin/e2freefrag:
 PIE: no
 Stack protected: yes
 Fortify: yes
 RELRO: yes
 Immediate binding: no
/usr/sbin/readprofile:
 PIE: no
 Stack protected: yes
 Fortify: partial
 RELRO: no
 Immediate binding: no
/usr/sbin/selinuxenabled:
 PIE: no
 Stack protected: no
 Fortify: unknown, no protectable libc functions used
 RELRO: no
 Immediate binding: no
/usr/sbin/pwunconv:
 PIE: yes
 Stack protected: yes
 Fortify: partial
 RELRO: yes
 Immediate binding: yes
/usr/sbin/postkick:
 PIE: yes
 Stack protected: yes
 Fortify: partial
 RELRO: yes
 Immediate binding: no
/usr/sbin/userdel:
 PIE: yes
 Stack protected: yes
 Fortify: partial
 RELRO: yes
 Immediate binding: yes
/usr/sbin/lusermod:
 PIE: no
 Stack protected: yes
 Fortify: partial
 RELRO: no
 Immediate binding: no
/usr/sbin/chpasswd:
 PIE: yes
 Stack protected: yes
 Fortify: partial
 RELRO: yes
 Immediate binding: yes
/usr/sbin/mksock:
 PIE: no
 Stack protected: yes
 Fortify: yes
 RELRO: no
 Immediate binding: no
/usr/sbin/lchage:
 PIE: no
 Stack protected: yes
 Fortify: partial
 RELRO: no
 Immediate binding: no
/usr/sbin/anacron:
 PIE: yes
 Stack protected: yes
 Fortify: partial
 RELRO: yes
 Immediate binding: yes
/usr/sbin/zdump:
 PIE: no
 Stack protected: no
 Fortify: no
 RELRO: yes
 Immediate binding: no
/usr/sbin/sendmail.postfix:
 PIE: yes
 Stack protected: yes
 Fortify: partial
 RELRO: yes
 Immediate binding: no
/usr/sbin/postlog:
 PIE: yes
 Stack protected: yes
 Fortify: partial
 RELRO: yes
 Immediate binding: no
/usr/sbin/lgroupadd:
 PIE: no
 Stack protected: yes
 Fortify: partial
 RELRO: no
 Immediate binding: no
/usr/sbin/capsh:
 PIE: no
 Stack protected: no
 Fortify: no
 RELRO: no
 Immediate binding: no
/usr/sbin/pwck:
 PIE: yes
 Stack protected: yes
 Fortify: partial
 RELRO: yes
 Immediate binding: yes
/usr/sbin/togglesebool:
 PIE: no
 Stack protected: no
 Fortify: yes
 RELRO: no
 Immediate binding: no
/usr/sbin/grpconv:
 PIE: yes
 Stack protected: yes
 Fortify: partial
 RELRO: yes
 Immediate binding: yes
/usr/sbin/avcstat:
 PIE: no
 Stack protected: yes
 Fortify: partial
 RELRO: no
 Immediate binding: no
/usr/sbin/visudo:
 PIE: yes
 Stack protected: yes
 Fortify: partial
 RELRO: yes
 Immediate binding: yes
/usr/sbin/open_init_pty:
 PIE: yes
 Stack protected: no
 Fortify: partial
 RELRO: yes
 Immediate binding: no
/usr/sbin/getpcaps:
 PIE: no
 Stack protected: no
 Fortify: no
 RELRO: no
 Immediate binding: no
/usr/sbin/run_init:
 PIE: yes
 Stack protected: yes
 Fortify: partial
 RELRO: yes
 Immediate binding: no
/usr/sbin/alternatives:
 PIE: no
 Stack protected: yes
 Fortify: partial
 RELRO: no
 Immediate binding: no
/usr/sbin/sestatus:
 PIE: yes
 Stack protected: yes
 Fortify: partial
 RELRO: yes
 Immediate binding: no
/usr/sbin/cracklib-check:
 PIE: no
 Stack protected: yes
 Fortify: partial
 RELRO: no
 Immediate binding: no
/usr/sbin/ss:
 PIE: no
 Stack protected: yes
 Fortify: partial
 RELRO: no
 Immediate binding: no
/usr/sbin/filefrag:
 PIE: no
 Stack protected: yes
 Fortify: yes
 RELRO: yes
 Immediate binding: no
/usr/sbin/smtp-source:
 PIE: yes
 Stack protected: yes
 Fortify: partial
 RELRO: yes
 Immediate binding: no
/usr/sbin/getenforce:
 PIE: no
 Stack protected: no
 Fortify: unknown, no protectable libc functions used
 RELRO: no
 Immediate binding: no
/usr/sbin/semodule:
 PIE: yes
 Stack protected: no
 Fortify: yes
 RELRO: yes
 Immediate binding: no
/usr/sbin/cracklib-packer:
 PIE: no
 Stack protected: yes
 Fortify: partial
 RELRO: no
 Immediate binding: no
/usr/sbin/rtcwake:
 PIE: no
 Stack protected: yes
 Fortify: partial
 RELRO: no
 Immediate binding: no
/usr/sbin/glibc_post_upgrade.x86_64:
 PIE: no
 Stack protected: no
 Fortify: unknown, no protectable libc functions used
 RELRO: no
 Immediate binding: no
/usr/sbin/vipw:
 PIE: yes
 Stack protected: yes
 Fortify: partial
 RELRO: yes
 Immediate binding: yes
/usr/sbin/selinuxconlist:
 PIE: no
 Stack protected: no
 Fortify: yes
 RELRO: no
 Immediate binding: no
/usr/sbin/fdformat:
 PIE: no
 Stack protected: no
 Fortify: partial
 RELRO: no
 Immediate binding: no
/usr/sbin/crond:
 PIE: yes
 Stack protected: yes
 Fortify: partial
 RELRO: yes
 Immediate binding: yes
/usr/sbin/lnewusers:
 PIE: no
 Stack protected: yes
 Fortify: partial
 RELRO: no
 Immediate binding: no
/usr/sbin/postsuper:
 PIE: yes
 Stack protected: yes
 Fortify: partial
 RELRO: yes
 Immediate binding: no
/usr/sbin/nstat:
 PIE: no
 Stack protected: yes
 Fortify: partial
 RELRO: no
 Immediate binding: no
/usr/sbin/groupmod:
 PIE: yes
 Stack protected: yes
 Fortify: partial
 RELRO: yes
 Immediate binding: yes
/usr/sbin/mklost+found:
 PIE: no
 Stack protected: no
 Fortify: yes
 RELRO: yes
 Immediate binding: no
/usr/sbin/groupmems:
 PIE: yes
 Stack protected: yes
 Fortify: partial
 RELRO: yes
 Immediate binding: yes
/usr/sbin/sasldblistusers2:
 PIE: no
 Stack protected: yes
 Fortify: partial
 RELRO: no
 Immediate binding: no
/usr/sbin/logrotate:
 PIE: no
 Stack protected: yes
 Fortify: partial
 RELRO: no
 Immediate binding: no
/usr/sbin/saslpasswd2:
 PIE: no
 Stack protected: yes
 Fortify: partial
 RELRO: no
 Immediate binding: no
/usr/sbin/postconf:
 PIE: yes
 Stack protected: yes
 Fortify: partial
 RELRO: yes
 Immediate binding: no
/usr/sbin/tzdata-update:
 PIE: no
 Stack protected: no
 Fortify: no
 RELRO: yes
 Immediate binding: no
/usr/sbin/pluginviewer:
 PIE: no
 Stack protected: no
 Fortify: yes
 RELRO: no
 Immediate binding: no
/usr/sbin/postfix:
 PIE: yes
 Stack protected: yes
 Fortify: partial
 RELRO: yes
 Immediate binding: no
/usr/sbin/zic:
 PIE: no
 Stack protected: no
 Fortify: no
 RELRO: yes
 Immediate binding: no
/usr/bin/shuf:
 PIE: no
 Stack protected: yes
 Fortify: partial
 RELRO: no
 Immediate binding: no
/usr/bin/idn:
 PIE: no
 Stack protected: yes
 Fortify: partial
 RELRO: no
 Immediate binding: no
/usr/bin/write:
 PIE: yes
 Stack protected: yes
 Fortify: partial
 RELRO: no
 Immediate binding: no
/usr/bin/getent:
 PIE: no
 Stack protected: no
 Fortify: no
 RELRO: yes
 Immediate binding: no
/usr/bin/cal:
 PIE: no
 Stack protected: yes
 Fortify: partial
 RELRO: no
 Immediate binding: no
/usr/bin/refer:
 PIE: no
 Stack protected: yes
 Fortify: partial
 RELRO: no
 Immediate binding: no
/usr/bin/semodule_link:
 PIE: yes
 Stack protected: no
 Fortify: partial
 RELRO: yes
 Immediate binding: no
/usr/bin/tailf:
 PIE: no
 Stack protected: yes
 Fortify: no
 RELRO: no
 Immediate binding: no
/usr/bin/fallocate:
 PIE: no
 Stack protected: no
 Fortify: yes
 RELRO: no
 Immediate binding: no
/usr/bin/bc:
 PIE: no
 Stack protected: yes
 Fortify: partial
 RELRO: no
 Immediate binding: no
/usr/bin/ipcrm:
 PIE: no
 Stack protected: no
 Fortify: yes
 RELRO: no
 Immediate binding: no
/usr/bin/bzip2recover:
 PIE: no
 Stack protected: no
 Fortify: partial
 RELRO: no
 Immediate binding: no
/usr/bin/berkeley_db_svc:
 PIE: no
 Stack protected: yes
 Fortify: partial
 RELRO: no
 Immediate binding: no
/usr/bin/indxbib:
 PIE: no
 Stack protected: no
 Fortify: partial
 RELRO: no
 Immediate binding: no
/usr/bin/signver:
 PIE: no
 Stack protected: yes
 Fortify: partial
 RELRO: yes
 Immediate binding: no
/usr/bin/pgawk:
 PIE: no
 Stack protected: yes
 Fortify: partial
 RELRO: no
 Immediate binding: no
/usr/bin/gprof:
 PIE: no
 Stack protected: yes
 Fortify: partial
 RELRO: no
 Immediate binding: no
/usr/bin/sha224sum:
 PIE: no
 Stack protected: yes
 Fortify: partial
 RELRO: no
 Immediate binding: no
/usr/bin/gpasswd:
 PIE: yes
 Stack protected: yes
 Fortify: partial
 RELRO: yes
 Immediate binding: yes
/usr/bin/whoami:
 PIE: no
 Stack protected: yes
 Fortify: partial
 RELRO: no
 Immediate binding: no
/usr/bin/join:
 PIE: no
 Stack protected: yes
 Fortify: partial
 RELRO: no
 Immediate binding: no
/usr/bin/sprof:
 PIE: no
 Stack protected: no
 Fortify: no
 RELRO: yes
 Immediate binding: no
/usr/bin/showkey:
 PIE: no
 Stack protected: no
 Fortify: partial
 RELRO: no
 Immediate binding: no
/usr/bin/psfxtable:
 PIE: no
 Stack protected: yes
 Fortify: partial
 RELRO: no
 Immediate binding: no
/usr/bin/python:
 PIE: no
 Stack protected: no
 Fortify: unknown, no protectable libc functions used
 RELRO: no
 Immediate binding: no
/usr/bin/pcretest:
 PIE: no
 Stack protected: yes
 Fortify: partial
 RELRO: no
 Immediate binding: no
/usr/bin/tee:
 PIE: no
 Stack protected: yes
 Fortify: partial
 RELRO: no
 Immediate binding: no
/usr/bin/db_recover:
 PIE: no
 Stack protected: no
 Fortify: partial
 RELRO: no
 Immediate binding: no
/usr/bin/lookbib:
 PIE: no
 Stack protected: yes
 Fortify: partial
 RELRO: no
 Immediate binding: no
/usr/bin/m4:
 PIE: no
 Stack protected: yes
 Fortify: partial
 RELRO: no
 Immediate binding: no
/usr/bin/dirname:
 PIE: no
 Stack protected: yes
 Fortify: partial
 RELRO: no
 Immediate binding: no
/usr/bin/post-grohtml:
 PIE: no
 Stack protected: yes
 Fortify: partial
 RELRO: no
 Immediate binding: no
/usr/bin/getfattr:
 PIE: no
 Stack protected: yes
 Fortify: partial
 RELRO: yes
 Immediate binding: no
/usr/bin/attr:
 PIE: no
 Stack protected: no
 Fortify: partial
 RELRO: yes
 Immediate binding: no
/usr/bin/which:
 PIE: no
 Stack protected: yes
 Fortify: partial
 RELRO: no
 Immediate binding: no
/usr/bin/rpm2cpio:
 PIE: no
 Stack protected: no
 Fortify: yes
 RELRO: no
 Immediate binding: no
/usr/bin/du:
 PIE: no
 Stack protected: yes
 Fortify: partial
 RELRO: no
 Immediate binding: no
/usr/bin/head:
 PIE: no
 Stack protected: yes
 Fortify: partial
 RELRO: no
 Immediate binding: no
/usr/bin/setfattr:
 PIE: no
 Stack protected: no
 Fortify: partial
 RELRO: yes
 Immediate binding: no
/usr/bin/uptime:
 PIE: no
 Stack protected: no
 Fortify: yes
 RELRO: no
 Immediate binding: no
/usr/bin/ipcmk:
 PIE: no
 Stack protected: yes
 Fortify: yes
 RELRO: no
 Immediate binding: no
/usr/bin/soelim:
 PIE: no
 Stack protected: no
 Fortify: partial
 RELRO: no
 Immediate binding: no
/usr/bin/paste:
 PIE: no
 Stack protected: yes
 Fortify: partial
 RELRO: no
 Immediate binding: no
/usr/bin/chacl:
 PIE: no
 Stack protected: no
 Fortify: yes
 RELRO: yes
 Immediate binding: no
/usr/bin/setsid:
 PIE: no
 Stack protected: no
 Fortify: yes
 RELRO: no
 Immediate binding: no
/usr/bin/grotty:
 PIE: no
 Stack protected: yes
 Fortify: partial
 RELRO: no
 Immediate binding: no
/usr/bin/db_dump185:
 PIE: no
 Stack protected: yes
 Fortify: partial
 RELRO: no
 Immediate binding: no
/usr/bin/watch:
 PIE: no
 Stack protected: no
 Fortify: partial
 RELRO: no
 Immediate binding: no
/usr/bin/lastlog:
 PIE: yes
 Stack protected: yes
 Fortify: partial
 RELRO: yes
 Immediate binding: yes
/usr/bin/hostid:
 PIE: no
 Stack protected: yes
 Fortify: partial
 RELRO: no
 Immediate binding: no
/usr/bin/setterm:
 PIE: no
 Stack protected: yes
 Fortify: partial
 RELRO: no
 Immediate binding: no
/usr/bin/lua:
 PIE: no
 Stack protected: no
 Fortify: yes
 RELRO: no
 Immediate binding: no
/usr/bin/watchgnupg:
 PIE: no
 Stack protected: no
 Fortify: partial
 RELRO: no
 Immediate binding: no
/usr/bin/db_verify:
 PIE: no
 Stack protected: no
 Fortify: partial
 RELRO: no
 Immediate binding: no
/usr/bin/strings:
 PIE: no
 Stack protected: yes
 Fortify: partial
 RELRO: no
 Immediate binding: no
/usr/bin/db_hotbackup:
 PIE: no
 Stack protected: yes
 Fortify: partial
 RELRO: no
 Immediate binding: no
/usr/bin/sqlite3:
 PIE: no
 Stack protected: yes
 Fortify: partial
 RELRO: no
 Immediate binding: no
/usr/bin/tsort:
 PIE: no
 Stack protected: yes
 Fortify: partial
 RELRO: no
 Immediate binding: no
/usr/bin/fmt:
 PIE: no
 Stack protected: yes
 Fortify: partial
 RELRO: no
 Immediate binding: no
/usr/bin/scriptreplay:
 PIE: no
 Stack protected: yes
 Fortify: yes
 RELRO: no
 Immediate binding: no
/usr/bin/snice:
 PIE: no
 Stack protected: yes
 Fortify: partial
 RELRO: no
 Immediate binding: no
/usr/bin/rpcgen:
 PIE: no
 Stack protected: no
 Fortify: no
 RELRO: yes
 Immediate binding: no
/usr/bin/install:
 PIE: no
 Stack protected: yes
 Fortify: partial
 RELRO: no
 Immediate binding: no
/usr/bin/sudoreplay:
 PIE: yes
 Stack protected: yes
 Fortify: partial
 RELRO: yes
 Immediate binding: yes
/usr/bin/tabs:
 PIE: no
 Stack protected: no
 Fortify: partial
 RELRO: no
 Immediate binding: no
/usr/bin/mbchk:
 PIE: no
 Stack protected: no
 Fortify: unknown, no protectable libc functions used
 RELRO: no
 Immediate binding: no
/usr/bin/mapscrn:
 PIE: no
 Stack protected: yes
 Fortify: partial
 RELRO: no
 Immediate binding: no
/usr/bin/tail:
 PIE: no
 Stack protected: yes
 Fortify: partial
 RELRO: no
 Immediate binding: no
/usr/bin/ssltap:
 PIE: no
 Stack protected: yes
 Fortify: partial
 RELRO: yes
 Immediate binding: no
/usr/bin/tfmtodit:
 PIE: no
 Stack protected: yes
 Fortify: partial
 RELRO: no
 Immediate binding: no
/usr/bin/hpftodit:
 PIE: no
 Stack protected: yes
 Fortify: partial
 RELRO: no
 Immediate binding: no
/usr/bin/db_codegen:
 PIE: no
 Stack protected: yes
 Fortify: partial
 RELRO: no
 Immediate binding: no
/usr/bin/gio-querymodules-64:
 PIE: no
 Stack protected: no
 Fortify: unknown, no protectable libc functions used
 RELRO: no
 Immediate binding: no
/usr/bin/dir:
 PIE: no
 Stack protected: yes
 Fortify: partial
 RELRO: no
 Immediate binding: no
/usr/bin/make:
 PIE: no
 Stack protected: yes
 Fortify: partial
 RELRO: no
 Immediate binding: no
/usr/bin/db_load:
 PIE: no
 Stack protected: yes
 Fortify: partial
 RELRO: no
 Immediate binding: no
/usr/bin/loadunimap:
 PIE: no
 Stack protected: yes
 Fortify: partial
 RELRO: no
 Immediate binding: no
/usr/bin/mkfifo:
 PIE: no
 Stack protected: yes
 Fortify: partial
 RELRO: no
 Immediate binding: no
/usr/bin/sha512sum:
 PIE: no
 Stack protected: yes
 Fortify: partial
 RELRO: no
 Immediate binding: no
/usr/bin/getconf:
 PIE: no
 Stack protected: no
 Fortify: no
 RELRO: yes
 Immediate binding: no
/usr/bin/grn:
 PIE: no
 Stack protected: yes
 Fortify: partial
 RELRO: no
 Immediate binding: no
/usr/bin/base64:
 PIE: no
 Stack protected: yes
 Fortify: partial
 RELRO: no
 Immediate binding: no
/usr/bin/mcookie:
 PIE: no
 Stack protected: yes
 Fortify: partial
 RELRO: no
 Immediate binding: no
/usr/bin/utmpdump:
 PIE: no
 Stack protected: yes
 Fortify: partial
 RELRO: no
 Immediate binding: no
/usr/bin/setleds:
 PIE: no
 Stack protected: no
 Fortify: yes
 RELRO: no
 Immediate binding: no
/usr/bin/semodule_expand:
 PIE: yes
 Stack protected: no
 Fortify: yes
 RELRO: yes
 Immediate binding: no
/usr/bin/lessecho:
 PIE: no
 Stack protected: yes
 Fortify: yes
 RELRO: no
 Immediate binding: no
/usr/bin/gpg2:
 PIE: no
 Stack protected: yes
 Fortify: partial
 RELRO: no
 Immediate binding: no
/usr/bin/pwdx:
 PIE: no
 Stack protected: yes
 Fortify: partial
 RELRO: no
 Immediate binding: no
/usr/bin/gpg-connect-agent:
 PIE: no
 Stack protected: yes
 Fortify: partial
 RELRO: no
 Immediate binding: no
/usr/bin/nsenter:
 PIE: no
 Stack protected: yes
 Fortify: partial
 RELRO: no
 Immediate binding: no
/usr/bin/setkeycodes:
 PIE: no
 Stack protected: no
 Fortify: yes
 RELRO: no
 Immediate binding: no
/usr/bin/ipcs:
 PIE: no
 Stack protected: yes
 Fortify: partial
 RELRO: no
 Immediate binding: no
/usr/bin/pre-grohtml:
 PIE: no
 Stack protected: yes
 Fortify: partial
 RELRO: no
 Immediate binding: no
/usr/bin/file:
 PIE: no
 Stack protected: yes
 Fortify: partial
 RELRO: no
 Immediate binding: no
/usr/bin/hexdump:
 PIE: no
 Stack protected: yes
 Fortify: partial
 RELRO: no
 Immediate binding: no
/usr/bin/curl:
 PIE: no
 Stack protected: yes
 Fortify: no
 RELRO: no
 Immediate binding: no
/usr/bin/nohup:
 PIE: no
 Stack protected: yes
 Fortify: partial
 RELRO: no
 Immediate binding: no
/usr/bin/toe:
 PIE: no
 Stack protected: yes
 Fortify: yes
 RELRO: no
 Immediate binding: no
/usr/bin/users:
 PIE: no
 Stack protected: yes
 Fortify: partial
 RELRO: no
 Immediate binding: no
/usr/bin/deallocvt:
 PIE: no
 Stack protected: no
 Fortify: yes
 RELRO: no
 Immediate binding: no
/usr/bin/flock:
 PIE: no
 Stack protected: no
 Fortify: yes
 RELRO: no
 Immediate binding: no
/usr/bin/xmllint:
 PIE: no
 Stack protected: yes
 Fortify: partial
 RELRO: no
 Immediate binding: no
/usr/bin/vdir:
 PIE: no
 Stack protected: yes
 Fortify: partial
 RELRO: no
 Immediate binding: no
/usr/bin/chsh:
 PIE: yes
 Stack protected: no
 Fortify: partial
 RELRO: no
 Immediate binding: no
/usr/bin/diff:
 PIE: no
 Stack protected: yes
 Fortify: partial
 RELRO: no
 Immediate binding: no
/usr/bin/ptx:
 PIE: no
 Stack protected: yes
 Fortify: partial
 RELRO: no
 Immediate binding: no
/usr/bin/gpg-error:
 PIE: no
 Stack protected: no
 Fortify: yes
 RELRO: yes
 Immediate binding: no
/usr/bin/fipscheck:
 PIE: no
 Stack protected: yes
 Fortify: partial
 RELRO: yes
 Immediate binding: no
/usr/bin/readelf:
 PIE: no
 Stack protected: yes
 Fortify: partial
 RELRO: no
 Immediate binding: no
/usr/bin/ar:
 PIE: no
 Stack protected: yes
 Fortify: partial
 RELRO: no
 Immediate binding: no
/usr/bin/ionice:
 PIE: no
 Stack protected: yes
 Fortify: yes
 RELRO: no
 Immediate binding: no
/usr/bin/pgrep:
 PIE: no
 Stack protected: yes
 Fortify: partial
 RELRO: no
 Immediate binding: no
/usr/bin/unexpand:
 PIE: no
 Stack protected: yes
 Fortify: partial
 RELRO: no
 Immediate binding: no
/usr/bin/lscpu:
 PIE: no
 Stack protected: yes
 Fortify: partial
 RELRO: no
 Immediate binding: no
/usr/bin/troff:
 PIE: no
 Stack protected: yes
 Fortify: partial
 RELRO: no
 Immediate binding: no
/usr/bin/lslogins:
 PIE: no
 Stack protected: yes
 Fortify: partial
 RELRO: no
 Immediate binding: no
/usr/bin/grodvi:
 PIE: no
 Stack protected: yes
 Fortify: partial
 RELRO: no
 Immediate binding: no
/usr/bin/dircolors:
 PIE: no
 Stack protected: yes
 Fortify: partial
 RELRO: no
 Immediate binding: no
/usr/bin/bzip2:
 PIE: no
 Stack protected: yes
 Fortify: partial
 RELRO: no
 Immediate binding: no
/usr/bin/col:
 PIE: no
 Stack protected: no
 Fortify: partial
 RELRO: no
 Immediate binding: no
/usr/bin/db_printlog:
 PIE: no
 Stack protected: yes
 Fortify: partial
 RELRO: no
 Immediate binding: no
/usr/bin/dbus-binding-tool:
 PIE: no
 Stack protected: yes
 Fortify: yes
 RELRO: no
 Immediate binding: no
/usr/bin/gpgkey2ssh:
 PIE: no
 Stack protected: yes
 Fortify: partial
 RELRO: no
 Immediate binding: no
/usr/bin/getfacl:
 PIE: no
 Stack protected: yes
 Fortify: partial
 RELRO: yes
 Immediate binding: no
/usr/bin/p11-kit:
 PIE: no
 Stack protected: yes
 Fortify: partial
 RELRO: no
 Immediate binding: no
/usr/bin/locale:
 PIE: no
 Stack protected: no
 Fortify: no
 RELRO: yes
 Immediate binding: no
/usr/bin/resizecons:
 PIE: no
 Stack protected: yes
 Fortify: yes
 RELRO: no
 Immediate binding: no
/usr/bin/tty:
 PIE: no
 Stack protected: yes
 Fortify: partial
 RELRO: no
 Immediate binding: no
/usr/bin/auvirt:
 PIE: no
 Stack protected: yes
 Fortify: yes
 RELRO: no
 Immediate binding: no
/usr/bin/pkill:
 PIE: no
 Stack protected: yes
 Fortify: partial
 RELRO: no
 Immediate binding: no
/usr/bin/chattr:
 PIE: no
 Stack protected: no
 Fortify: yes
 RELRO: yes
 Immediate binding: no
/usr/bin/infokey:
 PIE: no
 Stack protected: yes
 Fortify: partial
 RELRO: no
 Immediate binding: no
/usr/bin/db_stat:
 PIE: no
 Stack protected: no
 Fortify: partial
 RELRO: no
 Immediate binding: no
/usr/bin/split:
 PIE: no
 Stack protected: yes
 Fortify: partial
 RELRO: no
 Immediate binding: no
/usr/bin/groff:
 PIE: no
 Stack protected: yes
 Fortify: partial
 RELRO: no
 Immediate binding: no
/usr/bin/sedispol:
 PIE: no
 Stack protected: no
 Fortify: partial
 RELRO: no
 Immediate binding: no
/usr/bin/uuidgen:
 PIE: no
 Stack protected: yes
 Fortify: yes
 RELRO: no
 Immediate binding: no
/usr/bin/chrt:
 PIE: no
 Stack protected: no
 Fortify: yes
 RELRO: no
 Immediate binding: no
/usr/bin/truncate:
 PIE: no
 Stack protected: yes
 Fortify: partial
 RELRO: no
 Immediate binding: no
/usr/bin/infocmp:
 PIE: no
 Stack protected: yes
 Fortify: partial
 RELRO: no
 Immediate binding: no
/usr/bin/tac:
 PIE: no
 Stack protected: yes
 Fortify: partial
 RELRO: no
 Immediate binding: no
/usr/bin/rename:
 PIE: no
 Stack protected: no
 Fortify: yes
 RELRO: no
 Immediate binding: no
/usr/bin/id:
 PIE: no
 Stack protected: yes
 Fortify: partial
 RELRO: no
 Immediate binding: no
/usr/bin/grolj4:
 PIE: no
 Stack protected: yes
 Fortify: partial
 RELRO: no
 Immediate binding: no
/usr/bin/pinky:
 PIE: no
 Stack protected: yes
 Fortify: partial
 RELRO: no
 Immediate binding: no
/usr/bin/last:
 PIE: no
 Stack protected: yes
 Fortify: partial
 RELRO: no
 Immediate binding: no
/usr/bin/xargs:
 PIE: no
 Stack protected: yes
 Fortify: partial
 RELRO: no
 Immediate binding: no
/usr/bin/xmlcatalog:
 PIE: no
 Stack protected: yes
 Fortify: partial
 RELRO: no
 Immediate binding: no
/usr/bin/fgconsole:
 PIE: no
 Stack protected: no
 Fortify: yes
 RELRO: no
 Immediate binding: no
/usr/bin/top:
 PIE: no
 Stack protected: yes
 Fortify: partial
 RELRO: no
 Immediate binding: no
/usr/bin/renice:
 PIE: no
 Stack protected: no
 Fortify: yes
 RELRO: no
 Immediate binding: no
/usr/bin/look:
 PIE: no
 Stack protected: no
 Fortify: yes
 RELRO: no
 Immediate binding: no
/usr/bin/unshare:
 PIE: no
 Stack protected: no
 Fortify: partial
 RELRO: no
 Immediate binding: no
/usr/bin/factor:
 PIE: no
 Stack protected: yes
 Fortify: partial
 RELRO: no
 Immediate binding: no
/usr/bin/stdbuf:
 PIE: no
 Stack protected: yes
 Fortify: partial
 RELRO: no
 Immediate binding: no
/usr/bin/less:
 PIE: no
 Stack protected: yes
 Fortify: partial
 RELRO: no
 Immediate binding: no
/usr/bin/isosize:
 PIE: no
 Stack protected: yes
 Fortify: partial
 RELRO: no
 Immediate binding: no
/usr/bin/grops:
 PIE: no
 Stack protected: yes
 Fortify: partial
 RELRO: no
 Immediate binding: no
/usr/bin/groups:
 PIE: no
 Stack protected: yes
 Fortify: partial
 RELRO: no
 Immediate binding: no
/usr/bin/secon:
 PIE: yes
 Stack protected: yes
 Fortify: partial
 RELRO: yes
 Immediate binding: no
/usr/bin/gencat:
 PIE: no
 Stack protected: no
 Fortify: no
 RELRO: yes
 Immediate binding: no
/usr/bin/vmstat:
 PIE: no
 Stack protected: yes
 Fortify: yes
 RELRO: no
 Immediate binding: no
/usr/bin/aulastlog:
 PIE: no
 Stack protected: yes
 Fortify: yes
 RELRO: no
 Immediate binding: no
/usr/bin/column:
 PIE: no
 Stack protected: no
 Fortify: partial
 RELRO: no
 Immediate binding: no
/usr/bin/wget:
 PIE: no
 Stack protected: yes
 Fortify: partial
 RELRO: yes
 Immediate binding: no
/usr/bin/strip:
 PIE: no
 Stack protected: yes
 Fortify: partial
 RELRO: no
 Immediate binding: no
/usr/bin/info:
 PIE: no
 Stack protected: yes
 Fortify: partial
 RELRO: no
 Immediate binding: no
/usr/bin/stat:
 PIE: no
 Stack protected: yes
 Fortify: partial
 RELRO: no
 Immediate binding: no
/usr/bin/checkpolicy:
 PIE: no
 Stack protected: yes
 Fortify: partial
 RELRO: no
 Immediate binding: no
/usr/bin/localedef:
 PIE: no
 Stack protected: no
 Fortify: no
 RELRO: yes
 Immediate binding: no
/usr/bin/c++filt:
 PIE: no
 Stack protected: yes
 Fortify: partial
 RELRO: no
 Immediate binding: no
/usr/bin/python2.6:
 PIE: no
 Stack protected: no
 Fortify: unknown, no protectable libc functions used
 RELRO: no
 Immediate binding: no
/usr/bin/gpgconf:
 PIE: no
 Stack protected: yes
 Fortify: partial
 RELRO: no
 Immediate binding: no
/usr/bin/wall:
 PIE: no
 Stack protected: yes
 Fortify: partial
 RELRO: no
 Immediate binding: no
/usr/bin/skill:
 PIE: no
 Stack protected: yes
 Fortify: partial
 RELRO: no
 Immediate binding: no
/usr/bin/addr2line:
 PIE: no
 Stack protected: yes
 Fortify: partial
 RELRO: no
 Immediate binding: no
/usr/bin/sudo:
 PIE: yes
 Stack protected: yes
 Fortify: partial
 RELRO: yes
 Immediate binding: yes
/usr/bin/pathchk:
 PIE: no
 Stack protected: yes
 Fortify: partial
 RELRO: no
 Immediate binding: no
/usr/bin/nm:
 PIE: no
 Stack protected: yes
 Fortify: partial
 RELRO: no
 Immediate binding: no
/usr/bin/tr:
 PIE: no
 Stack protected: yes
 Fortify: partial
 RELRO: no
 Immediate binding: no
/usr/bin/grolbp:
 PIE: no
 Stack protected: yes
 Fortify: partial
 RELRO: no
 Immediate binding: no
/usr/bin/setmetamode:
 PIE: no
 Stack protected: no
 Fortify: yes
 RELRO: no
 Immediate binding: no
/usr/bin/expand:
 PIE: no
 Stack protected: yes
 Fortify: partial
 RELRO: no
 Immediate binding: no
/usr/bin/oldfind:
 PIE: no
 Stack protected: yes
 Fortify: partial
 RELRO: no
 Immediate binding: no
/usr/bin/tput:
 PIE: no
 Stack protected: no
 Fortify: partial
 RELRO: no
 Immediate binding: no
/usr/bin/a2p:
 PIE: no
 Stack protected: yes
 Fortify: partial
 RELRO: no
 Immediate binding: no
/usr/bin/objcopy:
 PIE: no
 Stack protected: yes
 Fortify: partial
 RELRO: no
 Immediate binding: no
/usr/bin/openvt:
 PIE: no
 Stack protected: yes
 Fortify: partial
 RELRO: no
 Immediate binding: no
/usr/bin/ssh-keygen:
 PIE: yes
 Stack protected: yes
 Fortify: partial
 RELRO: yes
 Immediate binding: yes
/usr/bin/crlutil:
 PIE: no
 Stack protected: yes
 Fortify: partial
 RELRO: yes
 Immediate binding: no
/usr/bin/signtool:
 PIE: no
 Stack protected: yes
 Fortify: partial
 RELRO: yes
 Immediate binding: no
/usr/bin/cmp:
 PIE: no
 Stack protected: yes
 Fortify: partial
 RELRO: no
 Immediate binding: no
/usr/bin/gdbus:
 PIE: no
 Stack protected: no
 Fortify: unknown, no protectable libc functions used
 RELRO: no
 Immediate binding: no
/usr/bin/newgrp:
 PIE: yes
 Stack protected: yes
 Fortify: partial
 RELRO: yes
 Immediate binding: yes
/usr/bin/kbdrate:
 PIE: no
 Stack protected: no
 Fortify: partial
 RELRO: no
 Immediate binding: no
/usr/bin/clear:
 PIE: no
 Stack protected: no
 Fortify: unknown, no protectable libc functions used
 RELRO: no
 Immediate binding: no
/usr/bin/killall:
 PIE: no
 Stack protected: yes
 Fortify: partial
 RELRO: no
 Immediate binding: no
/usr/bin/getkeycodes:
 PIE: no
 Stack protected: no
 Fortify: yes
 RELRO: no
 Immediate binding: no
/usr/bin/logname:
 PIE: no
 Stack protected: yes
 Fortify: partial
 RELRO: no
 Immediate binding: no
/usr/bin/ld:
 PIE: no
 Stack protected: yes
 Fortify: partial
 RELRO: no
 Immediate binding: no
/usr/bin/db_checkpoint:
 PIE: no
 Stack protected: yes
 Fortify: partial
 RELRO: no
 Immediate binding: no
/usr/bin/getopt:
 PIE: no
 Stack protected: no
 Fortify: partial
 RELRO: no
 Immediate binding: no
/usr/bin/fipshmac:
 PIE: no
 Stack protected: yes
 Fortify: partial
 RELRO: yes
 Immediate binding: no
/usr/bin/ranlib:
 PIE: no
 Stack protected: yes
 Fortify: partial
 RELRO: no
 Immediate binding: no
/usr/bin/semodule_deps:
 PIE: yes
 Stack protected: no
 Fortify: partial
 RELRO: yes
 Immediate binding: no
/usr/bin/expr:
 PIE: no
 Stack protected: yes
 Fortify: partial
 RELRO: no
 Immediate binding: no
/usr/bin/addftinfo:
 PIE: no
 Stack protected: no
 Fortify: partial
 RELRO: no
 Immediate binding: no
/usr/bin/chvt:
 PIE: no
 Stack protected: no
 Fortify: yes
 RELRO: no
 Immediate binding: no
/usr/bin/pfbtops:
 PIE: no
 Stack protected: no
 Fortify: yes
 RELRO: no
 Immediate binding: no
/usr/bin/csplit:
 PIE: no
 Stack protected: yes
 Fortify: partial
 RELRO: no
 Immediate binding: no
/usr/bin/gpgparsemail:
 PIE: no
 Stack protected: yes
 Fortify: partial
 RELRO: no
 Immediate binding: no
/usr/bin/lesskey:
 PIE: no
 Stack protected: yes
 Fortify: partial
 RELRO: no
 Immediate binding: no
/usr/bin/pinentry-curses:
 PIE: no
 Stack protected: yes
 Fortify: partial
 RELRO: no
 Immediate binding: no
/usr/bin/modutil:
 PIE: no
 Stack protected: yes
 Fortify: partial
 RELRO: yes
 Immediate binding: no
/usr/bin/seq:
 PIE: no
 Stack protected: yes
 Fortify: partial
 RELRO: no
 Immediate binding: no
/usr/bin/semodule_package:
 PIE: yes
 Stack protected: no
 Fortify: yes
 RELRO: yes
 Immediate binding: no
/usr/bin/setfacl:
 PIE: no
 Stack protected: yes
 Fortify: partial
 RELRO: yes
 Immediate binding: no
/usr/bin/pic:
 PIE: no
 Stack protected: yes
 Fortify: partial
 RELRO: no
 Immediate binding: no
/usr/bin/test:
 PIE: no
 Stack protected: yes
 Fortify: partial
 RELRO: no
 Immediate binding: no
/usr/bin/namei:
 PIE: no
 Stack protected: yes
 Fortify: partial
 RELRO: no
 Immediate binding: no
/usr/bin/pkg-config:
 PIE: no
 Stack protected: yes
 Fortify: partial
 RELRO: no
 Immediate binding: no
/usr/bin/showconsolefont:
 PIE: no
 Stack protected: no
 Fortify: partial
 RELRO: no
 Immediate binding: no
/usr/bin/peekfd:
 PIE: no
 Stack protected: no
 Fortify: yes
 RELRO: no
 Immediate binding: no
/usr/bin/w:
 PIE: no
 Stack protected: yes
 Fortify: partial
 RELRO: no
 Immediate binding: no
/usr/bin/timeout:
 PIE: no
 Stack protected: yes
 Fortify: partial
 RELRO: no
 Immediate binding: no
/usr/bin/setarch:
 PIE: no
 Stack protected: yes
 Fortify: yes
 RELRO: no
 Immediate binding: no
/usr/bin/nl:
 PIE: no
 Stack protected: yes
 Fortify: partial
 RELRO: no
 Immediate binding: no
/usr/bin/tset:
 PIE: no
 Stack protected: yes
 Fortify: partial
 RELRO: no
 Immediate binding: no
/usr/bin/ul:
 PIE: no
 Stack protected: yes
 Fortify: partial
 RELRO: no
 Immediate binding: no
/usr/bin/mesg:
 PIE: no
 Stack protected: no
 Fortify: yes
 RELRO: no
 Immediate binding: no
/usr/bin/objdump:
 PIE: no
 Stack protected: yes
 Fortify: partial
 RELRO: no
 Immediate binding: no
/usr/bin/aulast:
 PIE: no
 Stack protected: yes
 Fortify: yes
 RELRO: no
 Immediate binding: no
/usr/bin/tic:
 PIE: no
 Stack protected: yes
 Fortify: partial
 RELRO: no
 Immediate binding: no
/usr/bin/size:
 PIE: no
 Stack protected: yes
 Fortify: partial
 RELRO: no
 Immediate binding: no
/usr/bin/iconv:
 PIE: no
 Stack protected: no
 Fortify: no
 RELRO: yes
 Immediate binding: no
/usr/bin/db_archive:
 PIE: no
 Stack protected: no
 Fortify: partial
 RELRO: no
 Immediate binding: no
/usr/bin/pmap:
 PIE: no
 Stack protected: yes
 Fortify: partial
 RELRO: no
 Immediate binding: no
/usr/bin/fold:
 PIE: no
 Stack protected: yes
 Fortify: partial
 RELRO: no
 Immediate binding: no
/usr/bin/tload:
 PIE: no
 Stack protected: no
 Fortify: partial
 RELRO: no
 Immediate binding: no
/usr/bin/who:
 PIE: no
 Stack protected: yes
 Fortify: partial
 RELRO: no
 Immediate binding: no
/usr/bin/script:
 PIE: no
 Stack protected: yes
 Fortify: partial
 RELRO: no
 Immediate binding: no
/usr/bin/md5sum:
 PIE: no
 Stack protected: yes
 Fortify: partial
 RELRO: no
 Immediate binding: no
/usr/bin/slabtop:
 PIE: no
 Stack protected: yes
 Fortify: partial
 RELRO: no
 Immediate binding: no
/usr/bin/cksum:
 PIE: no
 Stack protected: yes
 Fortify: partial
 RELRO: no
 Immediate binding: no
/usr/bin/openssl:
 PIE: no
 Stack protected: yes
 Fortify: partial
 RELRO: yes
 Immediate binding: no
/usr/bin/lsattr:
 PIE: no
 Stack protected: no
 Fortify: yes
 RELRO: yes
 Immediate binding: no
/usr/bin/update-mime-database:
 PIE: no
 Stack protected: no
 Fortify: no
 RELRO: no
 Immediate binding: no
/usr/bin/pcregrep:
 PIE: no
 Stack protected: yes
 Fortify: partial
 RELRO: no
 Immediate binding: no
/usr/bin/wc:
 PIE: no
 Stack protected: yes
 Fortify: partial
 RELRO: no
 Immediate binding: no
/usr/bin/cmsutil:
 PIE: no
 Stack protected: yes
 Fortify: partial
 RELRO: yes
 Immediate binding: no
/usr/bin/comm:
 PIE: no
 Stack protected: yes
 Fortify: partial
 RELRO: no
 Immediate binding: no
/usr/bin/sedismod:
 PIE: no
 Stack protected: no
 Fortify: partial
 RELRO: no
 Immediate binding: no
/usr/bin/as:
 PIE: no
 Stack protected: yes
 Fortify: partial
 RELRO: no
 Immediate binding: no
/usr/bin/gpgv2:
 PIE: no
 Stack protected: yes
 Fortify: partial
 RELRO: no
 Immediate binding: no
/usr/bin/sum:
 PIE: no
 Stack protected: yes
 Fortify: partial
 RELRO: no
 Immediate binding: no
/usr/bin/free:
 PIE: no
 Stack protected: no
 Fortify: yes
 RELRO: no
 Immediate binding: no
/usr/bin/db_upgrade:
 PIE: no
 Stack protected: no
 Fortify: partial
 RELRO: no
 Immediate binding: no
/usr/bin/floppy:
 PIE: no
 Stack protected: yes
 Fortify: partial
 RELRO: no
 Immediate binding: no
/usr/bin/colcrt:
 PIE: no
 Stack protected: no
 Fortify: partial
 RELRO: no
 Immediate binding: no
/usr/bin/chage:
 PIE: yes
 Stack protected: yes
 Fortify: partial
 RELRO: yes
 Immediate binding: yes
/usr/bin/pr:
 PIE: no
 Stack protected: yes
 Fortify: partial
 RELRO: no
 Immediate binding: no
/usr/bin/tbl:
 PIE: no
 Stack protected: no
 Fortify: partial
 RELRO: no
 Immediate binding: no
/usr/bin/sdiff:
 PIE: no
 Stack protected: yes
 Fortify: partial
 RELRO: no
 Immediate binding: no
/usr/bin/sha384sum:
 PIE: no
 Stack protected: yes
 Fortify: partial
 RELRO: no
 Immediate binding: no
/usr/bin/shred:
 PIE: no
 Stack protected: yes
 Fortify: partial
 RELRO: no
 Immediate binding: no
/usr/bin/colrm:
 PIE: no
 Stack protected: no
 Fortify: unknown, no protectable libc functions used
 RELRO: no
 Immediate binding: no
/usr/bin/checkmodule:
 PIE: no
 Stack protected: yes
 Fortify: partial
 RELRO: no
 Immediate binding: no
/usr/bin/gpgsplit:
 PIE: no
 Stack protected: yes
 Fortify: partial
 RELRO: no
 Immediate binding: no
/usr/bin/[:
 PIE: no
 Stack protected: yes
 Fortify: partial
 RELRO: no
 Immediate binding: no
/usr/bin/pstree:
 PIE: no
 Stack protected: yes
 Fortify: partial
 RELRO: no
 Immediate binding: no
/usr/bin/runcon:
 PIE: no
 Stack protected: yes
 Fortify: partial
 RELRO: no
 Immediate binding: no
/usr/bin/perl:
 PIE: no
 Stack protected: no
 Fortify: unknown, no protectable libc functions used
 RELRO: no
 Immediate binding: no
/usr/bin/yes:
 PIE: no
 Stack protected: yes
 Fortify: partial
 RELRO: no
 Immediate binding: no
/usr/bin/printenv:
 PIE: no
 Stack protected: yes
 Fortify: partial
 RELRO: no
 Immediate binding: no
/usr/bin/nproc:
 PIE: no
 Stack protected: yes
 Fortify: partial
 RELRO: no
 Immediate binding: no
/usr/bin/xmlwf:
 PIE: no
 Stack protected: no
 Fortify: partial
 RELRO: no
 Immediate binding: no
/usr/bin/passwd:
 PIE: yes
 Stack protected: yes
 Fortify: partial
 RELRO: yes
 Immediate binding: yes
/usr/bin/od:
 PIE: no
 Stack protected: yes
 Fortify: partial
 RELRO: no
 Immediate binding: no
/usr/bin/luac:
 PIE: no
 Stack protected: yes
 Fortify: partial
 RELRO: no
 Immediate binding: no
/usr/bin/ddate:
 PIE: no
 Stack protected: yes
 Fortify: partial
 RELRO: no
 Immediate binding: no
/usr/bin/printf:
 PIE: no
 Stack protected: yes
 Fortify: partial
 RELRO: no
 Immediate binding: no
/usr/bin/lchfn:
 PIE: no
 Stack protected: yes
 Fortify: partial
 RELRO: no
 Immediate binding: no
/usr/bin/perl5.10.1:
 PIE: no
 Stack protected: no
 Fortify: unknown, no protectable libc functions used
 RELRO: no
 Immediate binding: no
/usr/bin/db_deadlock:
 PIE: no
 Stack protected: yes
 Fortify: partial
 RELRO: no
 Immediate binding: no
/usr/bin/glib-compile-schemas:
 PIE: no
 Stack protected: yes
 Fortify: partial
 RELRO: no
 Immediate binding: no
/usr/bin/diff3:
 PIE: no
 Stack protected: yes
 Fortify: partial
 RELRO: no
 Immediate binding: no
/usr/bin/dc:
 PIE: no
 Stack protected: yes
 Fortify: partial
 RELRO: no
 Immediate binding: no
/usr/bin/db_dump:
 PIE: no
 Stack protected: no
 Fortify: partial
 RELRO: no
 Immediate binding: no
/usr/bin/whereis:
 PIE: no
 Stack protected: yes
 Fortify: partial
 RELRO: no
 Immediate binding: no
/usr/bin/lchsh:
 PIE: no
 Stack protected: yes
 Fortify: partial
 RELRO: no
 Immediate binding: no
/usr/bin/lkbib:
 PIE: no
 Stack protected: no
 Fortify: partial
 RELRO: no
 Immediate binding: no
/usr/bin/uniq:
 PIE: no
 Stack protected: yes
 Fortify: partial
 RELRO: no
 Immediate binding: no
/usr/bin/eqn:
 PIE: no
 Stack protected: yes
 Fortify: partial
 RELRO: no
 Immediate binding: no
/usr/bin/certutil:
 PIE: no
 Stack protected: yes
 Fortify: partial
 RELRO: yes
 Immediate binding: no
/usr/bin/chfn:
 PIE: yes
 Stack protected: no
 Fortify: partial
 RELRO: no
 Immediate binding: no
/usr/bin/pk12util:
 PIE: no
 Stack protected: yes
 Fortify: partial
 RELRO: yes
 Immediate binding: no
/usr/bin/rev:
 PIE: no
 Stack protected: no
 Fortify: partial
 RELRO: no
 Immediate binding: no
/usr/bin/crontab:
 PIE: yes
 Stack protected: yes
 Fortify: partial
 RELRO: yes
 Immediate binding: yes
/usr/bin/chcon:
 PIE: no
 Stack protected: yes
 Fortify: partial
 RELRO: no
 Immediate binding: no
/usr/bin/whiptail:
 PIE: no
 Stack protected: yes
 Fortify: partial
 RELRO: no
 Immediate binding: no
/usr/bin/gpg-agent:
 PIE: no
 Stack protected: yes
 Fortify: partial
 RELRO: no
 Immediate binding: no
/usr/bin/sha256sum:
 PIE: no
 Stack protected: yes
 Fortify: partial
 RELRO: no
 Immediate binding: no
/usr/bin/sha1sum:
 PIE: no
 Stack protected: yes
 Fortify: partial
 RELRO: no
 Immediate binding: no
/usr/bin/ausyscall:
 PIE: no
 Stack protected: no
 Fortify: yes
 RELRO: no
 Immediate binding: no
randomize_va_space: 2
