/usr/sbin/rmt-tar:
 PIE: no
 Stack protected: yes
 Fortify: partial
 RELRO: yes
 Immediate binding: no
/usr/sbin/readprofile:
 PIE: no
 Stack protected: yes
 Fortify: partial
 RELRO: yes
 Immediate binding: no
/usr/sbin/tcpd:
 PIE: no
 Stack protected: yes
 Fortify: yes
 RELRO: yes
 Immediate binding: no
/usr/sbin/rtcwake:
 PIE: no
 Stack protected: yes
 Fortify: partial
 RELRO: yes
 Immediate binding: no
/usr/sbin/ownership:
 PIE: yes
 Stack protected: yes
 Fortify: partial
 RELRO: yes
 Immediate binding: yes
/usr/sbin/cppw:
 PIE: yes
 Stack protected: yes
 Fortify: partial
 RELRO: yes
 Immediate binding: yes
/usr/sbin/pwck:
 PIE: yes
 Stack protected: yes
 Fortify: partial
 RELRO: yes
 Immediate binding: yes
/usr/sbin/grpck:
 PIE: yes
 Stack protected: yes
 Fortify: partial
 RELRO: yes
 Immediate binding: yes
/usr/sbin/nologin:
 PIE: yes
 Stack protected: no
 Fortify: yes
 RELRO: yes
 Immediate binding: yes
/usr/sbin/genl:
 PIE: no
 Stack protected: yes
 Fortify: partial
 RELRO: yes
 Immediate binding: no
/usr/sbin/chroot:
 PIE: no
 Stack protected: yes
 Fortify: partial
 RELRO: yes
 Immediate binding: no
/usr/sbin/e2freefrag:
 PIE: no
 Stack protected: yes
 Fortify: yes
 RELRO: yes
 Immediate binding: no
/usr/sbin/visudo:
 PIE: yes
 Stack protected: yes
 Fortify: partial
 RELRO: yes
 Immediate binding: yes
/usr/sbin/tcpdchk:
 PIE: no
 Stack protected: yes
 Fortify: partial
 RELRO: yes
 Immediate binding: no
/usr/sbin/pam_timestamp_check:
 PIE: yes
 Stack protected: yes
 Fortify: yes
 RELRO: yes
 Immediate binding: no
/usr/sbin/groupdel:
 PIE: yes
 Stack protected: yes
 Fortify: partial
 RELRO: yes
 Immediate binding: yes
/usr/sbin/iconvconfig:
 PIE: no
 Stack protected: no
 Fortify: no
 RELRO: yes
 Immediate binding: no
/usr/sbin/zic:
 PIE: no
 Stack protected: no
 Fortify: no
 RELRO: yes
 Immediate binding: no
/usr/sbin/ldattach:
 PIE: no
 Stack protected: yes
 Fortify: partial
 RELRO: yes
 Immediate binding: no
/usr/sbin/tcpdmatch:
 PIE: no
 Stack protected: yes
 Fortify: partial
 RELRO: yes
 Immediate binding: no
/usr/sbin/grub-mkdevicemap:
 PIE: no
 Stack protected: yes
 Fortify: partial
 RELRO: yes
 Immediate binding: no
/usr/sbin/newusers:
 PIE: yes
 Stack protected: yes
 Fortify: partial
 RELRO: yes
 Immediate binding: yes
/usr/sbin/biosdecode:
 PIE: yes
 Stack protected: yes
 Fortify: partial
 RELRO: yes
 Immediate binding: yes
/usr/sbin/sshd:
 PIE: yes
 Stack protected: yes
 Fortify: partial
 RELRO: yes
 Immediate binding: yes
/usr/sbin/pwunconv:
 PIE: yes
 Stack protected: yes
 Fortify: partial
 RELRO: yes
 Immediate binding: yes
/usr/sbin/mklost+found:
 PIE: no
 Stack protected: no
 Fortify: yes
 RELRO: yes
 Immediate binding: no
/usr/sbin/userdel:
 PIE: yes
 Stack protected: yes
 Fortify: partial
 RELRO: yes
 Immediate binding: yes
/usr/sbin/e4defrag:
 PIE: no
 Stack protected: yes
 Fortify: partial
 RELRO: yes
 Immediate binding: no
/usr/sbin/pwconv:
 PIE: yes
 Stack protected: yes
 Fortify: partial
 RELRO: yes
 Immediate binding: yes
/usr/sbin/setvesablank:
 PIE: no
 Stack protected: yes
 Fortify: yes
 RELRO: yes
 Immediate binding: no
/usr/sbin/filefrag:
 PIE: no
 Stack protected: yes
 Fortify: partial
 RELRO: yes
 Immediate binding: no
/usr/sbin/grub-macbless:
 PIE: no
 Stack protected: yes
 Fortify: partial
 RELRO: yes
 Immediate binding: no
/usr/sbin/grpconv:
 PIE: yes
 Stack protected: yes
 Fortify: partial
 RELRO: yes
 Immediate binding: yes
/usr/sbin/grub-install:
 PIE: no
 Stack protected: yes
 Fortify: partial
 RELRO: yes
 Immediate binding: no
/usr/sbin/chgpasswd:
 PIE: yes
 Stack protected: yes
 Fortify: partial
 RELRO: yes
 Immediate binding: yes
/usr/sbin/fdformat:
 PIE: no
 Stack protected: yes
 Fortify: partial
 RELRO: yes
 Immediate binding: no
/usr/sbin/vpddecode:
 PIE: yes
 Stack protected: yes
 Fortify: partial
 RELRO: yes
 Immediate binding: yes
/usr/sbin/chpasswd:
 PIE: yes
 Stack protected: yes
 Fortify: partial
 RELRO: yes
 Immediate binding: yes
/usr/sbin/rsyslogd:
 PIE: no
 Stack protected: yes
 Fortify: partial
 RELRO: yes
 Immediate binding: no
/usr/sbin/logrotate:
 PIE: no
 Stack protected: yes
 Fortify: partial
 RELRO: yes
 Immediate binding: no
/usr/sbin/groupadd:
 PIE: yes
 Stack protected: yes
 Fortify: partial
 RELRO: yes
 Immediate binding: yes
/usr/sbin/safe_finger:
 PIE: no
 Stack protected: no
 Fortify: yes
 RELRO: yes
 Immediate binding: no
/usr/sbin/usermod:
 PIE: yes
 Stack protected: yes
 Fortify: partial
 RELRO: yes
 Immediate binding: yes
/usr/sbin/vipw:
 PIE: yes
 Stack protected: yes
 Fortify: partial
 RELRO: yes
 Immediate binding: yes
/usr/sbin/grub-probe:
 PIE: no
 Stack protected: yes
 Fortify: partial
 RELRO: yes
 Immediate binding: no
/usr/sbin/update-passwd:
 PIE: yes
 Stack protected: yes
 Fortify: partial
 RELRO: yes
 Immediate binding: yes
/usr/sbin/dmidecode:
 PIE: yes
 Stack protected: yes
 Fortify: partial
 RELRO: yes
 Immediate binding: yes
/usr/sbin/arpd:
 PIE: no
 Stack protected: yes
 Fortify: partial
 RELRO: yes
 Immediate binding: no
/usr/sbin/grpunconv:
 PIE: yes
 Stack protected: yes
 Fortify: partial
 RELRO: yes
 Immediate binding: yes
/usr/sbin/arp:
 PIE: no
 Stack protected: yes
 Fortify: partial
 RELRO: yes
 Immediate binding: no
/usr/sbin/groupmod:
 PIE: yes
 Stack protected: yes
 Fortify: partial
 RELRO: yes
 Immediate binding: yes
/usr/sbin/try-from:
 PIE: no
 Stack protected: yes
 Fortify: yes
 RELRO: yes
 Immediate binding: no
/usr/sbin/cron:
 PIE: no
 Stack protected: yes
 Fortify: partial
 RELRO: yes
 Immediate binding: no
/usr/sbin/vcstime:
 PIE: no
 Stack protected: yes
 Fortify: partial
 RELRO: yes
 Immediate binding: no
/usr/sbin/tunelp:
 PIE: no
 Stack protected: yes
 Fortify: partial
 RELRO: yes
 Immediate binding: no
/usr/sbin/useradd:
 PIE: yes
 Stack protected: yes
 Fortify: partial
 RELRO: yes
 Immediate binding: yes
/usr/bin/who:
 PIE: no
 Stack protected: yes
 Fortify: partial
 RELRO: yes
 Immediate binding: no
/usr/bin/wget:
 PIE: yes
 Stack protected: yes
 Fortify: partial
 RELRO: yes
 Immediate binding: yes
/usr/bin/cut:
 PIE: no
 Stack protected: yes
 Fortify: partial
 RELRO: yes
 Immediate binding: no
/usr/bin/dpkg:
 PIE: no
 Stack protected: yes
 Fortify: partial
 RELRO: yes
 Immediate binding: no
/usr/bin/logger:
 PIE: no
 Stack protected: yes
 Fortify: partial
 RELRO: yes
 Immediate binding: no
/usr/bin/nohup:
 PIE: no
 Stack protected: yes
 Fortify: partial
 RELRO: yes
 Immediate binding: no
/usr/bin/mesg:
 PIE: no
 Stack protected: yes
 Fortify: yes
 RELRO: yes
 Immediate binding: no
/usr/bin/sha256sum:
 PIE: no
 Stack protected: yes
 Fortify: partial
 RELRO: yes
 Immediate binding: no
/usr/bin/grub-mkrelpath:
 PIE: no
 Stack protected: yes
 Fortify: partial
 RELRO: yes
 Immediate binding: no
/usr/bin/expr:
 PIE: no
 Stack protected: yes
 Fortify: partial
 RELRO: yes
 Immediate binding: no
/usr/bin/dbus-run-session:
 PIE: yes
 Stack protected: yes
 Fortify: partial
 RELRO: yes
 Immediate binding: yes
/usr/bin/numfmt:
 PIE: no
 Stack protected: yes
 Fortify: partial
 RELRO: yes
 Immediate binding: no
/usr/bin/grub-menulst2cfg:
 PIE: no
 Stack protected: yes
 Fortify: partial
 RELRO: yes
 Immediate binding: no
/usr/bin/grub-mklayout:
 PIE: no
 Stack protected: yes
 Fortify: partial
 RELRO: yes
 Immediate binding: no
/usr/bin/x86_64-linux-gnu-strip:
 PIE: no
 Stack protected: yes
 Fortify: partial
 RELRO: yes
 Immediate binding: no
/usr/bin/setpci:
 PIE: no
 Stack protected: yes
 Fortify: partial
 RELRO: yes
 Immediate binding: no
/usr/bin/kbdinfo:
 PIE: no
 Stack protected: yes
 Fortify: yes
 RELRO: yes
 Immediate binding: no
/usr/bin/tabs:
 PIE: no
 Stack protected: no
 Fortify: partial
 RELRO: yes
 Immediate binding: no
/usr/bin/env:
 PIE: no
 Stack protected: yes
 Fortify: partial
 RELRO: yes
 Immediate binding: no
/usr/bin/pgrep:
 PIE: no
 Stack protected: yes
 Fortify: partial
 RELRO: yes
 Immediate binding: no
/usr/bin/systemd-detect-virt:
 PIE: yes
 Stack protected: yes
 Fortify: partial
 RELRO: yes
 Immediate binding: yes
/usr/bin/x86_64-linux-gnu-as:
 PIE: no
 Stack protected: yes
 Fortify: partial
 RELRO: yes
 Immediate binding: no
/usr/bin/tail:
 PIE: no
 Stack protected: yes
 Fortify: partial
 RELRO: yes
 Immediate binding: no
/usr/bin/grub-script-check:
 PIE: no
 Stack protected: yes
 Fortify: partial
 RELRO: yes
 Immediate binding: no
/usr/bin/x86_64-linux-gnu-size:
 PIE: no
 Stack protected: yes
 Fortify: partial
 RELRO: yes
 Immediate binding: no
/usr/bin/expiry:
 PIE: yes
 Stack protected: yes
 Fortify: partial
 RELRO: yes
 Immediate binding: yes
/usr/bin/getent:
 PIE: no
 Stack protected: no
 Fortify: no
 RELRO: yes
 Immediate binding: no
/usr/bin/xxd:
 PIE: yes
 Stack protected: no
 Fortify: partial
 RELRO: yes
 Immediate binding: yes
/usr/bin/shuf:
 PIE: no
 Stack protected: yes
 Fortify: partial
 RELRO: yes
 Immediate binding: no
/usr/bin/nstat:
 PIE: no
 Stack protected: yes
 Fortify: partial
 RELRO: yes
 Immediate binding: no
/usr/bin/usbhid-dump:
 PIE: no
 Stack protected: yes
 Fortify: yes
 RELRO: yes
 Immediate binding: no
/usr/bin/dpkg-statoverride:
 PIE: no
 Stack protected: yes
 Fortify: partial
 RELRO: yes
 Immediate binding: no
/usr/bin/grub-mount:
 PIE: no
 Stack protected: yes
 Fortify: partial
 RELRO: yes
 Immediate binding: no
/usr/bin/timeout:
 PIE: no
 Stack protected: yes
 Fortify: partial
 RELRO: yes
 Immediate binding: no
/usr/bin/vmstat:
 PIE: no
 Stack protected: yes
 Fortify: yes
 RELRO: yes
 Immediate binding: no
/usr/bin/x86_64-linux-gnu-dwp:
 PIE: no
 Stack protected: yes
 Fortify: partial
 RELRO: yes
 Immediate binding: no
/usr/bin/x86_64-linux-gnu-c++filt:
 PIE: no
 Stack protected: yes
 Fortify: partial
 RELRO: yes
 Immediate binding: no
/usr/bin/[:
 PIE: no
 Stack protected: yes
 Fortify: partial
 RELRO: yes
 Immediate binding: no
/usr/bin/zdump:
 PIE: no
 Stack protected: no
 Fortify: no
 RELRO: yes
 Immediate binding: no
/usr/bin/locale:
 PIE: no
 Stack protected: no
 Fortify: no
 RELRO: yes
 Immediate binding: no
/usr/bin/link:
 PIE: no
 Stack protected: yes
 Fortify: partial
 RELRO: yes
 Immediate binding: no
/usr/bin/shred:
 PIE: no
 Stack protected: yes
 Fortify: partial
 RELRO: yes
 Immediate binding: no
/usr/bin/dpkg-deb:
 PIE: no
 Stack protected: yes
 Fortify: partial
 RELRO: yes
 Immediate binding: no
/usr/bin/sudoreplay:
 PIE: yes
 Stack protected: yes
 Fortify: partial
 RELRO: yes
 Immediate binding: yes
/usr/bin/wc:
 PIE: no
 Stack protected: yes
 Fortify: partial
 RELRO: yes
 Immediate binding: no
/usr/bin/readelf:
 PIE: no
 Stack protected: yes
 Fortify: partial
 RELRO: yes
 Immediate binding: no
/usr/bin/perl:
 PIE: no
 Stack protected: yes
 Fortify: partial
 RELRO: yes
 Immediate binding: no
/usr/bin/psfxtable:
 PIE: no
 Stack protected: yes
 Fortify: partial
 RELRO: yes
 Immediate binding: no
/usr/bin/grub-editenv:
 PIE: no
 Stack protected: yes
 Fortify: partial
 RELRO: yes
 Immediate binding: no
/usr/bin/addpart:
 PIE: no
 Stack protected: yes
 Fortify: partial
 RELRO: yes
 Immediate binding: no
/usr/bin/nsenter:
 PIE: no
 Stack protected: yes
 Fortify: partial
 RELRO: yes
 Immediate binding: no
/usr/bin/factor:
 PIE: no
 Stack protected: yes
 Fortify: partial
 RELRO: yes
 Immediate binding: no
/usr/bin/uptime:
 PIE: no
 Stack protected: yes
 Fortify: yes
 RELRO: yes
 Immediate binding: no
/usr/bin/resizecons:
 PIE: no
 Stack protected: yes
 Fortify: yes
 RELRO: yes
 Immediate binding: no
/usr/bin/setleds:
 PIE: no
 Stack protected: no
 Fortify: yes
 RELRO: yes
 Immediate binding: no
/usr/bin/deallocvt:
 PIE: no
 Stack protected: yes
 Fortify: yes
 RELRO: yes
 Immediate binding: no
/usr/bin/x86_64-linux-gnu-gprof:
 PIE: no
 Stack protected: yes
 Fortify: partial
 RELRO: yes
 Immediate binding: no
/usr/bin/sha224sum:
 PIE: no
 Stack protected: yes
 Fortify: partial
 RELRO: yes
 Immediate binding: no
/usr/bin/apt-sortpkgs:
 PIE: yes
 Stack protected: yes
 Fortify: no
 RELRO: yes
 Immediate binding: yes
/usr/bin/x86_64-linux-gnu-objcopy:
 PIE: no
 Stack protected: yes
 Fortify: partial
 RELRO: yes
 Immediate binding: no
/usr/bin/flock:
 PIE: no
 Stack protected: yes
 Fortify: partial
 RELRO: yes
 Immediate binding: no
/usr/bin/prlimit:
 PIE: no
 Stack protected: yes
 Fortify: partial
 RELRO: yes
 Immediate binding: no
/usr/bin/head:
 PIE: no
 Stack protected: yes
 Fortify: partial
 RELRO: yes
 Immediate binding: no
/usr/bin/loadunimap:
 PIE: no
 Stack protected: yes
 Fortify: partial
 RELRO: yes
 Immediate binding: no
/usr/bin/unexpand:
 PIE: no
 Stack protected: yes
 Fortify: partial
 RELRO: yes
 Immediate binding: no
/usr/bin/grub-mkimage:
 PIE: no
 Stack protected: yes
 Fortify: partial
 RELRO: yes
 Immediate binding: no
/usr/bin/fallocate:
 PIE: no
 Stack protected: yes
 Fortify: partial
 RELRO: yes
 Immediate binding: no
/usr/bin/systemd-cgtop:
 PIE: yes
 Stack protected: yes
 Fortify: partial
 RELRO: yes
 Immediate binding: yes
/usr/bin/openssl:
 PIE: no
 Stack protected: yes
 Fortify: partial
 RELRO: yes
 Immediate binding: no
/usr/bin/grub-file:
 PIE: no
 Stack protected: yes
 Fortify: partial
 RELRO: yes
 Immediate binding: no
/usr/bin/stat:
 PIE: no
 Stack protected: yes
 Fortify: partial
 RELRO: yes
 Immediate binding: no
/usr/bin/localectl:
 PIE: yes
 Stack protected: yes
 Fortify: partial
 RELRO: yes
 Immediate binding: yes
/usr/bin/systemd-stdio-bridge:
 PIE: yes
 Stack protected: yes
 Fortify: partial
 RELRO: yes
 Immediate binding: yes
/usr/bin/diff3:
 PIE: no
 Stack protected: yes
 Fortify: partial
 RELRO: yes
 Immediate binding: no
/usr/bin/x86_64-linux-gnu-addr2line:
 PIE: no
 Stack protected: yes
 Fortify: partial
 RELRO: yes
 Immediate binding: no
/usr/bin/codepage:
 PIE: no
 Stack protected: yes
 Fortify: partial
 RELRO: yes
 Immediate binding: no
/usr/bin/lnstat:
 PIE: no
 Stack protected: yes
 Fortify: partial
 RELRO: yes
 Immediate binding: no
/usr/bin/lsipc:
 PIE: no
 Stack protected: yes
 Fortify: partial
 RELRO: yes
 Immediate binding: no
/usr/bin/file:
 PIE: no
 Stack protected: yes
 Fortify: yes
 RELRO: yes
 Immediate binding: no
/usr/bin/last:
 PIE: no
 Stack protected: yes
 Fortify: partial
 RELRO: yes
 Immediate binding: no
/usr/bin/seq:
 PIE: no
 Stack protected: yes
 Fortify: partial
 RELRO: yes
 Immediate binding: no
/usr/bin/realpath:
 PIE: no
 Stack protected: yes
 Fortify: partial
 RELRO: yes
 Immediate binding: no
/usr/bin/pinky:
 PIE: no
 Stack protected: yes
 Fortify: partial
 RELRO: yes
 Immediate binding: no
/usr/bin/cksum:
 PIE: no
 Stack protected: yes
 Fortify: partial
 RELRO: yes
 Immediate binding: no
/usr/bin/elfedit:
 PIE: no
 Stack protected: yes
 Fortify: partial
 RELRO: yes
 Immediate binding: no
/usr/bin/grub-mkfont:
 PIE: no
 Stack protected: yes
 Fortify: partial
 RELRO: yes
 Immediate binding: no
/usr/bin/delpart:
 PIE: no
 Stack protected: yes
 Fortify: partial
 RELRO: yes
 Immediate binding: no
/usr/bin/x86_64-linux-gnu-ar:
 PIE: no
 Stack protected: yes
 Fortify: partial
 RELRO: yes
 Immediate binding: no
/usr/bin/infocmp:
 PIE: no
 Stack protected: yes
 Fortify: partial
 RELRO: yes
 Immediate binding: no
/usr/bin/nice:
 PIE: no
 Stack protected: yes
 Fortify: partial
 RELRO: yes
 Immediate binding: no
/usr/bin/runcon:
 PIE: no
 Stack protected: yes
 Fortify: partial
 RELRO: yes
 Immediate binding: no
/usr/bin/install:
 PIE: no
 Stack protected: yes
 Fortify: partial
 RELRO: yes
 Immediate binding: no
/usr/bin/systemd-analyze:
 PIE: yes
 Stack protected: yes
 Fortify: partial
 RELRO: yes
 Immediate binding: yes
/usr/bin/chage:
 PIE: yes
 Stack protected: yes
 Fortify: partial
 RELRO: yes
 Immediate binding: yes
/usr/bin/pldd:
 PIE: no
 Stack protected: no
 Fortify: no
 RELRO: yes
 Immediate binding: no
/usr/bin/scriptreplay:
 PIE: no
 Stack protected: yes
 Fortify: yes
 RELRO: yes
 Immediate binding: no
/usr/bin/dbus-update-activation-environment:
 PIE: yes
 Stack protected: yes
 Fortify: yes
 RELRO: yes
 Immediate binding: yes
/usr/bin/sha384sum:
 PIE: no
 Stack protected: yes
 Fortify: partial
 RELRO: yes
 Immediate binding: no
/usr/bin/setterm:
 PIE: no
 Stack protected: yes
 Fortify: partial
 RELRO: yes
 Immediate binding: no
/usr/bin/scp:
 PIE: yes
 Stack protected: yes
 Fortify: partial
 RELRO: yes
 Immediate binding: yes
/usr/bin/grub-syslinux2cfg:
 PIE: no
 Stack protected: yes
 Fortify: partial
 RELRO: yes
 Immediate binding: no
/usr/bin/localedef:
 PIE: no
 Stack protected: no
 Fortify: no
 RELRO: yes
 Immediate binding: no
/usr/bin/screendump:
 PIE: no
 Stack protected: no
 Fortify: partial
 RELRO: yes
 Immediate binding: no
/usr/bin/dircolors:
 PIE: no
 Stack protected: yes
 Fortify: partial
 RELRO: yes
 Immediate binding: no
/usr/bin/systemd-cgls:
 PIE: yes
 Stack protected: yes
 Fortify: partial
 RELRO: yes
 Immediate binding: yes
/usr/bin/yes:
 PIE: no
 Stack protected: yes
 Fortify: partial
 RELRO: yes
 Immediate binding: no
/usr/bin/setmetamode:
 PIE: no
 Stack protected: no
 Fortify: yes
 RELRO: yes
 Immediate binding: no
/usr/bin/dpkg-divert:
 PIE: no
 Stack protected: yes
 Fortify: partial
 RELRO: yes
 Immediate binding: no
/usr/bin/unlink:
 PIE: no
 Stack protected: yes
 Fortify: partial
 RELRO: yes
 Immediate binding: no
/usr/bin/ischroot:
 PIE: no
 Stack protected: yes
 Fortify: no
 RELRO: yes
 Immediate binding: no
/usr/bin/apt-extracttemplates:
 PIE: yes
 Stack protected: yes
 Fortify: partial
 RELRO: yes
 Immediate binding: yes
/usr/bin/xdg-user-dirs-update:
 PIE: no
 Stack protected: yes
 Fortify: partial
 RELRO: yes
 Immediate binding: no
/usr/bin/sdiff:
 PIE: no
 Stack protected: yes
 Fortify: partial
 RELRO: yes
 Immediate binding: no
/usr/bin/tty:
 PIE: no
 Stack protected: yes
 Fortify: partial
 RELRO: yes
 Immediate binding: no
/usr/bin/grub-mkrescue:
 PIE: no
 Stack protected: yes
 Fortify: partial
 RELRO: yes
 Immediate binding: no
/usr/bin/tic:
 PIE: no
 Stack protected: yes
 Fortify: partial
 RELRO: yes
 Immediate binding: no
/usr/bin/apt-cache:
 PIE: yes
 Stack protected: yes
 Fortify: partial
 RELRO: yes
 Immediate binding: yes
/usr/bin/chrt:
 PIE: no
 Stack protected: yes
 Fortify: partial
 RELRO: yes
 Immediate binding: no
/usr/bin/expand:
 PIE: no
 Stack protected: yes
 Fortify: partial
 RELRO: yes
 Immediate binding: no
/usr/bin/gpgsplit:
 PIE: no
 Stack protected: yes
 Fortify: partial
 RELRO: yes
 Immediate binding: no
/usr/bin/unshare:
 PIE: no
 Stack protected: yes
 Fortify: partial
 RELRO: yes
 Immediate binding: no
/usr/bin/printenv:
 PIE: no
 Stack protected: yes
 Fortify: partial
 RELRO: yes
 Immediate binding: no
/usr/bin/namei:
 PIE: no
 Stack protected: yes
 Fortify: partial
 RELRO: yes
 Immediate binding: no
/usr/bin/ssh-agent:
 PIE: yes
 Stack protected: yes
 Fortify: partial
 RELRO: yes
 Immediate binding: yes
/usr/bin/ionice:
 PIE: no
 Stack protected: yes
 Fortify: partial
 RELRO: yes
 Immediate binding: no
/usr/bin/vim.tiny:
 PIE: yes
 Stack protected: yes
 Fortify: partial
 RELRO: yes
 Immediate binding: yes
/usr/bin/grub-mknetdir:
 PIE: no
 Stack protected: yes
 Fortify: partial
 RELRO: yes
 Immediate binding: no
/usr/bin/w.procps:
 PIE: no
 Stack protected: yes
 Fortify: partial
 RELRO: yes
 Immediate binding: no
/usr/bin/script:
 PIE: no
 Stack protected: yes
 Fortify: partial
 RELRO: yes
 Immediate binding: no
/usr/bin/apt-config:
 PIE: yes
 Stack protected: yes
 Fortify: no
 RELRO: yes
 Immediate binding: yes
/usr/bin/md5sum:
 PIE: no
 Stack protected: yes
 Fortify: partial
 RELRO: yes
 Immediate binding: no
/usr/bin/clear:
 PIE: no
 Stack protected: no
 Fortify: unknown, no protectable libc functions used
 RELRO: yes
 Immediate binding: no
/usr/bin/apt-cdrom:
 PIE: yes
 Stack protected: yes
 Fortify: no
 RELRO: yes
 Immediate binding: yes
/usr/bin/eject:
 PIE: yes
 Stack protected: yes
 Fortify: partial
 RELRO: yes
 Immediate binding: yes
/usr/bin/chfn:
 PIE: yes
 Stack protected: yes
 Fortify: partial
 RELRO: yes
 Immediate binding: yes
/usr/bin/pwdx:
 PIE: no
 Stack protected: yes
 Fortify: partial
 RELRO: yes
 Immediate binding: no
/usr/bin/test:
 PIE: no
 Stack protected: yes
 Fortify: partial
 RELRO: yes
 Immediate binding: no
/usr/bin/toe:
 PIE: no
 Stack protected: yes
 Fortify: partial
 RELRO: yes
 Immediate binding: no
/usr/bin/clear_console:
 PIE: no
 Stack protected: yes
 Fortify: yes
 RELRO: yes
 Immediate binding: no
/usr/bin/truncate:
 PIE: no
 Stack protected: yes
 Fortify: partial
 RELRO: yes
 Immediate binding: no
/usr/bin/du:
 PIE: no
 Stack protected: yes
 Fortify: partial
 RELRO: yes
 Immediate binding: no
/usr/bin/slabtop:
 PIE: no
 Stack protected: yes
 Fortify: partial
 RELRO: yes
 Immediate binding: no
/usr/bin/pmap:
 PIE: no
 Stack protected: yes
 Fortify: partial
 RELRO: yes
 Immediate binding: no
/usr/bin/hostnamectl:
 PIE: yes
 Stack protected: yes
 Fortify: partial
 RELRO: yes
 Immediate binding: yes
/usr/bin/dbus-send:
 PIE: yes
 Stack protected: yes
 Fortify: partial
 RELRO: yes
 Immediate binding: yes
/usr/bin/python3.5:
 PIE: no
 Stack protected: yes
 Fortify: partial
 RELRO: yes
 Immediate binding: no
/usr/bin/x86_64-linux-gnu-nm:
 PIE: no
 Stack protected: yes
 Fortify: partial
 RELRO: yes
 Immediate binding: no
/usr/bin/x86_64-linux-gnu-objdump:
 PIE: no
 Stack protected: yes
 Fortify: partial
 RELRO: yes
 Immediate binding: no
/usr/bin/dpkg-split:
 PIE: no
 Stack protected: yes
 Fortify: partial
 RELRO: yes
 Immediate binding: no
/usr/bin/apt-mark:
 PIE: yes
 Stack protected: yes
 Fortify: unknown, no protectable libc functions used
 RELRO: yes
 Immediate binding: yes
/usr/bin/grub-mkpasswd-pbkdf2:
 PIE: no
 Stack protected: yes
 Fortify: partial
 RELRO: yes
 Immediate binding: no
/usr/bin/sudo:
 PIE: yes
 Stack protected: yes
 Fortify: partial
 RELRO: yes
 Immediate binding: yes
/usr/bin/users:
 PIE: no
 Stack protected: yes
 Fortify: partial
 RELRO: yes
 Immediate binding: no
/usr/bin/base64:
 PIE: no
 Stack protected: yes
 Fortify: partial
 RELRO: yes
 Immediate binding: no
/usr/bin/x86_64-linux-gnu-ranlib:
 PIE: no
 Stack protected: yes
 Fortify: partial
 RELRO: yes
 Immediate binding: no
/usr/bin/line:
 PIE: no
 Stack protected: no
 Fortify: yes
 RELRO: yes
 Immediate binding: no
/usr/bin/find:
 PIE: yes
 Stack protected: yes
 Fortify: partial
 RELRO: yes
 Immediate binding: yes
/usr/bin/gpg:
 PIE: no
 Stack protected: yes
 Fortify: partial
 RELRO: yes
 Immediate binding: no
/usr/bin/lslogins:
 PIE: no
 Stack protected: yes
 Fortify: partial
 RELRO: yes
 Immediate binding: no
/usr/bin/setlogcons:
 PIE: no
 Stack protected: yes
 Fortify: yes
 RELRO: yes
 Immediate binding: no
/usr/bin/bootctl:
 PIE: yes
 Stack protected: yes
 Fortify: partial
 RELRO: yes
 Immediate binding: yes
/usr/bin/dbus-monitor:
 PIE: yes
 Stack protected: yes
 Fortify: partial
 RELRO: yes
 Immediate binding: yes
/usr/bin/getkeycodes:
 PIE: no
 Stack protected: yes
 Fortify: yes
 RELRO: yes
 Immediate binding: no
/usr/bin/ipcmk:
 PIE: no
 Stack protected: yes
 Fortify: partial
 RELRO: yes
 Immediate binding: no
/usr/bin/gpasswd:
 PIE: yes
 Stack protected: yes
 Fortify: partial
 RELRO: yes
 Immediate binding: yes
/usr/bin/join:
 PIE: no
 Stack protected: yes
 Fortify: partial
 RELRO: yes
 Immediate binding: no
/usr/bin/volname:
 PIE: yes
 Stack protected: yes
 Fortify: partial
 RELRO: yes
 Immediate binding: yes
/usr/bin/newgrp:
 PIE: yes
 Stack protected: yes
 Fortify: partial
 RELRO: yes
 Immediate binding: yes
/usr/bin/dbus-daemon:
 PIE: yes
 Stack protected: yes
 Fortify: partial
 RELRO: yes
 Immediate binding: yes
/usr/bin/grub-glue-efi:
 PIE: no
 Stack protected: yes
 Fortify: partial
 RELRO: yes
 Immediate binding: no
/usr/bin/gpgv:
 PIE: no
 Stack protected: yes
 Fortify: partial
 RELRO: yes
 Immediate binding: no
/usr/bin/printf:
 PIE: no
 Stack protected: yes
 Fortify: partial
 RELRO: yes
 Immediate binding: no
/usr/bin/logname:
 PIE: no
 Stack protected: yes
 Fortify: partial
 RELRO: yes
 Immediate binding: no
/usr/bin/chsh:
 PIE: yes
 Stack protected: yes
 Fortify: partial
 RELRO: yes
 Immediate binding: yes
/usr/bin/mawk:
 PIE: no
 Stack protected: yes
 Fortify: partial
 RELRO: yes
 Immediate binding: no
/usr/bin/top:
 PIE: no
 Stack protected: yes
 Fortify: partial
 RELRO: yes
 Immediate binding: no
/usr/bin/sha1sum:
 PIE: no
 Stack protected: yes
 Fortify: partial
 RELRO: yes
 Immediate binding: no
/usr/bin/getconf:
 PIE: no
 Stack protected: no
 Fortify: no
 RELRO: yes
 Immediate binding: no
/usr/bin/hostid:
 PIE: no
 Stack protected: yes
 Fortify: partial
 RELRO: yes
 Immediate binding: no
/usr/bin/lspci:
 PIE: no
 Stack protected: yes
 Fortify: partial
 RELRO: yes
 Immediate binding: no
/usr/bin/cmp:
 PIE: no
 Stack protected: yes
 Fortify: partial
 RELRO: yes
 Immediate binding: no
/usr/bin/od:
 PIE: no
 Stack protected: yes
 Fortify: partial
 RELRO: yes
 Immediate binding: no
/usr/bin/xauth:
 PIE: no
 Stack protected: yes
 Fortify: partial
 RELRO: yes
 Immediate binding: no
/usr/bin/taskset:
 PIE: no
 Stack protected: yes
 Fortify: partial
 RELRO: yes
 Immediate binding: no
/usr/bin/faillog:
 PIE: yes
 Stack protected: yes
 Fortify: partial
 RELRO: yes
 Immediate binding: yes
/usr/bin/lslocks:
 PIE: no
 Stack protected: yes
 Fortify: partial
 RELRO: yes
 Immediate binding: no
/usr/bin/dbus-uuidgen:
 PIE: yes
 Stack protected: no
 Fortify: yes
 RELRO: yes
 Immediate binding: yes
/usr/bin/sort:
 PIE: no
 Stack protected: yes
 Fortify: partial
 RELRO: yes
 Immediate binding: no
/usr/bin/update-mime-database.real:
 PIE: no
 Stack protected: yes
 Fortify: no
 RELRO: yes
 Immediate binding: no
/usr/bin/gettext:
 PIE: no
 Stack protected: yes
 Fortify: partial
 RELRO: yes
 Immediate binding: no
/usr/bin/grub-fstest:
 PIE: no
 Stack protected: yes
 Fortify: partial
 RELRO: yes
 Immediate binding: no
/usr/bin/make:
 PIE: no
 Stack protected: yes
 Fortify: partial
 RELRO: yes
 Immediate binding: no
/usr/bin/systemd-run:
 PIE: yes
 Stack protected: yes
 Fortify: partial
 RELRO: yes
 Immediate binding: yes
/usr/bin/free:
 PIE: no
 Stack protected: yes
 Fortify: yes
 RELRO: yes
 Immediate binding: no
/usr/bin/comm:
 PIE: no
 Stack protected: yes
 Fortify: partial
 RELRO: yes
 Immediate binding: no
/usr/bin/pcimodules:
 PIE: no
 Stack protected: yes
 Fortify: partial
 RELRO: yes
 Immediate binding: no
/usr/bin/ssh-add:
 PIE: yes
 Stack protected: yes
 Fortify: partial
 RELRO: yes
 Immediate binding: yes
/usr/bin/tset:
 PIE: no
 Stack protected: yes
 Fortify: partial
 RELRO: yes
 Immediate binding: no
/usr/bin/python3.5m:
 PIE: no
 Stack protected: yes
 Fortify: partial
 RELRO: yes
 Immediate binding: no
/usr/bin/systemd-cat:
 PIE: yes
 Stack protected: yes
 Fortify: partial
 RELRO: yes
 Immediate binding: yes
/usr/bin/ssh:
 PIE: yes
 Stack protected: yes
 Fortify: partial
 RELRO: yes
 Immediate binding: yes
/usr/bin/dpkg-trigger:
 PIE: no
 Stack protected: yes
 Fortify: partial
 RELRO: yes
 Immediate binding: no
/usr/bin/fmt:
 PIE: no
 Stack protected: yes
 Fortify: partial
 RELRO: yes
 Immediate binding: no
/usr/bin/ipcrm:
 PIE: no
 Stack protected: yes
 Fortify: partial
 RELRO: yes
 Immediate binding: no
/usr/bin/showkey:
 PIE: no
 Stack protected: yes
 Fortify: partial
 RELRO: yes
 Immediate binding: no
/usr/bin/tload:
 PIE: no
 Stack protected: yes
 Fortify: partial
 RELRO: yes
 Immediate binding: no
/usr/bin/rename.ul:
 PIE: no
 Stack protected: yes
 Fortify: partial
 RELRO: yes
 Immediate binding: no
/usr/bin/systemd-path:
 PIE: yes
 Stack protected: yes
 Fortify: partial
 RELRO: yes
 Immediate binding: yes
/usr/bin/splitfont:
 PIE: no
 Stack protected: yes
 Fortify: yes
 RELRO: yes
 Immediate binding: no
/usr/bin/update-alternatives:
 PIE: no
 Stack protected: yes
 Fortify: partial
 RELRO: yes
 Immediate binding: no
/usr/bin/crontab:
 PIE: no
 Stack protected: yes
 Fortify: partial
 RELRO: yes
 Immediate binding: no
/usr/bin/tput:
 PIE: no
 Stack protected: yes
 Fortify: partial
 RELRO: yes
 Immediate binding: no
/usr/bin/mcookie:
 PIE: no
 Stack protected: yes
 Fortify: partial
 RELRO: yes
 Immediate binding: no
/usr/bin/partx:
 PIE: no
 Stack protected: yes
 Fortify: partial
 RELRO: yes
 Immediate binding: no
/usr/bin/xargs:
 PIE: yes
 Stack protected: yes
 Fortify: partial
 RELRO: yes
 Immediate binding: yes
/usr/bin/sum:
 PIE: no
 Stack protected: yes
 Fortify: partial
 RELRO: yes
 Immediate binding: no
/usr/bin/x86_64-linux-gnu-readelf:
 PIE: no
 Stack protected: yes
 Fortify: partial
 RELRO: yes
 Immediate binding: no
/usr/bin/sha512sum:
 PIE: no
 Stack protected: yes
 Fortify: partial
 RELRO: yes
 Immediate binding: no
/usr/bin/pg:
 PIE: no
 Stack protected: yes
 Fortify: partial
 RELRO: yes
 Immediate binding: no
/usr/bin/tee:
 PIE: no
 Stack protected: yes
 Fortify: partial
 RELRO: yes
 Immediate binding: no
/usr/bin/setsid:
 PIE: no
 Stack protected: yes
 Fortify: yes
 RELRO: yes
 Immediate binding: no
/usr/bin/pr:
 PIE: no
 Stack protected: yes
 Fortify: partial
 RELRO: yes
 Immediate binding: no
/usr/bin/setarch:
 PIE: no
 Stack protected: yes
 Fortify: yes
 RELRO: yes
 Immediate binding: no
/usr/bin/utmpdump:
 PIE: no
 Stack protected: yes
 Fortify: partial
 RELRO: yes
 Immediate binding: no
/usr/bin/lscpu:
 PIE: no
 Stack protected: yes
 Fortify: partial
 RELRO: yes
 Immediate binding: no
/usr/bin/wall:
 PIE: no
 Stack protected: yes
 Fortify: partial
 RELRO: yes
 Immediate binding: no
/usr/bin/rev:
 PIE: no
 Stack protected: no
 Fortify: partial
 RELRO: yes
 Immediate binding: no
/usr/bin/tr:
 PIE: no
 Stack protected: yes
 Fortify: partial
 RELRO: yes
 Immediate binding: no
/usr/bin/nl:
 PIE: no
 Stack protected: yes
 Fortify: partial
 RELRO: yes
 Immediate binding: no
/usr/bin/grub-render-label:
 PIE: no
 Stack protected: yes
 Fortify: partial
 RELRO: yes
 Immediate binding: no
/usr/bin/skill:
 PIE: no
 Stack protected: yes
 Fortify: partial
 RELRO: yes
 Immediate binding: no
/usr/bin/dirname:
 PIE: no
 Stack protected: yes
 Fortify: partial
 RELRO: yes
 Immediate binding: no
/usr/bin/tsort:
 PIE: no
 Stack protected: yes
 Fortify: partial
 RELRO: yes
 Immediate binding: no
/usr/bin/base32:
 PIE: no
 Stack protected: yes
 Fortify: partial
 RELRO: yes
 Immediate binding: no
/usr/bin/resizepart:
 PIE: no
 Stack protected: yes
 Fortify: partial
 RELRO: yes
 Immediate binding: no
/usr/bin/arch:
 PIE: no
 Stack protected: yes
 Fortify: partial
 RELRO: yes
 Immediate binding: no
/usr/bin/sftp:
 PIE: yes
 Stack protected: yes
 Fortify: partial
 RELRO: yes
 Immediate binding: yes
/usr/bin/x86_64-linux-gnu-ld.gold:
 PIE: no
 Stack protected: yes
 Fortify: partial
 RELRO: yes
 Immediate binding: no
/usr/bin/lsusb:
 PIE: no
 Stack protected: yes
 Fortify: partial
 RELRO: yes
 Immediate binding: no
/usr/bin/diff:
 PIE: no
 Stack protected: yes
 Fortify: partial
 RELRO: yes
 Immediate binding: no
/usr/bin/renice:
 PIE: no
 Stack protected: yes
 Fortify: yes
 RELRO: yes
 Immediate binding: no
/usr/bin/x86_64-linux-gnu-ld.bfd:
 PIE: no
 Stack protected: yes
 Fortify: partial
 RELRO: yes
 Immediate binding: no
/usr/bin/stdbuf:
 PIE: no
 Stack protected: yes
 Fortify: partial
 RELRO: yes
 Immediate binding: no
/usr/bin/ipcs:
 PIE: no
 Stack protected: yes
 Fortify: partial
 RELRO: yes
 Immediate binding: no
/usr/bin/grub-mkstandalone:
 PIE: no
 Stack protected: yes
 Fortify: partial
 RELRO: yes
 Immediate binding: no
/usr/bin/uniq:
 PIE: no
 Stack protected: yes
 Fortify: partial
 RELRO: yes
 Immediate binding: no
/usr/bin/showconsolefont:
 PIE: no
 Stack protected: yes
 Fortify: partial
 RELRO: yes
 Immediate binding: no
/usr/bin/watch:
 PIE: no
 Stack protected: yes
 Fortify: partial
 RELRO: yes
 Immediate binding: no
/usr/bin/whoami:
 PIE: no
 Stack protected: yes
 Fortify: partial
 RELRO: yes
 Immediate binding: no
/usr/bin/x86_64-linux-gnu-strings:
 PIE: no
 Stack protected: yes
 Fortify: partial
 RELRO: yes
 Immediate binding: no
/usr/bin/envsubst:
 PIE: no
 Stack protected: yes
 Fortify: partial
 RELRO: yes
 Immediate binding: no
/usr/bin/chattr:
 PIE: no
 Stack protected: yes
 Fortify: yes
 RELRO: yes
 Immediate binding: no
/usr/bin/nproc:
 PIE: no
 Stack protected: yes
 Fortify: partial
 RELRO: yes
 Immediate binding: no
/usr/bin/dpkg-query:
 PIE: no
 Stack protected: yes
 Fortify: partial
 RELRO: yes
 Immediate binding: no
/usr/bin/paste:
 PIE: no
 Stack protected: yes
 Fortify: partial
 RELRO: yes
 Immediate binding: no
/usr/bin/systemd-delta:
 PIE: yes
 Stack protected: yes
 Fortify: partial
 RELRO: yes
 Immediate binding: yes
/usr/bin/dbus-cleanup-sockets:
 PIE: yes
 Stack protected: yes
 Fortify: partial
 RELRO: yes
 Immediate binding: yes
/usr/bin/busctl:
 PIE: yes
 Stack protected: yes
 Fortify: partial
 RELRO: yes
 Immediate binding: yes
/usr/bin/apt:
 PIE: yes
 Stack protected: yes
 Fortify: unknown, no protectable libc functions used
 RELRO: yes
 Immediate binding: yes
/usr/bin/apt-get:
 PIE: yes
 Stack protected: yes
 Fortify: no
 RELRO: yes
 Immediate binding: yes
/usr/bin/apt-ftparchive:
 PIE: yes
 Stack protected: yes
 Fortify: partial
 RELRO: yes
 Immediate binding: yes
/usr/bin/ptx:
 PIE: no
 Stack protected: yes
 Fortify: partial
 RELRO: yes
 Immediate binding: no
/usr/bin/mkfifo:
 PIE: no
 Stack protected: yes
 Fortify: partial
 RELRO: yes
 Immediate binding: no
/usr/bin/mapscrn:
 PIE: no
 Stack protected: yes
 Fortify: partial
 RELRO: yes
 Immediate binding: no
/usr/bin/systemd-resolve:
 PIE: yes
 Stack protected: yes
 Fortify: partial
 RELRO: yes
 Immediate binding: yes
/usr/bin/iconv:
 PIE: no
 Stack protected: no
 Fortify: no
 RELRO: yes
 Immediate binding: no
/usr/bin/setkeycodes:
 PIE: no
 Stack protected: yes
 Fortify: yes
 RELRO: yes
 Immediate binding: no
/usr/bin/lastlog:
 PIE: yes
 Stack protected: yes
 Fortify: partial
 RELRO: yes
 Immediate binding: yes
/usr/bin/tac:
 PIE: no
 Stack protected: yes
 Fortify: partial
 RELRO: yes
 Immediate binding: no
/usr/bin/lsattr:
 PIE: no
 Stack protected: yes
 Fortify: yes
 RELRO: yes
 Immediate binding: no
/usr/bin/chcon:
 PIE: no
 Stack protected: yes
 Fortify: partial
 RELRO: yes
 Immediate binding: no
/usr/bin/id:
 PIE: no
 Stack protected: yes
 Fortify: partial
 RELRO: yes
 Immediate binding: no
/usr/bin/x86_64-linux-gnu-elfedit:
 PIE: no
 Stack protected: yes
 Fortify: partial
 RELRO: yes
 Immediate binding: no
/usr/bin/ngettext:
 PIE: no
 Stack protected: yes
 Fortify: partial
 RELRO: yes
 Immediate binding: no
/usr/bin/passwd:
 PIE: yes
 Stack protected: yes
 Fortify: partial
 RELRO: yes
 Immediate binding: yes
/usr/bin/perl5.22-x86_64-linux-gnu:
 PIE: no
 Stack protected: no
 Fortify: unknown, no protectable libc functions used
 RELRO: yes
 Immediate binding: no
/usr/bin/whereis:
 PIE: no
 Stack protected: yes
 Fortify: partial
 RELRO: yes
 Immediate binding: no
/usr/bin/csplit:
 PIE: no
 Stack protected: yes
 Fortify: partial
 RELRO: yes
 Immediate binding: no
/usr/bin/basename:
 PIE: no
 Stack protected: yes
 Fortify: partial
 RELRO: yes
 Immediate binding: no
/usr/bin/perl5.22.1:
 PIE: no
 Stack protected: yes
 Fortify: partial
 RELRO: yes
 Immediate binding: no
/usr/bin/pathchk:
 PIE: no
 Stack protected: yes
 Fortify: partial
 RELRO: yes
 Immediate binding: no
/usr/bin/timedatectl:
 PIE: yes
 Stack protected: yes
 Fortify: partial
 RELRO: yes
 Immediate binding: yes
/usr/bin/ssh-keyscan:
 PIE: yes
 Stack protected: yes
 Fortify: partial
 RELRO: yes
 Immediate binding: yes
/usr/bin/fold:
 PIE: no
 Stack protected: yes
 Fortify: partial
 RELRO: yes
 Immediate binding: no
/usr/bin/ssh-keygen:
 PIE: yes
 Stack protected: yes
 Fortify: partial
 RELRO: yes
 Immediate binding: yes
/usr/bin/groups:
 PIE: no
 Stack protected: yes
 Fortify: partial
 RELRO: yes
 Immediate binding: no
/usr/bin/getopt:
 PIE: no
 Stack protected: yes
 Fortify: partial
 RELRO: yes
 Immediate binding: no
/usr/bin/split:
 PIE: no
 Stack protected: yes
 Fortify: partial
 RELRO: yes
 Immediate binding: no
/sbin/ipmaddr:
 PIE: no
 Stack protected: yes
 Fortify: partial
 RELRO: yes
 Immediate binding: no
/sbin/losetup:
 PIE: no
 Stack protected: yes
 Fortify: partial
 RELRO: yes
 Immediate binding: no
/sbin/getcap:
 PIE: no
 Stack protected: yes
 Fortify: yes
 RELRO: yes
 Immediate binding: no
/sbin/cfdisk:
 PIE: no
 Stack protected: yes
 Fortify: partial
 RELRO: yes
 Immediate binding: no
/sbin/swaplabel:
 PIE: no
 Stack protected: yes
 Fortify: partial
 RELRO: yes
 Immediate binding: no
/sbin/e2fsck:
 PIE: no
 Stack protected: yes
 Fortify: partial
 RELRO: yes
 Immediate binding: no
/sbin/mkswap:
 PIE: no
 Stack protected: yes
 Fortify: partial
 RELRO: yes
 Immediate binding: no
/sbin/kbdrate:
 PIE: no
 Stack protected: yes
 Fortify: partial
 RELRO: yes
 Immediate binding: no
/sbin/iw:
 PIE: yes
 Stack protected: yes
 Fortify: partial
 RELRO: yes
 Immediate binding: yes
/sbin/rarp:
 PIE: no
 Stack protected: yes
 Fortify: partial
 RELRO: yes
 Immediate binding: no
/sbin/fsfreeze:
 PIE: no
 Stack protected: yes
 Fortify: yes
 RELRO: yes
 Immediate binding: no
/sbin/isosize:
 PIE: no
 Stack protected: yes
 Fortify: partial
 RELRO: yes
 Immediate binding: no
/sbin/getpcaps:
 PIE: no
 Stack protected: yes
 Fortify: yes
 RELRO: yes
 Immediate binding: no
/sbin/swapoff:
 PIE: no
 Stack protected: yes
 Fortify: yes
 RELRO: yes
 Immediate binding: no
/sbin/swapon:
 PIE: no
 Stack protected: yes
 Fortify: partial
 RELRO: yes
 Immediate binding: no
/sbin/sulogin:
 PIE: no
 Stack protected: yes
 Fortify: partial
 RELRO: yes
 Immediate binding: no
/sbin/fstab-decode:
 PIE: no
 Stack protected: no
 Fortify: yes
 RELRO: yes
 Immediate binding: no
/sbin/fsck.cramfs:
 PIE: no
 Stack protected: yes
 Fortify: partial
 RELRO: yes
 Immediate binding: no
/sbin/unix_chkpwd:
 PIE: yes
 Stack protected: yes
 Fortify: partial
 RELRO: yes
 Immediate binding: no
/sbin/setvtrgb:
 PIE: no
 Stack protected: yes
 Fortify: yes
 RELRO: yes
 Immediate binding: no
/sbin/bridge:
 PIE: no
 Stack protected: yes
 Fortify: partial
 RELRO: yes
 Immediate binding: no
/sbin/setcap:
 PIE: no
 Stack protected: no
 Fortify: partial
 RELRO: yes
 Immediate binding: no
/sbin/pivot_root:
 PIE: no
 Stack protected: no
 Fortify: yes
 RELRO: yes
 Immediate binding: no
/sbin/dumpe2fs:
 PIE: no
 Stack protected: yes
 Fortify: partial
 RELRO: yes
 Immediate binding: no
/sbin/mkfs.cramfs:
 PIE: no
 Stack protected: yes
 Fortify: partial
 RELRO: yes
 Immediate binding: no
/sbin/wipefs:
 PIE: no
 Stack protected: yes
 Fortify: partial
 RELRO: yes
 Immediate binding: no
/sbin/tc:
 PIE: no
 Stack protected: yes
 Fortify: partial
 RELRO: yes
 Immediate binding: no
/sbin/mkfs:
 PIE: no
 Stack protected: yes
 Fortify: yes
 RELRO: yes
 Immediate binding: no
/sbin/mkfs.bfs:
 PIE: no
 Stack protected: yes
 Fortify: partial
 RELRO: yes
 Immediate binding: no
/sbin/iptunnel:
 PIE: no
 Stack protected: yes
 Fortify: partial
 RELRO: yes
 Immediate binding: no
/sbin/chcpu:
 PIE: no
 Stack protected: yes
 Fortify: partial
 RELRO: yes
 Immediate binding: no
/sbin/nameif:
 PIE: no
 Stack protected: yes
 Fortify: partial
 RELRO: yes
 Immediate binding: no
/sbin/tipc:
 PIE: no
 Stack protected: yes
 Fortify: yes
 RELRO: yes
 Immediate binding: no
/sbin/rtmon:
 PIE: no
 Stack protected: yes
 Fortify: partial
 RELRO: yes
 Immediate binding: no
/sbin/ureadahead:
 PIE: yes
 Stack protected: yes
 Fortify: partial
 RELRO: yes
 Immediate binding: yes
/sbin/debugfs:
 PIE: no
 Stack protected: yes
 Fortify: partial
 RELRO: yes
 Immediate binding: no
/sbin/discover:
 PIE: no
 Stack protected: yes
 Fortify: yes
 RELRO: yes
 Immediate binding: no
/sbin/killall5:
 PIE: no
 Stack protected: yes
 Fortify: partial
 RELRO: yes
 Immediate binding: no
/sbin/fsck.minix:
 PIE: no
 Stack protected: yes
 Fortify: partial
 RELRO: yes
 Immediate binding: no
/sbin/pam_extrausers_chkpwd:
 PIE: yes
 Stack protected: yes
 Fortify: partial
 RELRO: yes
 Immediate binding: no
/sbin/dhclient:
 PIE: yes
 Stack protected: yes
 Fortify: partial
 RELRO: yes
 Immediate binding: yes
/sbin/fsck:
 PIE: no
 Stack protected: yes
 Fortify: partial
 RELRO: yes
 Immediate binding: no
/sbin/switch_root:
 PIE: no
 Stack protected: yes
 Fortify: yes
 RELRO: yes
 Immediate binding: no
/sbin/ifup:
 PIE: no
 Stack protected: yes
 Fortify: partial
 RELRO: yes
 Immediate binding: no
/sbin/logsave:
 PIE: no
 Stack protected: yes
 Fortify: partial
 RELRO: yes
 Immediate binding: no
/sbin/blkid:
 PIE: no
 Stack protected: yes
 Fortify: partial
 RELRO: yes
 Immediate binding: no
/sbin/capsh:
 PIE: no
 Stack protected: no
 Fortify: partial
 RELRO: yes
 Immediate binding: no
/sbin/start-stop-daemon:
 PIE: no
 Stack protected: yes
 Fortify: partial
 RELRO: yes
 Immediate binding: no
/sbin/plipconfig:
 PIE: no
 Stack protected: no
 Fortify: partial
 RELRO: yes
 Immediate binding: no
/sbin/pam_tally:
 PIE: no
 Stack protected: yes
 Fortify: partial
 RELRO: yes
 Immediate binding: no
/sbin/badblocks:
 PIE: no
 Stack protected: yes
 Fortify: partial
 RELRO: yes
 Immediate binding: no
/sbin/agetty:
 PIE: no
 Stack protected: yes
 Fortify: partial
 RELRO: yes
 Immediate binding: no
/sbin/mke2fs:
 PIE: no
 Stack protected: yes
 Fortify: partial
 RELRO: yes
 Immediate binding: no
/sbin/zramctl:
 PIE: no
 Stack protected: yes
 Fortify: partial
 RELRO: yes
 Immediate binding: no
/sbin/mkfs.minix:
 PIE: no
 Stack protected: yes
 Fortify: partial
 RELRO: yes
 Immediate binding: no
/sbin/fstrim:
 PIE: no
 Stack protected: yes
 Fortify: partial
 RELRO: yes
 Immediate binding: no
/sbin/regdbdump:
 PIE: no
 Stack protected: no
 Fortify: yes
 RELRO: yes
 Immediate binding: no
/sbin/fdisk:
 PIE: no
 Stack protected: yes
 Fortify: partial
 RELRO: yes
 Immediate binding: no
/sbin/ctrlaltdel:
 PIE: no
 Stack protected: no
 Fortify: yes
 RELRO: yes
 Immediate binding: no
/sbin/findfs:
 PIE: no
 Stack protected: no
 Fortify: yes
 RELRO: yes
 Immediate binding: no
/sbin/crda:
 PIE: no
 Stack protected: yes
 Fortify: yes
 RELRO: yes
 Immediate binding: no
/sbin/ifconfig:
 PIE: no
 Stack protected: yes
 Fortify: partial
 RELRO: yes
 Immediate binding: no
/sbin/runuser:
 PIE: no
 Stack protected: yes
 Fortify: partial
 RELRO: yes
 Immediate binding: no
/sbin/e2image:
 PIE: no
 Stack protected: yes
 Fortify: partial
 RELRO: yes
 Immediate binding: no
/sbin/rtacct:
 PIE: no
 Stack protected: yes
 Fortify: partial
 RELRO: yes
 Immediate binding: no
/sbin/raw:
 PIE: no
 Stack protected: yes
 Fortify: yes
 RELRO: yes
 Immediate binding: no
/sbin/sfdisk:
 PIE: no
 Stack protected: yes
 Fortify: partial
 RELRO: yes
 Immediate binding: no
/sbin/sysctl:
 PIE: no
 Stack protected: yes
 Fortify: partial
 RELRO: yes
 Immediate binding: no
/sbin/pam_extrausers_update:
 PIE: yes
 Stack protected: yes
 Fortify: partial
 RELRO: yes
 Immediate binding: no
/sbin/blockdev:
 PIE: no
 Stack protected: yes
 Fortify: partial
 RELRO: yes
 Immediate binding: no
/sbin/resize2fs:
 PIE: no
 Stack protected: yes
 Fortify: partial
 RELRO: yes
 Immediate binding: no
/sbin/unix_update:
 PIE: yes
 Stack protected: yes
 Fortify: partial
 RELRO: yes
 Immediate binding: no
/sbin/mii-tool:
 PIE: no
 Stack protected: yes
 Fortify: partial
 RELRO: yes
 Immediate binding: no
/sbin/blkdiscard:
 PIE: no
 Stack protected: yes
 Fortify: partial
 RELRO: yes
 Immediate binding: no
/sbin/mkhomedir_helper:
 PIE: no
 Stack protected: yes
 Fortify: partial
 RELRO: yes
 Immediate binding: no
/sbin/e2undo:
 PIE: no
 Stack protected: yes
 Fortify: yes
 RELRO: yes
 Immediate binding: no
/sbin/route:
 PIE: no
 Stack protected: yes
 Fortify: partial
 RELRO: yes
 Immediate binding: no
/sbin/hwclock:
 PIE: no
 Stack protected: yes
 Fortify: partial
 RELRO: yes
 Immediate binding: no
/sbin/slattach:
 PIE: no
 Stack protected: yes
 Fortify: partial
 RELRO: yes
 Immediate binding: no
/sbin/pam_tally2:
 PIE: no
 Stack protected: yes
 Fortify: partial
 RELRO: yes
 Immediate binding: no
/sbin/ldconfig.real:
 PIE: no
 Stack protected: no
 Fortify: unknown, no protectable libc functions used
 RELRO: yes
 Immediate binding: no
/sbin/tune2fs:
 PIE: no
 Stack protected: yes
 Fortify: partial
 RELRO: yes
 Immediate binding: no
/bin/chown:
 PIE: no
 Stack protected: yes
 Fortify: partial
 RELRO: yes
 Immediate binding: no
/bin/findmnt:
 PIE: no
 Stack protected: yes
 Fortify: partial
 RELRO: yes
 Immediate binding: no
/bin/setfont:
 PIE: no
 Stack protected: yes
 Fortify: partial
 RELRO: yes
 Immediate binding: no
/bin/fgconsole:
 PIE: no
 Stack protected: yes
 Fortify: yes
 RELRO: yes
 Immediate binding: no
/bin/lessecho:
 PIE: yes
 Stack protected: yes
 Fortify: yes
 RELRO: yes
 Immediate binding: yes
/bin/ping6:
 PIE: no
 Stack protected: yes
 Fortify: partial
 RELRO: yes
 Immediate binding: no
/bin/run-parts:
 PIE: no
 Stack protected: yes
 Fortify: partial
 RELRO: yes
 Immediate binding: no
/bin/bash:
 PIE: no
 Stack protected: yes
 Fortify: partial
 RELRO: yes
 Immediate binding: no
/bin/ls:
 PIE: no
 Stack protected: yes
 Fortify: partial
 RELRO: yes
 Immediate binding: no
/bin/mountpoint:
 PIE: no
 Stack protected: yes
 Fortify: yes
 RELRO: yes
 Immediate binding: no
/bin/mv:
 PIE: no
 Stack protected: yes
 Fortify: partial
 RELRO: yes
 Immediate binding: no
/bin/less:
 PIE: yes
 Stack protected: yes
 Fortify: partial
 RELRO: yes
 Immediate binding: yes
/bin/more:
 PIE: no
 Stack protected: yes
 Fortify: partial
 RELRO: yes
 Immediate binding: no
/bin/wdctl:
 PIE: no
 Stack protected: yes
 Fortify: partial
 RELRO: yes
 Immediate binding: no
/bin/netstat:
 PIE: no
 Stack protected: yes
 Fortify: partial
 RELRO: yes
 Immediate binding: no
/bin/systemd-escape:
 PIE: yes
 Stack protected: yes
 Fortify: partial
 RELRO: yes
 Immediate binding: yes
/bin/systemctl:
 PIE: yes
 Stack protected: yes
 Fortify: partial
 RELRO: yes
 Immediate binding: yes
/bin/readlink:
 PIE: no
 Stack protected: yes
 Fortify: partial
 RELRO: yes
 Immediate binding: no
/bin/chmod:
 PIE: no
 Stack protected: yes
 Fortify: partial
 RELRO: yes
 Immediate binding: no
/bin/login:
 PIE: yes
 Stack protected: yes
 Fortify: partial
 RELRO: yes
 Immediate binding: yes
/bin/cpio:
 PIE: no
 Stack protected: yes
 Fortify: partial
 RELRO: yes
 Immediate binding: no
/bin/mkdir:
 PIE: no
 Stack protected: yes
 Fortify: partial
 RELRO: yes
 Immediate binding: no
/bin/umount:
 PIE: no
 Stack protected: yes
 Fortify: partial
 RELRO: yes
 Immediate binding: no
/bin/date:
 PIE: no
 Stack protected: yes
 Fortify: partial
 RELRO: yes
 Immediate binding: no
/bin/nc.openbsd:
 PIE: no
 Stack protected: yes
 Fortify: partial
 RELRO: yes
 Immediate binding: no
/bin/lesskey:
 PIE: yes
 Stack protected: yes
 Fortify: partial
 RELRO: yes
 Immediate binding: yes
/bin/uname:
 PIE: no
 Stack protected: yes
 Fortify: partial
 RELRO: yes
 Immediate binding: no
/bin/echo:
 PIE: no
 Stack protected: yes
 Fortify: partial
 RELRO: yes
 Immediate binding: no
/bin/dmesg:
 PIE: no
 Stack protected: yes
 Fortify: partial
 RELRO: yes
 Immediate binding: no
/bin/sed:
 PIE: no
 Stack protected: yes
 Fortify: partial
 RELRO: yes
 Immediate binding: no
/bin/chgrp:
 PIE: no
 Stack protected: yes
 Fortify: partial
 RELRO: yes
 Immediate binding: no
/bin/sync:
 PIE: no
 Stack protected: yes
 Fortify: partial
 RELRO: yes
 Immediate binding: no
/bin/openvt:
 PIE: no
 Stack protected: yes
 Fortify: partial
 RELRO: yes
 Immediate binding: no
/bin/systemd-hwdb:
 PIE: yes
 Stack protected: yes
 Fortify: partial
 RELRO: yes
 Immediate binding: yes
/bin/lsblk:
 PIE: no
 Stack protected: yes
 Fortify: partial
 RELRO: yes
 Immediate binding: no
/bin/systemd-machine-id-setup:
 PIE: yes
 Stack protected: yes
 Fortify: partial
 RELRO: yes
 Immediate binding: yes
/bin/whiptail:
 PIE: no
 Stack protected: yes
 Fortify: partial
 RELRO: yes
 Immediate binding: no
/bin/mount:
 PIE: no
 Stack protected: yes
 Fortify: partial
 RELRO: yes
 Immediate binding: no
/bin/rm:
 PIE: no
 Stack protected: yes
 Fortify: partial
 RELRO: yes
 Immediate binding: no
/bin/ping:
 PIE: no
 Stack protected: yes
 Fortify: partial
 RELRO: yes
 Immediate binding: no
/bin/loginctl:
 PIE: yes
 Stack protected: yes
 Fortify: partial
 RELRO: yes
 Immediate binding: yes
/bin/mt-gnu:
 PIE: no
 Stack protected: yes
 Fortify: partial
 RELRO: yes
 Immediate binding: no
/bin/mknod:
 PIE: no
 Stack protected: yes
 Fortify: partial
 RELRO: yes
 Immediate binding: no
/bin/touch:
 PIE: no
 Stack protected: yes
 Fortify: partial
 RELRO: yes
 Immediate binding: no
/bin/journalctl:
 PIE: yes
 Stack protected: yes
 Fortify: partial
 RELRO: yes
 Immediate binding: yes
/bin/ss:
 PIE: no
 Stack protected: yes
 Fortify: partial
 RELRO: yes
 Immediate binding: no
/bin/bzip2:
 PIE: no
 Stack protected: yes
 Fortify: partial
 RELRO: yes
 Immediate binding: no
/bin/systemd-tty-ask-password-agent:
 PIE: yes
 Stack protected: yes
 Fortify: partial
 RELRO: yes
 Immediate binding: yes
/bin/bzcat:
 PIE: no
 Stack protected: yes
 Fortify: partial
 RELRO: yes
 Immediate binding: no
/bin/false:
 PIE: no
 Stack protected: yes
 Fortify: partial
 RELRO: yes
 Immediate binding: no
/bin/cp:
 PIE: no
 Stack protected: yes
 Fortify: partial
 RELRO: yes
 Immediate binding: no
/bin/systemd-inhibit:
 PIE: yes
 Stack protected: yes
 Fortify: partial
 RELRO: yes
 Immediate binding: yes
/bin/systemd-tmpfiles:
 PIE: yes
 Stack protected: yes
 Fortify: partial
 RELRO: yes
 Immediate binding: yes
/bin/tempfile:
 PIE: no
 Stack protected: yes
 Fortify: partial
 RELRO: yes
 Immediate binding: no
/bin/su:
 PIE: yes
 Stack protected: yes
 Fortify: partial
 RELRO: yes
 Immediate binding: yes
/bin/chvt:
 PIE: no
 Stack protected: yes
 Fortify: yes
 RELRO: yes
 Immediate binding: no
/bin/true:
 PIE: no
 Stack protected: yes
 Fortify: partial
 RELRO: yes
 Immediate binding: no
/bin/sleep:
 PIE: no
 Stack protected: yes
 Fortify: partial
 RELRO: yes
 Immediate binding: no
/bin/kmod:
 PIE: yes
 Stack protected: yes
 Fortify: partial
 RELRO: yes
 Immediate binding: no
/bin/stty:
 PIE: no
 Stack protected: yes
 Fortify: partial
 RELRO: yes
 Immediate binding: no
/bin/systemd-notify:
 PIE: yes
 Stack protected: yes
 Fortify: partial
 RELRO: yes
 Immediate binding: yes
/bin/dash:
 PIE: yes
 Stack protected: yes
 Fortify: partial
 RELRO: yes
 Immediate binding: yes
/bin/dumpkeys:
 PIE: no
 Stack protected: yes
 Fortify: yes
 RELRO: yes
 Immediate binding: no
/bin/ip:
 PIE: no
 Stack protected: yes
 Fortify: partial
 RELRO: yes
 Immediate binding: no
/bin/df:
 PIE: no
 Stack protected: yes
 Fortify: partial
 RELRO: yes
 Immediate binding: no
/bin/loadkeys:
 PIE: no
 Stack protected: yes
 Fortify: partial
 RELRO: yes
 Immediate binding: no
/bin/dd:
 PIE: no
 Stack protected: yes
 Fortify: partial
 RELRO: yes
 Immediate binding: no
/bin/networkctl:
 PIE: yes
 Stack protected: yes
 Fortify: partial
 RELRO: yes
 Immediate binding: yes
/bin/tailf:
 PIE: no
 Stack protected: yes
 Fortify: partial
 RELRO: yes
 Immediate binding: no
/bin/vdir:
 PIE: no
 Stack protected: yes
 Fortify: partial
 RELRO: yes
 Immediate binding: no
/bin/systemd-ask-password:
 PIE: yes
 Stack protected: yes
 Fortify: partial
 RELRO: yes
 Immediate binding: yes
/bin/ln:
 PIE: no
 Stack protected: yes
 Fortify: partial
 RELRO: yes
 Immediate binding: no
/bin/gzip:
 PIE: no
 Stack protected: yes
 Fortify: partial
 RELRO: yes
 Immediate binding: no
/bin/grep:
 PIE: yes
 Stack protected: yes
 Fortify: partial
 RELRO: yes
 Immediate binding: yes
/bin/udevadm:
 PIE: yes
 Stack protected: yes
 Fortify: partial
 RELRO: yes
 Immediate binding: yes
/bin/hostname:
 PIE: no
 Stack protected: yes
 Fortify: partial
 RELRO: yes
 Immediate binding: no
/bin/kbd_mode:
 PIE: no
 Stack protected: yes
 Fortify: yes
 RELRO: yes
 Immediate binding: no
/bin/tar:
 PIE: no
 Stack protected: yes
 Fortify: partial
 RELRO: yes
 Immediate binding: no
/bin/mktemp:
 PIE: no
 Stack protected: yes
 Fortify: partial
 RELRO: yes
 Immediate binding: no
/bin/dir:
 PIE: no
 Stack protected: yes
 Fortify: partial
 RELRO: yes
 Immediate binding: no
/bin/pwd:
 PIE: no
 Stack protected: yes
 Fortify: partial
 RELRO: yes
 Immediate binding: no
/bin/rmdir:
 PIE: no
 Stack protected: yes
 Fortify: partial
 RELRO: yes
 Immediate binding: no
/bin/cat:
 PIE: no
 Stack protected: yes
 Fortify: partial
 RELRO: yes
 Immediate binding: no
/bin/ps:
 PIE: no
 Stack protected: yes
 Fortify: partial
 RELRO: yes
 Immediate binding: no
/bin/bunzip2:
 PIE: no
 Stack protected: yes
 Fortify: partial
 RELRO: yes
 Immediate binding: no
/bin/kill:
 PIE: no
 Stack protected: yes
 Fortify: partial
 RELRO: yes
 Immediate binding: no
/bin/bzip2recover:
 PIE: no
 Stack protected: no
 Fortify: yes
 RELRO: yes
 Immediate binding: no
randomize_va_space: 2
