/sbin/pam_timestamp_check,yes,yes,yes,yes,yes
/sbin/consoletype,no,no,yes,no,no
/sbin/udevadm,yes,yes,partial,yes,yes
/sbin/auditctl,yes,yes,partial,yes,yes
/sbin/runlevel,yes,yes,no,yes,yes
/sbin/fsck.ext3,no,yes,partial,yes,no
/sbin/lspci,no,yes,partial,no,no
/sbin/netreport,no,yes,yes,no,no
/sbin/mkfs.ext4,no,yes,partial,yes,no
/sbin/fstab-decode,no,no,yes,no,no
/sbin/init,yes,yes,partial,yes,yes
/sbin/unix_update,yes,yes,partial,yes,yes
/sbin/setpci,no,yes,partial,no,no
/sbin/rtmon,no,yes,partial,no,no
/sbin/fuser,no,yes,partial,no,no
/sbin/logsave,no,yes,partial,yes,no
/sbin/dhclient,yes,yes,partial,yes,yes
/sbin/ppp-watch,no,yes,partial,no,no
/sbin/partx,no,yes,partial,no,no
/sbin/telinit,yes,yes,partial,yes,yes
/sbin/insmod.static,no,no,unknown,no,no
/sbin/lvmetad,yes,yes,partial,yes,yes
/sbin/mke2fs,no,yes,partial,yes,no
/sbin/rdisc,yes,yes,partial,no,no
/sbin/mdadm,no,yes,partial,no,no
/sbin/pdata_tools,no,yes,partial,no,no
/sbin/fsck,no,yes,partial,no,no
/sbin/nologin,no,no,no,no,no
/sbin/insmod,no,no,partial,no,no
/sbin/tc,no,yes,partial,no,no
/sbin/mii-tool,no,yes,partial,no,no
/sbin/mingetty,no,yes,partial,no,no
/sbin/sulogin,no,yes,partial,no,no
/sbin/plymouthd,no,yes,partial,no,no
/sbin/wipefs,no,yes,partial,no,no
/sbin/losetup,no,yes,partial,no,no
/sbin/fsck.ext4,no,yes,partial,yes,no
/sbin/lsmod,no,no,partial,no,no
/sbin/ether-wake,no,yes,partial,no,no
/sbin/mkhomedir_helper,no,yes,partial,yes,no
/sbin/aureport,no,yes,partial,no,no
/sbin/delpart,no,yes,yes,no,no
/sbin/load_policy,yes,no,yes,yes,no
/sbin/shutdown,yes,yes,partial,yes,yes
/sbin/rmmod,no,yes,partial,no,no
/sbin/pivot_root,no,no,yes,no,no
/sbin/e2image,no,yes,partial,yes,no
/sbin/mdmon,no,yes,partial,no,yes
/sbin/busybox,no,no,unknown,no,no
/sbin/mkfs.ext2,no,yes,partial,yes,no
/sbin/arping,yes,yes,partial,no,no
/sbin/killall5,no,yes,partial,no,no
/sbin/chcpu,no,yes,partial,no,no
/sbin/unix_chkpwd,yes,yes,partial,yes,yes
/sbin/badblocks,no,yes,partial,yes,no
/sbin/sysctl,no,yes,partial,no,no
/sbin/ifenslave,no,yes,partial,no,no
/sbin/iptables-multi-1.4.7,no,yes,partial,no,no
/sbin/mkswap,no,yes,partial,no,no
/sbin/blkid,no,yes,partial,no,no
/sbin/bridge,no,yes,partial,no,no
/sbin/securetty,no,yes,yes,no,no
/sbin/pam_console_apply,no,yes,partial,yes,no
/sbin/ethtool,no,yes,partial,no,no
/sbin/rsyslogd,yes,yes,partial,yes,yes
/sbin/e2label,no,yes,partial,yes,no
/sbin/MAKEDEV,no,yes,partial,no,no
/sbin/genhostid,no,no,no,no,no
/sbin/chkconfig,no,yes,partial,no,no
/sbin/vmcore-dmesg,no,yes,partial,no,no
/sbin/resize2fs,no,no,partial,yes,no
/sbin/kpartx,no,yes,partial,no,no
/sbin/ctrlaltdel,no,no,yes,no,no
/sbin/ausearch,no,yes,partial,no,no
/sbin/e2fsck,no,yes,partial,yes,no
/sbin/fdisk,no,yes,partial,no,no
/sbin/matchpathcon,no,no,yes,no,no
/sbin/pam_tally2,no,yes,partial,yes,no
/sbin/iptunnel,no,yes,partial,no,no
/sbin/grubby,no,yes,partial,no,no
/sbin/kdump,no,no,partial,no,no
/sbin/mkfs.cramfs,no,yes,partial,no,no
/sbin/mkfs,no,no,yes,no,no
/sbin/fsck.ext2,no,yes,partial,yes,no
/sbin/dmeventd,yes,yes,partial,yes,yes
/sbin/arp,no,yes,partial,no,no
/sbin/runuser,yes,yes,partial,no,no
/sbin/plipconfig,no,no,partial,no,no
/sbin/swapon,no,yes,partial,no,no
/sbin/autrace,no,yes,partial,no,no
/sbin/blkdiscard,no,yes,yes,no,no
/sbin/findfs,no,no,yes,no,no
/sbin/grub,no,no,unknown,no,no
/sbin/dumpe2fs,no,yes,partial,yes,no
/sbin/mii-diag,no,no,partial,no,no
/sbin/ip,no,yes,partial,no,no
/sbin/ipmaddr,no,yes,partial,no,no
/sbin/ldconfig,no,no,unknown,no,no
/sbin/getkey,no,yes,partial,no,no
/sbin/sfdisk,no,yes,partial,no,no
/sbin/ip6tables-multi-1.4.7,no,yes,partial,no,no
/sbin/addpart,no,yes,yes,no,no
/sbin/reboot,yes,yes,no,yes,yes
/sbin/lvm,yes,yes,partial,yes,yes
/sbin/install-info,no,yes,partial,no,no
/sbin/hwclock,no,yes,partial,no,no
/sbin/blockdev,no,yes,partial,no,no
/sbin/ifconfig,no,yes,partial,no,no
/sbin/faillock,no,yes,partial,yes,no
/sbin/mkfs.ext4dev,no,yes,partial,yes,no
/sbin/slattach,no,yes,partial,no,no
/sbin/route,no,yes,partial,no,no
/sbin/setfiles,yes,yes,partial,yes,no
/sbin/fsck.ext4dev,no,yes,partial,yes,no
/sbin/kexec,no,yes,partial,no,no
/sbin/depmod,no,yes,partial,no,no
/sbin/fsck.cramfs,no,yes,partial,no,no
/sbin/cfdisk,no,yes,partial,no,no
/sbin/debugfs,no,yes,partial,yes,no
/sbin/audispd,yes,yes,partial,yes,yes
/sbin/nameif,no,yes,partial,no,no
/sbin/mkfs.ext3,no,yes,partial,yes,no
/sbin/switch_root,no,yes,yes,no,no
/sbin/udevd,yes,yes,partial,yes,yes
/sbin/auditd,yes,yes,partial,yes,yes
/sbin/tune2fs,no,yes,partial,yes,no
/sbin/agetty,no,yes,partial,no,no
/sbin/sln,no,no,unknown,no,no
/sbin/modinfo,no,yes,partial,no,no
/sbin/modprobe,no,yes,partial,no,no
/sbin/e2undo,no,yes,yes,yes,no
/sbin/dmsetup,yes,yes,partial,yes,yes
/sbin/fstrim,no,yes,yes,no,no
/sbin/initctl,yes,no,yes,yes,yes
/sbin/fsfreeze,no,no,yes,no,no
/bin/ping6,yes,yes,partial,no,no
/bin/rpm,no,no,yes,no,no
/bin/ipcalc,no,yes,yes,no,no
/bin/arch,no,yes,partial,no,no
/bin/date,no,yes,partial,no,no
/bin/uname,no,yes,partial,no,no
/bin/sed,no,yes,partial,no,no
/bin/mkdir,no,yes,partial,no,no
/bin/pwd,no,yes,partial,no,no
/bin/cpio,no,yes,partial,no,no
/bin/find,no,yes,partial,no,no
/bin/cp,no,yes,partial,no,no
/bin/ls,no,yes,partial,no,no
/bin/tar,no,yes,partial,no,no
/bin/gzip,no,yes,partial,no,no
/bin/hostname,no,yes,partial,no,no
/bin/false,no,yes,partial,no,no
/bin/mv,no,yes,partial,no,no
/bin/nice,no,yes,partial,no,no
/bin/cat,no,yes,partial,no,no
/bin/ln,no,yes,partial,no,no
/bin/usleep,no,no,yes,no,no
/bin/cut,no,yes,partial,no,no
/bin/kill,no,yes,partial,no,no
/bin/tracepath,yes,yes,partial,no,no
/bin/taskset,no,yes,partial,no,no
/bin/stty,no,yes,partial,no,no
/bin/basename,no,yes,partial,no,no
/bin/plymouth,no,yes,partial,no,no
/bin/loadkeys,no,yes,partial,no,no
/bin/findmnt,no,yes,partial,no,no
/bin/lsblk,no,yes,partial,no,no
/bin/ping,yes,yes,partial,no,no
/bin/mknod,no,yes,partial,no,no
/bin/unlink,no,yes,partial,no,no
/bin/tracepath6,yes,yes,partial,no,no
/bin/rmdir,no,yes,partial,no,no
/bin/bash,no,yes,partial,no,no
/bin/touch,no,yes,partial,no,no
/bin/netstat,no,yes,partial,no,no
/bin/mktemp,no,yes,partial,no,no
/bin/kbd_mode,no,no,yes,no,no
/bin/mountpoint,no,yes,partial,no,no
/bin/dumpkeys,no,yes,yes,no,no
/bin/link,no,yes,partial,no,no
/bin/sync,no,yes,partial,no,no
/bin/vi,no,yes,partial,no,no
/bin/sleep,no,yes,partial,no,no
/bin/setfont,no,yes,partial,no,no
/bin/ps,no,yes,partial,no,no
/bin/rm,no,yes,partial,no,no
/bin/su,yes,yes,partial,yes,yes
/bin/raw,no,no,yes,no,no
/bin/logger,no,yes,partial,no,no
/bin/df,no,yes,partial,no,no
/bin/echo,no,yes,partial,no,no
/bin/chown,no,yes,partial,no,no
/bin/chmod,no,yes,partial,no,no
/bin/login,no,yes,partial,no,no
/bin/more,no,yes,partial,no,no
/bin/env,no,yes,partial,no,no
/bin/readlink,no,yes,partial,no,no
/bin/grep,no,yes,partial,no,no
/bin/dd,no,yes,partial,no,no
/bin/gawk,no,yes,partial,no,no
/bin/dash,no,yes,partial,no,no
/bin/mount,yes,yes,partial,no,no
/bin/true,no,yes,partial,no,no
/bin/dmesg,no,no,yes,no,no
/bin/chgrp,no,yes,partial,no,no
/bin/sort,no,yes,partial,no,no
/bin/umount,yes,yes,partial,no,no
/usr/sbin/lpasswd,no,yes,partial,no,no
/usr/sbin/iconvconfig.x86_64,no,no,no,yes,no
/usr/sbin/iconvconfig,no,no,no,yes,no
/usr/sbin/selinuxdefcon,no,no,yes,no,no
/usr/sbin/setcap,no,no,no,no,no
/usr/sbin/postlock,yes,yes,partial,yes,no
/usr/sbin/usernetctl,yes,no,partial,no,no
/usr/sbin/useradd,yes,yes,partial,yes,yes
/usr/sbin/getsebool,no,no,yes,no,no
/usr/sbin/lnstat,no,yes,partial,no,no
/usr/sbin/luserdel,no,yes,partial,no,no
/usr/sbin/grpck,yes,yes,partial,yes,yes
/usr/sbin/getcap,no,no,no,no,no
/usr/sbin/groupadd,yes,yes,partial,yes,yes
/usr/sbin/clockdiff,yes,yes,partial,no,no
/usr/sbin/tunelp,no,no,yes,no,no
/usr/sbin/postmulti,yes,yes,partial,yes,no
/usr/sbin/setsebool,yes,no,yes,yes,no
/usr/sbin/smtp-sink,yes,yes,partial,yes,no
/usr/sbin/restorecond,yes,yes,partial,yes,no
/usr/sbin/luseradd,no,yes,partial,no,no
/usr/sbin/arpd,no,yes,partial,no,no
/usr/sbin/postdrop,yes,yes,partial,yes,no
/usr/sbin/postcat,yes,yes,partial,yes,no
/usr/sbin/lgroupdel,no,yes,partial,no,no
/usr/sbin/rtacct,no,yes,partial,no,no
/usr/sbin/saslauthd,yes,yes,partial,yes,yes
/usr/sbin/postmap,yes,yes,partial,yes,no
/usr/sbin/pwconv,yes,yes,partial,yes,yes
/usr/sbin/chroot,no,yes,partial,no,no
/usr/sbin/grpunconv,yes,yes,partial,yes,yes
/usr/sbin/lid,no,no,yes,no,no
/usr/sbin/setenforce,no,no,yes,no,no
/usr/sbin/usermod,yes,yes,partial,yes,yes
/usr/sbin/ldattach,no,no,yes,no,no
/usr/sbin/build-locale-archive,no,no,unknown,no,no
/usr/sbin/groupdel,yes,yes,partial,yes,yes
/usr/sbin/newusers,yes,yes,partial,yes,yes
/usr/sbin/lgroupmod,no,yes,partial,no,no
/usr/sbin/makedumpfile,no,no,no,no,no
/usr/sbin/cracklib-unpacker,no,no,yes,no,no
/usr/sbin/postalias,yes,yes,partial,yes,no
/usr/sbin/testsaslauthd,no,yes,partial,no,no
/usr/sbin/postqueue,yes,yes,partial,yes,no
/usr/sbin/sshd,yes,yes,partial,yes,yes
/usr/sbin/efibootmgr,no,yes,partial,no,no
/usr/sbin/e2freefrag,no,yes,yes,yes,no
/usr/sbin/readprofile,no,yes,partial,no,no
/usr/sbin/selinuxenabled,no,no,unknown,no,no
/usr/sbin/pwunconv,yes,yes,partial,yes,yes
/usr/sbin/postkick,yes,yes,partial,yes,no
/usr/sbin/userdel,yes,yes,partial,yes,yes
/usr/sbin/lusermod,no,yes,partial,no,no
/usr/sbin/chpasswd,yes,yes,partial,yes,yes
/usr/sbin/mksock,no,yes,yes,no,no
/usr/sbin/lchage,no,yes,partial,no,no
/usr/sbin/anacron,yes,yes,partial,yes,yes
/usr/sbin/zdump,no,no,no,yes,no
/usr/sbin/sendmail.postfix,yes,yes,partial,yes,no
/usr/sbin/postlog,yes,yes,partial,yes,no
/usr/sbin/lgroupadd,no,yes,partial,no,no
/usr/sbin/capsh,no,no,no,no,no
/usr/sbin/pwck,yes,yes,partial,yes,yes
/usr/sbin/togglesebool,no,no,yes,no,no
/usr/sbin/grpconv,yes,yes,partial,yes,yes
/usr/sbin/avcstat,no,yes,partial,no,no
/usr/sbin/visudo,yes,yes,partial,yes,yes
/usr/sbin/open_init_pty,yes,no,partial,yes,no
/usr/sbin/getpcaps,no,no,no,no,no
/usr/sbin/run_init,yes,yes,partial,yes,no
/usr/sbin/alternatives,no,yes,partial,no,no
/usr/sbin/sestatus,yes,yes,partial,yes,no
/usr/sbin/cracklib-check,no,yes,partial,no,no
/usr/sbin/ss,no,yes,partial,no,no
/usr/sbin/filefrag,no,yes,yes,yes,no
/usr/sbin/smtp-source,yes,yes,partial,yes,no
/usr/sbin/getenforce,no,no,unknown,no,no
/usr/sbin/semodule,yes,no,yes,yes,no
/usr/sbin/cracklib-packer,no,yes,partial,no,no
/usr/sbin/rtcwake,no,yes,partial,no,no
/usr/sbin/glibc_post_upgrade.x86_64,no,no,unknown,no,no
/usr/sbin/vipw,yes,yes,partial,yes,yes
/usr/sbin/selinuxconlist,no,no,yes,no,no
/usr/sbin/fdformat,no,no,partial,no,no
/usr/sbin/crond,yes,yes,partial,yes,yes
/usr/sbin/lnewusers,no,yes,partial,no,no
/usr/sbin/postsuper,yes,yes,partial,yes,no
/usr/sbin/nstat,no,yes,partial,no,no
/usr/sbin/groupmod,yes,yes,partial,yes,yes
/usr/sbin/mklost+found,no,no,yes,yes,no
/usr/sbin/groupmems,yes,yes,partial,yes,yes
/usr/sbin/sasldblistusers2,no,yes,partial,no,no
/usr/sbin/logrotate,no,yes,partial,no,no
/usr/sbin/saslpasswd2,no,yes,partial,no,no
/usr/sbin/postconf,yes,yes,partial,yes,no
/usr/sbin/tzdata-update,no,no,no,yes,no
/usr/sbin/pluginviewer,no,no,yes,no,no
/usr/sbin/postfix,yes,yes,partial,yes,no
/usr/sbin/zic,no,no,no,yes,no
/usr/bin/shuf,no,yes,partial,no,no
/usr/bin/idn,no,yes,partial,no,no
/usr/bin/write,yes,yes,partial,no,no
/usr/bin/getent,no,no,no,yes,no
/usr/bin/cal,no,yes,partial,no,no
/usr/bin/refer,no,yes,partial,no,no
/usr/bin/semodule_link,yes,no,partial,yes,no
/usr/bin/tailf,no,yes,no,no,no
/usr/bin/fallocate,no,no,yes,no,no
/usr/bin/bc,no,yes,partial,no,no
/usr/bin/ipcrm,no,no,yes,no,no
/usr/bin/bzip2recover,no,no,partial,no,no
/usr/bin/berkeley_db_svc,no,yes,partial,no,no
/usr/bin/indxbib,no,no,partial,no,no
/usr/bin/signver,no,yes,partial,yes,no
/usr/bin/pgawk,no,yes,partial,no,no
/usr/bin/gprof,no,yes,partial,no,no
/usr/bin/sha224sum,no,yes,partial,no,no
/usr/bin/gpasswd,yes,yes,partial,yes,yes
/usr/bin/whoami,no,yes,partial,no,no
/usr/bin/join,no,yes,partial,no,no
/usr/bin/sprof,no,no,no,yes,no
/usr/bin/showkey,no,no,partial,no,no
/usr/bin/psfxtable,no,yes,partial,no,no
/usr/bin/python,no,no,unknown,no,no
/usr/bin/pcretest,no,yes,partial,no,no
/usr/bin/tee,no,yes,partial,no,no
/usr/bin/db_recover,no,no,partial,no,no
/usr/bin/lookbib,no,yes,partial,no,no
/usr/bin/m4,no,yes,partial,no,no
/usr/bin/dirname,no,yes,partial,no,no
/usr/bin/post-grohtml,no,yes,partial,no,no
/usr/bin/getfattr,no,yes,partial,yes,no
/usr/bin/attr,no,no,partial,yes,no
/usr/bin/which,no,yes,partial,no,no
/usr/bin/rpm2cpio,no,no,yes,no,no
/usr/bin/du,no,yes,partial,no,no
/usr/bin/head,no,yes,partial,no,no
/usr/bin/setfattr,no,no,partial,yes,no
/usr/bin/uptime,no,no,yes,no,no
/usr/bin/ipcmk,no,yes,yes,no,no
/usr/bin/soelim,no,no,partial,no,no
/usr/bin/paste,no,yes,partial,no,no
/usr/bin/chacl,no,no,yes,yes,no
/usr/bin/setsid,no,no,yes,no,no
/usr/bin/grotty,no,yes,partial,no,no
/usr/bin/db_dump185,no,yes,partial,no,no
/usr/bin/watch,no,no,partial,no,no
/usr/bin/lastlog,yes,yes,partial,yes,yes
/usr/bin/hostid,no,yes,partial,no,no
/usr/bin/setterm,no,yes,partial,no,no
/usr/bin/lua,no,no,yes,no,no
/usr/bin/watchgnupg,no,no,partial,no,no
/usr/bin/db_verify,no,no,partial,no,no
/usr/bin/strings,no,yes,partial,no,no
/usr/bin/db_hotbackup,no,yes,partial,no,no
/usr/bin/sqlite3,no,yes,partial,no,no
/usr/bin/tsort,no,yes,partial,no,no
/usr/bin/fmt,no,yes,partial,no,no
/usr/bin/scriptreplay,no,yes,yes,no,no
/usr/bin/snice,no,yes,partial,no,no
/usr/bin/rpcgen,no,no,no,yes,no
/usr/bin/install,no,yes,partial,no,no
/usr/bin/sudoreplay,yes,yes,partial,yes,yes
/usr/bin/tabs,no,no,partial,no,no
/usr/bin/mbchk,no,no,unknown,no,no
/usr/bin/mapscrn,no,yes,partial,no,no
/usr/bin/tail,no,yes,partial,no,no
/usr/bin/ssltap,no,yes,partial,yes,no
/usr/bin/tfmtodit,no,yes,partial,no,no
/usr/bin/hpftodit,no,yes,partial,no,no
/usr/bin/db_codegen,no,yes,partial,no,no
/usr/bin/gio-querymodules-64,no,no,unknown,no,no
/usr/bin/dir,no,yes,partial,no,no
/usr/bin/make,no,yes,partial,no,no
/usr/bin/db_load,no,yes,partial,no,no
/usr/bin/loadunimap,no,yes,partial,no,no
/usr/bin/mkfifo,no,yes,partial,no,no
/usr/bin/sha512sum,no,yes,partial,no,no
/usr/bin/getconf,no,no,no,yes,no
/usr/bin/grn,no,yes,partial,no,no
/usr/bin/base64,no,yes,partial,no,no
/usr/bin/mcookie,no,yes,partial,no,no
/usr/bin/utmpdump,no,yes,partial,no,no
/usr/bin/setleds,no,no,yes,no,no
/usr/bin/semodule_expand,yes,no,yes,yes,no
/usr/bin/lessecho,no,yes,yes,no,no
/usr/bin/gpg2,no,yes,partial,no,no
/usr/bin/pwdx,no,yes,partial,no,no
/usr/bin/gpg-connect-agent,no,yes,partial,no,no
/usr/bin/nsenter,no,yes,partial,no,no
/usr/bin/setkeycodes,no,no,yes,no,no
/usr/bin/ipcs,no,yes,partial,no,no
/usr/bin/pre-grohtml,no,yes,partial,no,no
/usr/bin/file,no,yes,partial,no,no
/usr/bin/hexdump,no,yes,partial,no,no
/usr/bin/curl,no,yes,no,no,no
/usr/bin/nohup,no,yes,partial,no,no
/usr/bin/toe,no,yes,yes,no,no
/usr/bin/users,no,yes,partial,no,no
/usr/bin/deallocvt,no,no,yes,no,no
/usr/bin/flock,no,no,yes,no,no
/usr/bin/xmllint,no,yes,partial,no,no
/usr/bin/vdir,no,yes,partial,no,no
/usr/bin/chsh,yes,no,partial,no,no
/usr/bin/diff,no,yes,partial,no,no
/usr/bin/ptx,no,yes,partial,no,no
/usr/bin/gpg-error,no,no,yes,yes,no
/usr/bin/fipscheck,no,yes,partial,yes,no
/usr/bin/readelf,no,yes,partial,no,no
/usr/bin/ar,no,yes,partial,no,no
/usr/bin/ionice,no,yes,yes,no,no
/usr/bin/pgrep,no,yes,partial,no,no
/usr/bin/unexpand,no,yes,partial,no,no
/usr/bin/lscpu,no,yes,partial,no,no
/usr/bin/troff,no,yes,partial,no,no
/usr/bin/lslogins,no,yes,partial,no,no
/usr/bin/grodvi,no,yes,partial,no,no
/usr/bin/dircolors,no,yes,partial,no,no
/usr/bin/bzip2,no,yes,partial,no,no
/usr/bin/col,no,no,partial,no,no
/usr/bin/db_printlog,no,yes,partial,no,no
/usr/bin/dbus-binding-tool,no,yes,yes,no,no
/usr/bin/gpgkey2ssh,no,yes,partial,no,no
/usr/bin/getfacl,no,yes,partial,yes,no
/usr/bin/p11-kit,no,yes,partial,no,no
/usr/bin/locale,no,no,no,yes,no
/usr/bin/resizecons,no,yes,yes,no,no
/usr/bin/tty,no,yes,partial,no,no
/usr/bin/auvirt,no,yes,yes,no,no
/usr/bin/pkill,no,yes,partial,no,no
/usr/bin/chattr,no,no,yes,yes,no
/usr/bin/infokey,no,yes,partial,no,no
/usr/bin/db_stat,no,no,partial,no,no
/usr/bin/split,no,yes,partial,no,no
/usr/bin/groff,no,yes,partial,no,no
/usr/bin/sedispol,no,no,partial,no,no
/usr/bin/uuidgen,no,yes,yes,no,no
/usr/bin/chrt,no,no,yes,no,no
/usr/bin/truncate,no,yes,partial,no,no
/usr/bin/infocmp,no,yes,partial,no,no
/usr/bin/tac,no,yes,partial,no,no
/usr/bin/rename,no,no,yes,no,no
/usr/bin/id,no,yes,partial,no,no
/usr/bin/grolj4,no,yes,partial,no,no
/usr/bin/pinky,no,yes,partial,no,no
/usr/bin/last,no,yes,partial,no,no
/usr/bin/xargs,no,yes,partial,no,no
/usr/bin/xmlcatalog,no,yes,partial,no,no
/usr/bin/fgconsole,no,no,yes,no,no
/usr/bin/top,no,yes,partial,no,no
/usr/bin/renice,no,no,yes,no,no
/usr/bin/look,no,no,yes,no,no
/usr/bin/unshare,no,no,partial,no,no
/usr/bin/factor,no,yes,partial,no,no
/usr/bin/stdbuf,no,yes,partial,no,no
/usr/bin/less,no,yes,partial,no,no
/usr/bin/isosize,no,yes,partial,no,no
/usr/bin/grops,no,yes,partial,no,no
/usr/bin/groups,no,yes,partial,no,no
/usr/bin/secon,yes,yes,partial,yes,no
/usr/bin/gencat,no,no,no,yes,no
/usr/bin/vmstat,no,yes,yes,no,no
/usr/bin/aulastlog,no,yes,yes,no,no
/usr/bin/column,no,no,partial,no,no
/usr/bin/wget,no,yes,partial,yes,no
/usr/bin/strip,no,yes,partial,no,no
/usr/bin/info,no,yes,partial,no,no
/usr/bin/stat,no,yes,partial,no,no
/usr/bin/checkpolicy,no,yes,partial,no,no
/usr/bin/localedef,no,no,no,yes,no
/usr/bin/c++filt,no,yes,partial,no,no
/usr/bin/python2.6,no,no,unknown,no,no
/usr/bin/gpgconf,no,yes,partial,no,no
/usr/bin/wall,no,yes,partial,no,no
/usr/bin/skill,no,yes,partial,no,no
/usr/bin/addr2line,no,yes,partial,no,no
/usr/bin/sudo,yes,yes,partial,yes,yes
/usr/bin/pathchk,no,yes,partial,no,no
/usr/bin/nm,no,yes,partial,no,no
/usr/bin/tr,no,yes,partial,no,no
/usr/bin/grolbp,no,yes,partial,no,no
/usr/bin/setmetamode,no,no,yes,no,no
/usr/bin/expand,no,yes,partial,no,no
/usr/bin/oldfind,no,yes,partial,no,no
/usr/bin/tput,no,no,partial,no,no
/usr/bin/a2p,no,yes,partial,no,no
/usr/bin/objcopy,no,yes,partial,no,no
/usr/bin/openvt,no,yes,partial,no,no
/usr/bin/ssh-keygen,yes,yes,partial,yes,yes
/usr/bin/crlutil,no,yes,partial,yes,no
/usr/bin/signtool,no,yes,partial,yes,no
/usr/bin/cmp,no,yes,partial,no,no
/usr/bin/gdbus,no,no,unknown,no,no
/usr/bin/newgrp,yes,yes,partial,yes,yes
/usr/bin/kbdrate,no,no,partial,no,no
/usr/bin/clear,no,no,unknown,no,no
/usr/bin/killall,no,yes,partial,no,no
/usr/bin/getkeycodes,no,no,yes,no,no
/usr/bin/logname,no,yes,partial,no,no
/usr/bin/ld,no,yes,partial,no,no
/usr/bin/db_checkpoint,no,yes,partial,no,no
/usr/bin/getopt,no,no,partial,no,no
/usr/bin/fipshmac,no,yes,partial,yes,no
/usr/bin/ranlib,no,yes,partial,no,no
/usr/bin/semodule_deps,yes,no,partial,yes,no
/usr/bin/expr,no,yes,partial,no,no
/usr/bin/addftinfo,no,no,partial,no,no
/usr/bin/chvt,no,no,yes,no,no
/usr/bin/pfbtops,no,no,yes,no,no
/usr/bin/csplit,no,yes,partial,no,no
/usr/bin/gpgparsemail,no,yes,partial,no,no
/usr/bin/lesskey,no,yes,partial,no,no
/usr/bin/pinentry-curses,no,yes,partial,no,no
/usr/bin/modutil,no,yes,partial,yes,no
/usr/bin/seq,no,yes,partial,no,no
/usr/bin/semodule_package,yes,no,yes,yes,no
/usr/bin/setfacl,no,yes,partial,yes,no
/usr/bin/pic,no,yes,partial,no,no
/usr/bin/test,no,yes,partial,no,no
/usr/bin/namei,no,yes,partial,no,no
/usr/bin/pkg-config,no,yes,partial,no,no
/usr/bin/showconsolefont,no,no,partial,no,no
/usr/bin/peekfd,no,no,yes,no,no
/usr/bin/w,no,yes,partial,no,no
/usr/bin/timeout,no,yes,partial,no,no
/usr/bin/setarch,no,yes,yes,no,no
/usr/bin/nl,no,yes,partial,no,no
/usr/bin/tset,no,yes,partial,no,no
/usr/bin/ul,no,yes,partial,no,no
/usr/bin/mesg,no,no,yes,no,no
/usr/bin/objdump,no,yes,partial,no,no
/usr/bin/aulast,no,yes,yes,no,no
/usr/bin/tic,no,yes,partial,no,no
/usr/bin/size,no,yes,partial,no,no
/usr/bin/iconv,no,no,no,yes,no
/usr/bin/db_archive,no,no,partial,no,no
/usr/bin/pmap,no,yes,partial,no,no
/usr/bin/fold,no,yes,partial,no,no
/usr/bin/tload,no,no,partial,no,no
/usr/bin/who,no,yes,partial,no,no
/usr/bin/script,no,yes,partial,no,no
/usr/bin/md5sum,no,yes,partial,no,no
/usr/bin/slabtop,no,yes,partial,no,no
/usr/bin/cksum,no,yes,partial,no,no
/usr/bin/openssl,no,yes,partial,yes,no
/usr/bin/lsattr,no,no,yes,yes,no
/usr/bin/update-mime-database,no,no,no,no,no
/usr/bin/pcregrep,no,yes,partial,no,no
/usr/bin/wc,no,yes,partial,no,no
/usr/bin/cmsutil,no,yes,partial,yes,no
/usr/bin/comm,no,yes,partial,no,no
/usr/bin/sedismod,no,no,partial,no,no
/usr/bin/as,no,yes,partial,no,no
/usr/bin/gpgv2,no,yes,partial,no,no
/usr/bin/sum,no,yes,partial,no,no
/usr/bin/free,no,no,yes,no,no
/usr/bin/db_upgrade,no,no,partial,no,no
/usr/bin/floppy,no,yes,partial,no,no
/usr/bin/colcrt,no,no,partial,no,no
/usr/bin/chage,yes,yes,partial,yes,yes
/usr/bin/pr,no,yes,partial,no,no
/usr/bin/tbl,no,no,partial,no,no
/usr/bin/sdiff,no,yes,partial,no,no
/usr/bin/sha384sum,no,yes,partial,no,no
/usr/bin/shred,no,yes,partial,no,no
/usr/bin/colrm,no,no,unknown,no,no
/usr/bin/checkmodule,no,yes,partial,no,no
/usr/bin/gpgsplit,no,yes,partial,no,no
/usr/bin/[,no,yes,partial,no,no
/usr/bin/pstree,no,yes,partial,no,no
/usr/bin/runcon,no,yes,partial,no,no
/usr/bin/perl,no,no,unknown,no,no
/usr/bin/yes,no,yes,partial,no,no
/usr/bin/printenv,no,yes,partial,no,no
/usr/bin/nproc,no,yes,partial,no,no
/usr/bin/xmlwf,no,no,partial,no,no
/usr/bin/passwd,yes,yes,partial,yes,yes
/usr/bin/od,no,yes,partial,no,no
/usr/bin/luac,no,yes,partial,no,no
/usr/bin/ddate,no,yes,partial,no,no
/usr/bin/printf,no,yes,partial,no,no
/usr/bin/lchfn,no,yes,partial,no,no
/usr/bin/perl5.10.1,no,no,unknown,no,no
/usr/bin/db_deadlock,no,yes,partial,no,no
/usr/bin/glib-compile-schemas,no,yes,partial,no,no
/usr/bin/diff3,no,yes,partial,no,no
/usr/bin/dc,no,yes,partial,no,no
/usr/bin/db_dump,no,no,partial,no,no
/usr/bin/whereis,no,yes,partial,no,no
/usr/bin/lchsh,no,yes,partial,no,no
/usr/bin/lkbib,no,no,partial,no,no
/usr/bin/uniq,no,yes,partial,no,no
/usr/bin/eqn,no,yes,partial,no,no
/usr/bin/certutil,no,yes,partial,yes,no
/usr/bin/chfn,yes,no,partial,no,no
/usr/bin/pk12util,no,yes,partial,yes,no
/usr/bin/rev,no,no,partial,no,no
/usr/bin/crontab,yes,yes,partial,yes,yes
/usr/bin/chcon,no,yes,partial,no,no
/usr/bin/whiptail,no,yes,partial,no,no
/usr/bin/gpg-agent,no,yes,partial,no,no
/usr/bin/sha256sum,no,yes,partial,no,no
/usr/bin/sha1sum,no,yes,partial,no,no
/usr/bin/ausyscall,no,no,yes,no,no
