/usr/bin/nf-queue,no,yes,yes,yes,no
/usr/bin/nl-addr-add,no,yes,yes,yes,no
/usr/bin/gencat,no,no,no,yes,no
/usr/bin/nl-addr-delete,no,yes,yes,yes,no
/usr/bin/getent,no,no,no,yes,no
/usr/bin/nl-route-add,no,yes,yes,yes,no
/usr/bin/iconv,no,no,no,yes,no
/usr/bin/nl-route-delete,no,yes,yes,yes,no
/usr/bin/locale,no,no,no,yes,no
/usr/bin/nl-route-get,no,yes,unknown,yes,no
/usr/bin/localedef,no,no,no,yes,no
/usr/bin/nl-route-list,no,yes,unknown,yes,no
/usr/bin/makedb,no,no,no,yes,no
/usr/bin/nl-rule-list,no,yes,unknown,yes,no
/usr/bin/pldd,no,no,no,yes,no
/usr/bin/nl-tctree-list,no,yes,unknown,yes,no
/usr/bin/rpcgen,no,no,no,yes,no
/usr/bin/nl-util-addr,no,yes,unknown,yes,no
/usr/bin/genl-ctrl-list,no,yes,unknown,yes,no
/usr/bin/sprof,no,no,no,yes,no
/usr/bin/nl-class-add,no,yes,yes,yes,no
/usr/bin/nl-class-delete,no,yes,yes,yes,no
/usr/bin/getconf,no,no,no,yes,no
/usr/bin/nl-class-list,no,yes,unknown,yes,no
/usr/bin/nl-classid-lookup,no,yes,yes,yes,no
/usr/bin/bash,no,yes,partial,yes,no
/usr/bin/nl-cls-add,no,yes,yes,yes,no
/usr/bin/nl-cls-delete,no,yes,yes,yes,no
/usr/bin/last,yes,yes,partial,yes,yes
/usr/bin/nl-cls-list,no,yes,unknown,yes,no
/usr/bin/mesg,yes,yes,yes,yes,yes
/usr/bin/nl-link-list,no,yes,unknown,yes,no
/usr/bin/nl-pktloc-lookup,no,yes,yes,yes,no
/usr/bin/nl-qdisc-add,no,yes,yes,yes,no
/usr/bin/wall,yes,yes,partial,yes,yes
/usr/bin/nl-qdisc-delete,no,yes,yes,yes,no
/usr/bin/nl-qdisc-list,no,yes,unknown,yes,no
/usr/bin/p11-kit,no,yes,partial,yes,no
/usr/bin/eqn,no,yes,partial,yes,no
/usr/bin/less,no,yes,partial,yes,no
/usr/bin/info,no,yes,partial,yes,no
/usr/bin/infokey,no,yes,partial,yes,no
/usr/bin/sed,no,yes,partial,yes,no
/usr/bin/tar,no,yes,partial,yes,no
/usr/bin/grep,no,yes,partial,yes,no
/usr/bin/hostname,no,yes,partial,yes,no
/usr/bin/groff,no,yes,partial,yes,no
/usr/bin/dgawk,no,yes,partial,yes,no
/usr/bin/grops,no,yes,partial,yes,no
/usr/bin/gawk,no,yes,partial,yes,no
/usr/bin/grotty,no,yes,partial,yes,no
/usr/bin/pgawk,no,yes,partial,yes,no
/usr/bin/xmlcatalog,no,yes,partial,yes,no
/usr/bin/xmllint,no,yes,partial,yes,no
/usr/bin/gpg-error,no,no,yes,yes,no
/usr/bin/cpio,no,yes,partial,yes,no
/usr/bin/pic,no,yes,partial,yes,no
/usr/bin/vi,no,yes,partial,yes,no
/usr/bin/xmlwf,no,yes,partial,yes,no
/usr/bin/lua,no,yes,yes,yes,no
/usr/bin/post-grohtml,no,yes,partial,yes,no
/usr/bin/luac,no,yes,partial,yes,no
/usr/bin/pre-grohtml,no,yes,partial,yes,no
/usr/bin/which,no,yes,partial,yes,no
/usr/bin/whiptail,no,yes,partial,yes,no
/usr/bin/cmp,no,yes,partial,yes,no
/usr/bin/preconv,no,yes,partial,yes,no
/usr/bin/diff,no,yes,partial,yes,no
/usr/bin/soelim,no,yes,partial,yes,no
/usr/bin/diff3,no,yes,partial,yes,no
/usr/bin/tbl,no,yes,partial,yes,no
/usr/bin/sdiff,no,yes,partial,yes,no
/usr/bin/troff,no,yes,partial,yes,no
/usr/bin/find,no,yes,partial,yes,no
/usr/bin/oldfind,no,yes,partial,yes,no
/usr/bin/make,no,yes,partial,yes,no
/usr/bin/xargs,no,yes,partial,yes,no
/usr/bin/xz,no,yes,partial,yes,no
/usr/bin/tabs,no,no,partial,yes,no
/usr/bin/sqlite3,no,yes,partial,yes,no
/usr/bin/file,no,yes,yes,yes,no
/usr/bin/nl-list-caches,no,yes,yes,yes,no
/usr/bin/tic,no,yes,partial,yes,no
/usr/bin/idiag-socket-details,no,yes,unknown,yes,no
/usr/bin/nf-ct-add,no,yes,yes,yes,no
/usr/bin/xzdec,no,yes,partial,yes,no
/usr/bin/nf-ct-list,no,yes,unknown,yes,no
/usr/bin/nf-exp-add,no,yes,yes,yes,no
/usr/bin/nf-monitor,no,yes,yes,yes,no
/usr/bin/toe,no,yes,partial,yes,no
/usr/bin/nf-exp-delete,no,yes,yes,yes,no
/usr/bin/nf-exp-list,no,yes,unknown,yes,no
/usr/bin/nf-log,no,yes,yes,yes,no
/usr/bin/nl-addr-list,no,yes,yes,yes,no
/usr/bin/nl-neigh-add,no,yes,yes,yes,no
/usr/bin/tput,no,yes,partial,yes,no
/usr/bin/nl-fib-lookup,no,yes,unknown,yes,no
/usr/bin/nl-neigh-delete,no,yes,yes,yes,no
/usr/bin/nl-link-enslave,no,no,yes,yes,no
/usr/bin/nl-list-sockets,no,yes,partial,yes,no
/usr/bin/tset,no,yes,partial,yes,no
/usr/bin/nl-link-ifindex2name,no,yes,unknown,yes,no
/usr/bin/nl-monitor,no,yes,yes,yes,no
/usr/bin/testgdbm,no,yes,partial,yes,no
/usr/bin/nl-link-name2ifindex,no,no,yes,yes,no
/usr/bin/nl-neigh-list,no,yes,unknown,yes,no
/usr/bin/nl-link-release,no,no,yes,yes,no
/usr/bin/nl-link-set,no,yes,yes,yes,no
/usr/bin/nl-neightbl-list,no,yes,unknown,yes,no
/usr/bin/nl-link-stats,no,yes,yes,yes,no
/usr/bin/idn,no,yes,partial,yes,no
/usr/bin/[,no,yes,partial,yes,no
/usr/bin/link,no,yes,partial,yes,no
/usr/bin/who,no,yes,partial,yes,no
/usr/bin/ln,no,yes,partial,yes,no
/usr/bin/whoami,no,yes,partial,yes,no
/usr/bin/mv,no,yes,partial,yes,no
/usr/bin/gzip,no,yes,partial,yes,no
/usr/bin/lessecho,no,yes,yes,yes,no
/usr/bin/nice,no,yes,partial,yes,no
/usr/bin/lesskey,no,yes,partial,yes,no
/usr/bin/nl,no,yes,partial,yes,no
/usr/bin/nohup,no,yes,partial,yes,no
/usr/bin/teamnl,yes,yes,partial,yes,yes
/usr/bin/nproc,no,yes,partial,yes,no
/usr/bin/chacl,no,yes,yes,yes,no
/usr/bin/numfmt,no,yes,partial,yes,no
/usr/bin/getfacl,no,yes,partial,yes,no
/usr/bin/od,no,yes,partial,yes,no
/usr/bin/setfacl,no,yes,partial,yes,no
/usr/bin/paste,no,yes,partial,yes,no
/usr/bin/pathchk,no,yes,partial,yes,no
/usr/bin/db_archive,no,yes,partial,yes,no
/usr/bin/logname,no,yes,partial,yes,no
/usr/bin/free,no,yes,yes,yes,no
/usr/bin/db_checkpoint,no,yes,partial,yes,no
/usr/bin/pinky,no,yes,partial,yes,no
/usr/bin/db_deadlock,no,yes,partial,yes,no
/usr/bin/pr,no,yes,partial,yes,no
/usr/bin/pmap,no,yes,partial,yes,no
/usr/bin/db_dump,no,yes,partial,yes,no
/usr/bin/printenv,no,yes,partial,yes,no
/usr/bin/db_dump185,no,yes,partial,yes,no
/usr/bin/ls,no,yes,partial,yes,no
/usr/bin/yes,no,yes,partial,yes,no
/usr/bin/db_hotbackup,no,yes,partial,yes,no
/usr/bin/printf,no,yes,partial,yes,no
/usr/bin/db_load,no,yes,partial,yes,no
/usr/bin/md5sum,no,yes,partial,yes,no
/usr/bin/ps,no,yes,partial,yes,no
/usr/bin/db_log_verify,no,yes,partial,yes,no
/usr/bin/ptx,no,yes,partial,yes,no
/usr/bin/pwdx,no,yes,partial,yes,no
/usr/bin/db_printlog,no,yes,partial,yes,no
/usr/bin/pwd,no,yes,partial,yes,no
/usr/bin/top,no,yes,partial,yes,no
/usr/bin/db_recover,no,yes,partial,yes,no
/usr/bin/mkdir,no,yes,partial,yes,no
/usr/bin/w,no,yes,partial,yes,no
/usr/bin/db_replicate,no,yes,partial,yes,no
/usr/bin/readlink,no,yes,partial,yes,no
/usr/bin/db_stat,no,yes,partial,yes,no
/usr/bin/realpath,no,yes,partial,yes,no
/usr/bin/db_tuner,no,yes,yes,yes,no
/usr/bin/rm,no,yes,partial,yes,no
/usr/bin/ar,no,yes,partial,yes,no
/usr/bin/db_upgrade,no,yes,partial,yes,no
/usr/bin/rmdir,no,yes,partial,yes,no
/usr/bin/db_verify,no,yes,partial,yes,no
/usr/bin/runcon,no,yes,partial,yes,no
/usr/bin/mkfifo,no,yes,partial,yes,no
/usr/bin/as,no,yes,partial,yes,no
/usr/bin/pinentry-curses,no,yes,partial,yes,no
/usr/bin/seq,no,yes,partial,yes,no
/usr/bin/dwp,no,yes,partial,yes,no
/usr/bin/sha1sum,no,yes,partial,yes,no
/usr/bin/geoiplookup,no,yes,yes,yes,no
/usr/bin/mknod,no,yes,partial,yes,no
/usr/bin/nm,no,yes,partial,yes,no
/usr/bin/geoiplookup6,no,yes,yes,yes,no
/usr/bin/sha224sum,no,yes,partial,yes,no
/usr/bin/geoipupdate,no,no,partial,yes,no
/usr/bin/sha256sum,no,yes,partial,yes,no
/usr/bin/sha384sum,no,yes,partial,yes,no
/usr/bin/clear,no,no,unknown,yes,no
/usr/bin/sha512sum,no,yes,partial,yes,no
/usr/bin/infocmp,no,yes,partial,yes,no
/usr/bin/shred,no,yes,partial,yes,no
/usr/bin/shuf,no,yes,partial,yes,no
/usr/bin/size,no,yes,partial,yes,no
/usr/bin/sleep,no,yes,partial,yes,no
/usr/bin/trust,no,yes,partial,yes,no
/usr/bin/sort,no,yes,partial,yes,no
/usr/bin/mktemp,no,yes,partial,yes,no
/usr/bin/curl,no,yes,no,yes,no
/usr/bin/split,no,yes,partial,yes,no
/usr/bin/arch,no,yes,partial,yes,no
/usr/bin/stat,no,yes,partial,yes,no
/usr/bin/rpm,no,no,yes,yes,no
/usr/bin/base64,no,yes,partial,yes,no
/usr/bin/stdbuf,no,yes,partial,yes,no
/usr/bin/basename,no,yes,partial,yes,no
/usr/bin/cat,no,yes,partial,yes,no
/usr/bin/stty,no,yes,partial,yes,no
/usr/bin/chcon,no,yes,partial,yes,no
/usr/bin/sum,no,yes,partial,yes,no
/usr/bin/gpg2,no,yes,partial,yes,no
/usr/bin/chgrp,no,yes,partial,yes,no
/usr/bin/sync,no,yes,partial,yes,no
/usr/bin/chmod,no,yes,partial,yes,no
/usr/bin/tac,no,yes,partial,yes,no
/usr/bin/cal,no,yes,partial,yes,no
/usr/bin/chown,no,yes,partial,yes,no
/usr/bin/tail,no,yes,partial,yes,no
/usr/bin/cksum,no,yes,partial,yes,no
/usr/bin/tee,no,yes,partial,yes,no
/usr/bin/chrt,no,yes,partial,yes,no
/usr/bin/comm,no,yes,partial,yes,no
/usr/bin/cp,no,yes,partial,yes,no
/usr/bin/test,no,yes,partial,yes,no
/usr/bin/csplit,no,yes,partial,yes,no
/usr/bin/cut,no,yes,partial,yes,no
/usr/bin/timeout,no,yes,partial,yes,no
/usr/bin/date,no,yes,partial,yes,no
/usr/bin/python2.7,no,no,unknown,yes,no
/usr/bin/dd,no,yes,partial,yes,no
/usr/bin/chage,yes,yes,partial,yes,yes
/usr/bin/df,no,yes,partial,yes,no
/usr/bin/gpasswd,yes,yes,partial,yes,yes
/usr/bin/dir,no,yes,partial,yes,no
/usr/bin/touch,no,yes,partial,yes,no
/usr/bin/dircolors,no,yes,partial,yes,no
/usr/bin/tr,no,yes,partial,yes,no
/usr/bin/col,no,yes,partial,yes,no
/usr/bin/dirname,no,yes,partial,yes,no
/usr/bin/lastlog,yes,yes,partial,yes,yes
/usr/bin/du,no,yes,partial,yes,no
/usr/bin/true,no,yes,partial,yes,no
/usr/bin/echo,no,yes,partial,yes,no
/usr/bin/newgrp,yes,yes,partial,yes,yes
/usr/bin/env,no,yes,partial,yes,no
/usr/bin/truncate,no,yes,partial,yes,no
/usr/bin/expand,no,yes,partial,yes,no
/usr/bin/tsort,no,yes,partial,yes,no
/usr/bin/expr,no,yes,partial,yes,no
/usr/bin/tty,no,yes,partial,yes,no
/usr/bin/ipcs,no,yes,partial,yes,no
/usr/bin/factor,no,yes,partial,yes,no
/usr/bin/uname,no,yes,partial,yes,no
/usr/bin/false,no,yes,partial,yes,no
/usr/bin/fmt,no,yes,partial,yes,no
/usr/bin/unexpand,no,yes,partial,yes,no
/usr/bin/fold,no,yes,partial,yes,no
/usr/bin/uniq,no,yes,partial,yes,no
/usr/bin/kill,no,yes,partial,yes,no
/usr/bin/groups,no,yes,partial,yes,no
/usr/bin/unlink,no,yes,partial,yes,no
/usr/bin/head,no,yes,partial,yes,no
/usr/bin/users,no,yes,partial,yes,no
/usr/bin/hostid,no,yes,partial,yes,no
/usr/bin/id,no,yes,partial,yes,no
/usr/bin/vdir,no,yes,partial,yes,no
/usr/bin/look,no,yes,yes,yes,no
/usr/bin/install,no,yes,partial,yes,no
/usr/bin/wc,no,yes,partial,yes,no
/usr/bin/lsns,no,yes,partial,yes,no
/usr/bin/join,no,yes,partial,yes,no
/usr/bin/gsettings,no,yes,unknown,yes,no
/usr/bin/gio,no,yes,no,yes,no
/usr/bin/gapplication,no,yes,unknown,yes,no
/usr/bin/gdbus,no,yes,unknown,yes,no
/usr/bin/rpmdb,no,no,yes,yes,no
/usr/bin/gio-querymodules-64,no,yes,unknown,yes,no
/usr/bin/ld.gold,no,yes,partial,yes,no
/usr/bin/uuidgen,no,yes,yes,yes,no
/usr/bin/glib-compile-schemas,no,yes,partial,yes,no
/usr/bin/fipscheck,no,yes,partial,yes,no
/usr/bin/wdctl,no,yes,partial,yes,no
/usr/bin/update-mime-database,no,yes,no,yes,no
/usr/bin/csslint-0.6,no,yes,unknown,yes,no
/usr/bin/gpg-agent,no,yes,partial,yes,no
/usr/bin/pwmake,no,yes,yes,yes,no
/usr/bin/gpg-connect-agent,no,yes,partial,yes,no
/usr/bin/pwscore,no,yes,partial,yes,no
/usr/bin/pgrep,no,yes,partial,yes,no
/usr/bin/gpgconf,no,yes,partial,yes,no
/usr/bin/pkill,no,yes,partial,yes,no
/usr/bin/gpgparsemail,no,yes,partial,yes,no
/usr/bin/skill,no,yes,partial,yes,no
/usr/bin/gpgsplit,no,yes,partial,yes,no
/usr/bin/slabtop,no,yes,partial,yes,no
/usr/bin/gpgv2,no,yes,partial,yes,no
/usr/bin/snice,no,yes,partial,yes,no
/usr/bin/watchgnupg,no,yes,partial,yes,no
/usr/bin/tload,no,yes,partial,yes,no
/usr/bin/lchfn,no,yes,yes,yes,no
/usr/bin/uptime,no,yes,yes,yes,no
/usr/bin/lchsh,no,yes,yes,yes,no
/usr/bin/vmstat,no,yes,yes,yes,no
/usr/bin/colcrt,no,no,partial,yes,no
/usr/bin/watch,no,yes,partial,yes,no
/usr/bin/colrm,no,yes,partial,yes,no
/usr/bin/envsubst,no,yes,partial,yes,no
/usr/bin/column,no,yes,partial,yes,no
/usr/bin/gettext,no,yes,partial,yes,no
/usr/bin/dmesg,no,yes,partial,yes,no
/usr/bin/eject,no,yes,partial,yes,no
/usr/bin/msgattrib,no,no,partial,yes,no
/usr/bin/fallocate,no,yes,partial,yes,no
/usr/bin/msgcat,no,no,yes,yes,no
/usr/bin/findmnt,no,yes,partial,yes,no
/usr/bin/msgcmp,no,yes,partial,yes,no
/usr/bin/flock,no,yes,partial,yes,no
/usr/bin/msgcomm,no,no,yes,yes,no
/usr/bin/getopt,no,yes,partial,yes,no
/usr/bin/msgconv,no,no,yes,yes,no
/usr/bin/hexdump,no,yes,partial,yes,no
/usr/bin/msgen,no,no,yes,yes,no
/usr/bin/ionice,no,yes,partial,yes,no
/usr/bin/msgexec,no,no,partial,yes,no
/usr/bin/ipcmk,no,yes,partial,yes,no
/usr/bin/msgfilter,no,yes,partial,yes,no
/usr/bin/ipcrm,no,yes,partial,yes,no
/usr/bin/msgfmt,no,yes,partial,yes,no
/usr/bin/isosize,no,yes,partial,yes,no
/usr/bin/msggrep,no,yes,partial,yes,no
/usr/bin/msginit,no,yes,partial,yes,no
/usr/bin/logger,no,yes,partial,yes,no
/usr/bin/msgmerge,no,yes,partial,yes,no
/usr/bin/login,no,yes,partial,yes,no
/usr/bin/msgunfmt,no,yes,partial,yes,no
/usr/bin/lsblk,no,yes,partial,yes,no
/usr/bin/msguniq,no,no,yes,yes,no
/usr/bin/lscpu,no,yes,partial,yes,no
/usr/bin/ngettext,no,yes,partial,yes,no
/usr/bin/rpm2cpio,no,no,yes,yes,no
/usr/bin/kmod,no,yes,partial,yes,no
/usr/bin/recode-sr-latin,no,no,yes,yes,no
/usr/bin/lsipc,no,yes,partial,yes,no
/usr/bin/xgettext,no,yes,partial,yes,no
/usr/bin/systemd-ask-password,yes,yes,partial,yes,yes
/usr/bin/dbus-binding-tool,no,yes,yes,yes,no
/usr/bin/lslocks,no,yes,partial,yes,no
/usr/bin/pkg-config,no,yes,partial,yes,no
/usr/bin/lslogins,no,yes,partial,yes,no
/usr/bin/mcookie,no,yes,partial,yes,no
/usr/bin/more,no,yes,partial,yes,no
/usr/bin/ping,yes,yes,partial,yes,yes
/usr/bin/mount,yes,yes,partial,yes,yes
/usr/bin/openssl,no,yes,partial,yes,no
/usr/bin/rpmkeys,no,no,yes,yes,no
/usr/bin/chvt,no,yes,yes,yes,no
/usr/bin/mountpoint,no,yes,yes,yes,no
/usr/bin/certutil,no,yes,partial,yes,no
/usr/bin/namei,no,yes,partial,yes,no
/usr/bin/cmsutil,no,yes,partial,yes,no
/usr/bin/nsenter,no,yes,partial,yes,no
/usr/bin/crlutil,no,yes,partial,yes,no
/usr/bin/prlimit,no,yes,partial,yes,no
/usr/bin/modutil,no,yes,partial,yes,no
/usr/bin/raw,no,yes,yes,yes,no
/usr/bin/man,no,yes,partial,yes,no
/usr/bin/pk12util,no,yes,partial,yes,no
/usr/bin/rename,no,yes,partial,yes,no
/usr/bin/signtool,no,yes,partial,yes,no
/usr/bin/renice,no,yes,yes,yes,no
/usr/bin/signver,no,yes,partial,yes,no
/usr/bin/rev,no,no,partial,yes,no
/usr/bin/tmon,no,yes,no,yes,no
/usr/bin/ssltap,no,yes,partial,yes,no
/usr/bin/script,no,yes,partial,yes,no
/usr/bin/aserver,no,yes,partial,yes,no
/usr/bin/scriptreplay,no,yes,yes,yes,no
/usr/bin/addr2line,no,yes,partial,yes,no
/usr/bin/setarch,no,yes,yes,yes,no
/usr/bin/c++filt,no,yes,partial,yes,no
/usr/bin/setpriv,no,yes,partial,yes,no
/usr/bin/elfedit,no,yes,partial,yes,no
/usr/bin/setsid,no,no,yes,yes,no
/usr/bin/gprof,no,yes,partial,yes,no
/usr/bin/setterm,no,yes,partial,yes,no
/usr/bin/ld.bfd,no,yes,partial,yes,no
/usr/bin/su,yes,yes,partial,yes,yes
/usr/bin/scp,yes,yes,partial,yes,yes
/usr/bin/objcopy,no,yes,partial,yes,no
/usr/bin/tailf,no,yes,partial,yes,no
/usr/bin/objdump,no,yes,partial,yes,no
/usr/bin/taskset,no,yes,partial,yes,no
/usr/bin/ranlib,no,yes,partial,yes,no
/usr/bin/ul,no,yes,partial,yes,no
/usr/bin/sftp,yes,yes,partial,yes,yes
/usr/bin/readelf,no,yes,partial,yes,no
/usr/bin/umount,yes,yes,partial,yes,yes
/usr/bin/strings,no,yes,partial,yes,no
/usr/bin/unshare,no,yes,partial,yes,no
/usr/bin/strip,no,yes,partial,yes,no
/usr/bin/utmpdump,no,yes,partial,yes,no
/usr/bin/fipshmac,no,yes,partial,yes,no
/usr/bin/whereis,no,yes,partial,yes,no
/usr/bin/write,yes,yes,partial,yes,yes
/usr/bin/secon,yes,yes,partial,yes,yes
/usr/bin/ssh-keygen,yes,yes,partial,yes,yes
/usr/bin/ndptool,no,yes,partial,yes,no
/usr/bin/teamd,yes,yes,partial,yes,yes
/usr/bin/teamdctl,yes,yes,partial,yes,yes
/usr/bin/lsscsi,no,yes,partial,yes,no
/usr/bin/bootctl,yes,yes,partial,yes,yes
/usr/bin/busctl,yes,yes,partial,yes,yes
/usr/bin/coredumpctl,yes,yes,partial,yes,yes
/usr/bin/hostnamectl,yes,yes,partial,yes,yes
/usr/bin/journalctl,yes,yes,partial,yes,yes
/usr/bin/localectl,yes,yes,partial,yes,yes
/usr/bin/loginctl,yes,yes,partial,yes,yes
/usr/bin/machinectl,yes,yes,partial,yes,yes
/usr/bin/systemctl,yes,yes,partial,yes,yes
/usr/bin/systemd-analyze,yes,yes,partial,yes,yes
/usr/bin/systemd-cat,yes,yes,partial,yes,yes
/usr/bin/grub2-mkrelpath,no,no,no,yes,no
/usr/bin/systemd-cgls,yes,yes,partial,yes,yes
/usr/bin/grub2-script-check,no,no,no,yes,no
/usr/bin/systemd-cgtop,yes,yes,partial,yes,yes
/usr/bin/hdsploader,no,yes,partial,yes,no
/usr/bin/ssh,yes,yes,partial,yes,yes
/usr/bin/mixartloader,no,yes,partial,yes,no
/usr/bin/systemd-delta,yes,yes,partial,yes,yes
/usr/bin/usx2yloader,no,yes,partial,yes,no
/usr/bin/lz4,no,yes,partial,yes,no
/usr/bin/systemd-detect-virt,yes,yes,partial,yes,yes
/usr/bin/vxloader,no,yes,partial,yes,no
/usr/bin/lz4c,no,yes,partial,yes,no
/usr/bin/systemd-escape,yes,yes,partial,yes,yes
/usr/bin/plymouth,yes,yes,partial,yes,yes
/usr/bin/wget,no,yes,partial,yes,no
/usr/bin/systemd-firstboot,yes,yes,partial,yes,yes
/usr/bin/dumpkeys,no,yes,yes,yes,no
/usr/bin/a2p,no,yes,partial,yes,no
/usr/bin/systemd-hwdb,yes,yes,partial,yes,yes
/usr/bin/kbd_mode,no,yes,yes,yes,no
/usr/bin/systemd-inhibit,yes,yes,partial,yes,yes
/usr/bin/loadkeys,no,yes,partial,yes,no
/usr/bin/grub2-mkrescue,no,no,no,yes,no
/usr/bin/perl,no,yes,unknown,yes,no
/usr/bin/systemd-machine-id-setup,yes,yes,partial,yes,yes
/usr/bin/setfont,no,yes,partial,yes,no
/usr/bin/systemd-notify,yes,yes,partial,yes,yes
/usr/bin/systemd-nspawn,yes,yes,partial,yes,yes
/usr/bin/systemd-path,yes,yes,partial,yes,yes
/usr/bin/psfxtable,no,yes,partial,yes,no
/usr/bin/systemd-run,yes,yes,partial,yes,yes
/usr/bin/grub2-mknetdir,no,no,no,yes,no
/usr/bin/systemd-stdio-bridge,yes,yes,partial,yes,yes
/usr/bin/deallocvt,no,yes,yes,yes,no
/usr/bin/systemd-tmpfiles,yes,yes,partial,yes,yes
/usr/bin/grub2-mkimage,no,no,no,yes,no
/usr/bin/auvirt,no,yes,partial,yes,no
/usr/bin/systemd-tty-ask-password-agent,yes,yes,partial,yes,yes
/usr/bin/resizecons,no,yes,yes,yes,no
/usr/bin/timedatectl,yes,yes,partial,yes,yes
/usr/bin/setkeycodes,no,yes,yes,yes,no
/usr/bin/udevadm,yes,yes,partial,yes,yes
/usr/bin/grub2-mkstandalone,no,no,no,yes,no
/usr/bin/dbus-cleanup-sockets,yes,yes,partial,yes,yes
/usr/bin/setleds,no,no,yes,yes,no
/usr/bin/dbus-daemon,yes,yes,partial,yes,yes
/usr/bin/fgconsole,no,yes,yes,yes,no
/usr/bin/dbus-monitor,yes,yes,partial,yes,yes
/usr/bin/setmetamode,no,no,yes,yes,no
/usr/bin/dbus-send,yes,yes,partial,yes,yes
/usr/bin/getkeycodes,no,yes,yes,yes,no
/usr/bin/dbus-uuidgen,yes,no,yes,yes,yes
/usr/bin/setvtrgb,no,yes,yes,yes,no
/usr/bin/pkaction,yes,yes,unknown,yes,yes
/usr/bin/showconsolefont,no,yes,partial,yes,no
/usr/bin/pkcheck,yes,yes,unknown,yes,yes
/usr/bin/showkey,no,yes,partial,yes,no
/usr/bin/pkexec,yes,yes,yes,yes,yes
/usr/bin/vlock,no,yes,partial,yes,no
/usr/bin/pkttyagent,yes,yes,unknown,yes,yes
/usr/bin/grub2-syslinux2cfg,no,no,no,yes,no
/usr/bin/pkla-admin-identities,yes,yes,yes,yes,yes
/usr/bin/pkla-check-authorization,yes,yes,yes,yes,yes
/usr/bin/tracepath,yes,yes,partial,yes,yes
/usr/bin/tracepath6,yes,yes,partial,yes,yes
/usr/bin/nmtui,yes,yes,partial,yes,yes
/usr/bin/ipcalc,yes,yes,yes,yes,yes
/usr/bin/usleep,yes,yes,yes,yes,yes
/usr/bin/grub2-file,no,no,no,yes,no
/usr/bin/nm-online,yes,yes,unknown,yes,yes
/usr/bin/nmcli,yes,yes,partial,yes,yes
/usr/bin/kbdinfo,no,yes,yes,yes,no
/usr/bin/aulast,no,yes,yes,yes,no
/usr/bin/aulastlog,no,yes,yes,yes,no
/usr/bin/ausyscall,no,no,yes,yes,no
/usr/bin/crontab,yes,yes,partial,yes,yes
/usr/bin/kbdrate,no,yes,partial,yes,no
/usr/bin/grub2-editenv,no,no,no,yes,no
/usr/bin/grub2-menulst2cfg,no,no,no,yes,no
/usr/bin/grub2-mkpasswd-pbkdf2,no,no,no,yes,no
/usr/bin/loadunimap,no,yes,partial,yes,no
/usr/bin/grub2-fstest,no,no,no,yes,no
/usr/bin/mapscrn,no,yes,partial,yes,no
/usr/bin/grub2-glue-efi,no,no,no,yes,no
/usr/bin/openvt,no,yes,partial,yes,no
/usr/bin/grub2-mkfont,no,no,no,yes,no
/usr/bin/grub2-mklayout,no,no,no,yes,no
/usr/bin/chronyc,yes,yes,partial,yes,yes
/usr/bin/catman,no,yes,partial,yes,no
/usr/bin/lexgrog,no,yes,partial,yes,no
/usr/bin/mandb,no,yes,partial,yes,no
/usr/bin/manpath,no,yes,partial,yes,no
/usr/bin/whatis,no,yes,partial,yes,no
/usr/bin/centrino-decode,no,no,no,yes,no
/usr/bin/cpupower,no,no,no,yes,no
/usr/bin/powernow-k8-decode,no,no,no,yes,no
/usr/bin/turbostat,no,no,no,yes,no
/usr/bin/x86_energy_perf_policy,no,no,no,yes,no
/usr/bin/ssh-add,yes,yes,partial,yes,yes
/usr/bin/ssh-keyscan,yes,yes,partial,yes,yes
/usr/bin/passwd,yes,yes,partial,yes,yes
/usr/bin/chattr,no,yes,yes,yes,no
/usr/bin/lsattr,no,yes,yes,yes,no
/usr/bin/chmem,no,yes,partial,yes,no
/usr/bin/lsmem,no,yes,partial,yes,no
/usr/bin/dbus-run-session,yes,yes,partial,yes,yes
/usr/bin/dbus-test-tool,yes,yes,partial,yes,yes
/usr/bin/dbus-update-activation-environment,yes,yes,yes,yes,yes
/usr/bin/grub2-render-label,no,no,no,yes,no
/usr/bin/perl5.16.3,no,yes,unknown,yes,no
/usr/sbin/selabel_partial_match,no,yes,yes,yes,no
/usr/sbin/zdump,no,no,no,yes,no
/usr/sbin/lid,no,yes,yes,yes,no
/usr/sbin/zic,no,no,no,yes,no
/usr/sbin/ldconfig,no,no,unknown,yes,no
/usr/sbin/lnewusers,no,yes,partial,yes,no
/usr/sbin/sln,no,no,unknown,yes,no
/usr/sbin/lpasswd,no,yes,partial,yes,no
/usr/sbin/rtmon,no,yes,partial,yes,no
/usr/sbin/ss,no,yes,partial,yes,no
/usr/sbin/iconvconfig,no,no,no,yes,no
/usr/sbin/iconvconfig.x86_64,no,no,no,yes,no
/usr/sbin/tc,no,yes,partial,yes,no
/usr/sbin/luseradd,no,yes,yes,yes,no
/usr/sbin/sefcontext_compile,no,yes,partial,yes,no
/usr/sbin/ipset,no,yes,partial,yes,no
/usr/sbin/fsck,no,yes,partial,yes,no
/usr/sbin/install-info,no,yes,partial,yes,no
/usr/sbin/mkfs,no,no,yes,yes,no
/usr/sbin/chkconfig,no,yes,partial,yes,no
/usr/sbin/selinuxconlist,no,yes,yes,yes,no
/usr/sbin/alternatives,no,yes,partial,yes,no
/usr/sbin/selinuxdefcon,no,yes,yes,yes,no
/usr/sbin/vipw,yes,yes,partial,yes,yes
/usr/sbin/capsh,no,no,partial,yes,no
/usr/sbin/cracklib-check,no,yes,partial,yes,no
/usr/sbin/getcap,no,yes,yes,yes,no
/usr/sbin/getpcaps,no,yes,yes,yes,no
/usr/sbin/cracklib-packer,no,yes,partial,yes,no
/usr/sbin/setcap,no,no,partial,yes,no
/usr/sbin/selinuxenabled,no,no,unknown,yes,no
/usr/sbin/genl-ctrl-list,no,yes,unknown,yes,no
/usr/sbin/selinuxexeccon,no,yes,yes,yes,no
/usr/sbin/nl-class-add,no,yes,yes,yes,no
/usr/sbin/setenforce,no,no,yes,yes,no
/usr/sbin/nl-class-delete,no,yes,yes,yes,no
/usr/sbin/biosdecode,yes,yes,partial,yes,yes
/usr/sbin/nl-class-list,no,yes,unknown,yes,no
/usr/sbin/dmidecode,yes,yes,partial,yes,yes
/usr/sbin/nl-classid-lookup,no,yes,yes,yes,no
/usr/sbin/cracklib-unpacker,no,no,yes,yes,no
/usr/sbin/nl-cls-add,no,yes,yes,yes,no
/usr/sbin/ownership,yes,yes,partial,yes,yes
/usr/sbin/nl-cls-delete,no,yes,yes,yes,no
/usr/sbin/nl-cls-list,no,yes,unknown,yes,no
/usr/sbin/vpddecode,yes,yes,partial,yes,yes
/usr/sbin/nl-link-list,no,yes,unknown,yes,no
/usr/sbin/chroot,no,yes,partial,yes,no
/usr/sbin/nl-pktloc-lookup,no,yes,yes,yes,no
/usr/sbin/nl-qdisc-add,no,yes,yes,yes,no
/usr/sbin/chpasswd,yes,yes,partial,yes,yes
/usr/sbin/sshd,yes,yes,partial,yes,yes
/usr/sbin/nl-qdisc-delete,no,yes,yes,yes,no
/usr/sbin/nl-qdisc-list,no,yes,unknown,yes,no
/usr/sbin/sasldblistusers2,yes,yes,partial,yes,yes
/usr/sbin/saslpasswd2,yes,yes,partial,yes,yes
/usr/sbin/killall5,yes,yes,partial,yes,yes
/usr/sbin/faillock,yes,yes,partial,yes,yes
/usr/sbin/mkhomedir_helper,yes,yes,partial,yes,yes
/usr/sbin/ethtool,no,yes,partial,yes,no
/usr/sbin/pam_console_apply,yes,yes,partial,yes,yes
/usr/sbin/pam_tally2,yes,yes,partial,yes,yes
/usr/sbin/grpck,yes,yes,partial,yes,yes
/usr/sbin/grpconv,yes,yes,partial,yes,yes
/usr/sbin/grpunconv,yes,yes,partial,yes,yes
/usr/sbin/xtables-multi,no,yes,partial,yes,no
/usr/sbin/pam_timestamp_check,yes,yes,yes,yes,yes
/usr/sbin/arpd,no,yes,partial,yes,no
/usr/sbin/pwhistory_helper,no,yes,partial,yes,no
/usr/sbin/bridge,no,yes,partial,yes,no
/usr/sbin/luserdel,no,yes,yes,yes,no
/usr/sbin/unix_chkpwd,yes,yes,partial,yes,yes
/usr/sbin/devlink,no,yes,yes,yes,no
/usr/sbin/sysctl,no,yes,partial,yes,no
/usr/sbin/genl,no,yes,partial,yes,no
/usr/sbin/grubby,no,yes,partial,yes,no
/usr/sbin/ifstat,no,yes,partial,yes,no
/usr/sbin/lusermod,no,yes,yes,yes,no
/usr/sbin/ip,no,yes,partial,yes,no
/usr/sbin/lnstat,no,yes,partial,yes,no
/usr/sbin/logrotate,no,yes,partial,yes,no
/usr/sbin/nstat,no,yes,partial,yes,no
/usr/sbin/lchage,no,yes,yes,yes,no
/usr/sbin/rtacct,no,yes,partial,yes,no
/usr/sbin/lgroupadd,no,yes,yes,yes,no
/usr/sbin/avcstat,no,yes,partial,yes,no
/usr/sbin/lgroupdel,no,yes,yes,yes,no
/usr/sbin/getenforce,no,no,unknown,yes,no
/usr/sbin/lgroupmod,no,yes,yes,yes,no
/usr/sbin/getsebool,no,yes,yes,yes,no
/usr/sbin/newusers,yes,yes,partial,yes,yes
/usr/sbin/matchpathcon,no,yes,yes,yes,no
/usr/sbin/pwck,yes,yes,partial,yes,yes
/usr/sbin/addpart,no,yes,partial,yes,no
/usr/sbin/selabel_digest,no,yes,partial,yes,no
/usr/sbin/pwconv,yes,yes,partial,yes,yes
/usr/sbin/selabel_lookup,no,yes,yes,yes,no
/usr/sbin/lvm,yes,yes,partial,yes,yes
/usr/sbin/selabel_lookup_best_match,no,yes,partial,yes,no
/usr/sbin/pwunconv,yes,yes,partial,yes,yes
/usr/sbin/selinux_restorecon,no,yes,yes,yes,no
/usr/sbin/agetty,no,yes,partial,yes,no
/usr/sbin/blkdiscard,no,yes,partial,yes,no
/usr/sbin/blkid,no,yes,partial,yes,no
/usr/sbin/blockdev,no,yes,partial,yes,no
/usr/sbin/cfdisk,no,yes,partial,yes,no
/usr/sbin/chcpu,no,yes,partial,yes,no
/usr/sbin/ctrlaltdel,no,no,yes,yes,no
/usr/sbin/delpart,no,yes,partial,yes,no
/usr/sbin/fdformat,no,yes,partial,yes,no
/usr/sbin/fdisk,no,yes,partial,yes,no
/usr/sbin/findfs,no,no,yes,yes,no
/usr/sbin/fsck.cramfs,no,yes,partial,yes,no
/usr/sbin/fsck.minix,no,yes,partial,yes,no
/usr/sbin/fsfreeze,no,yes,yes,yes,no
/usr/sbin/fstrim,no,yes,partial,yes,no
/usr/sbin/hwclock,no,yes,partial,yes,no
/usr/sbin/ldattach,no,yes,partial,yes,no
/usr/sbin/losetup,no,yes,partial,yes,no
/usr/sbin/mkfs.cramfs,no,yes,partial,yes,no
/usr/sbin/mkfs.minix,no,yes,partial,yes,no
/usr/sbin/mkswap,no,yes,partial,yes,no
/usr/sbin/nologin,no,no,no,yes,no
/usr/sbin/partx,no,yes,partial,yes,no
/usr/sbin/pivot_root,no,no,yes,yes,no
/usr/sbin/readprofile,no,yes,partial,yes,no
/usr/sbin/resizepart,no,yes,partial,yes,no
/usr/sbin/rtcwake,no,yes,partial,yes,no
/usr/sbin/runuser,no,yes,partial,yes,no
/usr/sbin/sfdisk,no,yes,partial,yes,no
/usr/sbin/sulogin,no,yes,partial,yes,no
/usr/sbin/swaplabel,no,yes,partial,yes,no
/usr/sbin/swapoff,no,yes,yes,yes,no
/usr/sbin/swapon,no,yes,partial,yes,no
/usr/sbin/switch_root,no,yes,yes,yes,no
/usr/sbin/wipefs,no,yes,partial,yes,no
/usr/sbin/zramctl,no,yes,partial,yes,no
/usr/sbin/load_policy,yes,no,yes,yes,yes
/usr/sbin/semodule,yes,no,yes,yes,yes
/usr/sbin/sestatus,yes,yes,partial,yes,yes
/usr/sbin/setfiles,yes,yes,partial,yes,yes
/usr/sbin/setsebool,yes,yes,yes,yes,yes
/usr/sbin/pdata_tools,no,yes,partial,yes,no
/usr/sbin/hardlink,no,yes,partial,yes,no
/usr/sbin/kpartx,yes,yes,partial,yes,yes
/usr/sbin/dmfilemapd,yes,yes,partial,yes,yes
/usr/sbin/dmsetup,yes,yes,partial,yes,yes
/usr/sbin/arping,yes,yes,partial,yes,yes
/usr/sbin/clockdiff,yes,yes,partial,yes,yes
/usr/sbin/ifenslave,no,yes,partial,yes,no
/usr/sbin/rdisc,yes,yes,partial,yes,yes
/usr/sbin/consoletype,yes,yes,unknown,yes,yes
/usr/sbin/genhostid,yes,yes,no,yes,yes
/usr/sbin/netreport,yes,yes,yes,yes,yes
/usr/sbin/ppp-watch,yes,yes,partial,yes,yes
/usr/sbin/usernetctl,yes,yes,partial,yes,yes
/usr/sbin/eapol_test,yes,yes,partial,yes,yes
/usr/sbin/wpa_cli,yes,yes,partial,yes,yes
/usr/sbin/wpa_passphrase,yes,yes,partial,yes,yes
/usr/sbin/wpa_supplicant,yes,yes,partial,yes,yes
/usr/sbin/NetworkManager,yes,yes,partial,yes,yes
/usr/sbin/anacron,yes,yes,partial,yes,yes
/usr/sbin/crond,yes,yes,partial,yes,yes
/usr/sbin/grub2-ofpathname,no,no,no,yes,no
/usr/sbin/grub2-sparc64-setup,no,no,no,yes,no
/usr/sbin/grub2-bios-setup,no,no,no,yes,no
/usr/sbin/grub2-install,no,no,no,yes,no
/usr/sbin/grub2-probe,no,no,no,yes,no
/usr/sbin/grub2-rpm-sort,no,no,no,yes,no
/usr/sbin/dmeventd,yes,yes,partial,yes,yes
/usr/sbin/dhclient,yes,yes,partial,yes,yes
/usr/sbin/ebtables,no,no,unknown,yes,yes
/usr/sbin/ebtables-restore,no,yes,partial,yes,yes
/usr/sbin/fxload,no,yes,partial,yes,no
/usr/sbin/plymouthd,yes,yes,partial,yes,yes
/usr/sbin/kdump,no,yes,partial,yes,no
/usr/sbin/kexec,no,yes,partial,yes,no
/usr/sbin/makedumpfile,no,no,no,yes,no
/usr/sbin/vmcore-dmesg,no,yes,partial,yes,no
/usr/sbin/lvmetad,yes,yes,partial,yes,yes
/usr/sbin/lvmpolld,yes,yes,partial,yes,yes
/usr/sbin/audispd,yes,yes,partial,yes,yes
/usr/sbin/auditctl,yes,yes,partial,yes,yes
/usr/sbin/auditd,yes,yes,partial,yes,yes
/usr/sbin/aureport,no,yes,partial,yes,no
/usr/sbin/ausearch,no,yes,partial,yes,no
/usr/sbin/postalias,yes,yes,partial,yes,yes
/usr/sbin/postcat,yes,yes,partial,yes,yes
/usr/sbin/postconf,yes,yes,partial,yes,yes
/usr/sbin/postdrop,yes,yes,partial,yes,yes
/usr/sbin/postfix,yes,yes,partial,yes,yes
/usr/sbin/postkick,yes,yes,partial,yes,yes
/usr/sbin/postlock,yes,yes,partial,yes,yes
/usr/sbin/postlog,yes,yes,partial,yes,yes
/usr/sbin/postmap,yes,yes,partial,yes,yes
/usr/sbin/postmulti,yes,yes,partial,yes,yes
/usr/sbin/postqueue,yes,yes,partial,yes,yes
/usr/sbin/postsuper,yes,yes,partial,yes,yes
/usr/sbin/sendmail.postfix,yes,yes,partial,yes,yes
/usr/sbin/smtp-sink,yes,yes,partial,yes,yes
/usr/sbin/smtp-source,yes,yes,partial,yes,yes
/usr/sbin/mklost+found,no,no,yes,yes,no
/usr/sbin/irqbalance,yes,yes,partial,yes,yes
/usr/sbin/fsck.ext3,no,yes,partial,yes,no
/usr/sbin/chronyd,yes,yes,partial,yes,yes
/usr/sbin/intel-microcode2ucode,no,yes,partial,yes,no
/usr/sbin/fsck.ext4,no,yes,partial,yes,no
/usr/sbin/mkfs.ext3,no,yes,partial,yes,no
/usr/sbin/rsyslogd,yes,yes,partial,yes,yes
/usr/sbin/e2fsck,no,yes,partial,yes,no
/usr/sbin/biosdevname,no,yes,partial,yes,no
/usr/sbin/fsck.ext2,no,yes,partial,yes,no
/usr/sbin/parted,no,yes,partial,yes,no
/usr/sbin/e2label,no,yes,partial,yes,no
/usr/sbin/partprobe,no,no,yes,yes,no
/usr/sbin/tune2fs,no,yes,partial,yes,no
/usr/sbin/iprconfig,yes,yes,partial,yes,yes
/usr/sbin/mkfs.ext4,no,yes,partial,yes,no
/usr/sbin/grub2-macbless,no,no,no,yes,no
/usr/sbin/iprdump,yes,yes,partial,yes,yes
/usr/sbin/mke2fs,no,yes,partial,yes,no
/usr/sbin/iprinit,yes,yes,partial,yes,yes
/usr/sbin/mkfs.ext2,no,yes,partial,yes,no
/usr/sbin/iprupdate,yes,yes,partial,yes,yes
/usr/sbin/accessdb,no,no,yes,yes,no
/usr/sbin/xfs_quota,no,yes,partial,yes,no
/usr/sbin/xfs_repair,no,yes,partial,yes,no
/usr/sbin/visudo,yes,yes,partial,yes,yes
/usr/sbin/btrfs,no,yes,partial,yes,no
/usr/sbin/xfs_rtcp,no,yes,partial,yes,no
/usr/sbin/btrfs-convert,no,yes,partial,yes,no
/usr/sbin/badblocks,no,yes,partial,yes,no
/usr/sbin/btrfs-debug-tree,no,yes,partial,yes,no
/usr/sbin/debugfs,no,yes,partial,yes,no
/usr/sbin/btrfs-find-root,no,yes,partial,yes,no
/usr/sbin/btrfs-image,no,yes,partial,yes,no
/usr/sbin/dumpe2fs,no,yes,partial,yes,no
/usr/sbin/btrfs-map-logical,no,yes,partial,yes,no
/usr/sbin/e2freefrag,no,yes,yes,yes,no
/usr/sbin/btrfs-select-super,no,yes,partial,yes,no
/usr/sbin/e2image,no,yes,partial,yes,no
/usr/sbin/btrfs-zero-log,no,yes,partial,yes,no
/usr/sbin/btrfstune,no,yes,partial,yes,no
/usr/sbin/mkfs.btrfs,no,yes,partial,yes,no
/usr/sbin/mkfs.xfs,no,yes,partial,yes,no
/usr/sbin/xfs_copy,no,yes,partial,yes,no
/usr/sbin/xfs_db,no,yes,partial,yes,no
/usr/sbin/e2undo,no,yes,yes,yes,no
/usr/sbin/xfs_estimate,no,yes,partial,yes,no
/usr/sbin/xfs_fsr,no,yes,partial,yes,no
/usr/sbin/xfs_growfs,no,yes,partial,yes,no
/usr/sbin/xfs_io,no,yes,partial,yes,no
/usr/sbin/e4defrag,no,yes,partial,yes,no
/usr/sbin/xfs_logprint,no,yes,partial,yes,no
/usr/sbin/filefrag,no,yes,yes,yes,no
/usr/sbin/xfs_mdrestore,no,yes,partial,yes,no
/usr/sbin/logsave,no,yes,partial,yes,no
/usr/sbin/resize2fs,no,yes,partial,yes,no
