/usr/bin/kbxutil,yes,yes,partial,yes,yes
/usr/bin/free,no,yes,yes,yes,no
/usr/bin/utmpdump,no,yes,partial,yes,no
/usr/bin/rename.ul,no,yes,partial,yes,no
/usr/bin/omshell,yes,yes,partial,yes,yes
/usr/bin/getent,no,no,no,yes,no
/usr/bin/loadunimap,no,yes,partial,yes,no
/usr/bin/arch,no,yes,partial,yes,no
/usr/bin/realpath,no,yes,partial,yes,no
/usr/bin/users,no,yes,partial,yes,no
/usr/bin/find,no,yes,partial,yes,no
/usr/bin/grub-mkfont,no,no,no,no,no
/usr/bin/gpasswd,yes,yes,partial,yes,yes
/usr/bin/expand,no,yes,partial,yes,no
/usr/bin/top,no,yes,partial,yes,no
/usr/bin/install-info,no,yes,partial,yes,no
/usr/bin/perl5.20.2,no,no,unknown,yes,no
/usr/bin/sha512sum,no,yes,partial,yes,no
/usr/bin/pwdx,no,yes,partial,yes,no
/usr/bin/systemd-analyze,yes,yes,partial,yes,yes
/usr/bin/preconv,yes,yes,partial,yes,yes
/usr/bin/look,no,yes,unknown,yes,no
/usr/bin/fc-query,no,yes,yes,yes,no
/usr/bin/fallocate,no,yes,partial,yes,no
/usr/bin/last,no,yes,partial,yes,no
/usr/bin/xargs,no,yes,partial,yes,no
/usr/bin/dwp,no,no,no,yes,no
/usr/bin/grub-menulst2cfg,no,no,no,no,no
/usr/bin/ssh-keygen,yes,yes,partial,yes,yes
/usr/bin/zdump,no,no,no,yes,no
/usr/bin/chsh,yes,yes,partial,yes,yes
/usr/bin/cksum,no,yes,partial,yes,no
/usr/bin/lzmainfo,no,yes,partial,yes,no
/usr/bin/updatedb.mlocate,no,no,no,no,no
/usr/bin/hexdump,no,yes,partial,yes,no
/usr/bin/hostnamectl,yes,yes,partial,yes,yes
/usr/bin/id,no,yes,partial,yes,no
/usr/bin/taskset,no,yes,partial,yes,no
/usr/bin/diff,no,yes,partial,yes,no
/usr/bin/clear,no,no,unknown,yes,no
/usr/bin/aptitude-curses,yes,yes,partial,yes,yes
/usr/bin/ar,no,no,no,yes,no
/usr/bin/tsort,no,yes,partial,yes,no
/usr/bin/nice,no,yes,partial,yes,no
/usr/bin/setmetamode,no,no,yes,yes,no
/usr/bin/cmp,no,yes,partial,yes,no
/usr/bin/tbl,yes,yes,partial,yes,yes
/usr/bin/deallocvt,no,yes,yes,yes,no
/usr/bin/pldd,no,no,no,yes,no
/usr/bin/patch,no,no,no,no,no
/usr/bin/dig,yes,yes,partial,yes,yes
/usr/bin/infokey,no,yes,partial,yes,no
/usr/bin/namei,no,yes,partial,yes,no
/usr/bin/watchgnupg,yes,yes,partial,yes,yes
/usr/bin/md5sum,no,yes,partial,yes,no
/usr/bin/sdiff,no,yes,partial,yes,no
/usr/bin/lsof,yes,yes,partial,yes,yes
/usr/bin/ssh-add,yes,yes,partial,yes,yes
/usr/bin/ul,no,yes,no,yes,no
/usr/bin/apt-sortpkgs,yes,yes,unknown,yes,yes
/usr/bin/x86_64-linux-gnu-readelf,no,no,no,yes,no
/usr/bin/troff,yes,yes,partial,yes,yes
/usr/bin/nproc,no,yes,partial,yes,no
/usr/bin/fc-match,no,yes,yes,yes,no
/usr/bin/calendar,no,yes,partial,yes,no
/usr/bin/partx,no,yes,partial,yes,no
/usr/bin/make,no,yes,partial,yes,no
/usr/bin/scp,yes,yes,partial,yes,yes
/usr/bin/grub-mkrelpath,no,no,no,no,no
/usr/bin/seq,no,yes,partial,yes,no
/usr/bin/acpi_listen,no,yes,partial,yes,no
/usr/bin/systemd-nspawn,yes,yes,partial,yes,yes
/usr/bin/mawk,no,yes,partial,no,no
/usr/bin/grub-file,no,no,no,no,no
/usr/bin/ischroot,no,yes,unknown,yes,no
/usr/bin/whois,no,yes,partial,yes,no
/usr/bin/setsid,no,yes,yes,yes,no
/usr/bin/stat,no,yes,partial,yes,no
/usr/bin/mkpasswd,no,no,partial,yes,no
/usr/bin/skill,no,yes,partial,yes,no
/usr/bin/vim.tiny,yes,yes,partial,yes,yes
/usr/bin/factor,no,yes,partial,yes,no
/usr/bin/formail,no,yes,no,yes,no
/usr/bin/lsattr,no,yes,yes,yes,no
/usr/bin/tty,no,yes,partial,yes,no
/usr/bin/grub-editenv,no,no,no,no,no
/usr/bin/ncal,no,yes,partial,yes,no
/usr/bin/ipcs,no,yes,partial,yes,no
/usr/bin/gpgsplit,no,yes,partial,yes,no
/usr/bin/apt-config,yes,yes,unknown,yes,yes
/usr/bin/usbhid-dump,no,yes,yes,yes,no
/usr/bin/ngettext,no,yes,partial,yes,no
/usr/bin/pr,no,yes,partial,yes,no
/usr/bin/nl,no,yes,partial,yes,no
/usr/bin/lexgrog,yes,yes,partial,yes,yes
/usr/bin/objcopy,no,no,no,yes,no
/usr/bin/chattr,no,yes,yes,yes,no
/usr/bin/grops,yes,yes,partial,yes,yes
/usr/bin/dircolors,no,yes,partial,yes,no
/usr/bin/procmail,no,yes,partial,yes,no
/usr/bin/dbus-daemon,no,yes,partial,yes,no
/usr/bin/chfn,yes,yes,partial,yes,yes
/usr/bin/printf,no,yes,partial,yes,no
/usr/bin/faillog,yes,yes,partial,yes,yes
/usr/bin/envsubst,no,yes,partial,yes,no
/usr/bin/setarch,no,yes,yes,yes,no
/usr/bin/grub-mkrescue,no,no,no,no,no
/usr/bin/logname,no,yes,partial,yes,no
/usr/bin/xauth,no,no,no,no,no
/usr/bin/basename,no,yes,partial,yes,no
/usr/bin/bsd-mailx,no,yes,partial,yes,no
/usr/bin/flock,no,yes,yes,yes,no
/usr/bin/sq,no,yes,no,yes,no
/usr/bin/fold,no,yes,partial,yes,no
/usr/bin/pinentry-gtk-2,no,yes,partial,yes,no
/usr/bin/grub-mount,no,no,no,no,no
/usr/bin/oldfind,no,yes,partial,yes,no
/usr/bin/m4,no,yes,partial,yes,no
/usr/bin/env,no,yes,partial,yes,no
/usr/bin/tic,no,yes,partial,yes,no
/usr/bin/newgrp,yes,yes,partial,yes,yes
/usr/bin/fc-cache,no,yes,yes,yes,no
/usr/bin/pcimodules,no,yes,partial,yes,no
/usr/bin/yes,no,yes,partial,yes,no
/usr/bin/gettext,no,yes,partial,yes,no
/usr/bin/apt-extracttemplates,yes,yes,partial,yes,yes
/usr/bin/link,no,yes,partial,yes,no
/usr/bin/unsq,no,yes,no,yes,no
/usr/bin/tac,no,yes,partial,yes,no
/usr/bin/wc,no,yes,partial,yes,no
/usr/bin/mapscrn,no,yes,partial,yes,no
/usr/bin/ijoin,no,no,no,yes,no
/usr/bin/man,yes,yes,partial,yes,yes
/usr/bin/timedatectl,yes,yes,partial,yes,yes
/usr/bin/showkey,no,yes,partial,yes,no
/usr/bin/lslocks,no,yes,partial,yes,no
/usr/bin/whereis,no,yes,partial,yes,no
/usr/bin/gpgkey2ssh,yes,yes,partial,yes,yes
/usr/bin/sftp,yes,yes,partial,yes,yes
/usr/bin/systemd-delta,yes,yes,partial,yes,yes
/usr/bin/vmstat,no,yes,yes,yes,no
/usr/bin/sort,no,yes,partial,yes,no
/usr/bin/dirname,no,yes,partial,yes,no
/usr/bin/nslookup,yes,yes,partial,yes,yes
/usr/bin/od,no,yes,partial,yes,no
/usr/bin/netkit-ftp,no,yes,partial,yes,no
/usr/bin/renice,no,yes,yes,yes,no
/usr/bin/crontab,no,yes,partial,yes,no
/usr/bin/x86_64-linux-gnu-elfedit,no,no,no,yes,no
/usr/bin/ipcmk,no,yes,partial,yes,no
/usr/bin/ranlib,no,no,no,yes,no
/usr/bin/addpart,no,yes,yes,yes,no
/usr/bin/systemd-cat,yes,yes,partial,yes,yes
/usr/bin/getopt,no,yes,partial,yes,no
/usr/bin/tset,no,yes,partial,yes,no
/usr/bin/timeout,no,yes,partial,yes,no
/usr/bin/script,no,yes,partial,yes,no
/usr/bin/numfmt,no,yes,partial,yes,no
/usr/bin/mesg,no,yes,yes,yes,no
/usr/bin/nm,no,no,no,yes,no
/usr/bin/uptime,no,yes,yes,yes,no
/usr/bin/splitfont,no,no,yes,yes,no
/usr/bin/grub-mknetdir,no,no,no,no,no
/usr/bin/lscpu,no,yes,partial,yes,no
/usr/bin/texindex,no,yes,partial,yes,no
/usr/bin/diff3,no,yes,partial,yes,no
/usr/bin/tabs,no,no,partial,yes,no
/usr/bin/bc,no,yes,partial,yes,no
/usr/bin/shred,no,yes,partial,yes,no
/usr/bin/ispell,no,yes,no,yes,no
/usr/bin/systemd-cgtop,yes,yes,partial,yes,yes
/usr/bin/killall,no,yes,partial,yes,no
/usr/bin/localedef,no,no,no,yes,no
/usr/bin/lockfile,no,yes,no,yes,no
/usr/bin/tload,no,yes,partial,yes,no
/usr/bin/scriptreplay,no,yes,yes,yes,no
/usr/bin/whiptail,no,yes,partial,yes,no
/usr/bin/du,no,yes,partial,yes,no
/usr/bin/traceroute.db,yes,yes,partial,yes,yes
/usr/bin/ssh,yes,yes,partial,yes,yes
/usr/bin/truncate,no,yes,partial,yes,no
/usr/bin/gpgparsemail,yes,yes,partial,yes,yes
/usr/bin/readelf,no,no,no,yes,no
/usr/bin/lsusb,no,yes,partial,yes,no
/usr/bin/dbus-monitor,no,yes,yes,yes,no
/usr/bin/fc-validate,no,yes,yes,yes,no
/usr/bin/openssl,no,yes,partial,yes,no
/usr/bin/groff,yes,yes,partial,yes,yes
/usr/bin/pathchk,no,yes,partial,yes,no
/usr/bin/test,no,yes,partial,yes,no
/usr/bin/gpg-agent,yes,yes,partial,yes,yes
/usr/bin/mandb,yes,yes,partial,yes,yes
/usr/bin/head,no,yes,partial,yes,no
/usr/bin/hostid,no,yes,partial,yes,no
/usr/bin/w3m,yes,yes,partial,yes,yes
/usr/bin/systemd-detect-virt,yes,yes,partial,yes,yes
/usr/bin/elfedit,no,no,no,yes,no
/usr/bin/peekfd,no,no,yes,yes,no
/usr/bin/gprof,no,no,no,yes,no
/usr/bin/apt-get,yes,yes,partial,yes,yes
/usr/bin/eqn,yes,yes,partial,yes,yes
/usr/bin/getconf,no,no,no,yes,no
/usr/bin/setvtrgb,no,yes,yes,yes,no
/usr/bin/setlogcons,no,yes,yes,yes,no
/usr/bin/paperconf,no,no,no,no,no
/usr/bin/toe,no,yes,partial,yes,no
/usr/bin/sum,no,yes,partial,yes,no
/usr/bin/apt-ftparchive,yes,yes,partial,yes,yes
/usr/bin/tee,no,yes,partial,yes,no
/usr/bin/grub-render-label,no,no,no,no,no
/usr/bin/column,no,yes,partial,yes,no
/usr/bin/dpkg-divert,no,yes,partial,yes,no
/usr/bin/paste,no,yes,partial,yes,no
/usr/bin/ipcrm,no,yes,yes,yes,no
/usr/bin/grub-mklayout,no,no,no,no,no
/usr/bin/pgrep,no,yes,partial,yes,no
/usr/bin/tail,no,yes,partial,yes,no
/usr/bin/dpkg-split,no,yes,partial,yes,no
/usr/bin/colrm,no,no,unknown,yes,no
/usr/bin/prtstat,no,yes,partial,yes,no
/usr/bin/whoami,no,yes,partial,yes,no
/usr/bin/printenv,no,yes,partial,yes,no
/usr/bin/grotty,yes,yes,partial,yes,yes
/usr/bin/pmap,no,yes,partial,yes,no
/usr/bin/csplit,no,yes,partial,yes,no
/usr/bin/soelim,yes,yes,partial,yes,yes
/usr/bin/locale,no,no,no,yes,no
/usr/bin/setterm,no,yes,partial,yes,no
/usr/bin/host,yes,yes,partial,yes,yes
/usr/bin/dpkg-deb,no,yes,partial,yes,no
/usr/bin/fmt,no,yes,partial,yes,no
/usr/bin/logger,no,yes,partial,yes,no
/usr/bin/a2p,no,yes,partial,yes,no
/usr/bin/ptx,no,yes,partial,yes,no
/usr/bin/showconsolefont,no,yes,partial,yes,no
/usr/bin/prlimit,no,yes,yes,yes,no
/usr/bin/lastlog,yes,yes,partial,yes,yes
/usr/bin/cut,no,yes,partial,yes,no
/usr/bin/mlocate,no,no,no,no,no
/usr/bin/delpart,no,yes,yes,yes,no
/usr/bin/size,no,no,no,yes,no
/usr/bin/install,no,yes,partial,yes,no
/usr/bin/manpath,yes,yes,no,yes,yes
/usr/bin/grub-mkimage,no,no,no,no,no
/usr/bin/acpi,no,yes,partial,yes,no
/usr/bin/perl,no,no,unknown,yes,no
/usr/bin/whatis,yes,yes,partial,yes,yes
/usr/bin/lnstat,no,no,no,no,no
/usr/bin/telnet.netkit,no,no,no,no,no
/usr/bin/c++filt,no,no,no,yes,no
/usr/bin/col,no,no,no,yes,no
/usr/bin/grub-syslinux2cfg,no,no,no,no,no
/usr/bin/pic,yes,yes,partial,yes,yes
/usr/bin/dbus-uuidgen,no,no,yes,yes,no
/usr/bin/expiry,yes,yes,partial,yes,yes
/usr/bin/update-alternatives,no,yes,partial,yes,no
/usr/bin/[,no,yes,partial,yes,no
/usr/bin/mkfifo,no,yes,partial,yes,no
/usr/bin/sha224sum,no,yes,partial,yes,no
/usr/bin/sha384sum,no,yes,partial,yes,no
/usr/bin/chrt,no,yes,partial,yes,no
/usr/bin/expr,no,yes,partial,yes,no
/usr/bin/resizepart,no,yes,partial,yes,no
/usr/bin/fc-pattern,no,no,yes,yes,no
/usr/bin/dbus-cleanup-sockets,no,yes,partial,yes,no
/usr/bin/bsd-from,no,yes,partial,yes,no
/usr/bin/info,no,yes,partial,yes,no
/usr/bin/defmt-sh,no,no,unknown,no,no
/usr/bin/gpgv,no,yes,partial,yes,no
/usr/bin/shuf,no,yes,partial,yes,no
/usr/bin/systemd-run,yes,yes,partial,yes,yes
/usr/bin/mutt-org,no,yes,partial,yes,no
/usr/bin/lspci,no,yes,partial,yes,no
/usr/bin/printerbanner,no,no,partial,yes,no
/usr/bin/pg,no,yes,partial,yes,no
/usr/bin/apt-cdrom,yes,yes,no,yes,yes
/usr/bin/groups,no,yes,partial,yes,no
/usr/bin/buildhash,no,yes,no,yes,no
/usr/bin/dpkg-query,no,yes,partial,yes,no
/usr/bin/psfxtable,no,yes,partial,yes,no
/usr/bin/colcrt,no,no,partial,yes,no
/usr/bin/grub-glue-efi,no,no,no,no,no
/usr/bin/apt,yes,yes,unknown,yes,yes
/usr/bin/unexpand,no,yes,partial,yes,no
/usr/bin/nstat,no,no,no,no,no
/usr/bin/runcon,no,yes,partial,yes,no
/usr/bin/ssh-agent,yes,yes,partial,yes,yes
/usr/bin/systemd-cgls,yes,yes,partial,yes,yes
/usr/bin/dpkg,no,yes,partial,yes,no
/usr/bin/apt-mark,yes,yes,partial,yes,yes
/usr/bin/dbus-run-session,no,yes,partial,yes,no
/usr/bin/fc-list,no,no,yes,yes,no
/usr/bin/addr2line,no,no,no,yes,no
/usr/bin/base64,no,yes,partial,yes,no
/usr/bin/grub-mkpasswd-pbkdf2,no,no,no,no,no
/usr/bin/dpkg-statoverride,no,yes,partial,yes,no
/usr/bin/who,no,yes,partial,yes,no
/usr/bin/systemd-path,yes,yes,partial,yes,yes
/usr/bin/codepage,no,no,partial,yes,no
/usr/bin/split,no,yes,partial,yes,no
/usr/bin/rev,no,no,partial,yes,no
/usr/bin/chcon,no,yes,partial,yes,no
/usr/bin/defmt-c,no,no,unknown,no,no
/usr/bin/file,no,yes,yes,yes,no
/usr/bin/gpg-connect-agent,yes,yes,partial,yes,yes
/usr/bin/xxd,yes,no,partial,yes,yes
/usr/bin/comm,no,yes,partial,yes,no
/usr/bin/ssh-keyscan,yes,yes,partial,yes,yes
/usr/bin/nsupdate,yes,yes,partial,yes,yes
/usr/bin/setleds,no,no,yes,yes,no
/usr/bin/strip,no,no,no,yes,no
/usr/bin/gpg,no,yes,partial,yes,no
/usr/bin/ld.bfd,no,no,no,yes,no
/usr/bin/as,no,no,no,yes,no
/usr/bin/mcookie,no,yes,partial,yes,no
/usr/bin/chage,yes,yes,partial,yes,yes
/usr/bin/unshare,no,yes,partial,yes,no
/usr/bin/infocmp,no,yes,partial,yes,no
/usr/bin/dc,no,yes,partial,yes,no
/usr/bin/grub-script-check,no,no,no,no,no
/usr/bin/setkeycodes,no,yes,yes,yes,no
/usr/bin/slabtop,no,yes,partial,yes,no
/usr/bin/watch,no,yes,partial,yes,no
/usr/bin/xz,no,yes,partial,yes,no
/usr/bin/busctl,yes,yes,partial,yes,yes
/usr/bin/iconv,no,no,no,yes,no
/usr/bin/localectl,yes,yes,partial,yes,yes
/usr/bin/pinky,no,yes,partial,yes,no
/usr/bin/objdump,no,no,no,yes,no
/usr/bin/gpgconf,yes,yes,partial,yes,yes
/usr/bin/update-mime-database.real,no,no,no,yes,no
/usr/bin/catman,yes,yes,partial,yes,yes
/usr/bin/at,yes,yes,no,yes,yes
/usr/bin/dotlockfile,no,yes,partial,yes,no
/usr/bin/sha256sum,no,yes,partial,yes,no
/usr/bin/fc-cat,no,yes,yes,yes,no
/usr/bin/ld.gold,no,no,no,yes,no
/usr/bin/dpkg-trigger,no,yes,partial,yes,no
/usr/bin/screendump,no,no,partial,yes,no
/usr/bin/tr,no,yes,partial,yes,no
/usr/bin/setpci,no,yes,partial,yes,no
/usr/bin/bsd-write,no,yes,partial,yes,no
/usr/bin/gpg2,yes,yes,partial,yes,yes
/usr/bin/wall,no,yes,partial,yes,no
/usr/bin/pstree,no,yes,partial,yes,no
/usr/bin/nohup,no,yes,partial,yes,no
/usr/bin/clear_console,no,yes,yes,yes,no
/usr/bin/python2.7,no,yes,partial,yes,no
/usr/bin/nsenter,no,yes,partial,yes,no
/usr/bin/grub-fstest,no,no,no,no,no
/usr/bin/kbdinfo,no,yes,yes,yes,no
/usr/bin/mutt_dotlock,no,yes,partial,yes,no
/usr/bin/line,no,yes,no,yes,no
/usr/bin/time,no,no,yes,yes,no
/usr/bin/symcryptrun,yes,yes,partial,yes,yes
/usr/bin/unlink,no,yes,partial,yes,no
/usr/bin/join,no,yes,partial,yes,no
/usr/bin/resizecons,no,yes,yes,yes,no
/usr/bin/uniq,no,yes,partial,yes,no
/usr/bin/strings,no,no,no,yes,no
/usr/bin/tput,no,yes,partial,yes,no
/usr/bin/wget,no,yes,partial,yes,no
/usr/bin/getkeycodes,no,yes,yes,yes,no
/usr/bin/xdg-user-dirs-update,no,yes,partial,yes,no
/usr/bin/apt-cache,yes,yes,partial,yes,yes
/usr/bin/stdbuf,no,yes,partial,yes,no
/usr/bin/grub-mkstandalone,no,no,no,no,no
/usr/bin/fc-scan,no,no,yes,yes,no
/usr/bin/passwd,yes,yes,partial,yes,yes
/usr/bin/sha1sum,no,yes,partial,yes,no
/usr/bin/ionice,no,yes,yes,yes,no
/usr/bin/w.procps,no,yes,partial,yes,no
/usr/bin/dbus-send,no,yes,yes,yes,no
/usr/bin/icombine,no,yes,no,yes,no
/bin/systemd-notify,yes,yes,partial,yes,yes
/bin/lessecho,yes,yes,yes,yes,yes
/bin/machinectl,yes,yes,partial,yes,yes
/bin/ln,no,yes,partial,yes,no
/bin/run-parts,no,yes,partial,yes,no
/bin/lesskey,yes,yes,partial,yes,yes
/bin/ping,no,yes,partial,yes,no
/bin/less,yes,yes,partial,yes,yes
/bin/true,no,yes,partial,yes,no
/bin/uname,no,yes,partial,yes,no
/bin/nc.traditional,no,yes,partial,yes,no
/bin/mknod,no,yes,partial,yes,no
/bin/mt-gnu,no,yes,partial,yes,no
/bin/bzip2recover,no,no,yes,yes,no
/bin/getfacl,no,yes,partial,yes,no
/bin/tar,no,yes,partial,yes,no
/bin/loadkeys,no,yes,partial,yes,no
/bin/rmdir,no,yes,partial,yes,no
/bin/ip,no,no,no,no,no
/bin/bunzip2,no,yes,partial,yes,no
/bin/kill,no,yes,partial,yes,no
/bin/bash,no,yes,partial,yes,no
/bin/chgrp,no,yes,partial,yes,no
/bin/setfacl,no,yes,partial,yes,no
/bin/busybox,no,yes,partial,yes,no
/bin/tempfile,no,yes,partial,yes,no
/bin/findmnt,no,yes,partial,yes,no
/bin/systemd-machine-id-setup,yes,yes,partial,yes,yes
/bin/false,no,yes,partial,yes,no
/bin/nano,no,yes,partial,yes,no
/bin/sync,no,yes,partial,yes,no
/bin/cpio,no,yes,partial,yes,no
/bin/mktemp,no,yes,partial,yes,no
/bin/fuser,no,yes,partial,yes,no
/bin/chmod,no,yes,partial,yes,no
/bin/chacl,no,yes,yes,yes,no
/bin/dumpkeys,no,yes,yes,yes,no
/bin/date,no,yes,partial,yes,no
/bin/cat,no,yes,partial,yes,no
/bin/grep,yes,yes,partial,yes,yes
/bin/su,yes,yes,partial,yes,yes
/bin/systemd-ask-password,yes,yes,partial,yes,yes
/bin/fgconsole,no,yes,yes,yes,no
/bin/umount,no,yes,partial,yes,no
/bin/more,no,yes,partial,yes,no
/bin/ls,no,yes,partial,yes,no
/bin/readlink,no,yes,partial,yes,no
/bin/lsblk,no,yes,partial,yes,no
/bin/login,yes,yes,partial,yes,yes
/bin/df,no,yes,partial,yes,no
/bin/udevadm,yes,yes,partial,yes,yes
/bin/systemd-tty-ask-password-agent,yes,yes,partial,yes,yes
/bin/pwd,no,yes,partial,yes,no
/bin/systemd-escape,yes,yes,partial,yes,yes
/bin/echo,no,yes,partial,yes,no
/bin/ps,no,yes,partial,yes,no
/bin/mv,no,yes,partial,yes,no
/bin/mountpoint,no,yes,partial,yes,no
/bin/rm,no,yes,partial,yes,no
/bin/kmod,yes,yes,partial,yes,no
/bin/dmesg,no,yes,partial,yes,no
/bin/wdctl,no,yes,yes,yes,no
/bin/mkdir,no,yes,partial,yes,no
/bin/journalctl,yes,yes,partial,yes,yes
/bin/systemd-tmpfiles,yes,yes,partial,yes,yes
/bin/dd,no,yes,partial,yes,no
/bin/gzip,no,yes,partial,yes,no
/bin/bzcat,no,yes,partial,yes,no
/bin/systemd-inhibit,yes,yes,partial,yes,yes
/bin/setfont,no,yes,partial,yes,no
/bin/openvt,no,yes,partial,yes,no
/bin/ping6,no,yes,partial,yes,no
/bin/netstat,no,yes,partial,yes,no
/bin/bzip2,no,yes,partial,yes,no
/bin/mount,no,yes,partial,yes,no
/bin/systemctl,yes,yes,partial,yes,yes
/bin/dash,yes,yes,partial,yes,yes
/bin/loginctl,yes,yes,partial,yes,yes
/bin/ss,no,no,no,no,no
/bin/chown,no,yes,partial,yes,no
/bin/tailf,no,yes,partial,yes,no
/bin/kbd_mode,no,yes,yes,yes,no
/bin/vdir,no,yes,partial,yes,no
/bin/stty,no,yes,partial,yes,no
/bin/cp,no,yes,partial,yes,no
/bin/touch,no,yes,partial,yes,no
/bin/dir,no,yes,partial,yes,no
/bin/chvt,no,yes,yes,yes,no
/bin/hostname,no,yes,partial,yes,no
/bin/sed,no,yes,partial,yes,no
/bin/sleep,no,yes,partial,yes,no
