/usr/bin/nl-class-list,yes,yes,unknown,yes,yes
/usr/bin/nl-classid-lookup,yes,yes,yes,yes,yes
/usr/bin/gencat,yes,yes,no,yes,no
/usr/bin/nl-cls-add,yes,yes,yes,yes,yes
/usr/bin/getconf,yes,no,no,yes,no
/usr/bin/nl-cls-delete,yes,yes,yes,yes,yes
/usr/bin/getent,yes,yes,no,yes,no
/usr/bin/nl-cls-list,yes,yes,unknown,yes,yes
/usr/bin/iconv,yes,yes,no,yes,no
/usr/bin/setfacl,yes,yes,partial,yes,yes
/usr/bin/nl-fib-lookup,yes,yes,unknown,yes,yes
/usr/bin/locale,yes,yes,no,yes,no
/usr/bin/nl-link-enslave,yes,no,yes,yes,yes
/usr/bin/localedef,yes,yes,no,yes,no
/usr/bin/nl-link-ifindex2name,yes,yes,unknown,yes,yes
/usr/bin/makedb,yes,yes,no,yes,no
/usr/bin/nl-link-list,yes,yes,unknown,yes,yes
/usr/bin/pldd,yes,yes,no,yes,no
/usr/bin/nl-link-name2ifindex,yes,no,yes,yes,yes
/usr/bin/nl-link-release,yes,no,yes,yes,yes
/usr/bin/sprof,yes,yes,no,yes,no
/usr/bin/nl-link-set,yes,yes,yes,yes,yes
/usr/bin/nl-link-stats,yes,yes,yes,yes,yes
/usr/bin/nl-list-caches,yes,yes,yes,yes,yes
/usr/bin/bash,yes,yes,partial,yes,yes
/usr/bin/nl-list-sockets,yes,yes,partial,yes,yes
/usr/bin/nl-monitor,yes,no,yes,yes,yes
/usr/bin/db_archive,yes,yes,partial,yes,yes
/usr/bin/db_deadlock,yes,yes,partial,yes,yes
/usr/bin/nl-neigh-add,yes,yes,yes,yes,yes
/usr/bin/db_dump,yes,yes,partial,yes,yes
/usr/bin/db_dump185,no,yes,partial,yes,no
/usr/bin/nl-neigh-delete,yes,yes,yes,yes,yes
/usr/bin/nl-neigh-list,yes,yes,unknown,yes,yes
/usr/bin/nl-neightbl-list,yes,yes,unknown,yes,yes
/usr/bin/nl-pktloc-lookup,yes,yes,yes,yes,yes
/usr/bin/db_hotbackup,yes,yes,partial,yes,yes
/usr/bin/nl-qdisc-add,yes,yes,yes,yes,yes
/usr/bin/nl-qdisc-delete,yes,yes,yes,yes,yes
/usr/bin/nl-qdisc-list,yes,yes,unknown,yes,yes
/usr/bin/nl-route-add,yes,yes,yes,yes,yes
/usr/bin/nl-route-delete,yes,yes,yes,yes,yes
/usr/bin/nl-route-get,yes,yes,unknown,yes,yes
/usr/bin/info,yes,yes,partial,yes,yes
/usr/bin/nl-route-list,yes,yes,unknown,yes,yes
/usr/bin/xmlcatalog,yes,yes,partial,yes,yes
/usr/bin/nl-rule-list,yes,yes,unknown,yes,yes
/usr/bin/xmllint,yes,yes,partial,yes,yes
/usr/bin/nl-tctree-list,yes,yes,unknown,yes,yes
/usr/bin/xmlwf,yes,yes,partial,yes,yes
/usr/bin/nl-util-addr,yes,yes,unknown,yes,yes
/usr/bin/gpg-error,yes,yes,partial,yes,yes
/usr/bin/keyctl,yes,yes,partial,yes,yes
/usr/bin/ipcalc,yes,yes,partial,yes,yes
/usr/bin/grep,yes,yes,partial,yes,yes
/usr/bin/trust,yes,yes,partial,yes,yes
/usr/bin/libtar,yes,yes,yes,yes,yes
/usr/bin/teamnl,yes,yes,partial,yes,yes
/usr/bin/kmod,yes,yes,partial,yes,yes
/usr/bin/db_load,yes,yes,partial,yes,yes
/usr/bin/sed,yes,yes,partial,yes,yes
/usr/bin/eqn,yes,yes,partial,yes,yes
/usr/bin/cmp,yes,yes,partial,yes,yes
/usr/bin/p11-kit,yes,yes,partial,yes,yes
/usr/bin/diff,yes,yes,partial,yes,yes
/usr/bin/db_printlog,yes,yes,partial,yes,yes
/usr/bin/xz,yes,yes,partial,yes,yes
/usr/bin/less,yes,yes,partial,yes,yes
/usr/bin/xzdec,yes,yes,partial,yes,yes
/usr/bin/groff,yes,yes,partial,yes,yes
/usr/bin/grops,yes,yes,partial,yes,yes
/usr/bin/grotty,yes,yes,partial,yes,yes
/usr/bin/tabs,yes,no,partial,yes,yes
/usr/bin/tic,yes,yes,partial,yes,yes
/usr/bin/which,yes,yes,partial,yes,yes
/usr/bin/cpio,yes,yes,partial,yes,yes
/usr/bin/pic,yes,yes,partial,yes,yes
/usr/bin/toe,yes,yes,partial,yes,yes
/usr/bin/find,yes,yes,partial,yes,yes
/usr/bin/post-grohtml,yes,yes,partial,yes,yes
/usr/bin/xargs,yes,yes,partial,yes,yes
/usr/bin/pre-grohtml,yes,yes,partial,yes,yes
/usr/bin/file,yes,yes,yes,yes,yes
/usr/bin/preconv,yes,yes,partial,yes,yes
/usr/bin/gdbm_dump,yes,yes,partial,yes,yes
/usr/bin/soelim,yes,yes,partial,yes,yes
/usr/bin/gdbm_load,yes,yes,partial,yes,yes
/usr/bin/tbl,yes,yes,partial,yes,yes
/usr/bin/tput,yes,yes,partial,yes,yes
/usr/bin/gdbmtool,yes,yes,partial,yes,yes
/usr/bin/nf-ct-add,yes,yes,yes,yes,yes
/usr/bin/tset,yes,yes,partial,yes,yes
/usr/bin/genl-ctrl-list,yes,yes,unknown,yes,yes
/usr/bin/nl-addr-list,yes,yes,yes,yes,yes
/usr/bin/db_recover,yes,yes,partial,yes,yes
/usr/bin/idiag-socket-details,yes,yes,unknown,yes,yes
/usr/bin/nf-ct-list,yes,yes,unknown,yes,yes
/usr/bin/troff,yes,yes,partial,yes,yes
/usr/bin/nf-exp-add,yes,yes,yes,yes,yes
/usr/bin/nl-class-add,yes,yes,yes,yes,yes
/usr/bin/[,yes,yes,partial,yes,yes
/usr/bin/nf-exp-delete,yes,yes,yes,yes,yes
/usr/bin/nf-exp-list,yes,yes,unknown,yes,yes
/usr/bin/arch,yes,yes,partial,yes,yes
/usr/bin/nf-log,yes,yes,yes,yes,yes
/usr/bin/tar,yes,yes,partial,yes,yes
/usr/bin/cat,yes,yes,partial,yes,yes
/usr/bin/nf-monitor,yes,yes,yes,yes,yes
/usr/bin/chacl,yes,yes,yes,yes,yes
/usr/bin/nf-queue,yes,yes,yes,yes,yes
/usr/bin/getfacl,yes,yes,partial,yes,yes
/usr/bin/nl-addr-add,yes,yes,yes,yes,yes
/usr/bin/nl-class-delete,yes,yes,yes,yes,yes
/usr/bin/nl-addr-delete,yes,yes,yes,yes,yes
/usr/bin/bzip2recover,yes,no,partial,yes,yes
/usr/bin/db_stat,yes,yes,partial,yes,yes
/usr/bin/db_checkpoint,yes,yes,partial,yes,yes
/usr/bin/db_log_verify,yes,yes,partial,yes,yes
/usr/bin/db_replicate,yes,yes,partial,yes,yes
/usr/bin/db_tuner,yes,yes,yes,yes,yes
/usr/bin/db_upgrade,yes,yes,partial,yes,yes
/usr/bin/db_verify,yes,yes,partial,yes,yes
/usr/bin/bzip2,yes,yes,partial,yes,yes
/usr/bin/numfmt,yes,yes,partial,yes,yes
/usr/bin/od,yes,yes,partial,yes,yes
/usr/bin/paste,yes,yes,partial,yes,yes
/usr/bin/funzip,yes,yes,partial,yes,yes
/usr/bin/pathchk,yes,yes,partial,yes,yes
/usr/bin/unzipsfx,yes,yes,partial,yes,yes
/usr/bin/pinky,yes,yes,partial,yes,yes
/usr/bin/pr,yes,yes,partial,yes,yes
/usr/bin/free,yes,yes,yes,yes,yes
/usr/bin/unzip,yes,yes,partial,yes,yes
/usr/bin/printenv,yes,yes,partial,yes,yes
/usr/bin/zipinfo,yes,yes,partial,yes,yes
/usr/bin/printf,yes,yes,partial,yes,yes
/usr/bin/hunspell,yes,yes,partial,yes,yes
/usr/bin/ptx,yes,yes,partial,yes,yes
/usr/bin/pmap,yes,yes,partial,yes,yes
/usr/bin/diff3,yes,yes,partial,yes,yes
/usr/bin/pwd,yes,yes,partial,yes,yes
/usr/bin/ps,yes,yes,partial,yes,yes
/usr/bin/sdiff,yes,yes,partial,yes,yes
/usr/bin/readlink,yes,yes,partial,yes,yes
/usr/bin/lessecho,yes,yes,yes,yes,yes
/usr/bin/realpath,yes,yes,partial,yes,yes
/usr/bin/lesskey,yes,yes,partial,yes,yes
/usr/bin/rm,yes,yes,partial,yes,yes
/usr/bin/pwdx,yes,yes,partial,yes,yes
/usr/bin/rmdir,yes,yes,partial,yes,yes
/usr/bin/runcon,yes,yes,partial,yes,yes
/usr/bin/authselect,yes,yes,yes,yes,yes
/usr/bin/seq,yes,yes,partial,yes,yes
/usr/bin/top,yes,yes,partial,yes,yes
/usr/bin/geoiplookup,yes,yes,yes,yes,yes
/usr/bin/geoiplookup6,yes,yes,yes,yes,yes
/usr/bin/sha1sum,yes,yes,partial,yes,yes
/usr/bin/sha224sum,yes,yes,partial,yes,yes
/usr/bin/clear,yes,no,yes,yes,yes
/usr/bin/sha256sum,yes,yes,partial,yes,yes
/usr/bin/infocmp,yes,yes,partial,yes,yes
/usr/bin/sha384sum,yes,yes,partial,yes,yes
/usr/bin/sha512sum,yes,yes,partial,yes,yes
/usr/bin/shred,yes,yes,partial,yes,yes
/usr/bin/b2sum,yes,yes,partial,yes,yes
/usr/bin/shuf,yes,yes,partial,yes,yes
/usr/bin/w,yes,yes,partial,yes,yes
/usr/bin/base32,yes,yes,partial,yes,yes
/usr/bin/sleep,yes,yes,partial,yes,yes
/usr/bin/base64,yes,yes,partial,yes,yes
/usr/bin/sort,yes,yes,partial,yes,yes
/usr/bin/basename,yes,yes,partial,yes,yes
/usr/bin/split,yes,yes,partial,yes,yes
/usr/bin/chcon,yes,yes,partial,yes,yes
/usr/bin/stat,yes,yes,partial,yes,yes
/usr/bin/gawk,yes,yes,partial,yes,yes
/usr/bin/chgrp,yes,yes,partial,yes,yes
/usr/bin/stdbuf,yes,yes,partial,yes,yes
/usr/bin/chmod,yes,yes,partial,yes,yes
/usr/bin/stty,yes,yes,partial,yes,yes
/usr/bin/cal,yes,yes,partial,yes,yes
/usr/bin/chown,yes,yes,partial,yes,yes
/usr/bin/sum,yes,yes,partial,yes,yes
/usr/bin/chrt,yes,yes,partial,yes,yes
/usr/bin/cksum,yes,yes,partial,yes,yes
/usr/bin/sync,yes,yes,partial,yes,yes
/usr/bin/col,yes,yes,partial,yes,yes
/usr/bin/comm,yes,yes,partial,yes,yes
/usr/bin/lastlog,yes,yes,partial,yes,yes
/usr/bin/cp,yes,yes,partial,yes,yes
/usr/bin/tac,yes,yes,partial,yes,yes
/usr/bin/csplit,yes,yes,partial,yes,yes
/usr/bin/newgidmap,yes,yes,partial,yes,yes
/usr/bin/cut,yes,yes,partial,yes,yes
/usr/bin/tail,yes,yes,partial,yes,yes
/usr/bin/ipcs,yes,yes,partial,yes,yes
/usr/bin/date,yes,yes,partial,yes,yes
/usr/bin/newgrp,yes,yes,partial,yes,yes
/usr/bin/dd,yes,yes,partial,yes,yes
/usr/bin/newuidmap,yes,yes,partial,yes,yes
/usr/bin/df,yes,yes,partial,yes,yes
/usr/bin/dir,yes,yes,partial,yes,yes
/usr/bin/tee,yes,yes,partial,yes,yes
/usr/bin/kill,yes,yes,partial,yes,yes
/usr/bin/dircolors,yes,yes,partial,yes,yes
/usr/bin/test,yes,yes,partial,yes,yes
/usr/bin/last,yes,yes,partial,yes,yes
/usr/bin/dirname,yes,yes,partial,yes,yes
/usr/bin/gdbus,yes,yes,unknown,yes,yes
/usr/bin/du,yes,yes,partial,yes,yes
/usr/bin/timeout,yes,yes,partial,yes,yes
/usr/bin/echo,yes,yes,partial,yes,yes
/usr/bin/env,yes,yes,partial,yes,yes
/usr/bin/touch,yes,yes,partial,yes,yes
/usr/bin/expand,yes,yes,partial,yes,yes
/usr/bin/tr,yes,yes,partial,yes,yes
/usr/bin/look,yes,yes,yes,yes,yes
/usr/bin/expr,yes,yes,partial,yes,yes
/usr/bin/true,yes,yes,partial,yes,yes
/usr/bin/lsns,yes,yes,partial,yes,yes
/usr/bin/factor,yes,yes,partial,yes,yes
/usr/bin/truncate,yes,yes,partial,yes,yes
/usr/bin/false,yes,yes,partial,yes,yes
/usr/bin/gio,yes,yes,no,yes,yes
/usr/bin/fmt,yes,yes,partial,yes,yes
/usr/bin/tsort,yes,yes,partial,yes,yes
/usr/bin/fold,yes,yes,partial,yes,yes
/usr/bin/tty,yes,yes,partial,yes,yes
/usr/bin/mesg,yes,yes,yes,yes,yes
/usr/bin/groups,yes,yes,partial,yes,yes
/usr/bin/uname,yes,yes,partial,yes,yes
/usr/bin/head,yes,yes,partial,yes,yes
/usr/bin/unexpand,yes,yes,partial,yes,yes
/usr/bin/hostid,yes,yes,partial,yes,yes
/usr/bin/gsettings,yes,yes,unknown,yes,yes
/usr/bin/id,yes,yes,partial,yes,yes
/usr/bin/uniq,yes,yes,partial,yes,yes
/usr/bin/more,yes,yes,partial,yes,yes
/usr/bin/install,yes,yes,partial,yes,yes
/usr/bin/unlink,yes,yes,partial,yes,yes
/usr/bin/join,yes,yes,partial,yes,yes
/usr/bin/users,yes,yes,partial,yes,yes
/usr/bin/link,yes,yes,partial,yes,yes
/usr/bin/ln,yes,yes,partial,yes,yes
/usr/bin/vdir,yes,yes,partial,yes,yes
/usr/bin/raw,yes,yes,yes,yes,yes
/usr/bin/logname,yes,yes,partial,yes,yes
/usr/bin/gzip,yes,yes,partial,yes,yes
/usr/bin/ls,yes,yes,partial,yes,yes
/usr/bin/wc,yes,yes,partial,yes,yes
/usr/bin/rev,yes,no,partial,yes,yes
/usr/bin/md5sum,yes,yes,partial,yes,yes
/usr/bin/who,yes,yes,partial,yes,yes
/usr/bin/su,yes,yes,partial,yes,yes
/usr/bin/mkdir,yes,yes,partial,yes,yes
/usr/bin/whoami,yes,yes,partial,yes,yes
/usr/bin/mkfifo,yes,yes,partial,yes,yes
/usr/bin/yes,yes,yes,partial,yes,yes
/usr/bin/ul,yes,yes,partial,yes,yes
/usr/bin/mknod,yes,yes,partial,yes,yes
/usr/bin/gpasswd,yes,yes,partial,yes,yes
/usr/bin/mktemp,yes,yes,partial,yes,yes
/usr/bin/mv,yes,yes,partial,yes,yes
/usr/bin/nice,yes,yes,partial,yes,yes
/usr/bin/nl,yes,yes,partial,yes,yes
/usr/bin/nohup,yes,yes,partial,yes,yes
/usr/bin/chage,yes,yes,partial,yes,yes
/usr/bin/nproc,yes,yes,partial,yes,yes
/usr/bin/gapplication,yes,yes,unknown,yes,yes
/usr/bin/pk12util,yes,yes,partial,yes,yes
/usr/bin/wall,yes,yes,partial,yes,yes
/usr/bin/gio-querymodules-64,yes,yes,unknown,yes,yes
/usr/bin/glib-compile-schemas,yes,yes,partial,yes,yes
/usr/bin/ntfscmp,yes,yes,partial,yes,yes
/usr/bin/ntfsdecrypt,yes,yes,partial,yes,yes
/usr/bin/ntfsdump_logfile,yes,yes,partial,yes,yes
/usr/bin/ntfsfallocate,yes,yes,partial,yes,yes
/usr/bin/ntfsfix,yes,yes,partial,yes,yes
/usr/bin/ntfsinfo,yes,yes,partial,yes,yes
/usr/bin/ntfsls,yes,yes,partial,yes,yes
/usr/bin/signver,yes,yes,partial,yes,yes
/usr/bin/gpg2,yes,yes,partial,yes,yes
/usr/bin/dbus-binding-tool,yes,yes,yes,yes,yes
/usr/bin/ntfsmftalloc,yes,yes,partial,yes,yes
/usr/bin/pgrep,yes,yes,partial,yes,yes
/usr/bin/ntfsmove,yes,yes,partial,yes,yes
/usr/bin/pidof,yes,yes,partial,yes,yes
/usr/bin/ntfsrecover,yes,yes,partial,yes,yes
/usr/bin/pkill,yes,yes,partial,yes,yes
/usr/bin/ntfssecaudit,yes,yes,partial,yes,yes
/usr/bin/skill,yes,yes,partial,yes,yes
/usr/bin/ntfstruncate,yes,yes,partial,yes,yes
/usr/bin/slabtop,yes,yes,partial,yes,yes
/usr/bin/ntfsusermap,yes,yes,partial,yes,yes
/usr/bin/snice,yes,yes,partial,yes,yes
/usr/bin/ntfswipe,yes,yes,partial,yes,yes
/usr/bin/tload,yes,yes,partial,yes,yes
/usr/bin/uptime,yes,yes,yes,yes,yes
/usr/bin/vmstat,yes,yes,yes,yes,yes
/usr/bin/hostname,yes,yes,partial,yes,yes
/usr/bin/watch,yes,yes,partial,yes,yes
/usr/bin/logger,yes,yes,partial,yes,yes
/usr/bin/update-mime-database,yes,yes,no,yes,yes
/usr/bin/gdk-pixbuf-query-loaders-64,yes,yes,unknown,yes,yes
/usr/bin/certutil,yes,yes,partial,yes,yes
/usr/bin/login,yes,yes,partial,yes,yes
/usr/bin/gdk-pixbuf-thumbnailer,yes,yes,unknown,yes,yes
/usr/bin/csslint-0.6,yes,yes,unknown,yes,yes
/usr/bin/ssltap,yes,yes,partial,yes,yes
/usr/bin/openssl,yes,yes,partial,yes,yes
/usr/bin/fipscheck,yes,yes,partial,yes,yes
/usr/bin/ping,yes,yes,partial,yes,yes
/usr/bin/chattr,yes,yes,yes,yes,yes
/usr/bin/envsubst,yes,yes,partial,yes,yes
/usr/bin/lsattr,yes,yes,yes,yes,yes
/usr/bin/gettext,yes,yes,partial,yes,yes
/usr/bin/jimsh,yes,no,yes,yes,yes
/usr/bin/ndptool,yes,yes,yes,yes,yes
/usr/bin/msgattrib,yes,no,partial,yes,yes
/usr/bin/pwmake,yes,yes,yes,yes,yes
/usr/bin/msgcat,yes,no,yes,yes,yes
/usr/bin/pwscore,yes,yes,partial,yes,yes
/usr/bin/msgcmp,yes,yes,partial,yes,yes
/usr/bin/chmem,yes,yes,partial,yes,yes
/usr/bin/msgcomm,yes,no,yes,yes,yes
/usr/bin/colcrt,yes,yes,partial,yes,yes
/usr/bin/msgconv,yes,no,yes,yes,yes
/usr/bin/colrm,yes,yes,partial,yes,yes
/usr/bin/msgen,yes,no,yes,yes,yes
/usr/bin/column,yes,yes,partial,yes,yes
/usr/bin/msgexec,yes,no,partial,yes,yes
/usr/bin/dmesg,yes,yes,partial,yes,yes
/usr/bin/msgfilter,yes,yes,partial,yes,yes
/usr/bin/eject,yes,yes,partial,yes,yes
/usr/bin/msgfmt,yes,yes,partial,yes,yes
/usr/bin/fallocate,yes,yes,partial,yes,yes
/usr/bin/msggrep,yes,yes,partial,yes,yes
/usr/bin/fincore,yes,yes,partial,yes,yes
/usr/bin/msginit,yes,yes,partial,yes,yes
/usr/bin/findmnt,yes,yes,partial,yes,yes
/usr/bin/msgmerge,yes,yes,partial,yes,yes
/usr/bin/flock,yes,yes,partial,yes,yes
/usr/bin/msgunfmt,yes,yes,partial,yes,yes
/usr/bin/getopt,yes,yes,partial,yes,yes
/usr/bin/msguniq,yes,no,yes,yes,yes
/usr/bin/hexdump,yes,yes,partial,yes,yes
/usr/bin/ngettext,yes,yes,partial,yes,yes
/usr/bin/fipshmac,yes,yes,partial,yes,yes
/usr/bin/lz4,yes,yes,partial,yes,yes
/usr/bin/recode-sr-latin,yes,no,yes,yes,yes
/usr/bin/ionice,yes,yes,partial,yes,yes
/usr/bin/xgettext,yes,yes,partial,yes,yes
/usr/bin/evmctl,yes,yes,partial,yes,yes
/usr/bin/qmi-firmware-update,yes,yes,partial,yes,yes
/usr/bin/ipcmk,yes,yes,partial,yes,yes
/usr/bin/ipcrm,yes,yes,partial,yes,yes
/usr/bin/qmicli,yes,yes,partial,yes,yes
/usr/bin/lowntfs-3g,yes,yes,partial,yes,yes
/usr/bin/curl,yes,yes,partial,yes,yes
/usr/bin/isosize,yes,yes,partial,yes,yes
/usr/bin/mbimcli,yes,yes,yes,yes,yes
/usr/bin/ntfs-3g,yes,yes,partial,yes,yes
/usr/bin/rpm,yes,yes,yes,yes,yes
/usr/bin/cockpit-bridge,yes,yes,partial,yes,yes
/usr/bin/ntfs-3g.probe,yes,no,no,yes,yes
/usr/bin/cmsutil,yes,yes,partial,yes,yes
/usr/bin/lsblk,yes,yes,partial,yes,yes
/usr/bin/desktop-file-install,yes,yes,no,yes,yes
/usr/bin/gpg-agent,yes,yes,partial,yes,yes
/usr/bin/g13,yes,yes,partial,yes,yes
/usr/bin/desktop-file-validate,yes,yes,no,yes,yes
/usr/bin/crlutil,yes,yes,partial,yes,yes
/usr/bin/lscpu,yes,yes,partial,yes,yes
/usr/bin/update-desktop-database,yes,yes,unknown,yes,yes
/usr/bin/ntfscat,yes,yes,partial,yes,yes
/usr/bin/gpg,yes,yes,partial,yes,yes
/usr/bin/ntfsck,yes,yes,partial,yes,yes
/usr/bin/gpgv,yes,yes,partial,yes,yes
/usr/bin/ntfscluster,yes,yes,partial,yes,yes
/usr/bin/chvt,yes,yes,yes,yes,yes
/usr/bin/modutil,yes,yes,partial,yes,yes
/usr/bin/lsipc,yes,yes,partial,yes,yes
/usr/bin/lslocks,yes,yes,partial,yes,yes
/usr/bin/lslogins,yes,yes,partial,yes,yes
/usr/bin/lsmem,yes,yes,partial,yes,yes
/usr/bin/mcookie,yes,yes,partial,yes,yes
/usr/bin/mount,yes,yes,partial,yes,yes
/usr/bin/mountpoint,yes,yes,yes,yes,yes
/usr/bin/namei,yes,yes,partial,yes,yes
/usr/bin/nsenter,yes,yes,partial,yes,yes
/usr/bin/prlimit,yes,yes,partial,yes,yes
/usr/bin/rename,yes,yes,partial,yes,yes
/usr/bin/renice,yes,yes,yes,yes,yes
/usr/bin/script,yes,yes,partial,yes,yes
/usr/bin/scriptreplay,yes,yes,partial,yes,yes
/usr/bin/setarch,yes,yes,yes,yes,yes
/usr/bin/setpriv,yes,yes,partial,yes,yes
/usr/bin/setsid,yes,yes,yes,yes,yes
/usr/bin/setterm,yes,yes,partial,yes,yes
/usr/bin/taskset,yes,yes,partial,yes,yes
/usr/bin/umount,yes,yes,partial,yes,yes
/usr/bin/unshare,yes,yes,partial,yes,yes
/usr/bin/utmpdump,yes,yes,partial,yes,yes
/usr/bin/uuidgen,yes,yes,yes,yes,yes
/usr/bin/uuidparse,yes,yes,partial,yes,yes
/usr/bin/wdctl,yes,yes,partial,yes,yes
/usr/bin/whereis,yes,yes,partial,yes,yes
/usr/bin/write,yes,yes,partial,yes,yes
/usr/bin/python3.6,yes,no,yes,yes,yes
/usr/bin/python3.6m,yes,no,yes,yes,yes
/usr/bin/lchfn,yes,yes,yes,yes,yes
/usr/bin/lchsh,yes,yes,yes,yes,yes
/usr/bin/dirmngr,yes,yes,partial,yes,yes
/usr/bin/dirmngr-client,yes,yes,partial,yes,yes
/usr/bin/systemd-sysusers,yes,yes,partial,yes,yes
/usr/bin/gpg-connect-agent,yes,yes,partial,yes,yes
/usr/bin/pkcheck,yes,yes,unknown,yes,yes
/usr/bin/gpgconf,yes,yes,partial,yes,yes
/usr/bin/systemd-tmpfiles,yes,yes,partial,yes,yes
/usr/bin/gpgparsemail,yes,yes,partial,yes,yes
/usr/bin/pkexec,yes,yes,yes,yes,yes
/usr/bin/gpgv2,yes,yes,partial,yes,yes
/usr/bin/pkttyagent,yes,yes,unknown,yes,yes
/usr/bin/watchgnupg,yes,yes,partial,yes,yes
/usr/bin/tracepath,yes,yes,partial,yes,yes
/usr/bin/ssh-keygen,yes,yes,partial,yes,yes
/usr/bin/usleep,yes,yes,yes,yes,yes
/usr/bin/passwd,yes,yes,partial,yes,yes
/usr/bin/consolehelper,yes,no,unknown,yes,yes
/usr/bin/grub2-editenv,no,no,no,yes,no
/usr/bin/grub2-glue-efi,no,no,no,yes,no
/usr/bin/dbus-cleanup-sockets,yes,yes,partial,yes,yes
/usr/bin/dbus-monitor,yes,yes,partial,yes,yes
/usr/bin/grub2-fstest,no,no,no,yes,no
/usr/bin/grub2-mkfont,no,no,no,yes,no
/usr/bin/grub2-mklayout,no,no,no,yes,no
/usr/bin/grub2-mknetdir,no,no,no,yes,no
/usr/bin/python2.7,yes,no,unknown,yes,yes
/usr/bin/dbus-daemon,yes,yes,partial,yes,yes
/usr/bin/appstream-compose,yes,yes,unknown,yes,yes
/usr/bin/dbus-run-session,yes,yes,partial,yes,yes
/usr/bin/appstream-util,yes,yes,unknown,yes,yes
/usr/bin/grub2-mkrescue,no,no,no,yes,no
/usr/bin/whiptail,yes,yes,partial,yes,yes
/usr/bin/grub2-mkstandalone,no,no,no,yes,no
/usr/bin/busctl,yes,yes,partial,yes,yes
/usr/bin/grub2-syslinux2cfg,no,no,no,yes,no
/usr/bin/coredumpctl,yes,yes,partial,yes,yes
/usr/bin/bccmd,yes,yes,partial,yes,yes
/usr/bin/hostnamectl,yes,yes,yes,yes,yes
/usr/bin/plymouth,yes,yes,partial,yes,yes
/usr/bin/journalctl,yes,yes,partial,yes,yes
/usr/bin/bluemoon,yes,yes,partial,yes,yes
/usr/bin/localectl,yes,yes,partial,yes,yes
/usr/bin/btmon,yes,yes,partial,yes,yes
/usr/bin/loginctl,yes,yes,yes,yes,yes
/usr/bin/bluetoothctl,yes,yes,partial,yes,yes
/usr/bin/networkctl,yes,yes,partial,yes,yes
/usr/bin/btattach,yes,yes,partial,yes,yes
/usr/bin/systemctl,yes,yes,partial,yes,yes
/usr/bin/dbus-send,yes,yes,partial,yes,yes
/usr/bin/at,yes,yes,partial,yes,yes
/usr/bin/systemd-analyze,yes,yes,partial,yes,yes
/usr/bin/systemd-socket-activate,yes,yes,yes,yes,yes
/usr/bin/systemd-ask-password,yes,yes,yes,yes,yes
/usr/bin/ciptool,yes,yes,partial,yes,yes
/usr/bin/systemd-cat,yes,no,yes,yes,yes
/usr/bin/dbus-test-tool,yes,yes,partial,yes,yes
/usr/bin/systemd-cgls,yes,yes,yes,yes,yes
/usr/bin/dbus-uuidgen,yes,no,yes,yes,yes
/usr/bin/systemd-cgtop,yes,yes,partial,yes,yes
/usr/bin/bootctl,yes,yes,partial,yes,yes
/usr/bin/systemd-delta,yes,yes,yes,yes,yes
/usr/bin/systemd-detect-virt,yes,no,yes,yes,yes
/usr/bin/systemd-hwdb,yes,yes,partial,yes,yes
/usr/bin/ac,yes,yes,partial,yes,yes
/usr/bin/systemd-escape,yes,yes,yes,yes,yes
/usr/bin/udevadm,yes,yes,partial,yes,yes
/usr/bin/delv,yes,yes,partial,yes,yes
/usr/bin/systemd-firstboot,yes,yes,partial,yes,yes
/usr/bin/dig,yes,yes,partial,yes,yes
/usr/bin/systemd-inhibit,yes,yes,yes,yes,yes
/usr/bin/systemd-stdio-bridge,yes,yes,partial,yes,yes
/usr/bin/host,yes,yes,partial,yes,yes
/usr/bin/systemd-machine-id-setup,yes,yes,partial,yes,yes
/usr/bin/scp,yes,yes,partial,yes,yes
/usr/bin/systemd-mount,yes,yes,yes,yes,yes
/usr/bin/pkla-admin-identities,yes,yes,yes,yes,yes
/usr/bin/systemd-notify,yes,yes,yes,yes,yes
/usr/bin/sftp,yes,yes,partial,yes,yes
/usr/bin/systemd-path,yes,yes,yes,yes,yes
/usr/bin/pkaction,yes,yes,unknown,yes,yes
/usr/bin/ssh,yes,yes,partial,yes,yes
/usr/bin/systemd-resolve,yes,yes,partial,yes,yes
/usr/bin/gatttool,yes,yes,partial,yes,yes
/usr/bin/systemd-run,yes,yes,partial,yes,yes
/usr/bin/eu-addr2line,yes,yes,yes,yes,yes
/usr/bin/timedatectl,yes,yes,partial,yes,yes
/usr/bin/hciattach,yes,yes,partial,yes,yes
/usr/bin/systemd-tty-ask-password-agent,yes,yes,partial,yes,yes
/usr/bin/grub2-menulst2cfg,no,no,no,yes,no
/usr/bin/resizecons,yes,yes,partial,yes,yes
/usr/bin/dbus-update-activation-environment,yes,yes,yes,yes,yes
/usr/bin/grub2-mkrelpath,no,no,no,yes,no
/usr/bin/wget,yes,yes,partial,yes,yes
/usr/bin/pkla-check-authorization,yes,yes,yes,yes,yes
/usr/bin/grub2-script-check,no,no,no,yes,no
/usr/bin/grub2-mkpasswd-pbkdf2,no,no,no,yes,no
/usr/bin/hciconfig,yes,yes,partial,yes,yes
/usr/bin/hcidump,yes,yes,partial,yes,yes
/usr/bin/hcitool,yes,yes,partial,yes,yes
/usr/bin/hex2hcd,yes,yes,partial,yes,yes
/usr/bin/l2ping,yes,yes,partial,yes,yes
/usr/bin/l2test,yes,yes,partial,yes,yes
/usr/bin/meshctl,yes,yes,partial,yes,yes
/usr/bin/mpris-proxy,yes,yes,yes,yes,yes
/usr/bin/rctest,yes,yes,partial,yes,yes
/usr/bin/rfcomm,yes,yes,partial,yes,yes
/usr/bin/sdptool,yes,yes,partial,yes,yes
/usr/bin/mmcli,yes,yes,unknown,yes,yes
/usr/bin/rpcbind,yes,yes,partial,yes,yes
/usr/bin/rpcinfo,yes,yes,partial,yes,yes
/usr/bin/crontab,yes,yes,partial,yes,yes
/usr/bin/gpgsplit,yes,yes,partial,yes,yes
/usr/bin/eu-ar,yes,yes,partial,yes,yes
/usr/bin/abrt-cli,yes,yes,yes,yes,yes
/usr/bin/eu-elfcmp,yes,yes,partial,yes,yes
/usr/bin/reporter-systemd-journal,yes,yes,no,yes,yes
/usr/bin/eu-elfcompress,yes,yes,partial,yes,yes
/usr/bin/abrt-dump-xorg,yes,yes,yes,yes,yes
/usr/bin/eu-elflint,yes,yes,partial,yes,yes
/usr/bin/abrt-action-analyze-python,yes,yes,unknown,yes,yes
/usr/bin/eu-findtextrel,yes,yes,partial,yes,yes
/usr/bin/reporter-bugzilla,yes,yes,yes,yes,yes
/usr/bin/abrt-bodhi,yes,yes,unknown,yes,yes
/usr/bin/eu-nm,yes,yes,partial,yes,yes
/usr/bin/eu-objdump,yes,yes,partial,yes,yes
/usr/bin/udisksctl,yes,yes,no,yes,yes
/usr/bin/eu-ranlib,yes,yes,partial,yes,yes
/usr/bin/eu-readelf,yes,yes,partial,yes,yes
/usr/bin/quota,yes,yes,partial,yes,yes
/usr/bin/eu-size,yes,yes,partial,yes,yes
/usr/bin/quotasync,yes,yes,partial,yes,yes
/usr/bin/eu-stack,yes,yes,yes,yes,yes
/usr/bin/eu-strings,yes,yes,partial,yes,yes
/usr/bin/eu-strip,yes,yes,partial,yes,yes
/usr/bin/eu-unstrip,yes,yes,partial,yes,yes
/usr/bin/teamd,yes,yes,partial,yes,yes
/usr/bin/pkcon,yes,yes,no,yes,yes
/usr/bin/teamdctl,yes,yes,partial,yes,yes
/usr/bin/modulemd-validator,yes,yes,yes,yes,yes
/usr/bin/abrt-action-analyze-xorg,yes,yes,unknown,yes,yes
/usr/bin/fprintd-delete,yes,yes,unknown,yes,yes
/usr/bin/fprintd-enroll,yes,yes,unknown,yes,yes
/usr/bin/fprintd-list,yes,yes,unknown,yes,yes
/usr/bin/abrt-watch-log,yes,no,no,yes,yes
/usr/bin/fprintd-verify,yes,yes,unknown,yes,yes
/usr/bin/pkmon,yes,yes,unknown,yes,yes
/usr/bin/pkgconf,yes,yes,partial,yes,yes
/usr/bin/dumpkeys,yes,yes,partial,yes,yes
/usr/bin/grub2-mkimage,no,no,no,yes,no
/usr/bin/setkeycodes,yes,yes,yes,yes,yes
/usr/bin/kbd_mode,yes,yes,yes,yes,yes
/usr/bin/loadkeys,yes,yes,partial,yes,yes
/usr/bin/setfont,yes,yes,partial,yes,yes
/usr/bin/guile,yes,yes,yes,yes,yes
/usr/bin/deallocvt,yes,yes,yes,yes,yes
/usr/bin/abrt-dump-journal-oops,yes,yes,partial,yes,yes
/usr/bin/abrt-action-analyze-oops,yes,yes,unknown,yes,yes
/usr/bin/reporter-kerneloops,yes,yes,unknown,yes,yes
/usr/bin/man,yes,yes,partial,yes,yes
/usr/bin/sss_ssh_authorizedkeys,yes,yes,partial,yes,yes
/usr/bin/reporter-print,yes,yes,unknown,yes,yes
/usr/bin/sss_ssh_knownhostsproxy,yes,yes,partial,yes,yes
/usr/bin/fgconsole,yes,yes,yes,yes,yes
/usr/bin/nm-online,yes,yes,unknown,yes,yes
/usr/bin/getkeycodes,yes,yes,yes,yes,yes
/usr/bin/nmcli,yes,yes,partial,yes,yes
/usr/bin/kbdinfo,yes,yes,yes,yes,yes
/usr/bin/rpm2archive,yes,yes,yes,yes,yes
/usr/bin/kbdrate,yes,yes,partial,yes,yes
/usr/bin/rpm2cpio,yes,yes,yes,yes,yes
/usr/bin/loadunimap,yes,yes,partial,yes,yes
/usr/bin/rpmdb,yes,yes,yes,yes,yes
/usr/bin/mapscrn,yes,yes,partial,yes,yes
/usr/bin/rpmkeys,yes,yes,yes,yes,yes
/usr/bin/openvt,yes,yes,partial,yes,yes
/usr/bin/satyr,yes,yes,yes,yes,yes
/usr/bin/abrt-retrace-client,yes,yes,partial,yes,yes
/usr/bin/reporter-ureport,yes,yes,unknown,yes,yes
/usr/bin/showconsolefont,yes,yes,partial,yes,yes
/usr/bin/secon,yes,yes,partial,yes,yes
/usr/bin/abrt-dump-oops,yes,yes,yes,yes,yes
/usr/bin/semodule_expand,yes,yes,yes,yes,yes
/usr/bin/semodule_link,yes,yes,yes,yes,yes
/usr/bin/abrt-action-analyze-c,yes,yes,unknown,yes,yes
/usr/bin/semodule_package,yes,yes,yes,yes,yes
/usr/bin/semodule_unpackage,yes,no,yes,yes,yes
/usr/bin/grub2-file,no,no,no,yes,no
/usr/bin/psfxtable,yes,yes,partial,yes,yes
/usr/bin/report-cli,yes,yes,partial,yes,yes
/usr/bin/setleds,yes,yes,yes,yes,yes
/usr/bin/lsusb,yes,yes,partial,yes,yes
/usr/bin/zipcloak,no,yes,partial,yes,no
/usr/bin/abrt-action-save-package-data,yes,yes,unknown,yes,yes
/usr/bin/zipnote,no,yes,partial,yes,no
/usr/bin/abrt-action-analyze-backtrace,yes,yes,unknown,yes,yes
/usr/bin/zipsplit,no,yes,partial,yes,no
/usr/bin/usbhid-dump,yes,yes,yes,yes,yes
/usr/bin/nano,yes,yes,partial,yes,yes
/usr/bin/dwp,yes,yes,partial,yes,yes
/usr/bin/arpaname,yes,yes,yes,yes,yes
/usr/bin/abrt-action-generate-backtrace,yes,yes,unknown,yes,yes
/usr/bin/nslookup,yes,yes,partial,yes,yes
/usr/bin/rsync,yes,yes,partial,yes,yes
/usr/bin/abrt-action-generate-core-backtrace,yes,yes,unknown,yes,yes
/usr/bin/nsupdate,yes,yes,partial,yes,yes
/usr/bin/nm,yes,yes,partial,yes,yes
/usr/bin/ssh-add,yes,yes,partial,yes,yes
/usr/bin/size,yes,yes,partial,yes,yes
/usr/bin/ssh-keyscan,yes,yes,partial,yes,yes
/usr/bin/abrt-action-trim-files,yes,yes,no,yes,yes
/usr/bin/abrt-dump-journal-core,yes,yes,partial,yes,yes
/usr/bin/abrt-merge-pstoreoops,yes,yes,no,yes,yes
/usr/bin/addr2line,yes,yes,partial,yes,yes
/usr/bin/abrt-dump-journal-xorg,yes,yes,partial,yes,yes
/usr/bin/ssh-agent,yes,yes,partial,yes,yes
/usr/bin/pwqcheck,no,yes,partial,yes,no
/usr/bin/ar,yes,yes,partial,yes,yes
/usr/bin/pwqgen,no,yes,yes,yes,no
/usr/bin/vi,yes,yes,partial,yes,yes
/usr/bin/setmetamode,yes,yes,yes,yes,yes
/usr/bin/setvtrgb,yes,yes,yes,yes,yes
/usr/bin/showkey,yes,yes,partial,yes,yes
/usr/bin/attr,yes,yes,partial,yes,yes
/usr/bin/vlock,yes,yes,partial,yes,yes
/usr/bin/afs5log,yes,yes,partial,yes,yes
/usr/bin/applydeltarpm,yes,yes,partial,yes,yes
/usr/bin/combinedeltarpm,yes,yes,partial,yes,yes
/usr/bin/catman,yes,yes,partial,yes,yes
/usr/bin/makedeltarpm,yes,yes,partial,yes,yes
/usr/bin/lexgrog,yes,yes,partial,yes,yes
/usr/bin/rpmdumpheader,yes,no,yes,yes,yes
/usr/bin/getfattr,yes,yes,partial,yes,yes
/usr/bin/rngtest,yes,yes,partial,yes,yes
/usr/bin/setfattr,yes,yes,partial,yes,yes
/usr/bin/cardos-tool,yes,yes,yes,yes,yes
/usr/bin/mandb,yes,yes,partial,yes,yes
/usr/bin/cryptoflex-tool,yes,yes,partial,yes,yes
/usr/bin/jwhois,yes,yes,partial,yes,yes
/usr/bin/dnie-tool,yes,yes,yes,yes,yes
/usr/bin/bc,yes,yes,partial,yes,yes
/usr/bin/eidenv,yes,yes,partial,yes,yes
/usr/bin/sqlite3,yes,yes,partial,yes,yes
/usr/bin/gids-tool,yes,yes,partial,yes,yes
/usr/bin/dc,yes,yes,partial,yes,yes
/usr/bin/iasecc-tool,yes,yes,yes,yes,yes
/usr/bin/time,yes,yes,yes,yes,yes
/usr/bin/netkey-tool,yes,yes,yes,yes,yes
/usr/bin/manpath,yes,yes,no,yes,yes
/usr/bin/openpgp-tool,yes,yes,partial,yes,yes
/usr/bin/whatis,yes,yes,partial,yes,yes
/usr/bin/opensc-explorer,yes,yes,partial,yes,yes
/usr/bin/ed,yes,yes,partial,yes,yes
/usr/bin/opensc-tool,yes,yes,yes,yes,yes
/usr/bin/piv-tool,yes,yes,partial,yes,yes
/usr/bin/pinfo,yes,yes,partial,yes,yes
/usr/bin/traceroute,yes,yes,partial,yes,yes
/usr/bin/pkcs11-tool,yes,yes,partial,yes,yes
/usr/bin/ncat,yes,yes,partial,yes,yes
/usr/bin/as,yes,yes,partial,yes,yes
/usr/bin/pkcs15-crypt,yes,yes,partial,yes,yes
/usr/bin/pkcs15-init,yes,yes,partial,yes,yes
/usr/bin/lsof,no,yes,partial,yes,no
/usr/bin/pkcs15-tool,yes,yes,partial,yes,yes
/usr/bin/sc-hsm-tool,yes,yes,partial,yes,yes
/usr/bin/westcos-tool,yes,yes,partial,yes,yes
/usr/bin/symlinks,yes,yes,partial,yes,yes
/usr/bin/cifscreds,yes,yes,partial,yes,yes
/usr/bin/b43-fwcutter,no,yes,partial,yes,no
/usr/bin/getcifsacl,yes,yes,yes,yes,yes
/usr/bin/tree,yes,yes,partial,yes,yes
/usr/bin/setcifsacl,yes,yes,yes,yes,yes
/usr/bin/dos2unix,yes,yes,partial,yes,yes
/usr/bin/pk11install,yes,yes,partial,yes,yes
/usr/bin/chronyc,yes,yes,partial,yes,yes
/usr/bin/unix2dos,yes,yes,partial,yes,yes
/usr/bin/telnet,yes,yes,partial,yes,yes
/usr/bin/updatedb,yes,yes,partial,yes,yes
/usr/bin/perl,yes,no,unknown,yes,yes
/usr/bin/netstat,yes,yes,partial,yes,yes
/usr/bin/sscg,yes,yes,partial,yes,yes
/usr/bin/lastcomm,yes,yes,partial,yes,yes
/usr/bin/perl5.26.2,yes,no,unknown,yes,yes
/usr/bin/aulast,yes,yes,yes,yes,yes
/usr/bin/aulastlog,yes,yes,yes,yes,yes
/usr/bin/ausyscall,yes,no,yes,yes,yes
/usr/bin/auvirt,yes,yes,partial,yes,yes
/usr/bin/c++filt,yes,yes,partial,yes,yes
/usr/bin/zip,no,yes,partial,yes,no
/usr/bin/elfedit,yes,yes,partial,yes,yes
/usr/bin/gprof,yes,yes,partial,yes,yes
/usr/bin/ld.bfd,yes,yes,partial,yes,yes
/usr/bin/ld.gold,yes,yes,partial,yes,yes
/usr/bin/objcopy,yes,yes,partial,yes,yes
/usr/bin/objdump,yes,yes,partial,yes,yes
/usr/bin/ranlib,yes,yes,partial,yes,yes
/usr/bin/readelf,yes,yes,partial,yes,yes
/usr/bin/strings,yes,yes,partial,yes,yes
/usr/bin/strip,yes,yes,partial,yes,yes
/usr/sbin/fsck,yes,yes,partial,yes,yes
/usr/sbin/sefcontext_compile,yes,yes,partial,yes,yes
/usr/sbin/fsck.fat,yes,yes,partial,yes,yes
/usr/sbin/chpasswd,yes,yes,partial,yes,yes
/usr/sbin/zdump,yes,yes,no,yes,no
/usr/sbin/zic,yes,yes,no,yes,no
/usr/sbin/groupadd,yes,yes,partial,yes,yes
/usr/sbin/ldconfig,no,no,unknown,yes,no
/usr/sbin/mkfs,yes,yes,yes,yes,yes
/usr/sbin/groupdel,yes,yes,partial,yes,yes
/usr/sbin/iconvconfig,yes,yes,no,yes,no
/usr/sbin/lid,yes,yes,yes,yes,yes
/usr/sbin/install-info,yes,yes,partial,yes,yes
/usr/sbin/groupmems,yes,yes,partial,yes,yes
/usr/sbin/capsh,yes,no,partial,yes,yes
/usr/sbin/groupmod,yes,yes,partial,yes,yes
/usr/sbin/getcap,yes,yes,yes,yes,yes
/usr/sbin/grpck,yes,yes,partial,yes,yes
/usr/sbin/getpcaps,yes,yes,yes,yes,yes
/usr/sbin/grpconv,yes,yes,partial,yes,yes
/usr/sbin/setcap,yes,no,partial,yes,yes
/usr/sbin/grpunconv,yes,yes,partial,yes,yes
/usr/sbin/chkconfig,yes,yes,partial,yes,yes
/usr/sbin/alternatives,yes,yes,partial,yes,yes
/usr/sbin/newusers,yes,yes,partial,yes,yes
/usr/sbin/pwck,yes,yes,partial,yes,yes
/usr/sbin/pwconv,yes,yes,partial,yes,yes
/usr/sbin/pwunconv,yes,yes,partial,yes,yes
/usr/sbin/useradd,yes,yes,partial,yes,yes
/usr/sbin/userdel,yes,yes,partial,yes,yes
/usr/sbin/usermod,yes,yes,partial,yes,yes
/usr/sbin/arpd,yes,yes,partial,yes,yes
/usr/sbin/bridge,yes,yes,partial,yes,yes
/usr/sbin/vipw,yes,yes,partial,yes,yes
/usr/sbin/crda,yes,yes,yes,yes,yes
/usr/sbin/cracklib-check,yes,yes,partial,yes,yes
/usr/sbin/devlink,yes,yes,partial,yes,yes
/usr/sbin/genl,yes,yes,partial,yes,yes
/usr/sbin/cracklib-packer,yes,yes,partial,yes,yes
/usr/sbin/cracklib-unpacker,yes,no,yes,yes,yes
/usr/sbin/ifstat,yes,yes,partial,yes,yes
/usr/sbin/ip,yes,yes,partial,yes,yes
/usr/sbin/sysctl,yes,yes,partial,yes,yes
/usr/sbin/lnstat,yes,yes,partial,yes,yes
/usr/sbin/nstat,yes,yes,partial,yes,yes
/usr/sbin/skdump,yes,yes,partial,yes,yes
/usr/sbin/rdma,yes,yes,yes,yes,yes
/usr/sbin/sktest,yes,yes,yes,yes,yes
/usr/sbin/logrotate,yes,yes,partial,yes,yes
/usr/sbin/rtacct,yes,yes,partial,yes,yes
/usr/sbin/rtmon,yes,yes,partial,yes,yes
/usr/sbin/ss,yes,yes,partial,yes,yes
/usr/sbin/tipc,yes,yes,yes,yes,yes
/usr/sbin/sshd,yes,yes,partial,yes,yes
/usr/sbin/key.dns_resolver,yes,yes,partial,yes,yes
/usr/sbin/request-key,yes,yes,partial,yes,yes
/usr/sbin/mkntfs,yes,yes,partial,yes,yes
/usr/sbin/cgdisk,yes,yes,partial,yes,yes
/usr/sbin/ntfsclone,yes,yes,partial,yes,yes
/usr/sbin/fixparts,yes,yes,no,yes,yes
/usr/sbin/ntfscp,yes,yes,partial,yes,yes
/usr/sbin/gdisk,yes,yes,partial,yes,yes
/usr/sbin/ntfslabel,yes,yes,partial,yes,yes
/usr/sbin/sgdisk,yes,yes,partial,yes,yes
/usr/sbin/ntfsresize,yes,yes,partial,yes,yes
/usr/sbin/sssd,yes,yes,partial,yes,yes
/usr/sbin/nfbpf_compile,yes,yes,yes,yes,yes
/usr/sbin/quot,yes,yes,partial,yes,yes
/usr/sbin/rngd,yes,yes,partial,yes,yes
/usr/sbin/lvm,yes,yes,partial,yes,yes
/usr/sbin/ipset,yes,yes,partial,yes,yes
/usr/sbin/iw,yes,yes,partial,yes,yes
/usr/sbin/mkfs.fat,yes,yes,partial,yes,yes
/usr/sbin/xtables-multi,yes,yes,partial,yes,yes
/usr/sbin/chroot,yes,yes,partial,yes,yes
/usr/sbin/ntfsundelete,yes,yes,partial,yes,yes
/usr/sbin/ethtool,yes,yes,partial,yes,yes
/usr/sbin/chgpasswd,yes,yes,partial,yes,yes
/usr/sbin/fatlabel,yes,yes,partial,yes,yes
/usr/sbin/pdata_tools,yes,yes,partial,yes,yes
/usr/sbin/mklost+found,yes,no,yes,yes,yes
/usr/sbin/badblocks,yes,yes,partial,yes,yes
/usr/sbin/debugfs,yes,yes,partial,yes,yes
/usr/sbin/dumpe2fs,yes,yes,partial,yes,yes
/usr/sbin/e2freefrag,yes,yes,yes,yes,yes
/usr/sbin/e2image,yes,yes,partial,yes,yes
/usr/sbin/e2undo,yes,yes,yes,yes,yes
/usr/sbin/e4crypt,yes,yes,partial,yes,yes
/usr/sbin/e4defrag,yes,yes,partial,yes,yes
/usr/sbin/filefrag,yes,yes,partial,yes,yes
/usr/sbin/fuse2fs,yes,yes,partial,yes,yes
/usr/sbin/logsave,yes,yes,partial,yes,yes
/usr/sbin/lgroupdel,yes,yes,yes,yes,yes
/usr/sbin/resize2fs,yes,yes,partial,yes,yes
/usr/sbin/lgroupadd,yes,yes,yes,yes,yes
/usr/sbin/e2fsck,yes,yes,partial,yes,yes
/usr/sbin/lgroupmod,yes,yes,yes,yes,yes
/usr/sbin/fsck.ext2,yes,yes,partial,yes,yes
/usr/sbin/lpasswd,yes,yes,partial,yes,yes
/usr/sbin/fsck.ext3,yes,yes,partial,yes,yes
/usr/sbin/lnewusers,yes,yes,partial,yes,yes
/usr/sbin/fsck.ext4,yes,yes,partial,yes,yes
/usr/sbin/luseradd,yes,yes,yes,yes,yes
/usr/sbin/e2label,yes,yes,partial,yes,yes
/usr/sbin/luserdel,yes,yes,yes,yes,yes
/usr/sbin/tune2fs,yes,yes,partial,yes,yes
/usr/sbin/lusermod,yes,yes,yes,yes,yes
/usr/sbin/mke2fs,yes,yes,partial,yes,yes
/usr/sbin/mkfs.ext2,yes,yes,partial,yes,yes
/usr/sbin/mkfs.ext3,yes,yes,partial,yes,yes
/usr/sbin/mkfs.ext4,yes,yes,partial,yes,yes
/usr/sbin/g13-syshelp,yes,yes,partial,yes,yes
/usr/sbin/avcstat,yes,yes,partial,yes,yes
/usr/sbin/getenforce,yes,no,unknown,yes,yes
/usr/sbin/dmsetup,yes,yes,partial,yes,yes
/usr/sbin/getsebool,yes,yes,yes,yes,yes
/usr/sbin/runuser,yes,yes,partial,yes,yes
/usr/sbin/atd,yes,yes,partial,yes,yes
/usr/sbin/matchpathcon,yes,yes,yes,yes,yes
/usr/sbin/sfdisk,yes,yes,partial,yes,yes
/usr/sbin/arp,yes,yes,partial,yes,yes
/usr/sbin/selabel_digest,yes,yes,partial,yes,yes
/usr/sbin/sulogin,yes,yes,partial,yes,yes
/usr/sbin/sa,yes,yes,partial,yes,yes
/usr/sbin/selabel_lookup,yes,yes,yes,yes,yes
/usr/sbin/resizepart,yes,yes,partial,yes,yes
/usr/sbin/iscsistart,yes,yes,partial,yes,yes
/usr/sbin/selabel_lookup_best_match,yes,yes,partial,yes,yes
/usr/sbin/rfkill,yes,yes,partial,yes,yes
/usr/sbin/dmeventd,yes,yes,partial,yes,yes
/usr/sbin/selabel_partial_match,yes,yes,yes,yes,yes
/usr/sbin/rtcwake,yes,yes,partial,yes,yes
/usr/sbin/plymouthd,yes,yes,partial,yes,yes
/usr/sbin/selinux_check_access,yes,no,partial,yes,yes
/usr/sbin/swaplabel,yes,yes,partial,yes,yes
/usr/sbin/tcpd,yes,yes,partial,yes,yes
/usr/sbin/selinuxconlist,yes,yes,yes,yes,yes
/usr/sbin/swapoff,yes,yes,yes,yes,yes
/usr/sbin/mtr,yes,yes,partial,yes,yes
/usr/sbin/selinuxdefcon,yes,yes,yes,yes,yes
/usr/sbin/swapon,yes,yes,partial,yes,yes
/usr/sbin/selinuxenabled,yes,no,unknown,yes,yes
/usr/sbin/switch_root,yes,yes,yes,yes,yes
/usr/sbin/selinuxexeccon,yes,yes,yes,yes,yes
/usr/sbin/setenforce,yes,no,yes,yes,yes
/usr/sbin/dmfilemapd,yes,yes,partial,yes,yes
/usr/sbin/faillock,yes,yes,partial,yes,yes
/usr/sbin/wipefs,yes,yes,partial,yes,yes
/usr/sbin/mkhomedir_helper,yes,yes,partial,yes,yes
/usr/sbin/zramctl,yes,yes,partial,yes,yes
/usr/sbin/pam_console_apply,yes,yes,partial,yes,yes
/usr/sbin/pam_tally2,yes,yes,partial,yes,yes
/usr/sbin/sasldblistusers2,yes,yes,partial,yes,yes
/usr/sbin/pam_timestamp_check,yes,yes,yes,yes,yes
/usr/sbin/saslpasswd2,yes,yes,partial,yes,yes
/usr/sbin/pwhistory_helper,yes,yes,partial,yes,yes
/usr/sbin/unix_chkpwd,yes,yes,partial,yes,yes
/usr/sbin/addpart,yes,yes,partial,yes,yes
/usr/sbin/agetty,yes,yes,partial,yes,yes
/usr/sbin/blkdiscard,yes,yes,partial,yes,yes
/usr/sbin/blkid,yes,yes,partial,yes,yes
/usr/sbin/pcscd,yes,yes,partial,yes,yes
/usr/sbin/blkzone,yes,yes,partial,yes,yes
/usr/sbin/arping,yes,yes,partial,yes,yes
/usr/sbin/blockdev,yes,yes,partial,yes,yes
/usr/sbin/clockdiff,yes,yes,partial,yes,yes
/usr/sbin/cfdisk,yes,yes,partial,yes,yes
/usr/sbin/ifenslave,yes,yes,partial,yes,yes
/usr/sbin/chcpu,yes,yes,partial,yes,yes
/usr/sbin/rdisc,yes,yes,partial,yes,yes
/usr/sbin/ctrlaltdel,yes,yes,partial,yes,yes
/usr/sbin/delpart,yes,yes,partial,yes,yes
/usr/sbin/fdformat,yes,yes,partial,yes,yes
/usr/sbin/consoletype,yes,yes,unknown,yes,yes
/usr/sbin/fdisk,yes,yes,partial,yes,yes
/usr/sbin/genhostid,yes,yes,no,yes,yes
/usr/sbin/findfs,yes,no,yes,yes,yes
/usr/sbin/fsck.cramfs,yes,yes,partial,yes,yes
/usr/sbin/fsck.minix,yes,yes,partial,yes,yes
/usr/sbin/netreport,yes,yes,yes,yes,yes
/usr/sbin/fsfreeze,yes,yes,yes,yes,yes
/usr/sbin/fstrim,yes,yes,partial,yes,yes
/usr/sbin/parted,yes,yes,partial,yes,yes
/usr/sbin/hwclock,yes,yes,partial,yes,yes
/usr/sbin/ldattach,yes,yes,partial,yes,yes
/usr/sbin/usernetctl,yes,yes,partial,yes,yes
/usr/sbin/losetup,yes,yes,partial,yes,yes
/usr/sbin/partprobe,yes,no,yes,yes,yes
/usr/sbin/mkfs.cramfs,yes,yes,partial,yes,yes
/usr/sbin/mkfs.minix,yes,yes,partial,yes,yes
/usr/sbin/mkswap,yes,yes,partial,yes,yes
/usr/sbin/iscsi-iname,yes,yes,partial,yes,yes
/usr/sbin/nologin,yes,yes,partial,yes,yes
/usr/sbin/iscsiuio,yes,yes,partial,yes,yes
/usr/sbin/partx,yes,yes,partial,yes,yes
/usr/sbin/iscsiadm,yes,yes,partial,yes,yes
/usr/sbin/pivot_root,yes,no,yes,yes,yes
/usr/sbin/iscsid,yes,yes,partial,yes,yes
/usr/sbin/readprofile,yes,yes,partial,yes,yes
/usr/sbin/grub2-ofpathname,no,no,no,yes,no
/usr/sbin/lchage,yes,yes,yes,yes,yes
/usr/sbin/grub2-rpm-sort,no,no,no,yes,no
/usr/sbin/grub2-sparc64-setup,no,no,no,yes,no
/usr/sbin/regdbdump,yes,no,yes,yes,yes
/usr/sbin/usb_modeswitch,yes,yes,partial,yes,yes
/usr/sbin/remotectl,yes,yes,no,yes,yes
/usr/sbin/dhclient,yes,yes,partial,yes,yes
/usr/sbin/mdadm,yes,yes,partial,yes,yes
/usr/sbin/mdmon,yes,yes,partial,yes,yes
/usr/sbin/kdump,no,yes,partial,yes,no
/usr/sbin/kexec,no,yes,partial,yes,no
/usr/sbin/eapol_test,yes,yes,partial,yes,yes
/usr/sbin/makedumpfile,no,no,no,yes,no
/usr/sbin/wpa_cli,yes,yes,partial,yes,yes
/usr/sbin/abrt-auto-reporting,yes,yes,yes,yes,yes
/usr/sbin/wpa_passphrase,yes,yes,partial,yes,yes
/usr/sbin/abrt-server,yes,yes,partial,yes,yes
/usr/sbin/wpa_supplicant,yes,yes,partial,yes,yes
/usr/sbin/abrtd,yes,yes,yes,yes,yes
/usr/sbin/ModemManager,yes,yes,partial,yes,yes
/usr/sbin/ebtables,yes,no,unknown,yes,yes
/usr/sbin/abrt-configuration,yes,yes,unknown,yes,yes
/usr/sbin/ebtables-restore,yes,yes,partial,yes,yes
/usr/sbin/abrt-dbus,yes,yes,partial,yes,yes
/usr/sbin/vmcore-dmesg,no,yes,partial,yes,no
/usr/sbin/mount.nfs,yes,yes,partial,yes,yes
/usr/sbin/crond,yes,yes,partial,yes,yes
/usr/sbin/anacron,yes,yes,partial,yes,yes
/usr/sbin/nfsdcltrack,yes,yes,partial,yes,yes
/usr/sbin/mkfs.xfs,yes,yes,partial,yes,yes
/usr/sbin/rpc.statd,yes,yes,partial,yes,yes
/usr/sbin/xfs_copy,yes,yes,partial,yes,yes
/usr/sbin/blkmapd,yes,yes,partial,yes,yes
/usr/sbin/xfs_db,yes,yes,partial,yes,yes
/usr/sbin/xfs_estimate,yes,yes,partial,yes,yes
/usr/sbin/exportfs,yes,yes,partial,yes,yes
/usr/sbin/xfs_fsr,yes,yes,partial,yes,yes
/usr/sbin/nfsidmap,yes,yes,partial,yes,yes
/usr/sbin/xfs_growfs,yes,yes,partial,yes,yes
/usr/sbin/nfsstat,yes,yes,partial,yes,yes
/usr/sbin/xfs_io,yes,yes,partial,yes,yes
/usr/sbin/umount.udisks2,yes,yes,unknown,yes,yes
/usr/sbin/xfs_logprint,yes,yes,partial,yes,yes
/usr/sbin/gssproxy,yes,yes,partial,yes,yes
/usr/sbin/xfs_mdrestore,yes,yes,partial,yes,yes
/usr/sbin/convertquota,yes,yes,partial,yes,yes
/usr/sbin/rpc.gssd,yes,yes,partial,yes,yes
/usr/sbin/rpc.idmapd,yes,yes,partial,yes,yes
/usr/sbin/rpc.mountd,yes,yes,partial,yes,yes
/usr/sbin/xfs_quota,yes,yes,partial,yes,yes
/usr/sbin/rpc.nfsd,yes,yes,partial,yes,yes
/usr/sbin/xfs_repair,yes,yes,partial,yes,yes
/usr/sbin/rpcdebug,yes,yes,partial,yes,yes
/usr/sbin/xfs_rtcp,yes,yes,partial,yes,yes
/usr/sbin/showmount,yes,yes,partial,yes,yes
/usr/sbin/xfs_scrub,yes,yes,partial,yes,yes
/usr/sbin/edquota,yes,yes,partial,yes,yes
/usr/sbin/quotacheck,yes,yes,partial,yes,yes
/usr/sbin/xfs_spaceman,yes,yes,partial,yes,yes
/usr/sbin/sm-notify,yes,yes,partial,yes,yes
/usr/sbin/kpartx,yes,yes,partial,yes,yes
/usr/sbin/mpathpersist,yes,yes,partial,yes,yes
/usr/sbin/grubby,no,yes,partial,yes,no
/usr/sbin/multipath,yes,yes,partial,yes,yes
/usr/sbin/multipathd,yes,yes,partial,yes,yes
/usr/sbin/sss_cache,yes,yes,partial,yes,yes
/usr/sbin/quotaon,yes,yes,partial,yes,yes
/usr/sbin/NetworkManager,yes,yes,partial,yes,yes
/usr/sbin/rsyslogd,yes,yes,partial,yes,yes
/usr/sbin/quotastats,yes,yes,partial,yes,yes
/usr/sbin/ifrename,yes,yes,partial,yes,yes
/usr/sbin/load_policy,yes,no,yes,yes,yes
/usr/sbin/iwconfig,yes,yes,partial,yes,yes
/usr/sbin/repquota,yes,yes,partial,yes,yes
/usr/sbin/restorecon_xattr,yes,yes,yes,yes,yes
/usr/sbin/iwevent,yes,yes,partial,yes,yes
/usr/sbin/semodule,yes,no,yes,yes,yes
/usr/sbin/iwgetid,yes,yes,partial,yes,yes
/usr/sbin/sestatus,yes,yes,partial,yes,yes
/usr/sbin/iwlist,yes,yes,partial,yes,yes
/usr/sbin/setfiles,yes,yes,yes,yes,yes
/usr/sbin/iwpriv,yes,yes,partial,yes,yes
/usr/sbin/setsebool,yes,yes,yes,yes,yes
/usr/sbin/setquota,yes,yes,partial,yes,yes
/usr/sbin/grub2-bios-setup,no,no,no,yes,no
/usr/sbin/xqmstats,yes,yes,partial,yes,yes
/usr/sbin/grub2-install,no,no,no,yes,no
/usr/sbin/iwspy,yes,yes,partial,yes,yes
/usr/sbin/grub2-probe,no,no,no,yes,no
/usr/sbin/lvmetad,yes,yes,partial,yes,yes
/usr/sbin/lvmpolld,yes,yes,partial,yes,yes
/usr/sbin/cifs.idmap,yes,yes,yes,yes,yes
/usr/sbin/cifs.upcall,yes,yes,partial,yes,yes
/usr/sbin/mount.cifs,yes,yes,partial,yes,yes
/usr/sbin/timedatex,yes,yes,partial,yes,yes
/usr/sbin/chronyd,yes,yes,partial,yes,yes
/usr/sbin/ether-wake,yes,yes,partial,yes,yes
/usr/sbin/ifconfig,yes,yes,partial,yes,yes
/usr/sbin/ipmaddr,yes,yes,partial,yes,yes
/usr/sbin/iptunnel,yes,yes,partial,yes,yes
/usr/sbin/mii-diag,yes,yes,partial,yes,yes
/usr/sbin/mii-tool,yes,yes,partial,yes,yes
/usr/sbin/nameif,yes,yes,partial,yes,yes
/usr/sbin/plipconfig,yes,yes,partial,yes,yes
/usr/sbin/route,yes,yes,partial,yes,yes
/usr/sbin/slattach,yes,yes,partial,yes,yes
/usr/sbin/dnsmasq,yes,yes,partial,yes,yes
/usr/sbin/accton,yes,yes,yes,yes,yes
/usr/sbin/dump-acct,yes,yes,partial,yes,yes
/usr/sbin/dump-utmp,yes,yes,partial,yes,yes
/usr/sbin/mcelog,no,yes,partial,yes,no
/usr/sbin/smartctl,yes,yes,partial,yes,yes
/usr/sbin/smartd,yes,yes,partial,yes,yes
/usr/sbin/audispd,yes,yes,partial,yes,yes
/usr/sbin/auditctl,yes,yes,partial,yes,yes
/usr/sbin/auditd,yes,yes,partial,yes,yes
/usr/sbin/aureport,yes,yes,partial,yes,yes
/usr/sbin/ausearch,yes,yes,partial,yes,yes
/usr/sbin/cryptsetup,yes,yes,partial,yes,yes
/usr/sbin/setup,yes,yes,partial,yes,yes
/usr/sbin/safe_finger,yes,yes,yes,yes,yes
/usr/sbin/tcpdmatch,yes,yes,partial,yes,yes
/usr/sbin/try-from,yes,yes,partial,yes,yes
/usr/sbin/ddns-confgen,yes,yes,yes,yes,yes
/usr/sbin/dnssec-dsfromkey,yes,yes,partial,yes,yes
/usr/sbin/dnssec-importkey,yes,yes,partial,yes,yes
/usr/sbin/dnssec-keyfromlabel,yes,yes,partial,yes,yes
/usr/sbin/dnssec-keygen,yes,yes,partial,yes,yes
/usr/sbin/dnssec-revoke,yes,yes,partial,yes,yes
/usr/sbin/dnssec-settime,yes,yes,partial,yes,yes
/usr/sbin/dnssec-signzone,yes,yes,partial,yes,yes
/usr/sbin/dnssec-verify,yes,yes,partial,yes,yes
/usr/sbin/genrandom,yes,yes,yes,yes,yes
/usr/sbin/isc-hmac-fixup,yes,yes,yes,yes,yes
/usr/sbin/named-checkzone,yes,yes,yes,yes,yes
/usr/sbin/nsec3hash,yes,yes,yes,yes,yes
/usr/sbin/adcli,yes,yes,partial,yes,yes
/usr/sbin/realm,yes,yes,no,yes,yes
/usr/sbin/visudo,yes,yes,partial,yes,yes
/usr/sbin/accessdb,yes,no,yes,yes,yes
/usr/sbin/lspci,yes,yes,partial,yes,yes
/usr/sbin/setpci,yes,yes,partial,yes,yes
/usr/sbin/irqbalance,yes,yes,partial,yes,yes
/usr/sbin/tcpdump,yes,yes,partial,yes,yes
/usr/sbin/tcpslice,yes,yes,partial,yes,yes
/usr/sbin/btrfs,yes,yes,partial,yes,yes
/usr/sbin/btrfs-convert,yes,yes,partial,yes,yes
/usr/sbin/btrfs-debug-tree,yes,yes,partial,yes,yes
/usr/sbin/btrfs-find-root,yes,yes,partial,yes,yes
/usr/sbin/btrfs-image,yes,yes,partial,yes,yes
/usr/sbin/btrfs-map-logical,yes,yes,partial,yes,yes
/usr/sbin/btrfs-select-super,yes,yes,partial,yes,yes
/usr/sbin/btrfs-zero-log,yes,yes,partial,yes,yes
/usr/sbin/btrfstune,yes,yes,partial,yes,yes
/usr/sbin/mkfs.btrfs,yes,yes,partial,yes,yes
/usr/sbin/iptstate,yes,yes,partial,yes,yes
/usr/sbin/brctl,yes,yes,partial,yes,yes
/usr/sbin/mtr-packet,yes,yes,partial,yes,yes
/usr/sbin/vconfig,yes,yes,yes,yes,yes
