/usr/bin/opiepasswd,no,yes,partial,yes,no
/usr/bin/python2.6,no,no,unknown,yes,no
/usr/bin/killall,no,yes,partial,yes,no
/usr/bin/icc2ps,no,no,yes,yes,no
/usr/bin/showfont,no,yes,yes,yes,no
/usr/bin/runcon,no,no,partial,yes,no
/usr/bin/pnmcolormap,no,yes,yes,yes,no
/usr/bin/intel_error_decode,no,no,partial,yes,no
/usr/bin/pbmlife,no,no,unknown,yes,no
/usr/bin/ft1string,no,no,partial,yes,no
/usr/bin/ppmtoxpm,no,no,partial,yes,no
/usr/bin/eu-elfcmp,no,yes,partial,yes,no
/usr/bin/sg_raw,no,yes,partial,yes,no
/usr/bin/gnome-dictionary,no,no,unknown,yes,no
/usr/bin/xcmsdb,no,yes,partial,yes,no
/usr/bin/pamtotga,no,yes,unknown,yes,no
/usr/bin/last,no,yes,partial,yes,no
/usr/bin/whoami,no,no,partial,yes,no
/usr/bin/db_upgrade,no,no,partial,yes,no
/usr/bin/fallocate,no,yes,yes,yes,no
/usr/bin/synclient,no,no,yes,yes,no
/usr/bin/pnmtopng,no,yes,partial,yes,no
/usr/bin/vino-passwd,no,yes,no,yes,no
/usr/bin/diff,no,yes,partial,yes,no
/usr/bin/prezip-bin,no,no,yes,yes,no
/usr/bin/gsf-vba-dump,no,no,yes,yes,no
/usr/bin/blkrawverify,no,yes,partial,yes,no
/usr/bin/pgmmorphconv,no,no,unknown,yes,no
/usr/bin/mdiff,no,no,yes,yes,no
/usr/bin/sg_referrals,no,yes,yes,yes,no
/usr/bin/intel_reg_write,no,yes,yes,yes,no
/usr/bin/eu-ranlib,no,yes,partial,yes,no
/usr/bin/hal-find-by-property,no,no,yes,yes,no
/usr/bin/xsetpointer,no,no,yes,yes,no
/usr/bin/paste,no,no,partial,yes,no
/usr/bin/type1afm,no,no,yes,yes,no
/usr/bin/chmorph,no,yes,partial,yes,no
/usr/bin/icedax,no,yes,partial,yes,no
/usr/bin/gvfs-open,no,no,unknown,yes,no
/usr/bin/sgp_dd,no,yes,partial,yes,no
/usr/bin/chcon,no,yes,partial,yes,no
/usr/bin/gpgsplit,yes,yes,partial,yes,no
/usr/bin/jscal,no,no,partial,yes,no
/usr/bin/ptx,no,yes,partial,yes,no
/usr/bin/gedit,no,yes,partial,yes,no
/usr/bin/hal-disable-polling,no,yes,yes,yes,no
/usr/bin/ppmcolors,no,no,unknown,yes,no
/usr/bin/db_recover,no,no,partial,yes,no
/usr/bin/gnome-network-properties,no,no,unknown,yes,no
/usr/bin/ldbadd,no,no,yes,yes,no
/usr/bin/gvfs-ls,no,no,unknown,yes,no
/usr/bin/eu-ar,no,yes,partial,yes,no
/usr/bin/pbmtomrf,no,no,yes,yes,no
/usr/bin/uptime,no,yes,partial,yes,no
/usr/bin/host,yes,yes,partial,yes,no
/usr/bin/ppmcie,no,yes,yes,yes,no
/usr/bin/gnomevfs-info,no,yes,partial,yes,no
/usr/bin/pbmtoplot,no,no,unknown,yes,no
/usr/bin/peekfd,no,no,yes,yes,no
/usr/bin/ppmtomd,no,yes,partial,yes,no
/usr/bin/wall,no,yes,partial,yes,no
/usr/bin/xscreensaver-command,no,yes,yes,yes,no
/usr/bin/pnmsmooth,no,no,unknown,yes,no
/usr/bin/pnmnlfilt,no,no,unknown,yes,no
/usr/bin/dfblayer,no,no,yes,yes,no
/usr/bin/shuf,no,yes,partial,yes,no
/usr/bin/sg_modes,no,yes,yes,yes,no
/usr/bin/ftpatchk,no,no,yes,yes,no
/usr/bin/intel_gpu_time,no,yes,yes,yes,no
/usr/bin/pktopbm,no,yes,yes,yes,no
/usr/bin/vmmouse_detect,no,no,unknown,yes,no
/usr/bin/intel_upload_blit_large_gtt,no,no,partial,yes,no
/usr/bin/pnmcut,no,no,unknown,yes,no
/usr/bin/gpk-application,no,yes,yes,yes,no
/usr/bin/ppmhist,no,no,partial,yes,no
/usr/bin/asn1Decoding,no,yes,partial,yes,no
/usr/bin/ft1timer,no,no,partial,yes,no
/usr/bin/sg_verify,no,yes,partial,yes,no
/usr/bin/pamgauss,no,yes,yes,yes,no
/usr/bin/pacat,no,yes,partial,yes,no
/usr/bin/Xorg,no,yes,partial,yes,no
/usr/bin/pdfinfo,no,yes,partial,yes,no
/usr/bin/pkcs11-tool,no,yes,partial,yes,no
/usr/bin/xcalc,no,yes,partial,yes,no
/usr/bin/pnmsplit,no,no,unknown,yes,no
/usr/bin/glxgears,no,yes,yes,yes,no
/usr/bin/free,no,yes,partial,yes,no
/usr/bin/metacity,no,yes,partial,yes,no
/usr/bin/lscpu,no,yes,partial,yes,no
/usr/bin/lsof,no,yes,partial,yes,no
/usr/bin/addr2line,no,yes,partial,yes,no
/usr/bin/rsync,no,yes,partial,yes,no
/usr/bin/db_printlog,no,yes,partial,yes,no
/usr/bin/link,no,no,partial,yes,no
/usr/bin/cZ11-V2,no,yes,partial,yes,no
/usr/bin/toc2cddb,no,yes,partial,yes,no
/usr/bin/xgc,no,yes,partial,yes,no
/usr/bin/makedeltarpm,no,yes,partial,yes,no
/usr/bin/zipsplit,no,yes,partial,yes,no
/usr/bin/top,no,yes,partial,yes,no
/usr/bin/telnet,yes,yes,partial,yes,no
/usr/bin/pamfunc,no,no,unknown,yes,no
/usr/bin/pstopnm,no,yes,partial,yes,no
/usr/bin/ppmchange,no,no,unknown,yes,no
/usr/bin/man,no,no,yes,yes,no
/usr/bin/intel_audio_dump,no,yes,yes,yes,no
/usr/bin/chkstat,no,yes,partial,yes,no
/usr/bin/ul,no,yes,partial,yes,no
/usr/bin/ddbugtopbm,no,no,partial,yes,no
/usr/bin/pbmto4425,no,no,unknown,yes,no
/usr/bin/fribidi,no,yes,partial,yes,no
/usr/bin/fslsfonts,no,yes,yes,yes,no
/usr/bin/fc-list,no,no,yes,yes,no
/usr/bin/sperl5.10.0,no,yes,partial,yes,no
/usr/bin/who,no,yes,partial,yes,no
/usr/bin/pamditherbw,no,yes,unknown,yes,no
/usr/bin/ppmtoyuv,no,no,unknown,yes,no
/usr/bin/recode,no,no,yes,yes,no
/usr/bin/metacity-window-demo,no,no,unknown,yes,no
/usr/bin/mouse-test,no,yes,partial,yes,no
/usr/bin/nautilus-file-management-properties,no,yes,partial,yes,no
/usr/bin/pbmpscale,no,no,unknown,yes,no
/usr/bin/ftdiff,no,yes,partial,yes,no
/usr/bin/xfindproxy,no,no,partial,yes,no
/usr/bin/line,no,no,no,yes,no
/usr/bin/sg_rep_zones,no,yes,partial,yes,no
/usr/bin/pdftotext,no,yes,partial,yes,no
/usr/bin/sudoreplay,yes,yes,partial,yes,no
/usr/bin/gpgconf,yes,yes,partial,yes,no
/usr/bin/ldapcompare,yes,yes,partial,yes,no
/usr/bin/find,no,yes,partial,yes,no
/usr/bin/cjet,no,no,partial,yes,no
/usr/bin/taskset,no,yes,partial,yes,no
/usr/bin/xset,no,yes,partial,yes,no
/usr/bin/ssh-agent,yes,yes,partial,yes,yes
/usr/bin/dvd+rw-booktype,no,yes,partial,yes,no
/usr/bin/thinkjettopbm,no,no,partial,yes,no
/usr/bin/xkbbell,no,no,yes,yes,no
/usr/bin/as,no,yes,partial,yes,no
/usr/bin/xkbvleds,no,yes,partial,yes,no
/usr/bin/zkt-signer,no,yes,partial,yes,no
/usr/bin/chsh,yes,yes,partial,yes,no
/usr/bin/intel_dpio_read,no,yes,yes,yes,no
/usr/bin/gconf-merge-tree,no,yes,partial,yes,no
/usr/bin/ar,no,yes,partial,yes,no
/usr/bin/xload,no,yes,partial,yes,no
/usr/bin/ppmntsc,no,no,unknown,yes,no
/usr/bin/xtermset,no,yes,partial,yes,no
/usr/bin/rpl8,no,yes,partial,yes,no
/usr/bin/ycpc,no,yes,partial,yes,no
/usr/bin/gnome-open,no,no,yes,yes,no
/usr/bin/smbget,yes,yes,partial,yes,no
/usr/bin/dig,yes,yes,partial,yes,no
/usr/bin/dfbfx,no,yes,yes,yes,no
/usr/bin/editres,no,yes,partial,yes,no
/usr/bin/imgtoppm,no,yes,partial,yes,no
/usr/bin/vte,no,yes,no,yes,no
/usr/bin/fiascotopnm,no,yes,partial,yes,no
/usr/bin/sg_copy_results,no,yes,yes,yes,no
/usr/bin/ppmlabel,no,yes,no,yes,no
/usr/bin/ppmrough,no,no,unknown,yes,no
/usr/bin/gpgparsemail,yes,yes,partial,yes,no
/usr/bin/scriptreplay,no,yes,yes,yes,no
/usr/bin/pfbtops,no,no,yes,yes,no
/usr/bin/fstobdf,no,no,yes,yes,no
/usr/bin/resize,no,no,partial,yes,no
/usr/bin/zypp-NameReqPrv,no,no,unknown,yes,no
/usr/bin/amidi,no,yes,partial,yes,no
/usr/bin/pacmd,no,yes,no,yes,no
/usr/bin/pamtojpeg2k,no,no,yes,yes,no
/usr/bin/dvd+rw-mediainfo,no,yes,partial,yes,no
/usr/bin/pnmcomp,no,no,unknown,yes,no
/usr/bin/gpg-agent,yes,yes,partial,yes,no
/usr/bin/pnmtofits,no,no,yes,yes,no
/usr/bin/intel_upload_blit_large_map,no,no,partial,yes,no
/usr/bin/grotty,no,yes,partial,yes,no
/usr/bin/ppmmake,no,no,unknown,yes,no
/usr/bin/atktopbm,no,no,unknown,yes,no
/usr/bin/rletopnm,no,yes,partial,yes,no
/usr/bin/gnomesu,no,no,unknown,yes,no
/usr/bin/cal,no,yes,partial,yes,no
/usr/bin/gpk-update-icon,no,yes,yes,yes,no
/usr/bin/dc,no,yes,partial,yes,no
/usr/bin/3dinfo,no,no,yes,yes,no
/usr/bin/gnome-keyring-daemon,no,yes,partial,yes,no
/usr/bin/lookbib,no,yes,partial,yes,no
/usr/bin/gnome-screenshot,no,no,no,yes,no
/usr/bin/xman,no,yes,partial,yes,no
/usr/bin/expiry,yes,yes,partial,yes,no
/usr/bin/ldbrename,no,no,yes,yes,no
/usr/bin/ppmtobmp,no,yes,unknown,yes,no
/usr/bin/ft1error,no,no,yes,yes,no
/usr/bin/desktop-file-validate,no,yes,no,yes,no
/usr/bin/vncpasswd.arg,no,yes,partial,yes,no
/usr/bin/sg_scan,no,yes,partial,yes,no
/usr/bin/bzip2,no,yes,partial,yes,no
/usr/bin/wdiff,no,yes,partial,yes,no
/usr/bin/modeprint,no,no,yes,yes,no
/usr/bin/ipcrm,no,no,yes,yes,no
/usr/bin/pax11publish,no,yes,yes,yes,no
/usr/bin/pgmkernel,no,no,yes,yes,no
/usr/bin/pamsharpness,no,yes,unknown,yes,no
/usr/bin/jpegicc,no,yes,partial,yes,no
/usr/bin/pbmtopgm,no,no,unknown,yes,no
/usr/bin/xdriinfo,no,no,yes,yes,no
/usr/bin/xmessage,no,no,partial,yes,no
/usr/bin/printf,no,yes,partial,yes,no
/usr/bin/sg_readcap,no,yes,yes,yes,no
/usr/bin/intel_forcewaked,no,yes,yes,yes,no
/usr/bin/xev,no,yes,yes,yes,no
/usr/bin/wnck-urgency-monitor,no,no,unknown,yes,no
/usr/bin/gemtopnm,no,no,yes,yes,no
/usr/bin/pgmnoise,no,no,unknown,yes,no
/usr/bin/smbclient,yes,yes,partial,yes,no
/usr/bin/pnmgamma,no,no,unknown,yes,no
/usr/bin/logname,no,no,partial,yes,no
/usr/bin/pamsumm,no,yes,yes,yes,no
/usr/bin/isosize,no,yes,partial,yes,no
/usr/bin/eu-objdump,no,yes,partial,yes,no
/usr/bin/xvinfo,no,no,yes,yes,no
/usr/bin/sg_wr_mode,no,yes,partial,yes,no
/usr/bin/cmp,no,yes,partial,yes,no
/usr/bin/gvfs-move,no,yes,no,yes,no
/usr/bin/pgmabel,no,no,unknown,yes,no
/usr/bin/gnome-keyring,no,no,unknown,yes,no
/usr/bin/gnome-terminal,no,yes,partial,yes,no
/usr/bin/glxinfo,no,no,partial,yes,no
/usr/bin/xsetroot,no,no,yes,yes,no
/usr/bin/crontab,yes,yes,partial,yes,no
/usr/bin/festival-synthesis-driver,no,yes,partial,yes,no
/usr/bin/pbmpage,no,yes,yes,yes,no
/usr/bin/ffcfstress,no,no,partial,yes,no
/usr/bin/pgmhist,no,no,yes,yes,no
/usr/bin/rpcclient,yes,yes,partial,yes,no
/usr/bin/nproc,no,no,partial,yes,no
/usr/bin/gsf-office-thumbnailer,no,no,unknown,yes,no
/usr/bin/dnssec-signer,no,yes,partial,yes,no
/usr/bin/locale,no,no,no,yes,no
/usr/bin/opielogin,no,yes,partial,yes,no
/usr/bin/idnconv,no,yes,partial,yes,no
/usr/bin/ppmglobe,no,no,unknown,yes,no
/usr/bin/pactl,no,yes,yes,yes,no
/usr/bin/lphelp,yes,yes,partial,yes,no
/usr/bin/pbmtomda,no,no,yes,yes,no
/usr/bin/xlito,no,yes,partial,yes,no
/usr/bin/a2ps,no,yes,partial,yes,no
/usr/bin/xscreensaver,no,yes,partial,yes,no
/usr/bin/pstree,no,yes,partial,yes,no
/usr/bin/tdbdump,yes,no,partial,yes,no
/usr/bin/ppmtomitsu,no,no,unknown,yes,no
/usr/bin/aplaymidi,no,yes,partial,yes,no
/usr/bin/pamtopfm,no,yes,yes,yes,no
/usr/bin/smbstatus,yes,yes,partial,yes,no
/usr/bin/volname,no,yes,partial,yes,no
/usr/bin/openipmish,no,yes,partial,yes,no
/usr/bin/vncconnect,no,no,yes,yes,no
/usr/bin/bonobo-activation-run-query,no,no,yes,yes,no
/usr/bin/indxbib,no,no,partial,yes,no
/usr/bin/pnmtorle,no,yes,partial,yes,no
/usr/bin/isoinfo,no,yes,partial,yes,no
/usr/bin/vdir,no,yes,partial,yes,no
/usr/bin/intel_sprite_on,no,yes,partial,yes,no
/usr/bin/gnome-at-properties,no,no,unknown,yes,no
/usr/bin/formail,no,yes,no,yes,no
/usr/bin/smbspool,yes,yes,partial,yes,no
/usr/bin/idn,no,yes,partial,yes,no
/usr/bin/strace,no,yes,partial,yes,no
/usr/bin/split,no,yes,partial,yes,no
/usr/bin/fastjar,no,yes,partial,yes,no
/usr/bin/unshare,no,no,yes,yes,no
/usr/bin/iceauth,no,yes,partial,yes,no
/usr/bin/objdump,no,yes,partial,yes,no
/usr/bin/sg_turs,no,yes,yes,yes,no
/usr/bin/memhog,no,no,partial,yes,no
/usr/bin/pic,no,yes,partial,yes,no
/usr/bin/pamtohtmltbl,no,no,yes,yes,no
/usr/bin/troff,no,yes,partial,yes,no
/usr/bin/xrx,no,yes,partial,yes,no
/usr/bin/acpixtract,no,yes,partial,yes,no
/usr/bin/pmt-fd0ssh,no,yes,partial,yes,no
/usr/bin/pmap,no,yes,partial,yes,no
/usr/bin/passwd,yes,yes,partial,yes,no
/usr/bin/lockfile,no,yes,no,yes,no
/usr/bin/eog,no,yes,partial,yes,no
/usr/bin/spottopgm,no,no,partial,yes,no
/usr/bin/gnomevfs-mkdir,no,yes,partial,yes,no
/usr/bin/pgmtolispm,no,no,yes,yes,no
/usr/bin/pamcomp,no,yes,no,yes,no
/usr/bin/sg_rtpg,no,yes,yes,yes,no
/usr/bin/expect,no,yes,yes,yes,no
/usr/bin/grops,no,yes,partial,yes,no
/usr/bin/gnome-default-applications-properties,no,no,unknown,yes,no
/usr/bin/fstopgm,no,no,no,yes,no
/usr/bin/gpgsm,yes,yes,partial,yes,no
/usr/bin/w3m,yes,yes,partial,yes,no
/usr/bin/polkit-auth,no,yes,partial,yes,no
/usr/bin/unify,no,no,partial,yes,no
/usr/bin/zsoelim,no,yes,partial,yes,no
/usr/bin/dos2unix,no,no,yes,yes,no
/usr/bin/sgitopnm,no,no,no,yes,no
/usr/bin/gucharmap,no,yes,unknown,yes,no
/usr/bin/openipmicmd,no,yes,partial,yes,no
/usr/bin/pbmtoybm,no,no,unknown,yes,no
/usr/bin/gnome-audio-profiles-properties,no,no,unknown,yes,no
/usr/bin/pamstereogram,no,yes,unknown,yes,no
/usr/bin/pnmtopnm,no,no,unknown,yes,no
/usr/bin/ppmtoilbm,no,no,no,yes,no
/usr/bin/infokey,no,yes,partial,yes,no
/usr/bin/xclock,no,no,partial,yes,no
/usr/bin/unlink,no,no,partial,yes,no
/usr/bin/pbmtox10bm,no,no,yes,yes,no
/usr/bin/pc1toppm,no,no,unknown,yes,no
/usr/bin/chage,yes,yes,partial,yes,no
/usr/bin/getdelays,no,yes,partial,yes,no
/usr/bin/gnome-screensaver,no,yes,yes,yes,no
/usr/bin/gpart,no,yes,partial,yes,no
/usr/bin/sudo,yes,yes,partial,yes,no
/usr/bin/ppmtoyuvsplit,no,no,yes,yes,no
/usr/bin/pbmtomatrixorbital,no,no,unknown,yes,no
/usr/bin/mdatopbm,no,no,partial,yes,no
/usr/bin/smbcacls,yes,yes,partial,yes,no
/usr/bin/sg_map26,no,yes,partial,yes,no
/usr/bin/enchant-lsmod,no,no,yes,yes,no
/usr/bin/tbl,no,no,partial,yes,no
/usr/bin/pnmrotate,no,no,unknown,yes,no
/usr/bin/pbmtog3,no,yes,unknown,yes,no
/usr/bin/tartest,no,yes,no,yes,no
/usr/bin/icewm,no,yes,partial,yes,no
/usr/bin/poll_ppd_base,yes,yes,partial,yes,no
/usr/bin/funzip,yes,yes,partial,yes,no
/usr/bin/pnmtofiasco,no,yes,partial,yes,no
/usr/bin/gconf-editor,no,no,unknown,yes,no
/usr/bin/lsscsi,no,yes,partial,yes,no
/usr/bin/getfacl,no,yes,partial,yes,no
/usr/bin/dumpsolv,no,yes,partial,yes,no
/usr/bin/lshal,no,no,partial,yes,no
/usr/bin/pbmtowbmp,no,no,unknown,yes,no
/usr/bin/gnome-volume-control-applet,no,yes,unknown,yes,no
/usr/bin/eu-size,no,yes,partial,yes,no
/usr/bin/polkit-action,no,no,yes,yes,no
/usr/bin/sha512sum,no,no,partial,yes,no
/usr/bin/ldapexop,yes,yes,partial,yes,no
/usr/bin/migspeed,no,yes,partial,yes,no
/usr/bin/turbostat,no,yes,partial,yes,no
/usr/bin/pcl3opts,no,yes,partial,yes,no
/usr/bin/colcrt,no,no,partial,yes,no
/usr/bin/fftest,no,no,partial,yes,no
/usr/bin/intel_upload_blit_large,no,yes,partial,yes,no
/usr/bin/enchant,no,no,yes,yes,no
/usr/bin/msgfmt,no,yes,partial,yes,no
/usr/bin/mergesolv,no,yes,partial,yes,no
/usr/bin/csplit,no,yes,partial,yes,no
/usr/bin/hal-lock,no,no,yes,yes,no
/usr/bin/gpk-install-mime-type,no,yes,yes,yes,no
/usr/bin/nice,no,no,partial,yes,no
/usr/bin/fusermount,no,yes,partial,yes,no
/usr/bin/opiegen,no,yes,partial,yes,no
/usr/bin/fragiso,no,yes,partial,yes,no
/usr/bin/sg_sat_set_features,no,yes,yes,yes,no
/usr/bin/chattr,no,no,yes,yes,no
/usr/bin/icontopbm,no,no,unknown,yes,no
/usr/bin/pbmtoatk,no,yes,yes,yes,no
/usr/bin/unrar,no,yes,partial,yes,no
/usr/bin/pbm2l2030,no,yes,partial,yes,no
/usr/bin/zipcloak,no,yes,partial,yes,no
/usr/bin/fc-list32,no,no,yes,yes,no
/usr/bin/xstdcmap,no,yes,yes,yes,no
/usr/bin/tifftopnm,no,yes,unknown,yes,no
/usr/bin/ddate,no,yes,partial,yes,no
/usr/bin/ft1view,no,no,partial,yes,no
/usr/bin/perl5.10.0,no,yes,partial,yes,no
/usr/bin/pbmtogo,no,no,yes,yes,no
/usr/bin/mkmanifest,no,yes,partial,yes,no
/usr/bin/pango-querymodules,no,no,unknown,yes,no
/usr/bin/mkdgiff,no,no,yes,yes,no
/usr/bin/ximtoppm,no,no,no,yes,no
/usr/bin/expand,no,yes,partial,yes,no
/usr/bin/ppmtopj,no,no,yes,yes,no
/usr/bin/fbdump,no,yes,yes,yes,no
/usr/bin/vttest,no,yes,partial,yes,no
/usr/bin/gnomevfs-mv,no,yes,partial,yes,no
/usr/bin/viewres,no,no,yes,yes,no
/usr/bin/bmtoa,no,yes,partial,yes,no
/usr/bin/canberra-gtk-play,no,no,unknown,yes,no
/usr/bin/star,no,yes,partial,yes,no
/usr/bin/gnome-screensaver-command,no,no,unknown,yes,no
/usr/bin/pgmbentley,no,no,unknown,yes,no
/usr/bin/Xvnc,no,yes,partial,yes,no
/usr/bin/gcalctool,no,yes,partial,yes,no
/usr/bin/pnmtotiffcmyk,no,no,yes,yes,no
/usr/bin/pnmscale,no,no,unknown,yes,no
/usr/bin/pnmtops,no,no,yes,yes,no
/usr/bin/ypwhich,no,yes,yes,yes,no
/usr/bin/sqlite3,no,no,no,yes,no
/usr/bin/sss_ssh_authorizedkeys,no,yes,partial,yes,no
/usr/bin/openct-tool,no,yes,yes,yes,no
/usr/bin/mtvtoppm,no,no,no,yes,no
/usr/bin/zipnote,no,yes,partial,yes,no
/usr/bin/rpasswd,no,yes,partial,yes,no
/usr/bin/magnifier,no,yes,yes,yes,no
/usr/bin/tsort,no,no,partial,yes,no
/usr/bin/ppm3d,no,no,unknown,yes,no
/usr/bin/pbmtoibm23xx,no,no,no,yes,no
/usr/bin/cmuwmtopbm,no,no,unknown,yes,no
/usr/bin/evince-thumbnailer,no,no,unknown,yes,no
/usr/bin/pnmtopclxl,no,no,no,yes,no
/usr/bin/prctl,no,no,yes,yes,no
/usr/bin/at,yes,yes,partial,yes,no
/usr/bin/du,no,yes,partial,yes,no
/usr/bin/watch,no,no,partial,yes,no
/usr/bin/ruby,no,no,unknown,yes,no
/usr/bin/jpeg2ktopam,no,yes,unknown,yes,no
/usr/bin/gettext,no,yes,partial,yes,no
/usr/bin/pbmtoescp2,no,no,partial,yes,no
/usr/bin/iasl,no,yes,partial,yes,no
/usr/bin/xbiff,no,no,partial,yes,no
/usr/bin/mandb,no,no,yes,yes,no
/usr/bin/pbmtolps,no,no,yes,yes,no
/usr/bin/hunzip,no,no,yes,yes,no
/usr/bin/flock,no,no,yes,yes,no
/usr/bin/pamstack,no,no,yes,yes,no
/usr/bin/testname,no,yes,yes,yes,no
/usr/bin/ldapmodify,yes,yes,partial,yes,no
/usr/bin/hal-setup-keymap,no,yes,yes,yes,no
/usr/bin/rpmdb2solv,no,yes,partial,yes,no
/usr/bin/dristat,no,yes,partial,yes,no
/usr/bin/pdbedit,yes,yes,partial,yes,no
/usr/bin/od,no,yes,partial,yes,no
/usr/bin/sharesec,yes,yes,partial,yes,no
/usr/bin/sg_ses_microcode,no,yes,partial,yes,no
/usr/bin/installcheck,no,yes,partial,yes,no
/usr/bin/tty,no,no,partial,yes,no
/usr/bin/cue2toc,no,yes,partial,yes,no
/usr/bin/rarian-example,no,no,yes,yes,no
/usr/bin/pkmon,no,yes,yes,yes,no
/usr/bin/gnome-typing-monitor,no,no,unknown,yes,no
/usr/bin/411toppm,no,no,no,yes,no
/usr/bin/dirname,no,no,partial,yes,no
/usr/bin/desktop-file-install,no,yes,no,yes,no
/usr/bin/sfcbmof,no,yes,partial,yes,no
/usr/bin/m4,no,yes,partial,yes,no
/usr/bin/nl,no,no,partial,yes,no
/usr/bin/gnome-session,no,yes,partial,yes,no
/usr/bin/zkt-soaserial,no,yes,partial,yes,no
/usr/bin/procmail,no,yes,partial,yes,no
/usr/bin/pgpring,no,yes,partial,yes,no
/usr/bin/tiffdiff,no,yes,yes,yes,no
/usr/bin/gst-discoverer-0.10,no,no,unknown,yes,no
/usr/bin/tclsh8.5,no,no,unknown,yes,no
/usr/bin/shcomp,no,yes,no,yes,no
/usr/bin/xdbedizzy,no,yes,yes,yes,no
/usr/bin/wish8.5,no,no,unknown,yes,no
/usr/bin/sg_sanitize,no,yes,partial,yes,no
/usr/bin/fileschanged,no,yes,partial,yes,no
/usr/bin/fitstopnm,no,yes,partial,yes,no
/usr/bin/ppmtorgb3,no,no,yes,yes,no
/usr/bin/gpgkey2ssh,yes,yes,partial,yes,no
/usr/bin/genisoimage,no,yes,partial,yes,no
/usr/bin/db_deadlock,no,yes,partial,yes,no
/usr/bin/pnmpaste,no,no,unknown,yes,no
/usr/bin/gstreamer-properties,no,no,unknown,yes,no
/usr/bin/xxd,no,yes,yes,yes,no
/usr/bin/ldapwhoami,yes,yes,partial,yes,no
/usr/bin/ftview,no,yes,partial,yes,no
/usr/bin/pdftohtml,no,yes,partial,yes,no
/usr/bin/btt,no,yes,partial,yes,no
/usr/bin/xbmtopbm,no,yes,no,yes,no
/usr/bin/asn1Coding,no,no,partial,yes,no
/usr/bin/aconnect,no,yes,partial,yes,no
/usr/bin/slabtop,no,yes,partial,yes,no
/usr/bin/sfinfo,no,no,yes,yes,no
/usr/bin/gnome-session-save,no,no,unknown,yes,no
/usr/bin/btrecord,no,yes,partial,yes,no
/usr/bin/sg_ident,no,yes,partial,yes,no
/usr/bin/icclink,no,no,partial,yes,no
/usr/bin/pbmtomgr,no,no,unknown,yes,no
/usr/bin/gnome-session-properties,no,no,unknown,yes,no
/usr/bin/intel_stepping,no,no,yes,yes,no
/usr/bin/rhd_conntest,no,yes,yes,yes,no
/usr/bin/pnmtojpeg,no,no,no,yes,no
/usr/bin/pcxtoppm,no,no,unknown,yes,no
/usr/bin/addftinfo,no,no,partial,yes,no
/usr/bin/watchgnupg,yes,no,partial,yes,no
/usr/bin/pkcs15-init,no,yes,partial,yes,no
/usr/bin/colrm,no,no,unknown,yes,no
/usr/bin/rasttopnm,no,no,no,yes,no
/usr/bin/ppmtolj,no,no,partial,yes,no
/usr/bin/pgmtopgm,no,no,unknown,yes,no
/usr/bin/devdump,no,yes,partial,yes,no
/usr/bin/pamscale,no,yes,yes,yes,no
/usr/bin/asn1Parser,no,no,partial,yes,no
/usr/bin/gconftool-2,no,yes,no,yes,no
/usr/bin/m2300w,no,yes,partial,yes,no
/usr/bin/pamslice,no,no,yes,yes,no
/usr/bin/gnome-mount,no,yes,partial,yes,no
/usr/bin/hal-find-by-capability,no,no,yes,yes,no
/usr/bin/mev,no,no,partial,yes,no
/usr/bin/leaftoppm,no,yes,no,yes,no
/usr/bin/envsubst,no,yes,partial,yes,no
/usr/bin/dialog,no,yes,partial,yes,no
/usr/bin/pbmmask,no,no,unknown,yes,no
/usr/bin/tailf,no,yes,no,yes,no
/usr/bin/hunspell,no,yes,partial,yes,no
/usr/bin/ft1lint,no,no,partial,yes,no
/usr/bin/eu-nm,no,yes,partial,yes,no
/usr/bin/wbemcli,no,yes,partial,yes,no
/usr/bin/rcp,yes,yes,partial,yes,no
/usr/bin/xscreensaver-gl-helper,no,yes,partial,yes,no
/usr/bin/lpq,yes,yes,yes,yes,no
/usr/bin/acpinames,no,yes,partial,yes,no
/usr/bin/termidx,no,yes,yes,yes,no
/usr/bin/sg_get_config,no,yes,partial,yes,no
/usr/bin/xlsclients,no,no,yes,yes,no
/usr/bin/unzip,yes,yes,partial,yes,no
/usr/bin/updateinfoxml2solv,no,yes,partial,yes,no
/usr/bin/pkgenpack,no,yes,yes,yes,no
/usr/bin/infotopam,no,yes,no,yes,no
/usr/bin/pnmcat,no,no,unknown,yes,no
/usr/bin/ypchsh,no,yes,partial,yes,no
/usr/bin/sg_read,no,yes,partial,yes,no
/usr/bin/opiekey,no,yes,partial,yes,no
/usr/bin/gvfs-monitor-file,no,no,unknown,yes,no
/usr/bin/test-speech,no,yes,partial,yes,no
/usr/bin/ftbench,no,no,partial,yes,no
/usr/bin/mkzimage_cmdline,no,no,partial,yes,no
/usr/bin/evince-previewer,no,no,unknown,yes,no
/usr/bin/x86info,no,yes,partial,yes,yes
/usr/bin/pbmtoln03,no,yes,yes,yes,no
/usr/bin/sldtoppm,no,no,no,yes,no
/usr/bin/testsaslauthd,no,yes,partial,yes,no
/usr/bin/ppmtoarbtxt,no,yes,partial,yes,no
/usr/bin/aplay,no,yes,partial,yes,no
/usr/bin/vino-preferences,no,no,yes,yes,no
/usr/bin/sessreg,no,yes,partial,yes,no
/usr/bin/xdmshell,no,no,yes,yes,no
/usr/bin/xwininfo,no,yes,partial,yes,no
/usr/bin/cups-calibrate,no,yes,partial,yes,no
/usr/bin/absset,no,no,yes,yes,no
/usr/bin/xwdtopnm,no,no,no,yes,no
/usr/bin/pango-querymodules-64,no,no,unknown,yes,no
/usr/bin/pamdeinterlace,no,no,unknown,yes,no
/usr/bin/smbcquotas,yes,yes,partial,yes,no
/usr/bin/acpi_listen,no,yes,partial,yes,no
/usr/bin/fold,no,yes,partial,yes,no
/usr/bin/pkg-config,no,yes,partial,yes,no
/usr/bin/clear,no,no,unknown,yes,no
/usr/bin/gpg2,yes,yes,partial,yes,no
/usr/bin/mkfontscale,no,yes,partial,yes,no
/usr/bin/ppmtopjxl,no,no,yes,yes,no
/usr/bin/netkey-tool,no,yes,yes,yes,no
/usr/bin/gnomevfs-ls,no,yes,partial,yes,no
/usr/bin/chrt,no,yes,yes,yes,no
/usr/bin/unshar,no,yes,partial,yes,no
/usr/bin/cksum,no,yes,partial,yes,no
/usr/bin/pamsummcol,no,yes,unknown,yes,no
/usr/bin/dircolors,no,no,partial,yes,no
/usr/bin/dfbinput,no,no,yes,yes,no
/usr/bin/db_dump,no,no,partial,yes,no
/usr/bin/sg_safte,no,yes,yes,yes,no
/usr/bin/word-list-compress,no,yes,unknown,yes,no
/usr/bin/notify-send,no,no,yes,yes,no
/usr/bin/xfontsel,no,yes,partial,yes,no
/usr/bin/ppmtoneo,no,no,unknown,yes,no
/usr/bin/cpupower,no,yes,partial,yes,no
/usr/bin/lessecho,no,yes,yes,yes,no
/usr/bin/ppmtoicr,no,no,yes,yes,no
/usr/bin/gethostip,no,no,no,yes,no
/usr/bin/giftopnm,no,yes,partial,yes,no
/usr/bin/Xvfb,no,yes,partial,yes,no
/usr/bin/look,no,no,yes,yes,no
/usr/bin/col,no,no,no,yes,no
/usr/bin/xprop,no,yes,partial,yes,no
/usr/bin/ssh-keyscan,yes,yes,partial,yes,yes
/usr/bin/ft1strpnm,no,no,partial,yes,no
/usr/bin/bitmap,no,yes,partial,yes,no
/usr/bin/ipmitool,no,yes,partial,yes,no
/usr/bin/truncate,no,yes,partial,yes,no
/usr/bin/pnmtosir,no,no,unknown,yes,no
/usr/bin/xcompmgr,no,no,partial,yes,no
/usr/bin/bioradtopgm,no,no,unknown,yes,no
/usr/bin/blkiomon,no,no,partial,yes,no
/usr/bin/sg_stpg,no,yes,yes,yes,no
/usr/bin/gnome-panel,no,yes,no,yes,no
/usr/bin/gkbd-indicator-plugins-capplet,no,no,unknown,yes,no
/usr/bin/mesg,no,no,yes,yes,no
/usr/bin/xconsole,no,yes,partial,yes,no
/usr/bin/lprm,yes,yes,yes,yes,no
/usr/bin/cdinfo,no,no,partial,yes,no
/usr/bin/xsetmode,no,no,yes,yes,no
/usr/bin/luit,no,yes,partial,yes,no
/usr/bin/isovfy,no,yes,partial,yes,no
/usr/bin/repomdxml2solv,no,yes,partial,yes,no
/usr/bin/pbmtoxbm,no,no,yes,yes,no
/usr/bin/pfmtopam,no,yes,no,yes,no
/usr/bin/nautilus-connect-server,no,yes,partial,yes,no
/usr/bin/ft1dump,no,yes,partial,yes,no
/usr/bin/smbfilter,yes,yes,partial,yes,no
/usr/bin/pamstretch,no,no,unknown,yes,no
/usr/bin/lp,yes,yes,partial,yes,no
/usr/bin/update-mime-database,no,no,no,yes,no
/usr/bin/unclutter,no,no,yes,yes,no
/usr/bin/dbus-launch,no,yes,partial,yes,no
/usr/bin/toc2cue,no,yes,partial,yes,no
/usr/bin/gpk-install-package-name,no,yes,yes,yes,no
/usr/bin/elfedit,no,yes,partial,yes,no
/usr/bin/xhost,no,yes,partial,yes,no
/usr/bin/pbmtextps,no,yes,partial,yes,no
/usr/bin/espeak,no,no,no,yes,no
/usr/bin/eventlogadm,yes,yes,partial,yes,no
/usr/bin/dirmngr-client,no,yes,partial,yes,no
/usr/bin/nautilus-cd-burner,no,yes,no,yes,no
/usr/bin/c++filt,no,yes,partial,yes,no
/usr/bin/ppmtoterm,no,no,yes,yes,no
/usr/bin/gnome-desktop-item-edit,no,yes,no,yes,no
/usr/bin/pnmcrop,no,no,unknown,yes,no
/usr/bin/cut,no,yes,partial,yes,no
/usr/bin/guile,no,no,unknown,yes,no
/usr/bin/openssl,no,yes,partial,yes,no
/usr/bin/unzipsfx,yes,yes,partial,yes,no
/usr/bin/fixnt,no,no,partial,yes,no
/usr/bin/gdk-pixbuf-query-loaders,no,no,unknown,yes,no
/usr/bin/zeisstopnm,no,no,unknown,yes,no
/usr/bin/hal-get-property,no,no,yes,yes,no
/usr/bin/pi3topbm,no,no,unknown,yes,no
/usr/bin/aulastlog,no,yes,yes,yes,no
/usr/bin/info,no,yes,partial,yes,no
/usr/bin/rpmmd2solv,no,yes,partial,yes,no
/usr/bin/makedeltaiso,no,yes,partial,yes,no
/usr/bin/net,yes,yes,partial,yes,no
/usr/bin/xrefresh,no,no,yes,yes,no
/usr/bin/xauth,no,yes,partial,yes,no
/usr/bin/BackGround,no,yes,no,yes,no
/usr/bin/sg_luns,no,yes,partial,yes,no
/usr/bin/xmh,no,yes,partial,yes,no
/usr/bin/rutoken-tool,no,yes,partial,yes,no
/usr/bin/pnmtorast,no,no,no,yes,no
/usr/bin/pdftops,no,no,partial,yes,no
/usr/bin/toe,no,yes,yes,yes,no
/usr/bin/ipmi_ui,no,yes,yes,yes,no
/usr/bin/hdifftopam,no,no,unknown,yes,no
/usr/bin/kbxutil,yes,yes,partial,yes,no
/usr/bin/curl.openssl0,no,yes,no,yes,no
/usr/bin/mt,no,yes,partial,yes,no
/usr/bin/sg_reassign,no,yes,partial,yes,no
/usr/bin/gsf,no,no,unknown,yes,no
/usr/bin/fmt,no,no,partial,yes,no
/usr/bin/pgawk,no,yes,partial,yes,no
/usr/bin/hostid,no,no,partial,yes,no
/usr/bin/xgamma,no,no,yes,yes,no
/usr/bin/splitmail,no,yes,partial,yes,no
/usr/bin/ft1sbit,no,no,partial,yes,no
/usr/bin/pr,no,yes,partial,yes,no
/usr/bin/scp,yes,yes,partial,yes,yes
/usr/bin/xmore,no,yes,yes,yes,no
/usr/bin/ldbmodify,no,no,yes,yes,no
/usr/bin/zypp-CheckAccessDeleted,no,yes,yes,yes,no
/usr/bin/gdmflexiserver,no,no,yes,yes,no
/usr/bin/snice,no,yes,partial,yes,no
/usr/bin/cancel,yes,yes,yes,yes,no
/usr/bin/sg_write_verify,no,yes,partial,yes,no
/usr/bin/rexec,yes,yes,partial,yes,no
/usr/bin/bc,no,yes,partial,yes,no
/usr/bin/namei,no,yes,partial,yes,no
/usr/bin/eu-unstrip,no,yes,partial,yes,no
/usr/bin/ftlint,no,no,partial,yes,no
/usr/bin/uuencode,no,yes,partial,yes,no
/usr/bin/sg_requests,no,yes,yes,yes,no
/usr/bin/ppmdim,no,no,unknown,yes,no
/usr/bin/xkbwatch,no,yes,partial,yes,no
/usr/bin/dfbinfo,no,yes,yes,yes,no
/usr/bin/db_verify,no,no,partial,yes,no
/usr/bin/listres,no,no,yes,yes,no
/usr/bin/mkfifo,no,no,partial,yes,no
/usr/bin/cpp-4.3,no,no,no,yes,no
/usr/bin/perl,no,yes,partial,yes,no
/usr/bin/gnome-search-tool,no,yes,partial,yes,no
/usr/bin/intel_l3_parity,no,no,partial,yes,no
/usr/bin/lbxproxy,no,yes,partial,yes,no
/usr/bin/xlsatoms,no,no,yes,yes,no
/usr/bin/ppmtopuzz,no,no,unknown,yes,no
/usr/bin/sg_reset,no,no,yes,yes,no
/usr/bin/gpk-prefs,no,yes,yes,yes,no
/usr/bin/comm,no,no,partial,yes,no
/usr/bin/activation-client,no,no,unknown,yes,no
/usr/bin/gnome-about-me,no,yes,no,yes,no
/usr/bin/dasher,no,yes,partial,yes,no
/usr/bin/iconv,no,no,no,yes,no
/usr/bin/opieinfo,no,yes,partial,yes,no
/usr/bin/proxymngr,no,yes,partial,yes,no
/usr/bin/xtrapreset,no,no,yes,yes,no
/usr/bin/syslinux,no,no,no,yes,no
/usr/bin/ppmdist,no,no,unknown,yes,no
/usr/bin/stdbuf,no,yes,partial,yes,no
/usr/bin/mmencode,no,yes,partial,yes,no
/usr/bin/pulseaudio,no,yes,yes,yes,yes
/usr/bin/intel_upload_blit_small,no,no,partial,yes,no
/usr/bin/beforelight,no,no,unknown,yes,no
/usr/bin/expr,no,yes,partial,yes,no
/usr/bin/smbta-util,yes,yes,partial,yes,no
/usr/bin/macptopbm,no,no,unknown,yes,no
/usr/bin/gnome-keybinding-properties,no,no,unknown,yes,no
/usr/bin/sg_start,no,yes,yes,yes,no
/usr/bin/unexpand,no,yes,partial,yes,no
/usr/bin/ppmtowinicon,no,no,no,yes,no
/usr/bin/xbacklight,no,no,yes,yes,no
/usr/bin/pamenlarge,no,yes,unknown,yes,no
/usr/bin/pgmtoppm,no,no,unknown,yes,no
/usr/bin/pnmconvol,no,no,unknown,yes,no
/usr/bin/mkzftree,no,yes,partial,yes,no
/usr/bin/gtk-query-immodules-2.0,no,no,unknown,yes,no
/usr/bin/lpoptions,yes,no,no,yes,no
/usr/bin/xz,no,yes,partial,yes,no
/usr/bin/metacity-theme-viewer,no,no,unknown,yes,no
/usr/bin/zip,no,yes,partial,yes,no
/usr/bin/rawtopgm,no,no,unknown,yes,no
/usr/bin/dvd+rw-format,no,yes,partial,yes,no
/usr/bin/trigger-panel-run-dialog,no,yes,unknown,yes,no
/usr/bin/atobm,no,yes,partial,yes,no
/usr/bin/ybmtopbm,no,no,unknown,yes,no
/usr/bin/pax,no,yes,partial,yes,no
/usr/bin/gnome-sound-recorder,no,no,unknown,yes,no
/usr/bin/pnmtoxwd,no,no,unknown,yes,no
/usr/bin/setfattr,no,no,partial,yes,no
/usr/bin/xtrapchar,no,no,yes,yes,no
/usr/bin/pnmpad,no,no,unknown,yes,no
/usr/bin/acpihelp,no,yes,partial,yes,no
/usr/bin/file,no,yes,partial,yes,no
/usr/bin/pnm2ppa,no,yes,partial,yes,no
/usr/bin/gs,no,no,no,yes,no
/usr/bin/gvfs-cat,no,yes,unknown,yes,no
/usr/bin/brushtopbm,no,no,unknown,yes,no
/usr/bin/eyuvtoppm,no,no,no,yes,no
/usr/bin/grolj4,no,yes,partial,yes,no
/usr/bin/ldapsearch,yes,yes,partial,yes,no
/usr/bin/dfbg,no,no,yes,yes,no
/usr/bin/hzip,no,yes,partial,yes,no
/usr/bin/eidenv,no,yes,partial,yes,no
/usr/bin/ipmilan,no,yes,partial,yes,no
/usr/bin/makedumpfile,no,yes,partial,yes,no
/usr/bin/xclipboard,no,yes,partial,yes,no
/usr/bin/gnomevfs-rm,no,yes,partial,yes,no
/usr/bin/pbmtoepsi,no,no,yes,yes,no
/usr/bin/aulast,no,yes,yes,yes,no
/usr/bin/ldapdelete,yes,yes,partial,yes,no
/usr/bin/crash,no,yes,partial,yes,no
/usr/bin/a2p,no,yes,partial,yes,no
/usr/bin/xmllint,no,yes,partial,yes,no
/usr/bin/pbmtomacp,no,yes,yes,yes,no
/usr/bin/pgmenhance,no,no,unknown,yes,no
/usr/bin/inputattach,no,yes,partial,yes,no
/usr/bin/hal-is-caller-privileged,no,no,yes,yes,no
/usr/bin/utmpdump,no,yes,partial,yes,no
/usr/bin/tfmtodit,no,yes,partial,yes,no
/usr/bin/ppmtoppm,no,no,unknown,yes,no
/usr/bin/smbpasswd,yes,yes,partial,yes,no
/usr/bin/dnssec-zkt,no,yes,partial,yes,no
/usr/bin/dfbdump,no,yes,yes,yes,no
/usr/bin/wtpt,no,yes,yes,yes,no
/usr/bin/evtest,no,yes,partial,yes,no
/usr/bin/FvwmCommand,no,yes,partial,yes,no
/usr/bin/ldapmodrdn,yes,yes,partial,yes,no
/usr/bin/acpibin,no,no,partial,yes,no
/usr/bin/baobab,no,yes,no,yes,no
/usr/bin/cpufreq-set,no,yes,partial,yes,no
/usr/bin/pasuspender,no,no,yes,yes,no
/usr/bin/systool,no,yes,partial,yes,no
/usr/bin/pgmramp,no,no,unknown,yes,no
/usr/bin/rpmgraph,no,yes,partial,yes,no
/usr/bin/test,no,yes,partial,yes,no
/usr/bin/tee,no,yes,partial,yes,no
/usr/bin/ssh-keygen,yes,yes,partial,yes,yes
/usr/bin/opiesu,no,yes,partial,yes,no
/usr/bin/fttimer,no,no,partial,yes,no
/usr/bin/pnmhisteq,no,no,partial,yes,no
/usr/bin/xfwp,no,yes,partial,yes,no
/usr/bin/x11perf,no,yes,partial,yes,no
/usr/bin/ld.bfd,no,yes,partial,yes,no
/usr/bin/wc,no,yes,partial,yes,no
/usr/bin/gnome-system-log,no,yes,no,yes,no
/usr/bin/sg_senddiag,no,yes,partial,yes,no
/usr/bin/strace32,no,yes,partial,yes,no
/usr/bin/ipcs,no,yes,yes,yes,no
/usr/bin/wnckprop,no,yes,unknown,yes,no
/usr/bin/chooser,no,yes,partial,yes,no
/usr/bin/lsusb,no,yes,partial,yes,no
/usr/bin/c2070,no,yes,unknown,yes,no
/usr/bin/shar,no,yes,partial,yes,no
/usr/bin/cardos-info,no,yes,yes,yes,no
/usr/bin/join,no,no,partial,yes,no
/usr/bin/intel_gtt,no,no,yes,yes,no
/usr/bin/sg_read_long,no,yes,partial,yes,no
/usr/bin/yppasswd,no,yes,partial,yes,no
/usr/bin/pnmnorm,no,no,unknown,yes,no
/usr/bin/xprehashprinterlist,no,no,yes,yes,no
/usr/bin/qdbusviewer,no,no,no,yes,no
/usr/bin/aseqdump,no,yes,partial,yes,no
/usr/bin/ppmpat,no,no,unknown,yes,no
/usr/bin/icewmbg,no,yes,partial,yes,no
/usr/bin/numactl,no,yes,yes,yes,no
/usr/bin/bzip2recover,no,no,partial,yes,no
/usr/bin/pbmtocmuwm,no,no,unknown,yes,no
/usr/bin/neotoppm,no,no,unknown,yes,no
/usr/bin/whereis,no,yes,partial,yes,no
/usr/bin/joe,no,yes,partial,yes,no
/usr/bin/intel_reg_snapshot,no,yes,yes,yes,no
/usr/bin/xscreensaver-demo,no,yes,partial,yes,no
/usr/bin/dvd-ram-control,no,yes,partial,yes,no
/usr/bin/xtrapproto,no,no,yes,yes,no
/usr/bin/icewmhint,no,no,partial,yes,no
/usr/bin/uwmdump,no,no,yes,yes,no
/usr/bin/pamtodjvurle,no,yes,yes,yes,no
/usr/bin/pkcon,no,yes,yes,yes,no
/usr/bin/lexgrog,no,yes,partial,yes,no
/usr/bin/nm,no,yes,partial,yes,no
/usr/bin/ypcat,no,yes,partial,yes,no
/usr/bin/sbigtopgm,no,yes,partial,yes,no
/usr/bin/bmptopnm,no,no,no,yes,no
/usr/bin/xtrapout,no,no,yes,yes,no
/usr/bin/gpk-update-viewer,no,yes,yes,yes,no
/usr/bin/xmlwf,no,no,partial,yes,no
/usr/bin/ppmbrighten,no,no,unknown,yes,no
/usr/bin/Xnest,no,yes,partial,yes,no
/usr/bin/yelp,no,yes,partial,yes,no
/usr/bin/setsid,no,no,yes,yes,no
/usr/bin/intel_bios_reader,no,yes,partial,yes,no
/usr/bin/profiles,yes,yes,partial,yes,no
/usr/bin/xfsinfo,no,no,yes,yes,no
/usr/bin/strings,no,yes,partial,yes,no
/usr/bin/verify_blkparse,no,yes,partial,yes,no
/usr/bin/ffset,no,no,partial,yes,no
/usr/bin/netcat,no,no,partial,yes,no
/usr/bin/sfcbmofpp,no,yes,partial,yes,no
/usr/bin/vlock,no,no,partial,yes,no
/usr/bin/sg_compare_and_write,no,yes,partial,yes,no
/usr/bin/sg_inq,no,yes,partial,yes,no
/usr/bin/sg_decode_sense,no,yes,partial,yes,no
/usr/bin/ldbedit,no,yes,yes,yes,no
/usr/bin/qtconfig,no,no,no,yes,no
/usr/bin/gmime-uuencode,no,no,yes,yes,no
/usr/bin/pbmtopk,no,yes,partial,yes,no
/usr/bin/escp2topbm,no,no,no,yes,no
/usr/bin/btcflash,no,yes,partial,yes,no
/usr/bin/sg_persist,no,yes,partial,yes,no
/usr/bin/ijsgutenprint.5.0,no,yes,partial,yes,no
/usr/bin/ppmflash,no,no,unknown,yes,no
/usr/bin/xpmtoppm,no,yes,partial,yes,no
/usr/bin/pgmtopbm,no,no,unknown,yes,no
/usr/bin/fc-cat32,no,no,yes,yes,no
/usr/bin/pamtouil,no,no,yes,yes,no
/usr/bin/smbtree,yes,yes,partial,yes,no
/usr/bin/pnmmontage,no,yes,partial,yes,no
/usr/bin/gvfs-rm,no,no,unknown,yes,no
/usr/bin/env,no,no,partial,yes,no
/usr/bin/grolbp,no,yes,partial,yes,no
/usr/bin/gnome-control-center,no,no,unknown,yes,no
/usr/bin/btrfs-map-logical,no,yes,partial,yes,no
/usr/bin/pango-view,no,yes,partial,yes,no
/usr/bin/drmstat,no,yes,yes,yes,no
/usr/bin/cxpm,no,yes,partial,yes,no
/usr/bin/checkmedia,no,no,no,yes,no
/usr/bin/gpgv2,yes,yes,partial,yes,no
/usr/bin/gvfs-rename,no,no,unknown,yes,no
/usr/bin/pnminvert,no,no,unknown,yes,no
/usr/bin/gvfs-mount,no,yes,no,yes,no
/usr/bin/hipstopgm,no,yes,no,yes,no
/usr/bin/spctoppm,no,no,unknown,yes,no
/usr/bin/profileeditor,no,yes,partial,yes,no
/usr/bin/fc-cache32,no,no,yes,yes,no
/usr/bin/shred,no,yes,partial,yes,no
/usr/bin/xli,no,yes,partial,yes,no
/usr/bin/tgatoppm,no,yes,partial,yes,no
/usr/bin/escputil,no,yes,partial,yes,no
/usr/bin/smt,no,yes,no,yes,no
/usr/bin/wget.openssl0,no,yes,partial,yes,no
/usr/bin/gnomevfs-copy,no,yes,partial,yes,no
/usr/bin/gnome-font-viewer,no,no,unknown,yes,no
/usr/bin/pgpewrap,no,no,yes,yes,no
/usr/bin/gencat,no,no,no,yes,no
/usr/bin/xtrapstats,no,no,partial,yes,no
/usr/bin/pnmtoddif,no,yes,yes,yes,no
/usr/bin/pdftoppm,no,yes,partial,yes,no
/usr/bin/pkill,no,yes,partial,yes,no
/usr/bin/pamoil,no,no,unknown,yes,no
/usr/bin/aseqnet,no,yes,partial,yes,no
/usr/bin/aspell,no,yes,partial,yes,no
/usr/bin/readelf,no,yes,partial,yes,no
/usr/bin/btreplay,no,yes,partial,yes,no
/usr/bin/pnmshear,no,no,unknown,yes,no
/usr/bin/pampop9,no,no,unknown,yes,no
/usr/bin/w,no,yes,partial,yes,no
/usr/bin/xsltproc,no,no,yes,yes,no
/usr/bin/winicontoppm,no,yes,partial,yes,no
/usr/bin/ksymoops,no,yes,partial,yes,no
/usr/bin/mbchk,no,no,no,yes,no
/usr/bin/finger,yes,yes,partial,yes,no
/usr/bin/polkit-config-file-validate,no,no,yes,yes,no
/usr/bin/ppmshift,no,no,unknown,yes,no
/usr/bin/appres,no,no,yes,yes,no
/usr/bin/xmodmap,no,yes,partial,yes,no
/usr/bin/sg_rdac,no,yes,yes,yes,no
/usr/bin/getent,no,no,no,yes,no
/usr/bin/linc-cleanup-sockets,no,yes,yes,yes,no
/usr/bin/susetags2solv,no,yes,partial,yes,no
/usr/bin/application-browser,no,no,unknown,yes,no
/usr/bin/rendercheck,no,yes,partial,yes,no
/usr/bin/pbmtodjvurle,no,no,yes,yes,no
/usr/bin/users,no,no,partial,yes,no
/usr/bin/pamcut,no,yes,unknown,yes,no
/usr/bin/pbmclean,no,no,unknown,yes,no
/usr/bin/soelim,no,no,partial,yes,no
/usr/bin/xwud,no,no,partial,yes,no
/usr/bin/opensc-tool,no,yes,yes,yes,no
/usr/bin/sg_format,no,yes,yes,yes,no
/usr/bin/intel_reg_checker,no,yes,yes,yes,no
/usr/bin/gvfs-trash,no,no,unknown,yes,no
/usr/bin/ftmemchk,no,no,partial,yes,no
/usr/bin/gvfs-tree,no,no,unknown,yes,no
/usr/bin/cyrus_sasl_sample_client,no,yes,partial,yes,no
/usr/bin/gnome-mouse-properties,no,no,unknown,yes,no
/usr/bin/gnome-display-properties,no,no,unknown,yes,no
/usr/bin/combinedeltarpm,no,yes,partial,yes,no
/usr/bin/tifficc,no,yes,partial,yes,no
/usr/bin/xglyph,no,no,partial,yes,no
/usr/bin/nautilus-autorun-software,no,yes,partial,yes,no
/usr/bin/mrftopbm,no,no,no,yes,no
/usr/bin/gprof,no,yes,partial,yes,no
/usr/bin/ppmrelief,no,no,unknown,yes,no
/usr/bin/scdaemon,yes,yes,partial,yes,no
/usr/bin/xeyes,no,no,unknown,yes,no
/usr/bin/ldapurl,yes,yes,partial,yes,no
/usr/bin/strip,no,yes,partial,yes,no
/usr/bin/tac,no,no,partial,yes,no
/usr/bin/xsm,no,yes,partial,yes,no
/usr/bin/gpk-backend-status,no,yes,yes,yes,no
/usr/bin/icesh,no,yes,partial,yes,no
/usr/bin/qdbus,no,no,yes,yes,no
/usr/bin/sss_ssh_knownhostsproxy,no,yes,partial,yes,no
/usr/bin/jpegtopnm,no,yes,partial,yes,no
/usr/bin/gnomevfs-df,no,yes,partial,yes,no
/usr/bin/numastat,no,yes,partial,yes,no
/usr/bin/get_printing_ticket,yes,no,yes,yes,no
/usr/bin/xcutsel,no,no,partial,yes,no
/usr/bin/alsamixer,no,yes,partial,yes,no
/usr/bin/sdiff,no,yes,partial,yes,no
/usr/bin/ftvalid,no,no,yes,yes,no
/usr/bin/xrdb,no,yes,partial,yes,no
/usr/bin/espeak-synthesis-driver,no,no,unknown,yes,no
/usr/bin/gpg-connect-agent,yes,yes,partial,yes,no
/usr/bin/ft1zoom,no,no,partial,yes,no
/usr/bin/column,no,no,partial,yes,no
/usr/bin/pammasksharpen,no,yes,unknown,yes,no
/usr/bin/lpr,yes,yes,partial,yes,no
/usr/bin/sg_reset_wp,no,yes,yes,yes,no
/usr/bin/ppmtosixel,no,no,yes,yes,no
/usr/bin/lsattr,no,no,yes,yes,no
/usr/bin/applydeltaiso,no,yes,partial,yes,no
/usr/bin/gnome-thumbnail-font,no,no,unknown,yes,no
/usr/bin/intel_backlight,no,yes,yes,yes,no
/usr/bin/chacl,no,no,yes,yes,no
/usr/bin/jstest,no,yes,partial,yes,no
/usr/bin/lm1100,no,yes,partial,yes,no
/usr/bin/pnmalias,no,no,unknown,yes,no
/usr/bin/gpasswd,yes,yes,partial,yes,no
/usr/bin/mkdfiff,no,yes,partial,yes,no
/usr/bin/lpstyl,no,yes,partial,yes,no
/usr/bin/grn,no,yes,partial,yes,no
/usr/bin/sginfo,no,yes,partial,yes,no
/usr/bin/migratepages,no,no,yes,yes,no
/usr/bin/gnome-keyboard-properties,no,no,unknown,yes,no
/usr/bin/pjtoppm,no,no,no,yes,no
/usr/bin/id,no,no,partial,yes,no
/usr/bin/pnmstitch,no,yes,yes,yes,no
/usr/bin/growisofs,no,yes,partial,yes,no
/usr/bin/pbmtoepson,no,no,yes,yes,no
/usr/bin/rev,no,no,partial,yes,no
/usr/bin/usbhid-dump,no,yes,yes,yes,no
/usr/bin/oclock,no,no,unknown,yes,no
/usr/bin/pbmupc,no,no,unknown,yes,no
/usr/bin/pbmtoptx,no,no,unknown,yes,no
/usr/bin/palmtopnm,no,yes,partial,yes,no
/usr/bin/mutt,no,yes,partial,yes,no
/usr/bin/ppmspread,no,no,no,yes,no
/usr/bin/icctrans,no,yes,partial,yes,no
/usr/bin/newgrp,yes,yes,partial,yes,no
/usr/bin/cvt,no,yes,partial,yes,no
/usr/bin/ppmtoacad,no,no,unknown,yes,no
/usr/bin/lpstat,yes,yes,yes,yes,no
/usr/bin/cZ11,no,yes,partial,yes,no
/usr/bin/yuvsplittoppm,no,no,no,yes,no
/usr/bin/mgrtopbm,no,no,no,yes,no
/usr/bin/pre-grohtml,no,yes,partial,yes,no
/usr/bin/pamseq,no,yes,yes,yes,no
/usr/bin/rgb3toppm,no,no,unknown,yes,no
/usr/bin/eu-strip,no,yes,partial,yes,no
/usr/bin/gpk-repo,no,yes,yes,yes,no
/usr/bin/xplsprinters,no,no,yes,yes,no
/usr/bin/cryptoflex-tool,no,yes,partial,yes,no
/usr/bin/pgmtofs,no,no,yes,yes,no
/usr/bin/pwdx,no,yes,partial,yes,no
/usr/bin/update-desktop-database,no,yes,unknown,yes,no
/usr/bin/test-moniker,no,no,yes,yes,no
/usr/bin/nsupdate,yes,yes,partial,yes,no
/usr/bin/attr,no,no,partial,yes,no
/usr/bin/pbmmake,no,no,unknown,yes,no
/usr/bin/gpk-service-pack,no,yes,yes,yes,no
/usr/bin/screen,no,yes,partial,yes,no
/usr/bin/xzdec,no,yes,partial,yes,no
/usr/bin/extlinux,no,no,no,yes,no
/usr/bin/gvfs-monitor-dir,no,no,unknown,yes,no
/usr/bin/rename,no,no,yes,yes,no
/usr/bin/sg_unmap,no,yes,partial,yes,no
/usr/bin/sha384sum,no,no,partial,yes,no
/usr/bin/renice,no,no,yes,yes,no
/usr/bin/whatis,no,yes,partial,yes,no
/usr/bin/rpms2solv,no,yes,partial,yes,no
/usr/bin/ftgamma,no,yes,partial,yes,no
/usr/bin/gmime-uudecode,no,yes,partial,yes,no
/usr/bin/ivman,no,yes,yes,yes,no
/usr/bin/acpi,no,yes,partial,yes,no
/usr/bin/pbmtoicon,no,no,yes,yes,no
/usr/bin/sg_emc_trespass,no,yes,yes,yes,no
/usr/bin/isodump,no,yes,partial,yes,no
/usr/bin/gpk-install-catalog,no,yes,yes,yes,no
/usr/bin/xcursorgen,no,yes,partial,yes,no
/usr/bin/pgrep,no,yes,partial,yes,no
/usr/bin/setfacl,no,yes,partial,yes,no
/usr/bin/sg_rbuf,no,yes,yes,yes,no
/usr/bin/pinentry-curses,no,yes,partial,yes,no
/usr/bin/rawtoppm,no,no,unknown,yes,no
/usr/bin/sg_write_same,no,yes,partial,yes,no
/usr/bin/less,no,yes,partial,yes,no
/usr/bin/pkcs15-crypt,no,yes,partial,yes,no
/usr/bin/base64,no,yes,partial,yes,no
/usr/bin/sg_read_buffer,no,yes,yes,yes,no
/usr/bin/ppmdither,no,no,yes,yes,no
/usr/bin/intel_gpu_top,no,yes,yes,yes,no
/usr/bin/lispmtopgm,no,no,unknown,yes,no
/usr/bin/min12xxw,no,yes,partial,yes,no
/usr/bin/mailx.openssl0,no,yes,partial,yes,no
/usr/bin/eu-elflint,no,yes,partial,yes,no
/usr/bin/pkcs15-tool,no,yes,partial,yes,no
/usr/bin/gtk-update-icon-cache,no,no,no,yes,no
/usr/bin/pgmminkowski,no,no,yes,yes,no
/usr/bin/sputoppm,no,no,unknown,yes,no
/usr/bin/fc-match32,no,no,yes,yes,no
/usr/bin/setxkbmap,no,yes,partial,yes,no
/usr/bin/ranlib,no,yes,partial,yes,no
/usr/bin/gnomevfs-cat,no,yes,partial,yes,no
/usr/bin/richtoatk,no,yes,partial,yes,no
/usr/bin/richtext,no,yes,partial,yes,no
/usr/bin/eu-readelf,no,yes,partial,yes,no
/usr/bin/sirtopnm,no,no,no,yes,no
/usr/bin/gvfs-info,no,no,unknown,yes,no
/usr/bin/sfcbinst2mof,no,yes,partial,yes,no
/usr/bin/pdfimages,no,no,partial,yes,no
/usr/bin/pamedge,no,no,unknown,yes,no
/usr/bin/head,no,yes,partial,yes,no
/usr/bin/xkbevd,no,yes,partial,yes,no
/usr/bin/lppasswd,yes,yes,partial,yes,no
/usr/bin/pbmtopi3,no,no,unknown,yes,no
/usr/bin/rpm2cpio,no,yes,partial,yes,no
/usr/bin/lkbib,no,no,partial,yes,no
/usr/bin/psidtopgm,no,no,unknown,yes,no
/usr/bin/hpijs,no,yes,partial,yes,no
/usr/bin/ssh,yes,yes,partial,yes,yes
/usr/bin/gnome-system-monitor,no,yes,partial,yes,no
/usr/bin/sg_test_rwbuf,no,yes,yes,yes,no
/usr/bin/quota,yes,yes,partial,yes,no
/usr/bin/xdpyinfo,no,no,partial,yes,no
/usr/bin/gdm-screenshot,no,no,unknown,yes,no
/usr/bin/intel_dpio_write,no,yes,yes,yes,no
/usr/bin/fips_standalone_sha1,no,yes,partial,yes,no
/usr/bin/acpiexec,no,yes,partial,yes,no
/usr/bin/xfs,no,yes,partial,yes,no
/usr/bin/gnome-power-preferences,no,yes,partial,yes,no
/usr/bin/pi1toppm,no,no,unknown,yes,no
/usr/bin/[,no,yes,partial,yes,no
/usr/bin/sg_xcopy,no,yes,partial,yes,no
/usr/bin/pbmtonokia,no,yes,yes,yes,no
/usr/bin/asciitopgm,no,no,unknown,yes,no
/usr/bin/ausyscall,no,no,yes,yes,no
/usr/bin/rmcp_ping,no,yes,partial,yes,no
/usr/bin/which,no,yes,partial,yes,no
/usr/bin/dga,no,no,partial,yes,no
/usr/bin/hexdump,no,yes,partial,yes,no
/usr/bin/sfcbdump,no,yes,partial,yes,no
/usr/bin/script,no,yes,partial,yes,no
/usr/bin/sg_sat_identify,no,yes,yes,yes,no
/usr/bin/pamperspective,no,yes,no,yes,no
/usr/bin/sfconvert,no,no,yes,yes,no
/usr/bin/localedef,no,no,no,yes,no
/usr/bin/ftmulti,no,yes,partial,yes,no
/usr/bin/pamarith,no,yes,yes,yes,no
/usr/bin/pbmtext,no,yes,no,yes,no
/usr/bin/cupstestdsc,yes,yes,unknown,yes,no
/usr/bin/ldbsearch,no,yes,partial,yes,no
/usr/bin/gpm-root,no,yes,partial,yes,no
/usr/bin/nautilus,no,yes,partial,yes,no
/usr/bin/lastlog,no,yes,partial,yes,no
/usr/bin/gvfs-mkdir,no,no,unknown,yes,no
/usr/bin/xvminitoppm,no,no,no,yes,no
/usr/bin/applydeltarpm,no,yes,partial,yes,no
/usr/bin/xkbcomp,no,yes,partial,yes,no
/usr/bin/wodim,no,yes,partial,yes,no
/usr/bin/xpr,no,yes,partial,yes,no
/usr/bin/pbmtopsg3,no,no,yes,yes,no
/usr/bin/sg_sync,no,yes,yes,yes,no
/usr/bin/pamendian,no,no,unknown,yes,no
/usr/bin/twm,no,yes,partial,yes,no
/usr/bin/gvfs-save,no,yes,no,yes,no
/usr/bin/uniq,no,no,partial,yes,no
/usr/bin/hal-is-caller-locked-out,no,no,yes,yes,no
/usr/bin/ck-launch-session,no,no,yes,yes,no
/usr/bin/file-roller,no,yes,partial,yes,no
/usr/bin/gdk-pixbuf-query-loaders-64,no,no,unknown,yes,no
/usr/bin/sg_map,no,yes,partial,yes,no
/usr/bin/sg_dd,no,yes,partial,yes,no
/usr/bin/m2400w,no,yes,partial,yes,no
/usr/bin/pamsharpmap,no,yes,unknown,yes,no
/usr/bin/unmunch,no,yes,partial,yes,no
/usr/bin/ppmtopi1,no,no,unknown,yes,no
/usr/bin/install,no,yes,partial,yes,no
/usr/bin/bdftopcf,no,no,yes,yes,no
/usr/bin/xrandr,no,yes,partial,yes,no
/usr/bin/acpisrc,no,yes,partial,yes,no
/usr/bin/eqn,no,yes,partial,yes,no
/usr/bin/getopt,no,no,partial,yes,no
/usr/bin/ilbmtoppm,no,yes,no,yes,no
/usr/bin/ntlm_auth,yes,yes,partial,yes,no
/usr/bin/sh7722_jpegtool,no,no,yes,yes,no
/usr/bin/hal-device,no,yes,partial,yes,no
/usr/bin/setarch,no,yes,yes,yes,no
/usr/bin/speaker-test,no,no,partial,yes,no
/usr/bin/sg_get_lba_status,no,yes,yes,yes,no
/usr/bin/fonttosfnt,no,yes,partial,yes,no
/usr/bin/uuidgen,no,yes,yes,yes,no
/usr/bin/pbmreduce,no,no,unknown,yes,no
/usr/bin/gvfs-set-attribute,no,no,unknown,yes,no
/usr/bin/xterm,no,yes,partial,yes,no
/usr/bin/pngtopnm,no,no,partial,yes,no
/usr/bin/pgmcrater,no,no,unknown,yes,no
/usr/bin/fc-cat,no,no,yes,yes,no
/usr/bin/ngettext,no,yes,partial,yes,no
/usr/bin/munch,no,yes,partial,yes,no
/usr/bin/eu-findtextrel,no,yes,partial,yes,no
/usr/bin/xphelloworld,no,yes,yes,yes,no
/usr/bin/ck-list-sessions,no,no,yes,yes,no
/usr/bin/ffmvforce,no,yes,partial,yes,no
/usr/bin/xmag,no,yes,yes,yes,no
/usr/bin/gpk-log,no,yes,yes,yes,no
/usr/bin/mtools,no,yes,partial,yes,no
/usr/bin/factor,no,yes,partial,yes,no
/usr/bin/calibrate_ppa,no,yes,partial,yes,no
/usr/bin/showrgb,no,yes,partial,yes,no
/usr/bin/xscreensaver-getimage,no,yes,partial,yes,no
/usr/bin/xdm,no,yes,partial,yes,no
/usr/bin/skill,no,yes,partial,yes,no
/usr/bin/pnmpsnr,no,yes,unknown,yes,no
/usr/bin/ppmtoleaf,no,no,yes,yes,no
/usr/bin/uudecode,no,yes,partial,yes,no
/usr/bin/zypper,no,yes,no,yes,no
/usr/bin/ico,no,yes,partial,yes,no
/usr/bin/pbmto10x,no,no,yes,yes,no
/usr/bin/xlsfonts,no,yes,yes,yes,no
/usr/bin/sg_write_buffer,no,yes,partial,yes,no
/usr/bin/disable-paste,no,no,unknown,yes,no
/usr/bin/ppmcolormask,no,no,unknown,yes,no
/usr/bin/pabrowse,no,yes,yes,yes,no
/usr/bin/piv-tool,no,yes,partial,yes,no
/usr/bin/gdb,no,yes,partial,yes,no
/usr/bin/dfbinspector,no,yes,yes,yes,no
/usr/bin/polkit-gnome-authorization,no,yes,yes,yes,no
/usr/bin/db_hotbackup,no,yes,partial,yes,no
/usr/bin/pamchannel,no,yes,yes,yes,no
/usr/bin/pathchk,no,no,partial,yes,no
/usr/bin/amixer,no,yes,partial,yes,no
/usr/bin/dfbmaster,no,no,unknown,yes,no
/usr/bin/xvidtune,no,yes,partial,yes,no
/usr/bin/yuvtoppm,no,no,no,yes,no
/usr/bin/fc-match,no,no,yes,yes,no
/usr/bin/xkbprint,no,yes,partial,yes,no
/usr/bin/pnmremap,no,no,unknown,yes,no
/usr/bin/gnome-nettool,no,yes,partial,yes,no
/usr/bin/intel_disable_clock_gating,no,yes,yes,yes,no
/usr/bin/create-branching-keyboard,no,yes,yes,yes,no
/usr/bin/sha1sum,no,no,partial,yes,no
/usr/bin/pnmtotiff,no,no,unknown,yes,no
/usr/bin/xditview,no,yes,partial,yes,no
/usr/bin/xinit,no,yes,partial,yes,no
/usr/bin/vitmp,no,yes,no,yes,no
/usr/bin/chrp-addnote,no,no,partial,yes,no
/usr/bin/ppmmix,no,no,unknown,yes,no
/usr/bin/pamtohdiff,no,no,unknown,yes,no
/usr/bin/rsh,yes,yes,partial,yes,no
/usr/bin/pcregrep,no,yes,partial,yes,no
/usr/bin/sg_vpd,no,yes,partial,yes,no
/usr/bin/esc-m,no,yes,yes,yes,no
/usr/bin/deltainfoxml2solv,no,yes,partial,yes,no
/usr/bin/ypchfn,no,yes,partial,yes,no
/usr/bin/opensc-explorer,no,yes,partial,yes,no
/usr/bin/slptool,no,yes,yes,yes,no
/usr/bin/gnome-appearance-properties,no,yes,no,yes,no
/usr/bin/xargs,no,yes,partial,yes,no
/usr/bin/keygen,no,no,yes,yes,no
/usr/bin/zkt-ls,no,yes,partial,yes,no
/usr/bin/gpk-install-local-file,no,yes,yes,yes,no
/usr/bin/setterm,no,yes,partial,yes,no
/usr/bin/procinfo,no,yes,partial,yes,no
/usr/bin/ftchkwd,no,no,partial,yes,no
/usr/bin/ppmwheel,no,no,unknown,yes,no
/usr/bin/ftgrid,no,yes,partial,yes,no
/usr/bin/xtrapin,no,yes,partial,yes,no
/usr/bin/ppmtogif,no,no,unknown,yes,no
/usr/bin/smbcontrol,yes,yes,partial,yes,no
/usr/bin/solterm,no,yes,partial,yes,no
/usr/bin/sg_ses,no,yes,partial,yes,no
/usr/bin/iecset,no,yes,partial,yes,no
/usr/bin/pbmtobbnbg,no,no,yes,yes,no
/usr/bin/pamlookup,no,no,unknown,yes,no
/usr/bin/vncviewer,no,yes,partial,yes,no
/usr/bin/pinky,no,yes,partial,yes,no
/usr/bin/suidperl,no,yes,partial,yes,no
/usr/bin/hpftodit,no,yes,partial,yes,no
/usr/bin/pamtopnm,no,yes,unknown,yes,no
/usr/bin/metamail,no,yes,partial,yes,no
/usr/bin/ppmtoeyuv,no,no,unknown,yes,no
/usr/bin/isodebug,no,yes,partial,yes,no
/usr/bin/pgmtexture,no,no,yes,yes,no
/usr/bin/qrttoppm,no,no,no,yes,no
/usr/bin/pbmtoppa,no,yes,partial,yes,no
/usr/bin/xwd,no,yes,yes,yes,no
/usr/bin/gnome-power-statistics,no,yes,yes,yes,no
/usr/bin/arecordmidi,no,yes,partial,yes,no
/usr/bin/intel_reg_dumper,no,yes,partial,yes,no
/usr/bin/cdrdao,no,yes,partial,yes,no
/usr/bin/tput,no,no,partial,yes,no
/usr/bin/sg_logs,no,yes,partial,yes,no
/usr/bin/eu-addr2line,no,no,yes,yes,no
/usr/bin/cupstestppd,yes,yes,yes,yes,no
/usr/bin/gvfs-copy,no,yes,no,yes,no
/usr/bin/pbmtogem,no,no,unknown,yes,no
/usr/bin/pnmdepth,no,no,unknown,yes,no
/usr/bin/size,no,yes,partial,yes,no
/usr/bin/ck-history,no,yes,no,yes,no
/usr/bin/gtf,no,no,yes,yes,no
/usr/bin/db_stat,no,no,partial,yes,no
/usr/bin/lesskey,no,yes,partial,yes,no
/usr/bin/snapper,no,yes,partial,yes,no
/usr/bin/make,no,yes,partial,yes,no
/usr/bin/ypmatch,no,yes,partial,yes,no
/usr/bin/fvwm,no,yes,partial,yes,no
/usr/bin/groups,no,no,partial,yes,no
/usr/bin/pnmhistmap,no,no,no,yes,no
/usr/bin/wbinfo,yes,yes,partial,yes,no
/usr/bin/objcopy,no,yes,partial,yes,no
/usr/bin/ssh-add,yes,yes,partial,yes,yes
/usr/bin/tdbtool,yes,no,partial,yes,no
/usr/bin/ftdump,no,no,partial,yes,no
/usr/bin/gnome-volume-control,no,yes,yes,yes,no
/usr/bin/pnmscalefixed,no,no,unknown,yes,no
/usr/bin/sha256sum,no,no,partial,yes,no
/usr/bin/dfbscreen,no,yes,partial,yes,no
/usr/bin/intel_bios_dumper,no,no,yes,yes,no
/usr/bin/hal-set-property,no,no,yes,yes,no
/usr/bin/cyrus_sasl_sample_server,no,yes,partial,yes,no
/usr/bin/grepjar,no,yes,partial,yes,no
/usr/bin/pnmtopalm,no,yes,no,yes,no
/usr/bin/nohup,no,no,partial,yes,no
/usr/bin/catman,no,yes,partial,yes,no
/usr/bin/refer,no,yes,partial,yes,no
/usr/bin/evince,no,yes,yes,yes,no
/usr/bin/gtk-query-immodules-2.0-64,no,no,unknown,yes,no
/usr/bin/modetest,no,no,partial,yes,no
/usr/bin/ldappasswd,yes,yes,partial,yes,no
/usr/bin/sum,no,yes,partial,yes,no
/usr/bin/dir,no,yes,partial,yes,no
/usr/bin/vmstat,no,yes,partial,yes,no
/usr/bin/pamflip,no,yes,unknown,yes,no
/usr/bin/ldbdel,no,no,yes,yes,no
/usr/bin/ppmtopcx,no,no,unknown,yes,no
/usr/bin/db_archive,no,no,partial,yes,no
/usr/bin/Xephyr,no,yes,partial,yes,no
/usr/bin/pcretest,no,yes,partial,yes,no
/usr/bin/ijsgimpprint,no,yes,partial,yes,no
/usr/bin/pftp,no,yes,partial,yes,no
/usr/bin/tdbbackup,yes,no,partial,yes,no
/usr/bin/gok,no,yes,partial,yes,no
/usr/bin/mailto,no,yes,partial,yes,no
/usr/bin/pbmtolj,no,no,partial,yes,no
/usr/bin/getconf,no,no,no,yes,no
/usr/bin/cytune,no,no,yes,yes,no
/usr/bin/icewm-session,no,yes,partial,yes,no
/usr/bin/pmt-ofl,no,yes,partial,yes,no
/usr/bin/sg_write_long,no,yes,partial,yes,no
/usr/bin/ppmtv,no,no,unknown,yes,no
/usr/bin/wbmptopbm,no,no,unknown,yes,no
/usr/bin/pdftoabw,no,no,partial,yes,no
/usr/bin/sgm_dd,no,yes,partial,yes,no
/usr/bin/xpsimplehelloworld,no,yes,yes,yes,no
/usr/bin/smproxy,no,yes,partial,yes,no
/usr/bin/xinput,no,yes,yes,yes,no
/usr/bin/printenv,no,no,partial,yes,no
/usr/bin/eu-strings,no,no,partial,yes,no
/usr/bin/fc-cache,no,no,yes,yes,no
/usr/bin/numademo,no,yes,partial,yes,no
/usr/bin/timeout,yes,yes,partial,yes,no
/usr/bin/patch,no,yes,partial,yes,no
/usr/bin/nslookup,yes,yes,partial,yes,no
/usr/bin/gnome-screensaver-preferences,no,yes,partial,yes,no
/usr/bin/zenity,no,yes,partial,yes,no
/usr/bin/pamdice,no,yes,unknown,yes,no
/usr/bin/tdbrestore,yes,yes,partial,yes,no
/usr/bin/tset,no,yes,partial,yes,no
/usr/bin/pnmtile,no,no,unknown,yes,no
/usr/bin/ftstring,no,yes,partial,yes,no
/usr/bin/pbmtozinc,no,no,yes,yes,no
/usr/bin/rlogin,yes,yes,partial,yes,no
/usr/bin/readom,no,yes,partial,yes,no
/usr/bin/sg_sat_phy_event,no,yes,yes,yes,no
/usr/bin/sxpm,no,no,yes,yes,no
/usr/bin/xlogo,no,no,yes,yes,no
/usr/bin/xtrapinfo,no,no,yes,yes,no
/usr/bin/xmlcatalog,no,yes,yes,yes,no
/usr/bin/gnome-power-manager,no,yes,partial,yes,no
/usr/bin/gouldtoppm,no,yes,no,yes,no
/usr/bin/dfbpenmount,no,yes,partial,yes,no
/usr/bin/testparm,yes,yes,partial,yes,no
/usr/bin/pnmtosgi,no,no,unknown,yes,no
/usr/bin/ppmtopict,no,no,unknown,yes,no
/usr/bin/sg_prevent,no,yes,yes,yes,no
/usr/bin/pdffonts,no,no,partial,yes,no
/usr/bin/sha224sum,no,no,partial,yes,no
/usr/bin/mcookie,no,yes,partial,yes,no
/usr/bin/ft1metric,no,no,partial,yes,no
/usr/bin/sg_sat_read_gplog,no,yes,yes,yes,no
/usr/bin/ppmtopgm,no,no,unknown,yes,no
/usr/bin/panel-test-applets,no,no,unknown,yes,no
/usr/bin/xpxthelloworld,no,yes,yes,yes,no
/usr/bin/gpk-install-provide-file,no,yes,yes,yes,no
/usr/bin/xfd,no,yes,yes,yes,no
/usr/bin/pbmtoascii,no,no,unknown,yes,no
/usr/bin/write,no,yes,partial,yes,no
/usr/bin/db_checkpoint,no,yes,partial,yes,no
/usr/bin/tail,no,yes,partial,yes,no
/usr/bin/ionice,no,yes,yes,yes,no
/usr/bin/sg_read_block_limits,no,yes,yes,yes,no
/usr/bin/xedit,no,yes,partial,yes,no
/usr/bin/grodvi,no,yes,partial,yes,no
/usr/bin/berkeley_db_svc,no,yes,partial,yes,no
/usr/bin/syndaemon,no,yes,yes,yes,no
/usr/bin/bonobo-browser,no,no,unknown,yes,no
/usr/bin/ft1strtto,no,no,partial,yes,no
/usr/bin/sftp,yes,yes,partial,yes,yes
/usr/bin/diff3,no,no,partial,yes,no
/usr/bin/echo-client-2,no,no,unknown,yes,no
/usr/bin/chroot,no,yes,partial,yes,no
/usr/bin/isohybrid,no,no,no,yes,no
/usr/bin/directfb-csource,no,yes,partial,yes,no
/usr/bin/time,no,no,yes,yes,no
/usr/bin/polkit-policy-file-validate,no,yes,partial,yes,no
/usr/bin/opieftpd,no,yes,partial,yes,no
/usr/bin/sg_opcodes,no,yes,partial,yes,no
/usr/bin/zkt-keyman,no,yes,partial,yes,no
/usr/bin/tr,no,no,partial,yes,no
/usr/bin/tload,no,yes,partial,yes,no
/usr/bin/db_load,no,yes,partial,yes,no
/usr/bin/intel_reg_read,no,yes,yes,yes,no
/usr/bin/analyze,no,yes,partial,yes,no
/usr/bin/hltest,no,yes,partial,yes,no
/usr/bin/ipcmk,no,no,yes,yes,no
/usr/bin/eu-ld,no,yes,partial,yes,no
/usr/bin/dwp,no,yes,partial,yes,no
/usr/bin/sg_rmsn,no,yes,yes,yes,no
/usr/bin/zkt-conf,no,yes,partial,yes,no
/usr/bin/vncpasswd,no,yes,partial,yes,no
/usr/bin/cpufreq-info,no,yes,partial,yes,no
/usr/bin/pamfile,no,yes,yes,yes,no
/usr/bin/gnome-window-properties,no,no,unknown,yes,no
/usr/bin/yes,no,no,partial,yes,no
/usr/bin/dirmngr,no,yes,partial,yes,no
/usr/bin/fvwm-root,no,yes,partial,yes,no
/usr/bin/manpath,no,yes,partial,yes,no
/usr/bin/xkill,no,yes,yes,yes,no
/usr/bin/seq,no,no,partial,yes,no
/usr/bin/metacity-message,no,yes,unknown,yes,no
/usr/bin/chfn,yes,yes,partial,yes,no
/usr/bin/ppmforge,no,no,unknown,yes,no
/usr/bin/gnomevfs-monitor,no,yes,partial,yes,no
/usr/bin/nmblookup,yes,yes,partial,yes,no
/usr/bin/post-grohtml,no,yes,partial,yes,no
/usr/bin/getfattr,no,yes,partial,yes,no
/usr/bin/groff,no,yes,partial,yes,no
/bin/ypdomainname,no,yes,partial,yes,no
/bin/dbus-daemon,yes,yes,partial,yes,no
/bin/bash,no,yes,partial,yes,no
/bin/uname,no,no,partial,yes,no
/bin/egrep,no,yes,partial,yes,no
/bin/dbus-cleanup-sockets,no,yes,partial,yes,no
/bin/cpio,no,yes,partial,yes,no
/bin/keyctl,no,yes,partial,yes,no
/bin/mountpoint,no,yes,partial,yes,no
/bin/fillup,no,yes,partial,yes,no
/bin/blkparse,no,yes,partial,yes,no
/bin/readlink,no,yes,partial,yes,no
/bin/login,no,yes,partial,yes,no
/bin/date,no,yes,partial,yes,no
/bin/sed,no,yes,partial,yes,no
/bin/chmod,no,no,partial,yes,no
/bin/ping,yes,yes,partial,yes,no
/bin/cp,no,yes,partial,yes,no
/bin/netstat,no,yes,partial,yes,no
/bin/sleep,no,no,partial,yes,no
/bin/blktrace,no,yes,partial,yes,no
/bin/logger,no,yes,partial,yes,no
/bin/setserial,no,yes,yes,yes,no
/bin/chown,no,yes,partial,yes,no
/bin/lsblk,no,yes,partial,yes,no
/bin/rm,no,no,partial,yes,no
/bin/mapscrn,no,yes,partial,yes,no
/bin/more,no,yes,partial,yes,no
/bin/gzip,no,yes,partial,yes,no
/bin/dbus-monitor,no,no,partial,yes,no
/bin/mknod,no,no,partial,yes,no
/bin/stat,no,yes,partial,yes,no
/bin/setleds,no,no,yes,yes,no
/bin/kbdrate,no,no,partial,yes,no
/bin/fsync,no,no,yes,yes,no
/bin/openvt,no,yes,partial,yes,no
/bin/rmdir,no,no,partial,yes,no
/bin/mkdir,no,no,partial,yes,no
/bin/vim-normal,no,yes,partial,yes,no
/bin/dd,no,yes,partial,yes,no
/bin/kbd_mode,no,no,yes,yes,no
/bin/arch,no,no,partial,yes,no
/bin/loadunimap,no,yes,partial,yes,no
/bin/loadkeys,no,yes,partial,yes,no
/bin/ls,no,yes,partial,yes,no
/bin/sort,no,yes,partial,yes,no
/bin/mv,no,yes,partial,yes,no
/bin/mktemp,no,yes,partial,yes,no
/bin/lsmod,no,no,partial,yes,no
/bin/sash,no,no,unknown,yes,no
/bin/showkey,no,no,partial,yes,no
/bin/eject,no,yes,partial,yes,no
/bin/md5sum,no,no,partial,yes,no
/bin/ksh93,no,yes,no,yes,no
/bin/stty,no,no,partial,yes,no
/bin/hmac256,no,yes,partial,yes,no
/bin/tunctl,yes,yes,partial,yes,no
/bin/fgrep,no,yes,partial,yes,no
/bin/loggen,no,yes,partial,yes,no
/bin/fuser,no,yes,partial,yes,no
/bin/hostname,no,yes,partial,yes,no
/bin/tcsh,no,yes,partial,yes,no
/bin/echo,no,no,partial,yes,no
/bin/ln,no,yes,partial,yes,no
/bin/psfxtable,no,yes,partial,yes,no
/bin/false,no,no,partial,yes,no
/bin/ps,no,yes,partial,yes,no
/bin/showconsolefont,no,no,yes,yes,no
/bin/su,yes,no,partial,yes,no
/bin/grep,no,yes,partial,yes,no
/bin/umount,no,yes,partial,yes,no
/bin/dmesg,no,yes,yes,yes,no
/bin/basename,no,no,partial,yes,no
/bin/mount,no,yes,partial,yes,no
/bin/chgrp,no,yes,partial,yes,no
/bin/zsh,no,yes,partial,yes,no
/bin/ed,no,no,partial,yes,no
/bin/gawk,no,yes,partial,yes,no
/bin/cat,no,yes,partial,yes,no
/bin/getkeycodes,no,no,yes,yes,no
/bin/findmnt,no,no,partial,yes,no
/bin/setkeycodes,no,no,yes,yes,no
/bin/nisdomainname,no,yes,partial,yes,no
/bin/pwd,no,yes,partial,yes,no
/bin/kill,no,yes,partial,yes,no
/bin/ping6,yes,yes,partial,yes,no
/bin/dumpkeys,no,no,yes,yes,no
/bin/sync,no,no,partial,yes,no
/bin/fgconsole,no,no,yes,yes,no
/bin/setmetamode,no,no,yes,yes,no
/bin/initviocons,no,no,no,yes,no
/bin/deallocvt,no,no,yes,yes,no
/bin/dbus-send,no,no,yes,yes,no
/bin/usleep,no,no,yes,yes,no
/bin/rpm,no,yes,partial,yes,no
/bin/touch,no,yes,partial,yes,no
/bin/dbus-uuidgen,no,no,yes,yes,no
/bin/true,no,no,partial,yes,no
/bin/setfont,no,yes,partial,yes,no
/bin/df,no,yes,partial,yes,no
/bin/chvt,no,no,yes,yes,no
/bin/tar,no,yes,partial,yes,no
/usr/sbin/vigr,no,yes,partial,yes,no
/usr/sbin/kdumptool,no,yes,partial,yes,no
/usr/sbin/rpasswdd,yes,yes,partial,yes,no
/usr/sbin/automount,yes,yes,partial,yes,no
/usr/sbin/slpd,no,yes,partial,yes,no
/usr/sbin/visudo,yes,yes,partial,yes,no
/usr/sbin/cupsd,yes,yes,partial,yes,no
/usr/sbin/filefrag,no,yes,yes,yes,no
/usr/sbin/rpc.gssd,yes,yes,partial,yes,no
/usr/sbin/packagekitd,no,yes,partial,yes,no
/usr/sbin/genl,no,yes,partial,yes,no
/usr/sbin/iconvconfig,no,no,no,yes,no
/usr/sbin/ifdproxy,no,yes,partial,yes,no
/usr/sbin/biosdecode,no,no,partial,yes,no
/usr/sbin/xfs_io,no,yes,partial,yes,no
/usr/sbin/tcpdmatch,no,yes,partial,yes,no
/usr/sbin/xfs_estimate,no,yes,partial,yes,no
/usr/sbin/lsmsr,no,yes,partial,yes,yes
/usr/sbin/iwevent,no,yes,partial,yes,no
/usr/sbin/zypp-refresh-wrapper,no,no,unknown,yes,no
/usr/sbin/rtcwake,no,yes,partial,yes,no
/usr/sbin/smartd,yes,yes,partial,yes,no
/usr/sbin/klogconsole,no,no,yes,yes,no
/usr/sbin/repquota,yes,yes,partial,yes,no
/usr/sbin/ntpq,yes,yes,partial,yes,yes
/usr/sbin/setquota,yes,yes,partial,yes,no
/usr/sbin/dbconverter,no,yes,partial,yes,no
/usr/sbin/pam-config,no,yes,partial,yes,no
/usr/sbin/lpadmin,yes,yes,yes,yes,no
/usr/sbin/testpcsc,no,yes,partial,yes,no
/usr/sbin/ypset,no,yes,yes,yes,no
/usr/sbin/s2both,no,yes,partial,yes,no
/usr/sbin/vipw,no,yes,partial,yes,no
/usr/sbin/sfcbd,no,yes,yes,yes,no
/usr/sbin/xw,no,yes,partial,yes,no
/usr/sbin/ntptime,yes,no,yes,yes,yes
/usr/sbin/zypp-refresh,no,yes,unknown,yes,no
/usr/sbin/arpaname,no,yes,yes,yes,no
/usr/sbin/snapperd,no,yes,partial,yes,no
/usr/sbin/vncp,no,yes,partial,yes,no
/usr/sbin/groupdel,no,yes,partial,yes,no
/usr/sbin/sshd,yes,yes,partial,yes,yes
/usr/sbin/rpc.statd,yes,yes,partial,yes,no
/usr/sbin/sendmail,yes,no,unknown,yes,no
/usr/sbin/postsuper,yes,no,unknown,yes,no
/usr/sbin/quotastats,yes,yes,partial,yes,no
/usr/sbin/console-kit-daemon,no,yes,partial,yes,no
/usr/sbin/pwunconv,no,yes,partial,yes,no
/usr/sbin/xcmd,no,yes,yes,yes,no
/usr/sbin/ownership,no,no,partial,yes,no
/usr/sbin/whereiam,no,yes,partial,yes,no
/usr/sbin/ifdhandler,no,yes,partial,yes,no
/usr/sbin/gss_clnt_send_err,yes,yes,partial,yes,no
/usr/sbin/qmqp-source,yes,no,yes,yes,no
/usr/sbin/resume,no,yes,partial,yes,no
/usr/sbin/efibootmgr,no,yes,partial,yes,no
/usr/sbin/e2freefrag,no,yes,yes,yes,no
/usr/sbin/utempter,yes,yes,partial,yes,no
/usr/sbin/accept,yes,yes,unknown,yes,no
/usr/sbin/thin_dump,no,yes,no,yes,no
/usr/sbin/rndc,yes,yes,partial,yes,no
/usr/sbin/grpunconv,no,yes,partial,yes,no
/usr/sbin/ntpdate,yes,yes,partial,yes,yes
/usr/sbin/pppstats,no,yes,partial,yes,no
/usr/sbin/freeramdisk,no,no,yes,yes,no
/usr/sbin/irqbalance,yes,yes,partial,yes,no
/usr/sbin/dmidecode,no,yes,partial,yes,no
/usr/sbin/cracklib-packer,no,yes,partial,yes,no
/usr/sbin/grpck,no,yes,partial,yes,no
/usr/sbin/cupsfilter,yes,yes,partial,yes,no
/usr/sbin/ntp-keygen,yes,yes,partial,yes,yes
/usr/sbin/swat,yes,yes,partial,yes,no
/usr/sbin/edquota,yes,yes,partial,yes,no
/usr/sbin/sysp,no,yes,partial,yes,no
/usr/sbin/winbindd,yes,yes,partial,yes,no
/usr/sbin/chpasswd,no,yes,partial,yes,no
/usr/sbin/postlock,yes,no,unknown,yes,no
/usr/sbin/swap-offset,no,yes,partial,yes,no
/usr/sbin/xapi,no,yes,partial,yes,no
/usr/sbin/fdformat,no,no,partial,yes,no
/usr/sbin/accessdb,no,yes,partial,yes,no
/usr/sbin/xfs_quota,no,yes,partial,yes,no
/usr/sbin/iptables-batch,no,yes,partial,yes,no
/usr/sbin/hald,no,yes,partial,yes,no
/usr/sbin/cifs.upcall,no,yes,partial,yes,no
/usr/sbin/ck-log-system-stop,no,yes,yes,yes,no
/usr/sbin/bonobo-activation-sysconf,no,no,unknown,yes,no
/usr/sbin/vpddecode,no,no,partial,yes,no
/usr/sbin/pppdump,no,yes,partial,yes,no
/usr/sbin/testsaslauthd,no,yes,partial,yes,no
/usr/sbin/mklost+found,no,no,yes,yes,no
/usr/sbin/xqmstats,yes,yes,partial,yes,no
/usr/sbin/netscsid,no,yes,partial,yes,no
/usr/sbin/pppoe-discovery,no,yes,partial,yes,no
/usr/sbin/aer-inject,no,no,partial,yes,no
/usr/sbin/fping,no,yes,partial,yes,no
/usr/sbin/tc,no,yes,partial,yes,no
/usr/sbin/madt,no,no,partial,yes,no
/usr/sbin/thin_restore,no,yes,no,yes,no
/usr/sbin/fbmngplay,no,yes,partial,yes,no
/usr/sbin/tcpdump,no,yes,partial,yes,no
/usr/sbin/pwck,no,yes,partial,yes,no
/usr/sbin/lwepgen,no,yes,yes,yes,no
/usr/sbin/postkick,yes,no,unknown,yes,no
/usr/sbin/mkcomposecache,no,no,yes,yes,no
/usr/sbin/grpconv,no,no,yes,yes,no
/usr/sbin/tunelp,no,no,yes,yes,no
/usr/sbin/iwspy,no,yes,partial,yes,no
/usr/sbin/pluginviewer,no,no,yes,yes,no
/usr/sbin/smtp-source,yes,no,partial,yes,no
/usr/sbin/usermod,no,yes,partial,yes,no
/usr/sbin/gdm,no,yes,partial,yes,no
/usr/sbin/xfs_rtcp,no,yes,partial,yes,no
/usr/sbin/s2ram,no,yes,partial,yes,no
/usr/sbin/ck-log-system-restart,no,yes,yes,yes,no
/usr/sbin/iwpriv,no,yes,partial,yes,no
/usr/sbin/postdrop,yes,no,unknown,yes,no
/usr/sbin/lpc,yes,yes,partial,yes,no
/usr/sbin/logrotate,no,yes,partial,yes,no
/usr/sbin/mkfs.fat,no,no,partial,yes,no
/usr/sbin/iwlist,no,yes,partial,yes,no
/usr/sbin/sm-notify,yes,yes,partial,yes,no
/usr/sbin/dots,no,no,yes,yes,no
/usr/sbin/saslpasswd2,no,yes,partial,yes,no
/usr/sbin/sasldblistusers2,no,yes,partial,yes,no
/usr/sbin/setctsid,no,no,yes,yes,no
/usr/sbin/ldattach,no,no,yes,yes,no
/usr/sbin/xfs_growfs,no,yes,partial,yes,no
/usr/sbin/nfnl_osf,no,yes,partial,yes,no
/usr/sbin/postmulti,no,no,unknown,yes,no
/usr/sbin/corner,no,no,yes,yes,no
/usr/sbin/warnquota,yes,yes,partial,yes,no
/usr/sbin/ifrename,no,yes,partial,yes,no
/usr/sbin/ck-log-system-start,no,yes,yes,yes,no
/usr/sbin/nmbd,yes,yes,partial,yes,no
/usr/sbin/smtp-sink,yes,yes,yes,yes,no
/usr/sbin/safe_finger,yes,no,yes,yes,no
/usr/sbin/openwsmand,no,yes,partial,yes,no
/usr/sbin/smbd,yes,yes,partial,yes,no
/usr/sbin/postmap,yes,no,unknown,yes,no
/usr/sbin/zic,no,yes,partial,yes,no
/usr/sbin/addpart,no,yes,yes,yes,no
/usr/sbin/openct-control,no,yes,partial,yes,no
/usr/sbin/lpinfo,yes,no,unknown,yes,no
/usr/sbin/fatlabel,no,yes,partial,yes,no
/usr/sbin/groupadd,no,yes,partial,yes,no
/usr/sbin/arpd,no,yes,partial,yes,no
/usr/sbin/xfine,no,yes,partial,yes,no
/usr/sbin/xfs_logprint,no,yes,partial,yes,no
/usr/sbin/sssd,no,yes,partial,yes,no
/usr/sbin/yppoll,no,yes,yes,yes,no
/usr/sbin/suspend-keygen,no,yes,partial,yes,no
/usr/sbin/xtables-multi,no,yes,partial,yes,no
/usr/sbin/showmount,yes,yes,partial,yes,no
/usr/sbin/scpm,no,yes,unknown,yes,no
/usr/sbin/iwconfig,no,yes,partial,yes,no
/usr/sbin/cracklib-check,no,yes,partial,yes,no
/usr/sbin/cupsctl,yes,no,unknown,yes,no
/usr/sbin/dnssec-dsfromkey,yes,yes,partial,yes,no
/usr/sbin/lnstat,no,yes,partial,yes,no
/usr/sbin/lpmove,yes,yes,yes,yes,no
/usr/sbin/alsactl,no,yes,partial,yes,no
/usr/sbin/ntpd,yes,yes,partial,yes,yes
/usr/sbin/cron,yes,yes,partial,yes,no
/usr/sbin/saslauthd,no,yes,partial,yes,no
/usr/sbin/tickadj,yes,no,yes,yes,yes
/usr/sbin/xfs_db,no,yes,partial,yes,no
/usr/sbin/dnssec-keyfromlabel,yes,yes,partial,yes,no
/usr/sbin/xfs_mdrestore,no,yes,partial,yes,no
/usr/sbin/chat,yes,yes,partial,yes,no
/usr/sbin/splashy_config,no,no,partial,yes,no
/usr/sbin/ipmievd,no,yes,partial,yes,no
/usr/sbin/rtacct,no,yes,partial,yes,no
/usr/sbin/ec_access,no,yes,partial,yes,no
/usr/sbin/sntp,yes,yes,partial,yes,yes
/usr/sbin/mce-inject,no,no,partial,yes,no
/usr/sbin/postalias,yes,no,unknown,yes,no
/usr/sbin/quota_nld,yes,yes,partial,yes,no
/usr/sbin/atd,yes,yes,partial,yes,no
/usr/sbin/xidle,no,yes,yes,yes,no
/usr/sbin/rndc-confgen,yes,yes,yes,yes,no
/usr/sbin/try-from,yes,yes,yes,yes,no
/usr/sbin/thin_check,no,yes,no,yes,no
/usr/sbin/s2disk,no,yes,partial,yes,no
/usr/sbin/ntpdc,yes,yes,partial,yes,yes
/usr/sbin/nscd,yes,no,partial,yes,yes
/usr/sbin/postlog,yes,no,unknown,yes,no
/usr/sbin/cupsaddsmb,yes,yes,yes,yes,no
/usr/sbin/pmvarrun,no,yes,partial,yes,no
/usr/sbin/userdel,no,yes,partial,yes,no
/usr/sbin/netdate,no,yes,partial,yes,no
/usr/sbin/postqueue,yes,yes,unknown,yes,no
/usr/sbin/fbtruetype,no,yes,yes,yes,no
/usr/sbin/xmode,no,no,yes,yes,no
/usr/sbin/uuidd,no,yes,partial,yes,no
/usr/sbin/faillog,no,yes,partial,yes,no
/usr/sbin/postcat,yes,no,unknown,yes,no
/usr/sbin/rpcdebug,yes,yes,partial,yes,no
/usr/sbin/tcpdchk,no,yes,partial,yes,no
/usr/sbin/gpm,no,yes,partial,yes,no
/usr/sbin/zdump,no,yes,partial,yes,no
/usr/sbin/grub,no,no,no,yes,no
/usr/sbin/yptest,no,yes,partial,yes,no
/usr/sbin/splashy,no,yes,partial,yes,no
/usr/sbin/postconf,yes,yes,no,yes,no
/usr/sbin/useradd,no,yes,partial,yes,no
/usr/sbin/nfsstat,yes,yes,partial,yes,no
/usr/sbin/ss,no,yes,partial,yes,no
/usr/sbin/rpc.idmapd,yes,yes,partial,yes,no
/usr/sbin/xfs_copy,no,yes,partial,yes,no
/usr/sbin/hwinfo,no,yes,partial,yes,no
/usr/sbin/acpidump,no,yes,partial,yes,no
/usr/sbin/itox,no,yes,partial,yes,no
/usr/sbin/traceroute,yes,yes,partial,yes,no
/usr/sbin/pptp,no,yes,partial,yes,no
/usr/sbin/mcelog,no,yes,partial,yes,no
/usr/sbin/smartctl,yes,yes,partial,yes,no
/usr/sbin/cpufreq-bench,no,yes,partial,yes,no
/usr/sbin/readprofile,no,yes,partial,yes,no
/usr/sbin/nstat,no,yes,partial,yes,no
/usr/sbin/xquery,no,yes,partial,yes,no
/usr/sbin/pcscd,no,yes,partial,yes,no
/usr/sbin/rpcinfo,no,no,no,yes,no
/usr/sbin/xfs_fsr,no,yes,partial,yes,no
/usr/sbin/cups-genppd.5.0,no,yes,yes,yes,no
/usr/sbin/pppd,yes,yes,partial,yes,no
/usr/sbin/quot,yes,yes,partial,yes,no
/usr/sbin/glibc_post_upgrade,no,no,unknown,yes,no
/usr/sbin/fsck.fat,no,yes,partial,yes,no
/usr/sbin/testX,no,no,yes,yes,no
/usr/sbin/splashy_update,no,yes,partial,yes,no
/usr/sbin/icmpinfo,no,no,partial,yes,no
/usr/sbin/cracklib-unpacker,no,no,yes,yes,no
/usr/sbin/postfix,yes,no,unknown,yes,no
/usr/sbin/ip6tables-batch,no,yes,partial,yes,no
/usr/sbin/partprobe,no,no,yes,yes,no
/usr/sbin/parted,no,yes,partial,yes,no
/usr/sbin/tcpd,yes,yes,partial,yes,no
/usr/sbin/pwconv,no,yes,partial,yes,no
/usr/sbin/partx,no,yes,partial,yes,no
/usr/sbin/iwgetid,no,yes,partial,yes,no
/usr/sbin/rtmon,no,yes,partial,yes,no
/usr/sbin/delpart,no,yes,yes,yes,no
/usr/sbin/xlook,no,no,partial,yes,no
/usr/sbin/xinetd,yes,yes,partial,yes,no
/usr/sbin/ifstat,no,yes,partial,yes,no
/usr/sbin/cryptconfig,no,yes,partial,yes,no
/usr/sbin/ypbind,no,yes,partial,yes,no
/usr/sbin/groupmod,no,yes,partial,yes,no
/usr/sbin/mk_isdnhwdb,no,yes,partial,yes,no
/usr/sbin/convertquota,yes,yes,partial,yes,no
/sbin/mkswap,no,yes,partial,yes,no
/sbin/ethtool,no,yes,partial,yes,no
/sbin/mount.encfs13,no,no,yes,yes,no
/sbin/insmod,no,no,partial,yes,no
/sbin/lspci,no,yes,partial,yes,no
/sbin/btrfs-find-root,no,yes,partial,yes,no
/sbin/mkfs.xfs,no,yes,partial,yes,no
/sbin/mkhomedir_helper,no,yes,partial,yes,no
/sbin/debugfs,no,yes,partial,yes,no
/sbin/splash,no,yes,partial,yes,no
/sbin/get_kernel_version,no,yes,partial,yes,no
/sbin/rvmtab,no,yes,partial,yes,no
/sbin/fsfreeze,no,no,yes,yes,no
/sbin/iptunnel,no,yes,partial,yes,no
/sbin/btrfs-debug-tree,no,yes,partial,yes,no
/sbin/multipathd,no,yes,partial,yes,no
/sbin/fsck.ext4,no,yes,partial,yes,no
/sbin/sysctl,no,yes,partial,yes,no
/sbin/pivot_root,no,no,yes,yes,no
/sbin/ifplugstatus,no,yes,partial,yes,no
/sbin/fsck.minix,no,yes,partial,yes,no
/sbin/dhcpcd,yes,yes,partial,yes,no
/sbin/dmsetup,no,yes,partial,yes,no
/sbin/powerd,no,yes,partial,yes,no
/sbin/unix2_chkpwd,no,yes,partial,yes,no
/sbin/blkid,no,yes,partial,yes,no
/sbin/setpci,no,yes,partial,yes,no
/sbin/clockdiff,yes,yes,partial,yes,no
/sbin/tracepath,yes,yes,partial,yes,no
/sbin/auditd,yes,yes,partial,yes,yes
/sbin/startpar,no,yes,partial,yes,no
/sbin/haveged,no,yes,no,yes,yes
/sbin/mount.nfs,yes,yes,partial,yes,no
/sbin/btrfs-image,no,yes,partial,yes,no
/sbin/ip,no,yes,partial,yes,no
/sbin/mkfs.ext2,no,yes,partial,yes,no
/sbin/chcpu,no,yes,partial,yes,no
/sbin/klogd,yes,yes,partial,yes,no
/sbin/sulogin,no,yes,partial,yes,no
/sbin/mingetty,no,yes,partial,yes,no
/sbin/mkfs.ext4,no,yes,partial,yes,no
/sbin/mke2fs,no,yes,partial,yes,no
/sbin/mkfs,no,no,yes,yes,no
/sbin/mkfs.btrfs,no,yes,partial,yes,no
/sbin/fdisk,no,yes,partial,yes,no
/sbin/tracepath6,yes,yes,partial,yes,no
/sbin/sfdisk,no,yes,partial,yes,no
/sbin/install-info,no,yes,partial,yes,no
/sbin/btrfs-select-super,no,yes,partial,yes,no
/sbin/xfs_repair,no,yes,partial,yes,no
/sbin/in.rdisc,yes,yes,partial,yes,no
/sbin/microcode_ctl,no,yes,partial,yes,no
/sbin/cfdisk,no,yes,partial,yes,no
/sbin/lvm,no,yes,partial,yes,no
/sbin/ifuser,no,yes,partial,yes,no
/sbin/request-key,no,no,partial,yes,no
/sbin/btrfs,no,yes,partial,yes,no
/sbin/btrfsck,no,yes,partial,yes,no
/sbin/quotaon,yes,yes,partial,yes,no
/sbin/fsck,no,yes,partial,yes,no
/sbin/killall5,no,yes,partial,yes,no
/sbin/blogd,no,yes,partial,yes,no
/sbin/kexec,no,yes,partial,yes,no
/sbin/plipconfig,no,no,partial,yes,no
/sbin/fsck.cramfs,no,yes,partial,yes,no
/sbin/iscsid,no,yes,partial,yes,no
/sbin/ifplugd,no,yes,partial,yes,no
/sbin/mkfs.bfs,no,yes,partial,yes,no
/sbin/rarp,no,yes,partial,yes,no
/sbin/e2image,no,yes,partial,yes,no
/sbin/dumpe2fs,no,yes,partial,yes,no
/sbin/switch_root,no,yes,yes,yes,no
/sbin/mpathpersist,no,no,partial,yes,no
/sbin/ifenslave,no,yes,partial,yes,no
/sbin/vhangup,no,yes,partial,yes,no
/sbin/modinfo,no,yes,partial,yes,no
/sbin/mkill,no,yes,partial,yes,no
/sbin/auditctl,no,yes,partial,yes,no
/sbin/rmmod,no,yes,partial,yes,no
/sbin/killproc,no,yes,partial,yes,no
/sbin/e2undo,no,yes,yes,yes,no
/sbin/iscsiuio,no,yes,partial,yes,no
/sbin/mdmon,no,yes,partial,yes,yes
/sbin/tune2fs,no,yes,partial,yes,no
/sbin/mount.cifs,no,yes,partial,yes,no
/sbin/iscsiadm,no,yes,partial,yes,no
/sbin/reiserfsck,no,yes,partial,yes,no
/sbin/raw,no,no,yes,yes,no
/sbin/nameif,no,yes,partial,yes,no
/sbin/unix_update,yes,yes,partial,yes,no
/sbin/ausearch,no,yes,partial,yes,no
/sbin/depmod,no,yes,partial,yes,no
/sbin/badblocks,no,yes,partial,yes,no
/sbin/dmeventd,no,yes,partial,yes,no
/sbin/vconfig,no,yes,yes,yes,no
/sbin/dmevent_tool,no,no,no,yes,no
/sbin/detectups,no,yes,yes,yes,no
/sbin/autoip,no,yes,partial,yes,no
/sbin/kpartx,no,yes,partial,yes,no
/sbin/iscsi-iname,no,yes,partial,yes,no
/sbin/biosdevname,no,yes,partial,yes,no
/sbin/showconsole,no,yes,partial,yes,no
/sbin/e2fsck,no,yes,partial,yes,no
/sbin/e2label,no,yes,partial,yes,no
/sbin/fsck.ext2,no,yes,partial,yes,no
/sbin/resize_reiserfs,no,yes,partial,yes,no
/sbin/ctrlaltdel,no,no,unknown,yes,no
/sbin/cryptsetup,no,yes,partial,yes,no
/sbin/setdasd,no,yes,yes,yes,no
/sbin/fbresolution,no,no,yes,yes,no
/sbin/ipmaddr,no,yes,partial,yes,no
/sbin/wipefs,no,yes,partial,yes,no
/sbin/unix_chkpwd,yes,yes,partial,yes,no
/sbin/mkfs.minix,no,yes,partial,yes,no
/sbin/arp,no,yes,partial,yes,no
/sbin/swaplabel,no,yes,partial,yes,no
/sbin/hashalot,no,yes,partial,yes,no
/sbin/btrfs-convert,no,yes,partial,yes,no
/sbin/mkfs.reiserfs,no,yes,partial,yes,no
/sbin/startproc,no,yes,partial,yes,no
/sbin/fbtest,no,no,yes,yes,no
/sbin/hdparm,no,yes,partial,yes,no
/sbin/shutdown,no,yes,partial,yes,no
/sbin/debugreiserfs,no,yes,partial,yes,no
/sbin/slattach,no,yes,partial,yes,no
/sbin/udevd,no,yes,partial,yes,no
/sbin/btrfs-show-super,no,yes,partial,yes,no
/sbin/pam_tally2,no,yes,partial,yes,no
/sbin/quotacheck,yes,yes,partial,yes,no
/sbin/blogger,no,yes,yes,yes,no
/sbin/init,no,yes,partial,yes,no
/sbin/route,no,yes,partial,yes,no
/sbin/pam_timestamp_check,yes,yes,yes,yes,no
/sbin/pam_tally,no,yes,partial,yes,no
/sbin/audispd,yes,yes,partial,yes,yes
/sbin/fbset,no,no,partial,yes,no
/sbin/mdadm,no,yes,partial,yes,no
/sbin/rpcbind,yes,yes,partial,yes,no
/sbin/eliloalt,no,no,no,yes,no
/sbin/fsck.reiserfs,no,yes,partial,yes,no
/sbin/swapon,no,yes,partial,yes,no
/sbin/ldconfig,no,no,unknown,yes,no
/sbin/runlevel,no,no,yes,yes,no
/sbin/isserial,no,no,unknown,yes,no
/sbin/udevadm,no,yes,partial,yes,no
/sbin/splashpbm,no,no,yes,yes,no
/sbin/mount.fuse,no,no,partial,yes,no
/sbin/agetty,no,yes,partial,yes,no
/sbin/resize2fs,no,no,partial,yes,no
/sbin/fsck.ext3,no,yes,partial,yes,no
/sbin/vmcore-dmesg,no,yes,partial,yes,no
/sbin/mkreiserfs,no,yes,partial,yes,no
/sbin/brctl,no,yes,partial,yes,no
/sbin/mkfs.cramfs,no,yes,partial,yes,no
/sbin/start-stop-daemon,no,yes,partial,yes,no
/sbin/hwclock,no,yes,partial,yes,no
/sbin/autrace,no,yes,partial,yes,no
/sbin/pmap_set2,no,yes,partial,yes,no
/sbin/halt,no,yes,partial,yes,no
/sbin/arping,yes,yes,partial,yes,no
/sbin/checkproc,no,yes,partial,yes,no
/sbin/ifconfig,no,yes,partial,yes,no
/sbin/syslog-ng,no,yes,partial,yes,no
/sbin/rmt,no,yes,no,yes,no
/sbin/multipath,no,yes,partial,yes,no
/sbin/apparmor_parser,no,yes,partial,yes,no
/sbin/nologin,no,no,no,yes,no
/sbin/blockdev,no,yes,partial,yes,no
/sbin/rpcinfo,yes,yes,partial,yes,no
/sbin/losetup,no,yes,partial,yes,no
/sbin/md_monitor,no,yes,partial,yes,no
/sbin/btrfstune,no,yes,partial,yes,no
/sbin/mkfs.ext3,no,yes,partial,yes,no
/sbin/modprobe,no,yes,partial,yes,no
/sbin/findfs,no,no,yes,yes,no
/sbin/reiserfstune,no,yes,partial,yes,no
/sbin/aureport,no,yes,partial,yes,no
/sbin/insserv,no,yes,partial,yes,no
/sbin/acpid,no,yes,partial,yes,no
/sbin/adjtimex,no,yes,partial,yes,no
/sbin/fstrim,no,yes,yes,yes,no
/sbin/logsave,no,yes,partial,yes,no
/sbin/dmraid,no,yes,no,yes,no
/sbin/elvtune,no,yes,yes,yes,no
/sbin/kdump,no,no,partial,yes,no
/sbin/btrfs-zero-log,no,yes,partial,yes,no
