/sbin/ldconfig,no,no,unknown,yes,no
/sbin/arp,no,yes,partial,yes,no
/sbin/ether-wake,no,yes,partial,yes,no
/sbin/ifconfig,no,yes,partial,yes,no
/sbin/ipmaddr,no,yes,partial,yes,no
/sbin/iptunnel,no,yes,partial,yes,no
/sbin/nameif,no,yes,partial,yes,no
/sbin/plipconfig,no,no,partial,yes,no
/sbin/rarp,no,yes,partial,yes,no
/sbin/route,no,yes,partial,yes,no
/sbin/slattach,no,yes,partial,yes,no
/sbin/mingetty,no,yes,partial,yes,no
/sbin/apparmor_parser,no,no,no,yes,no
/sbin/key.dns_resolver,no,yes,yes,yes,no
/sbin/request-key,no,no,partial,yes,no
/sbin/debugreiserfs,no,yes,partial,yes,no
/sbin/mkreiserfs,no,yes,partial,yes,no
/sbin/reiserfsck,no,yes,partial,yes,no
/sbin/reiserfstune,no,no,partial,yes,no
/sbin/resize_reiserfs,no,yes,partial,yes,no
/sbin/install-info,no,yes,partial,yes,no
/sbin/rmt,no,yes,no,yes,no
/sbin/sysctl,no,yes,partial,yes,no
/sbin/blogctl,no,yes,partial,yes,no
/sbin/blogd,no,yes,partial,yes,no
/sbin/blogger,no,no,unknown,yes,no
/sbin/isserial,no,no,unknown,yes,no
/sbin/showconsole,no,yes,partial,yes,no
/sbin/mkhomedir_helper,no,yes,partial,yes,no
/sbin/pam_tally2,no,yes,partial,yes,no
/sbin/pam_timestamp_check,yes,yes,yes,yes,no
/sbin/unix_chkpwd,yes,yes,partial,yes,no
/sbin/unix_update,yes,yes,partial,yes,no
/sbin/checkproc,no,yes,partial,yes,no
/sbin/fstab-decode,no,no,yes,yes,no
/sbin/killall5,no,yes,partial,yes,no
/sbin/killproc,no,yes,partial,yes,no
/sbin/mkill,no,yes,partial,yes,no
/sbin/rvmtab,no,yes,partial,yes,no
/sbin/startpar,no,yes,partial,yes,no
/sbin/startproc,no,yes,partial,yes,no
/sbin/vhangup,no,yes,partial,yes,no
/sbin/lspci,no,yes,partial,yes,no
/sbin/setpci,no,yes,partial,yes,no
/sbin/unix2_chkpwd,yes,yes,partial,yes,no
/sbin/mount.cifs,yes,yes,partial,yes,yes
/sbin/dmeventd,yes,yes,partial,yes,yes
/sbin/dmsetup,yes,yes,partial,yes,yes
/sbin/kpartx,yes,yes,partial,yes,yes
/sbin/iscsi-iname,no,yes,partial,yes,no
/sbin/iscsiadm,no,yes,partial,yes,no
/sbin/iscsid,no,yes,partial,yes,no
/sbin/iscsistart,no,yes,partial,yes,no
/sbin/lvm,yes,yes,partial,yes,yes
/sbin/lvmetad,yes,yes,partial,yes,yes
/sbin/dmevent_tool,no,no,no,yes,no
/sbin/dmraid,no,yes,no,yes,no
/sbin/biosdevname,no,yes,partial,yes,no
/sbin/iscsiuio,no,yes,partial,yes,no
/sbin/mpathpersist,yes,no,partial,yes,yes
/sbin/multipath,yes,yes,partial,yes,yes
/sbin/multipathd,yes,yes,partial,yes,yes
/sbin/pmap_set2,yes,yes,partial,yes,yes
/sbin/rpcbind,yes,yes,partial,yes,yes
/sbin/rpcinfo,yes,yes,partial,yes,yes
/sbin/mdadm,no,yes,partial,yes,no
/sbin/mdmon,no,yes,partial,yes,yes
/sbin/ifuser,no,yes,partial,yes,no
/sbin/mount.nfs,yes,yes,partial,yes,no
/sbin/nfsdcltrack,yes,no,partial,yes,no
/sbin/dhclient,yes,yes,partial,yes,yes
/usr/sbin/glibc_post_upgrade,no,no,unknown,yes,no
/usr/sbin/iconvconfig,no,no,no,yes,no
/usr/sbin/traceroute,yes,yes,partial,yes,yes
/usr/sbin/mkfs.xfs,no,yes,partial,yes,no
/usr/sbin/xfs_copy,no,yes,partial,yes,no
/usr/sbin/xfs_db,no,yes,partial,yes,no
/usr/sbin/xfs_estimate,no,yes,partial,yes,no
/usr/sbin/xfs_fsr,no,yes,partial,yes,no
/usr/sbin/xfs_growfs,no,yes,partial,yes,no
/usr/sbin/xfs_io,no,yes,partial,yes,no
/usr/sbin/xfs_logprint,no,yes,partial,yes,no
/usr/sbin/xfs_mdrestore,no,yes,partial,yes,no
/usr/sbin/xfs_quota,no,yes,partial,yes,no
/usr/sbin/xfs_repair,no,yes,partial,yes,no
/usr/sbin/xfs_rtcp,no,yes,partial,yes,no
/usr/sbin/iconvconfig-32,no,no,no,yes,no
/usr/sbin/vconfig,no,yes,yes,yes,no
/usr/sbin/fixmbr,no,no,no,yes,no
/usr/sbin/hardlink,no,no,partial,yes,no
/usr/sbin/fping,no,yes,partial,yes,no
/usr/sbin/fping6,no,yes,partial,yes,no
/usr/sbin/ethtool,no,yes,partial,yes,no
/usr/sbin/fatlabel,no,yes,partial,yes,no
/usr/sbin/fsck.fat,no,yes,partial,yes,no
/usr/sbin/mkfs.fat,no,no,partial,yes,no
/usr/sbin/biosdecode,no,no,partial,yes,no
/usr/sbin/dmidecode,no,yes,partial,yes,no
/usr/sbin/ownership,no,no,partial,yes,no
/usr/sbin/vpddecode,no,no,partial,yes,no
/usr/sbin/adjtimex,no,yes,partial,yes,no
/usr/sbin/pptp,no,yes,partial,yes,no
/usr/sbin/yppoll,no,yes,yes,yes,no
/usr/sbin/ypset,no,yes,yes,yes,no
/usr/sbin/yptest,no,yes,partial,yes,no
/usr/sbin/safe_finger,yes,no,yes,yes,no
/usr/sbin/tcpd,yes,yes,partial,yes,no
/usr/sbin/tcpdchk,no,yes,partial,yes,no
/usr/sbin/tcpdmatch,no,yes,partial,yes,no
/usr/sbin/try-from,yes,yes,yes,yes,no
/usr/sbin/efibootdump,no,yes,partial,yes,no
/usr/sbin/efibootmgr,no,yes,partial,yes,no
/usr/sbin/lsmsr,no,yes,partial,yes,yes
/usr/sbin/cracklib-check,no,yes,partial,yes,no
/usr/sbin/cracklib-packer,no,yes,partial,yes,no
/usr/sbin/cracklib-unpacker,no,no,yes,yes,no
/usr/sbin/convertquota,yes,yes,partial,yes,no
/usr/sbin/edquota,yes,yes,partial,yes,no
/usr/sbin/quot,yes,yes,partial,yes,no
/usr/sbin/quota_nld,yes,yes,partial,yes,no
/usr/sbin/quotacheck,yes,yes,partial,yes,no
/usr/sbin/quotaon,yes,yes,partial,yes,no
/usr/sbin/quotastats,yes,yes,partial,yes,no
/usr/sbin/repquota,yes,yes,partial,yes,no
/usr/sbin/setquota,yes,yes,partial,yes,no
/usr/sbin/warnquota,yes,yes,partial,yes,no
/usr/sbin/xqmstats,yes,yes,partial,yes,no
/usr/sbin/btrfs,no,yes,partial,yes,no
/usr/sbin/btrfs-convert,no,yes,partial,yes,no
/usr/sbin/btrfs-debug-tree,no,yes,partial,yes,no
/usr/sbin/btrfs-image,no,yes,partial,yes,no
/usr/sbin/btrfs-show-super,no,yes,partial,yes,no
/usr/sbin/btrfs-zero-log,no,yes,partial,yes,no
/usr/sbin/btrfstune,no,yes,partial,yes,no
/usr/sbin/mkfs.btrfs,no,yes,partial,yes,no
/usr/sbin/badblocks,no,yes,partial,yes,no
/usr/sbin/debugfs,no,yes,partial,yes,no
/usr/sbin/dumpe2fs,no,yes,partial,yes,no
/usr/sbin/e2freefrag,no,yes,yes,yes,no
/usr/sbin/e2image,no,yes,partial,yes,no
/usr/sbin/e2undo,no,yes,yes,yes,no
/usr/sbin/e4defrag,no,yes,partial,yes,no
/usr/sbin/filefrag,no,yes,partial,yes,no
/usr/sbin/logsave,no,yes,partial,yes,no
/usr/sbin/mklost+found,no,no,yes,yes,no
/usr/sbin/resize2fs,no,no,partial,yes,no
/usr/sbin/e2fsck,no,yes,partial,yes,no
/usr/sbin/fsck.ext2,no,yes,partial,yes,no
/usr/sbin/fsck.ext3,no,yes,partial,yes,no
/usr/sbin/fsck.ext4,no,yes,partial,yes,no
/usr/sbin/e2label,no,yes,partial,yes,no
/usr/sbin/tune2fs,no,yes,partial,yes,no
/usr/sbin/mke2fs,no,yes,partial,yes,no
/usr/sbin/mkfs.ext2,no,yes,partial,yes,no
/usr/sbin/mkfs.ext3,no,yes,partial,yes,no
/usr/sbin/mkfs.ext4,no,yes,partial,yes,no
/usr/sbin/hwinfo,no,yes,partial,yes,no
/usr/sbin/mk_isdnhwdb,no,yes,partial,yes,no
/usr/sbin/arpd,no,yes,partial,yes,no
/usr/sbin/bridge,no,yes,partial,yes,no
/usr/sbin/genl,no,yes,partial,yes,no
/usr/sbin/ifstat,no,yes,partial,yes,no
/usr/sbin/ip,no,yes,partial,yes,no
/usr/sbin/lnstat,no,yes,partial,yes,no
/usr/sbin/nstat,no,yes,partial,yes,no
/usr/sbin/rtacct,no,yes,partial,yes,no
/usr/sbin/rtmon,no,yes,partial,yes,no
/usr/sbin/ss,no,yes,partial,yes,no
/usr/sbin/tc,no,yes,partial,yes,no
/usr/sbin/tipc,no,yes,yes,yes,no
/usr/sbin/nfnl_osf,no,yes,partial,yes,no
/usr/sbin/tcpdump,no,yes,partial,yes,no
/usr/sbin/crda,no,no,no,yes,no
/usr/sbin/regdbdump,no,no,no,yes,no
/usr/sbin/pluginviewer,no,no,yes,yes,no
/usr/sbin/sasldblistusers2,no,yes,partial,yes,no
/usr/sbin/saslpasswd2,no,yes,partial,yes,no
/usr/sbin/ip6tables-batch,no,yes,partial,yes,no
/usr/sbin/iptables-batch,no,yes,partial,yes,no
/usr/sbin/xtables-multi,no,yes,partial,yes,no
/usr/sbin/zdump,no,yes,partial,yes,no
/usr/sbin/zic,no,yes,partial,yes,no
/usr/sbin/cupsaccept,yes,yes,unknown,yes,yes
/usr/sbin/lpadmin,yes,yes,unknown,yes,yes
/usr/sbin/lpc,yes,yes,partial,yes,yes
/usr/sbin/lpinfo,yes,no,unknown,yes,yes
/usr/sbin/lpmove,yes,yes,yes,yes,yes
/usr/sbin/arpaname,yes,yes,yes,yes,no
/usr/sbin/ddns-confgen,yes,yes,yes,yes,no
/usr/sbin/dnssec-dsfromkey,yes,yes,partial,yes,no
/usr/sbin/dnssec-importkey,yes,yes,partial,yes,no
/usr/sbin/dnssec-keyfromlabel,yes,yes,partial,yes,no
/usr/sbin/dnssec-keygen,yes,yes,partial,yes,no
/usr/sbin/dnssec-revoke,yes,yes,partial,yes,no
/usr/sbin/dnssec-settime,yes,yes,partial,yes,no
/usr/sbin/dnssec-signzone,yes,yes,partial,yes,no
/usr/sbin/dnssec-verify,yes,yes,partial,yes,no
/usr/sbin/genrandom,yes,no,yes,yes,no
/usr/sbin/isc-hmac-fixup,yes,yes,yes,yes,no
/usr/sbin/named-journalprint,yes,no,yes,yes,no
/usr/sbin/nsec3hash,yes,yes,yes,yes,no
/usr/sbin/rndc,yes,yes,partial,yes,no
/usr/sbin/rndc-confgen,yes,yes,yes,yes,no
/usr/sbin/ifrename,no,yes,partial,yes,no
/usr/sbin/iwconfig,no,yes,partial,yes,no
/usr/sbin/iwevent,no,yes,partial,yes,no
/usr/sbin/iwgetid,no,yes,partial,yes,no
/usr/sbin/iwlist,no,yes,partial,yes,no
/usr/sbin/iwpriv,no,yes,partial,yes,no
/usr/sbin/iwspy,no,yes,partial,yes,no
/usr/sbin/lwepgen,no,yes,yes,yes,no
/usr/sbin/update-alternatives,no,yes,partial,yes,no
/usr/sbin/fbtest,no,no,yes,yes,no
/usr/sbin/hdparm,no,yes,partial,yes,no
/usr/sbin/cups-browsed,no,yes,partial,yes,no
/usr/sbin/netscsid,no,yes,partial,yes,no
/usr/sbin/arping,yes,yes,partial,yes,yes
/usr/sbin/clockdiff,yes,yes,partial,yes,yes
/usr/sbin/ifenslave,no,yes,partial,yes,no
/usr/sbin/in.rdisc,yes,yes,partial,yes,yes
/usr/sbin/tracepath,yes,yes,partial,yes,yes
/usr/sbin/tracepath6,yes,yes,partial,yes,yes
/usr/sbin/cgdisk,no,yes,partial,yes,no
/usr/sbin/gdisk,no,yes,partial,yes,no
/usr/sbin/sgdisk,no,yes,partial,yes,no
/usr/sbin/accessdb,no,no,yes,yes,no
/usr/sbin/visudo,yes,yes,partial,yes,no
/usr/sbin/chat,yes,yes,partial,yes,no
/usr/sbin/pppd,yes,yes,partial,yes,no
/usr/sbin/pppdump,no,yes,partial,yes,no
/usr/sbin/pppoe-discovery,no,yes,partial,yes,no
/usr/sbin/pppstats,no,yes,partial,yes,no
/usr/sbin/pam-config,no,yes,partial,yes,no
/usr/sbin/alsactl,no,yes,partial,yes,no
/usr/sbin/vlock-main,no,yes,partial,yes,no
/usr/sbin/kdump,no,no,partial,yes,no
/usr/sbin/kexec,no,yes,partial,yes,no
/usr/sbin/vmcore-dmesg,no,yes,partial,yes,no
/usr/sbin/addpart,no,yes,partial,yes,yes
/usr/sbin/agetty,no,yes,partial,yes,yes
/usr/sbin/blkdiscard,no,yes,partial,yes,yes
/usr/sbin/blkid,no,yes,partial,yes,yes
/usr/sbin/blockdev,no,yes,partial,yes,yes
/usr/sbin/cfdisk,no,yes,partial,yes,yes
/usr/sbin/chcpu,no,no,partial,yes,yes
/usr/sbin/ctrlaltdel,no,no,partial,yes,yes
/usr/sbin/delpart,no,yes,partial,yes,yes
/usr/sbin/fdformat,no,yes,partial,yes,yes
/usr/sbin/fdisk,no,yes,partial,yes,yes
/usr/sbin/findfs,no,no,yes,yes,yes
/usr/sbin/fsck,no,yes,partial,yes,yes
/usr/sbin/fsck.cramfs,no,yes,partial,yes,yes
/usr/sbin/fsck.minix,no,yes,partial,yes,yes
/usr/sbin/fsfreeze,no,no,yes,yes,yes
/usr/sbin/fstrim,no,yes,partial,yes,yes
/usr/sbin/hwclock,no,yes,partial,yes,yes
/usr/sbin/klogconsole,no,no,yes,yes,no
/usr/sbin/ldattach,no,yes,partial,yes,yes
/usr/sbin/losetup,no,yes,partial,yes,yes
/usr/sbin/mkfs,no,no,yes,yes,yes
/usr/sbin/mkfs.bfs,no,yes,partial,yes,yes
/usr/sbin/mkfs.cramfs,no,yes,partial,yes,yes
/usr/sbin/mkfs.minix,no,yes,partial,yes,yes
/usr/sbin/mkswap,no,yes,partial,yes,yes
/usr/sbin/nologin,no,yes,partial,yes,yes
/usr/sbin/partx,no,yes,partial,yes,yes
/usr/sbin/pivot_root,no,no,yes,yes,yes
/usr/sbin/raw,no,no,yes,yes,yes
/usr/sbin/readprofile,no,yes,partial,yes,yes
/usr/sbin/resizepart,no,yes,partial,yes,yes
/usr/sbin/rtcwake,no,yes,partial,yes,yes
/usr/sbin/runuser,no,yes,partial,yes,yes
/usr/sbin/setctsid,no,no,yes,yes,no
/usr/sbin/sfdisk,no,yes,partial,yes,yes
/usr/sbin/sulogin,no,yes,partial,yes,yes
/usr/sbin/swaplabel,no,yes,partial,yes,yes
/usr/sbin/swapoff,no,no,yes,yes,yes
/usr/sbin/swapon,no,yes,partial,yes,yes
/usr/sbin/switch_root,no,yes,yes,yes,yes
/usr/sbin/tunelp,no,yes,partial,yes,yes
/usr/sbin/wipefs,no,yes,partial,yes,yes
/usr/sbin/zramctl,no,yes,partial,yes,yes
/usr/sbin/chpasswd,yes,yes,partial,yes,no
/usr/sbin/groupadd,yes,yes,partial,yes,no
/usr/sbin/groupdel,yes,yes,partial,yes,no
/usr/sbin/groupmod,yes,yes,partial,yes,no
/usr/sbin/grpck,yes,yes,partial,yes,no
/usr/sbin/newusers,yes,yes,partial,yes,no
/usr/sbin/pwck,yes,yes,partial,yes,no
/usr/sbin/pwconv,yes,yes,partial,yes,no
/usr/sbin/pwunconv,yes,yes,partial,yes,no
/usr/sbin/useradd,yes,yes,partial,yes,no
/usr/sbin/userdel,yes,yes,partial,yes,no
/usr/sbin/usermod,yes,yes,partial,yes,no
/usr/sbin/vipw,yes,yes,partial,yes,no
/usr/sbin/cifs.idmap,yes,no,yes,yes,yes
/usr/sbin/cifs.upcall,yes,yes,partial,yes,yes
/usr/sbin/mount.fuse,no,no,partial,yes,no
/usr/sbin/mksubvolume,no,yes,no,yes,no
/usr/sbin/snapperd,no,yes,partial,yes,no
/usr/sbin/icmpinfo,no,no,partial,yes,no
/usr/sbin/lockdev,yes,no,yes,yes,no
/usr/sbin/zypp-refresh,yes,no,unknown,yes,yes
/usr/sbin/pdata_tools,no,yes,partial,yes,no
/usr/sbin/grub2-bios-setup,no,no,no,yes,no
/usr/sbin/grub2-install,no,no,no,yes,no
/usr/sbin/grub2-macbless,no,no,no,yes,no
/usr/sbin/grub2-ofpathname,no,no,no,yes,no
/usr/sbin/grub2-probe,no,no,no,yes,no
/usr/sbin/grub2-sparc64-setup,no,no,no,yes,no
/usr/sbin/cryptsetup,no,yes,partial,yes,no
/usr/sbin/cryptsetup-reencrypt,no,yes,partial,yes,no
/usr/sbin/veritysetup,no,yes,partial,yes,no
/usr/sbin/mount.crypt,no,yes,partial,yes,no
/usr/sbin/pmt-ehd,no,yes,partial,yes,no
/usr/sbin/pmvarrun,no,yes,partial,yes,no
/usr/sbin/cryptconfig,no,yes,partial,yes,no
/usr/sbin/itox,no,yes,partial,yes,no
/usr/sbin/xinetd,yes,yes,partial,yes,no
/usr/sbin/sshd,yes,yes,partial,yes,yes
/usr/sbin/ntp-keygen,yes,yes,partial,yes,yes
/usr/sbin/ntpd,yes,yes,partial,yes,yes
/usr/sbin/ntpdate,yes,yes,partial,yes,yes
/usr/sbin/ntpdc,yes,yes,partial,yes,yes
/usr/sbin/ntpq,yes,yes,partial,yes,yes
/usr/sbin/ntptime,yes,no,yes,yes,yes
/usr/sbin/sntp,yes,yes,partial,yes,yes
/usr/sbin/tickadj,yes,no,yes,yes,yes
/usr/sbin/nscd,yes,yes,partial,yes,yes
/usr/sbin/logrotate,no,yes,partial,yes,no
/usr/sbin/saslauthd,no,yes,partial,yes,no
/usr/sbin/testsaslauthd,no,yes,partial,yes,no
/usr/sbin/automount,yes,yes,partial,yes,no
/usr/sbin/audispd,yes,yes,partial,yes,yes
/usr/sbin/auditctl,yes,yes,partial,yes,yes
/usr/sbin/auditd,yes,yes,partial,yes,yes
/usr/sbin/aureport,no,yes,partial,yes,yes
/usr/sbin/ausearch,no,yes,partial,yes,yes
/usr/sbin/autrace,no,yes,partial,yes,yes
/usr/sbin/atd,yes,yes,partial,yes,no
/usr/sbin/wicked,no,yes,partial,yes,no
/usr/sbin/wickedd,no,no,yes,yes,no
/usr/sbin/wickedd-nanny,no,yes,partial,yes,no
/usr/sbin/nmbd,yes,yes,partial,yes,yes
/usr/sbin/smbd,yes,yes,partial,yes,yes
/usr/sbin/kdumptool,no,yes,partial,yes,no
/usr/sbin/vsftpd,yes,yes,partial,yes,yes
/usr/sbin/smartctl,yes,yes,partial,yes,no
/usr/sbin/smartd,yes,yes,partial,yes,no
/usr/sbin/fatresize,no,no,unknown,yes,no
/usr/sbin/parted,no,yes,partial,yes,no
/usr/sbin/partprobe,no,no,yes,yes,no
/usr/sbin/slpd,no,yes,partial,yes,no
/usr/sbin/irqbalance,yes,yes,partial,yes,yes
/usr/sbin/haveged,yes,yes,yes,yes,yes
/usr/sbin/gpm,no,yes,partial,yes,no
/usr/sbin/inputattach,no,yes,partial,yes,no
/usr/sbin/mcelog,no,yes,partial,yes,no
/usr/sbin/ypbind,no,yes,partial,yes,no
/usr/sbin/cron,yes,yes,partial,yes,yes
/usr/sbin/snmpd,yes,yes,partial,yes,no
/usr/sbin/snmptrapd,yes,yes,partial,yes,no
/usr/sbin/plymouthd,no,yes,partial,yes,no
/usr/sbin/umount.udisks2,no,no,unknown,yes,no
/usr/sbin/rtkitctl,no,no,yes,yes,no
/usr/sbin/ipmievd,no,yes,partial,yes,no
/usr/sbin/rsyslogd,no,yes,partial,yes,no
/usr/sbin/postalias,yes,no,unknown,yes,no
/usr/sbin/postcat,yes,no,unknown,yes,no
/usr/sbin/postconf,yes,yes,no,yes,no
/usr/sbin/postdrop,yes,no,unknown,yes,no
/usr/sbin/postfix,yes,no,unknown,yes,no
/usr/sbin/postkick,yes,no,unknown,yes,no
/usr/sbin/postlock,yes,no,unknown,yes,no
/usr/sbin/postlog,yes,no,unknown,yes,no
/usr/sbin/postmap,yes,no,unknown,yes,no
/usr/sbin/postmulti,yes,no,unknown,yes,no
/usr/sbin/postqueue,yes,no,unknown,yes,no
/usr/sbin/postsuper,yes,no,unknown,yes,no
/usr/sbin/qmqp-source,yes,no,yes,yes,no
/usr/sbin/sendmail,yes,no,unknown,yes,no
/usr/sbin/smtp-sink,yes,yes,yes,yes,no
/usr/sbin/smtp-source,yes,no,partial,yes,no
/usr/sbin/blkmapd,yes,yes,partial,yes,no
/usr/sbin/nfsidmap,yes,yes,partial,yes,no
/usr/sbin/nfsstat,yes,yes,partial,yes,no
/usr/sbin/rpc.gssd,yes,yes,partial,yes,no
/usr/sbin/rpc.idmapd,yes,yes,partial,yes,no
/usr/sbin/rpc.statd,yes,yes,partial,yes,no
/usr/sbin/rpc.svcgssd,yes,yes,partial,yes,no
/usr/sbin/rpcdebug,yes,yes,partial,yes,no
/usr/sbin/showmount,yes,yes,partial,yes,no
/usr/sbin/sm-notify,yes,yes,partial,yes,no
/usr/sbin/pcscd,no,yes,partial,yes,no
/usr/sbin/cupsaddsmb,yes,yes,yes,yes,yes
/usr/sbin/cupsctl,yes,no,unknown,yes,yes
/usr/sbin/cupsd,yes,yes,partial,yes,yes
/usr/sbin/cupsfilter,yes,yes,partial,yes,yes
/usr/sbin/exportfs,yes,yes,partial,yes,no
/usr/sbin/rpc.mountd,yes,yes,partial,yes,no
/usr/sbin/rpc.nfsd,yes,yes,partial,yes,no
/usr/sbin/ifdhandler,no,yes,partial,yes,no
/usr/sbin/ifdproxy,no,yes,partial,yes,no
/usr/sbin/openct-control,no,yes,partial,yes,no
/usr/sbin/gdm,no,yes,partial,yes,no
/usr/bin/gencat,no,no,no,yes,no
/usr/bin/getent,no,no,no,yes,no
/usr/bin/iconv,no,no,no,yes,no
/usr/bin/locale,no,no,no,yes,no
/usr/bin/localedef,no,no,no,yes,no
/usr/bin/zip,no,yes,partial,yes,no
/usr/bin/zipcloak,no,yes,partial,yes,no
/usr/bin/zipnote,no,yes,partial,yes,no
/usr/bin/zipsplit,no,yes,partial,yes,no
/usr/bin/perl,no,yes,partial,yes,no
/usr/bin/perl5.18.2,no,yes,partial,yes,no
/usr/bin/patch,no,yes,partial,yes,no
/usr/bin/lsscsi,no,yes,partial,yes,no
/usr/bin/xmlwf,no,no,partial,yes,no
/usr/bin/clear,no,no,unknown,yes,no
/usr/bin/tabs,no,no,partial,yes,no
/usr/bin/toe,no,no,partial,yes,no
/usr/bin/tput,no,no,partial,yes,no
/usr/bin/tset,no,yes,partial,yes,no
/usr/bin/idn,no,yes,partial,yes,no
/usr/bin/xtermset,no,yes,partial,yes,no
/usr/bin/xscope,no,yes,partial,yes,no
/usr/bin/systool,no,yes,partial,yes,no
/usr/bin/sessreg,no,yes,partial,yes,no
/usr/bin/showrgb,no,yes,partial,yes,no
/usr/bin/prctl,no,no,yes,yes,no
/usr/bin/pkg-config,no,yes,partial,yes,no
/usr/bin/x86_64-suse-linux-gnu-pkg-config,no,yes,partial,yes,no
/usr/bin/gpart,no,yes,partial,yes,no
/usr/bin/fribidi,no,yes,partial,yes,no
/usr/bin/fillup,no,yes,partial,yes,no
/usr/bin/fdupes,no,yes,partial,yes,no
/usr/bin/dos2unix,no,yes,partial,yes,no
/usr/bin/unix2dos,no,yes,partial,yes,no
/usr/bin/getdelays,no,yes,partial,yes,no
/usr/bin/checkmedia,no,no,no,yes,no
/usr/bin/extlinux,no,no,no,yes,no
/usr/bin/gethostip,no,no,no,yes,no
/usr/bin/isohybrid,no,no,no,yes,no
/usr/bin/memdiskfind,no,no,no,yes,no
/usr/bin/syslinux,no,no,no,yes,no
/usr/bin/syslinux-mtools,no,no,no,yes,no
/usr/bin/iceauth,no,yes,partial,yes,no
/usr/bin/unrar,no,yes,partial,yes,no
/usr/bin/procinfo,no,yes,partial,yes,no
/usr/bin/joe,no,yes,partial,yes,no
/usr/bin/termidx,no,yes,yes,yes,no
/usr/bin/hunspell,no,yes,partial,yes,no
/usr/bin/ypcat,no,yes,partial,yes,no
/usr/bin/ypmatch,no,yes,partial,yes,no
/usr/bin/ypwhich,no,yes,yes,yes,no
/usr/bin/nisdomainname,no,yes,partial,yes,no
/usr/bin/ypdomainname,no,yes,partial,yes,no
/usr/bin/ypchfn,no,yes,partial,yes,no
/usr/bin/ypchsh,no,yes,partial,yes,no
/usr/bin/yppasswd,no,yes,partial,yes,no
/usr/bin/xdg-user-dirs-update,no,yes,partial,yes,no
/usr/bin/smidiff,no,yes,partial,yes,no
/usr/bin/smidump,no,yes,partial,yes,no
/usr/bin/smilint,no,no,partial,yes,no
/usr/bin/smiquery,no,yes,partial,yes,no
/usr/bin/smixlate,no,no,partial,yes,no
/usr/bin/initviocons,no,no,no,yes,no
/usr/bin/pigz,no,yes,partial,yes,no
/usr/bin/luit,no,yes,partial,yes,no
/usr/bin/strace,no,yes,partial,yes,no
/usr/bin/sqlite3,no,yes,partial,yes,no
/usr/bin/lzmadec,no,yes,partial,yes,no
/usr/bin/lzmainfo,no,yes,partial,yes,no
/usr/bin/xz,no,yes,partial,yes,no
/usr/bin/xzdec,no,yes,partial,yes,no
/usr/bin/iptc,no,no,partial,yes,no
/usr/bin/modeprint,no,no,yes,yes,no
/usr/bin/modetest,no,no,partial,yes,no
/usr/bin/python2.7,no,no,unknown,yes,no
/usr/bin/bzip2,no,yes,partial,yes,no
/usr/bin/bzip2recover,no,no,partial,yes,no
/usr/bin/attr,no,no,partial,yes,no
/usr/bin/getfattr,no,yes,partial,yes,no
/usr/bin/setfattr,no,no,partial,yes,no
/usr/bin/ofl,no,yes,partial,yes,no
/usr/bin/dialog,no,yes,partial,yes,no
/usr/bin/analyze,no,yes,partial,yes,no
/usr/bin/chmorph,no,yes,partial,yes,no
/usr/bin/hunzip,no,no,yes,yes,no
/usr/bin/hzip,no,yes,partial,yes,no
/usr/bin/munch,no,yes,partial,yes,no
/usr/bin/unmunch,no,yes,partial,yes,no
/usr/bin/x86info,no,yes,partial,yes,yes
/usr/bin/quota,yes,yes,partial,yes,no
/usr/bin/quotasync,yes,yes,partial,yes,no
/usr/bin/btrfs-map-logical,no,yes,partial,yes,no
/usr/bin/info,no,yes,partial,yes,no
/usr/bin/infokey,no,yes,partial,yes,no
/usr/bin/eu-addr2line,no,yes,yes,yes,no
/usr/bin/eu-ar,no,yes,partial,yes,no
/usr/bin/eu-elfcmp,no,yes,partial,yes,no
/usr/bin/eu-elflint,no,yes,partial,yes,no
/usr/bin/eu-findtextrel,no,yes,partial,yes,no
/usr/bin/eu-ld,no,yes,partial,yes,no
/usr/bin/eu-nm,no,yes,partial,yes,no
/usr/bin/eu-objdump,no,yes,partial,yes,no
/usr/bin/eu-ranlib,no,yes,partial,yes,no
/usr/bin/eu-readelf,no,yes,partial,yes,no
/usr/bin/eu-size,no,yes,partial,yes,no
/usr/bin/eu-stack,no,yes,yes,yes,no
/usr/bin/eu-strings,no,no,partial,yes,no
/usr/bin/eu-strip,no,yes,partial,yes,no
/usr/bin/eu-unstrip,no,yes,partial,yes,no
/usr/bin/smt,no,yes,no,yes,no
/usr/bin/star,no,yes,partial,yes,no
/usr/bin/tartest,no,yes,no,yes,no
/usr/bin/chacl,no,no,yes,yes,no
/usr/bin/getfacl,no,yes,partial,yes,no
/usr/bin/setfacl,no,yes,partial,yes,no
/usr/bin/xlsclients,no,no,yes,yes,no
/usr/bin/xlsatoms,no,yes,yes,yes,no
/usr/bin/espeak,no,yes,partial,yes,no
/usr/bin/which,no,yes,partial,yes,no
/usr/bin/time,no,no,yes,yes,no
/usr/bin/recode,no,no,yes,yes,no
/usr/bin/pinentry-curses,no,yes,partial,yes,no
/usr/bin/make,no,yes,partial,yes,no
/usr/bin/m4,no,yes,partial,yes,no
/usr/bin/egrep,no,yes,partial,yes,no
/usr/bin/fgrep,no,yes,partial,yes,no
/usr/bin/grep,no,yes,partial,yes,no
/usr/bin/find,no,yes,partial,yes,no
/usr/bin/oldfind,no,yes,partial,yes,no
/usr/bin/xargs,no,yes,partial,yes,no
/usr/bin/fastjar,no,yes,partial,yes,no
/usr/bin/grepjar,no,yes,partial,yes,no
/usr/bin/ed,no,yes,partial,yes,no
/usr/bin/chattr,no,no,yes,yes,no
/usr/bin/lsattr,no,no,yes,yes,no
/usr/bin/cmp,no,yes,partial,yes,no
/usr/bin/diff,no,yes,partial,yes,no
/usr/bin/diff3,no,yes,partial,yes,no
/usr/bin/sdiff,no,yes,partial,yes,no
/usr/bin/cpio,no,yes,partial,yes,no
/usr/bin/mt,no,yes,partial,yes,no
/usr/bin/bc,no,yes,partial,yes,no
/usr/bin/dc,no,yes,partial,yes,no
/usr/bin/xwininfo,no,yes,partial,yes,no
/usr/bin/xbacklight,no,no,yes,yes,no
/usr/bin/xprop,no,yes,partial,yes,no
/usr/bin/xmodmap,no,yes,partial,yes,no
/usr/bin/xlsfonts,no,yes,yes,yes,no
/usr/bin/unclutter,no,no,yes,yes,no
/usr/bin/cdrskin,no,yes,partial,yes,no
/usr/bin/xorriso,no,no,yes,yes,no
/usr/bin/appres,no,no,yes,yes,no
/usr/bin/rendercheck,no,yes,yes,yes,no
/usr/bin/BackGround,no,yes,no,yes,no
/usr/bin/xkill,no,yes,yes,yes,no
/usr/bin/xhost,no,yes,partial,yes,no
/usr/bin/python3.4,no,no,yes,yes,no
/usr/bin/python3.4m,no,no,yes,yes,no
/usr/bin/a2p,no,yes,partial,yes,no
/usr/bin/killall,no,yes,partial,yes,no
/usr/bin/peekfd,no,no,yes,yes,no
/usr/bin/prtstat,no,yes,partial,yes,no
/usr/bin/pstree,no,yes,partial,yes,no
/usr/bin/cpupower,no,yes,partial,yes,no
/usr/bin/turbostat,no,yes,partial,yes,no
/usr/bin/gdb,no,yes,partial,yes,no
/usr/bin/makedumpfile,no,yes,partial,yes,no
/usr/bin/gdk-pixbuf-query-loaders-64,no,no,unknown,yes,no
/usr/bin/cpp-4.8,no,no,no,yes,no
/usr/bin/zsh,no,yes,partial,yes,no
/usr/bin/sed,no,yes,partial,yes,no
/usr/bin/gzip,no,yes,partial,yes,no
/usr/bin/[,no,yes,partial,yes,no
/usr/bin/arch,no,yes,partial,yes,no
/usr/bin/base32,no,yes,partial,yes,no
/usr/bin/base64,no,yes,partial,yes,no
/usr/bin/basename,no,yes,partial,yes,no
/usr/bin/cat,no,yes,partial,yes,no
/usr/bin/chcon,no,yes,partial,yes,no
/usr/bin/chgrp,no,yes,partial,yes,no
/usr/bin/chmod,no,yes,partial,yes,no
/usr/bin/chown,no,yes,partial,yes,no
/usr/bin/chroot,no,yes,partial,yes,no
/usr/bin/cksum,no,yes,partial,yes,no
/usr/bin/comm,no,yes,partial,yes,no
/usr/bin/cp,no,yes,partial,yes,no
/usr/bin/csplit,no,yes,partial,yes,no
/usr/bin/cut,no,yes,partial,yes,no
/usr/bin/date,no,yes,partial,yes,no
/usr/bin/dd,no,yes,partial,yes,no
/usr/bin/df,no,yes,partial,yes,no
/usr/bin/dir,no,yes,partial,yes,no
/usr/bin/dircolors,no,yes,partial,yes,no
/usr/bin/dirname,no,yes,partial,yes,no
/usr/bin/du,no,yes,partial,yes,no
/usr/bin/echo,no,yes,partial,yes,no
/usr/bin/env,no,yes,partial,yes,no
/usr/bin/expand,no,yes,partial,yes,no
/usr/bin/expr,no,yes,partial,yes,no
/usr/bin/factor,no,yes,partial,yes,no
/usr/bin/false,no,yes,partial,yes,no
/usr/bin/fmt,no,yes,partial,yes,no
/usr/bin/fold,no,yes,partial,yes,no
/usr/bin/groups,no,yes,partial,yes,no
/usr/bin/head,no,yes,partial,yes,no
/usr/bin/hostid,no,yes,partial,yes,no
/usr/bin/id,no,yes,partial,yes,no
/usr/bin/install,no,yes,partial,yes,no
/usr/bin/join,no,yes,partial,yes,no
/usr/bin/link,no,yes,partial,yes,no
/usr/bin/ln,no,yes,partial,yes,no
/usr/bin/logname,no,yes,partial,yes,no
/usr/bin/ls,no,yes,partial,yes,no
/usr/bin/md5sum,no,yes,partial,yes,no
/usr/bin/mkdir,no,yes,partial,yes,no
/usr/bin/mkfifo,no,yes,partial,yes,no
/usr/bin/mknod,no,yes,partial,yes,no
/usr/bin/mktemp,no,yes,partial,yes,no
/usr/bin/mv,no,yes,partial,yes,no
/usr/bin/nice,no,yes,partial,yes,no
/usr/bin/nl,no,yes,partial,yes,no
/usr/bin/nohup,no,yes,partial,yes,no
/usr/bin/nproc,no,yes,partial,yes,no
/usr/bin/numfmt,no,yes,partial,yes,no
/usr/bin/od,no,yes,partial,yes,no
/usr/bin/paste,no,yes,partial,yes,no
/usr/bin/pathchk,no,yes,partial,yes,no
/usr/bin/pinky,no,yes,partial,yes,no
/usr/bin/pr,no,yes,partial,yes,no
/usr/bin/printenv,no,yes,partial,yes,no
/usr/bin/printf,no,yes,partial,yes,no
/usr/bin/ptx,no,yes,partial,yes,no
/usr/bin/pwd,no,yes,partial,yes,no
/usr/bin/readlink,no,yes,partial,yes,no
/usr/bin/realpath,no,yes,partial,yes,no
/usr/bin/rm,no,yes,partial,yes,no
/usr/bin/rmdir,no,yes,partial,yes,no
/usr/bin/runcon,no,yes,partial,yes,no
/usr/bin/seq,no,yes,partial,yes,no
/usr/bin/sha1sum,no,yes,partial,yes,no
/usr/bin/sha224sum,no,yes,partial,yes,no
/usr/bin/sha256sum,no,yes,partial,yes,no
/usr/bin/sha384sum,no,yes,partial,yes,no
/usr/bin/sha512sum,no,yes,partial,yes,no
/usr/bin/shred,no,yes,partial,yes,no
/usr/bin/shuf,no,yes,partial,yes,no
/usr/bin/sleep,no,yes,partial,yes,no
/usr/bin/sort,no,yes,partial,yes,no
/usr/bin/split,no,yes,partial,yes,no
/usr/bin/stat,no,yes,partial,yes,no
/usr/bin/stdbuf,no,yes,partial,yes,no
/usr/bin/stty,no,yes,partial,yes,no
/usr/bin/sum,no,yes,partial,yes,no
/usr/bin/sync,no,yes,partial,yes,no
/usr/bin/tac,no,yes,partial,yes,no
/usr/bin/tail,no,yes,partial,yes,no
/usr/bin/tee,no,yes,partial,yes,no
/usr/bin/test,no,yes,partial,yes,no
/usr/bin/timeout,yes,yes,partial,yes,no
/usr/bin/touch,no,yes,partial,yes,no
/usr/bin/tr,no,yes,partial,yes,no
/usr/bin/true,no,yes,partial,yes,no
/usr/bin/truncate,no,yes,partial,yes,no
/usr/bin/tsort,no,yes,partial,yes,no
/usr/bin/tty,no,yes,partial,yes,no
/usr/bin/uname,no,yes,partial,yes,no
/usr/bin/unexpand,no,yes,partial,yes,no
/usr/bin/uniq,no,yes,partial,yes,no
/usr/bin/unlink,no,yes,partial,yes,no
/usr/bin/uptime,no,yes,partial,yes,no
/usr/bin/users,no,yes,partial,yes,no
/usr/bin/vdir,no,yes,partial,yes,no
/usr/bin/wc,no,yes,partial,yes,no
/usr/bin/who,no,yes,partial,yes,no
/usr/bin/whoami,no,yes,partial,yes,no
/usr/bin/yes,no,yes,partial,yes,no
/usr/bin/fips_standalone_hmac,no,yes,partial,yes,no
/usr/bin/openssl,no,yes,partial,yes,no
/usr/bin/file,yes,no,yes,yes,no
/usr/bin/xmlcatalog,no,yes,yes,yes,no
/usr/bin/xmllint,no,yes,partial,yes,no
/usr/bin/cyrus_sasl_sample_client,no,yes,partial,yes,no
/usr/bin/cyrus_sasl_sample_server,no,yes,partial,yes,no
/usr/bin/ftbench,no,no,partial,yes,no
/usr/bin/ftdiff,no,yes,partial,yes,no
/usr/bin/ftdump,no,no,partial,yes,no
/usr/bin/ftgamma,no,yes,partial,yes,no
/usr/bin/ftgrid,no,yes,partial,yes,no
/usr/bin/ftlint,no,no,partial,yes,no
/usr/bin/ftmulti,no,yes,partial,yes,no
/usr/bin/ftstring,no,yes,partial,yes,no
/usr/bin/ftvalid,no,no,yes,yes,no
/usr/bin/ftview,no,yes,partial,yes,no
/usr/bin/sg_compare_and_write,no,yes,no,yes,no
/usr/bin/sg_copy_results,no,yes,partial,yes,no
/usr/bin/sg_dd,no,yes,partial,yes,no
/usr/bin/sg_decode_sense,no,yes,partial,yes,no
/usr/bin/sg_emc_trespass,no,yes,yes,yes,no
/usr/bin/sg_format,no,yes,yes,yes,no
/usr/bin/sg_get_config,no,yes,partial,yes,no
/usr/bin/sg_get_lba_status,no,yes,yes,yes,no
/usr/bin/sg_ident,no,yes,partial,yes,no
/usr/bin/sg_inq,no,yes,partial,yes,no
/usr/bin/sg_logs,no,yes,partial,yes,no
/usr/bin/sg_luns,no,yes,partial,yes,no
/usr/bin/sg_map,no,yes,partial,yes,no
/usr/bin/sg_map26,no,yes,partial,yes,no
/usr/bin/sg_modes,no,yes,partial,yes,no
/usr/bin/sg_opcodes,no,yes,partial,yes,no
/usr/bin/sg_persist,no,yes,partial,yes,no
/usr/bin/sg_prevent,no,yes,unknown,yes,no
/usr/bin/sg_raw,no,yes,partial,yes,no
/usr/bin/sg_rbuf,no,yes,yes,yes,no
/usr/bin/sg_rdac,no,yes,yes,yes,no
/usr/bin/sg_read,no,yes,partial,yes,no
/usr/bin/sg_read_attr,no,yes,partial,yes,no
/usr/bin/sg_read_block_limits,no,yes,unknown,yes,no
/usr/bin/sg_read_buffer,no,yes,partial,yes,no
/usr/bin/sg_read_long,no,yes,partial,yes,no
/usr/bin/sg_readcap,no,yes,yes,yes,no
/usr/bin/sg_reassign,no,yes,partial,yes,no
/usr/bin/sg_referrals,no,yes,yes,yes,no
/usr/bin/sg_rep_zones,no,yes,partial,yes,no
/usr/bin/sg_requests,no,yes,yes,yes,no
/usr/bin/sg_reset,no,no,yes,yes,no
/usr/bin/sg_reset_wp,no,yes,unknown,yes,no
/usr/bin/sg_rmsn,no,yes,yes,yes,no
/usr/bin/sg_rtpg,no,yes,yes,yes,no
/usr/bin/sg_safte,no,yes,yes,yes,no
/usr/bin/sg_sanitize,no,yes,partial,yes,no
/usr/bin/sg_sat_identify,no,yes,yes,yes,no
/usr/bin/sg_sat_phy_event,no,yes,yes,yes,no
/usr/bin/sg_sat_read_gplog,no,yes,partial,yes,no
/usr/bin/sg_sat_set_features,no,yes,unknown,yes,no
/usr/bin/sg_scan,no,yes,partial,yes,no
/usr/bin/sg_senddiag,no,yes,partial,yes,no
/usr/bin/sg_ses,no,yes,partial,yes,no
/usr/bin/sg_ses_microcode,no,yes,partial,yes,no
/usr/bin/sg_start,no,yes,unknown,yes,no
/usr/bin/sg_stpg,no,yes,yes,yes,no
/usr/bin/sg_sync,no,yes,unknown,yes,no
/usr/bin/sg_test_rwbuf,no,yes,partial,yes,no
/usr/bin/sg_timestamp,no,yes,yes,yes,no
/usr/bin/sg_turs,no,yes,yes,yes,no
/usr/bin/sg_unmap,no,yes,partial,yes,no
/usr/bin/sg_verify,no,yes,partial,yes,no
/usr/bin/sg_vpd,no,yes,partial,yes,no
/usr/bin/sg_wr_mode,no,yes,no,yes,no
/usr/bin/sg_write_buffer,no,yes,partial,yes,no
/usr/bin/sg_write_long,no,yes,partial,yes,no
/usr/bin/sg_write_same,no,yes,partial,yes,no
/usr/bin/sg_write_verify,no,yes,partial,yes,no
/usr/bin/sg_xcopy,no,yes,partial,yes,no
/usr/bin/sg_zone,no,yes,unknown,yes,no
/usr/bin/sginfo,no,yes,partial,yes,no
/usr/bin/sgm_dd,no,yes,partial,yes,no
/usr/bin/sgp_dd,no,yes,partial,yes,no
/usr/bin/formail,yes,yes,no,yes,no
/usr/bin/lockfile,yes,yes,no,yes,no
/usr/bin/procmail,yes,yes,partial,yes,no
/usr/bin/asn1Coding,no,no,partial,yes,no
/usr/bin/asn1Decoding,no,yes,partial,yes,no
/usr/bin/asn1Parser,no,no,partial,yes,no
/usr/bin/wget,no,yes,partial,yes,no
/usr/bin/tclsh8.6,no,no,unknown,yes,no
/usr/bin/convertdb1,no,no,yes,yes,no
/usr/bin/rpm2cpio,no,no,yes,yes,no
/usr/bin/rpmdb,no,no,yes,yes,no
/usr/bin/rpmgraph,no,no,partial,yes,no
/usr/bin/rpmkeys,no,no,yes,yes,no
/usr/bin/rpmqpack,no,no,yes,yes,no
/usr/bin/rpmsign,no,no,yes,yes,no
/usr/bin/rpmspec,no,no,yes,yes,no
/usr/bin/chkstat,no,yes,partial,yes,no
/usr/bin/ldapcompare,yes,yes,partial,yes,no
/usr/bin/ldapdelete,yes,yes,partial,yes,no
/usr/bin/ldapexop,yes,yes,partial,yes,no
/usr/bin/ldapmodify,yes,yes,partial,yes,no
/usr/bin/ldapmodrdn,yes,yes,partial,yes,no
/usr/bin/ldappasswd,yes,yes,partial,yes,no
/usr/bin/ldapsearch,yes,yes,partial,yes,no
/usr/bin/ldapurl,yes,yes,partial,yes,no
/usr/bin/ldapwhoami,yes,yes,partial,yes,no
/usr/bin/augparse,no,no,yes,yes,no
/usr/bin/augtool,no,yes,partial,yes,no
/usr/bin/fadot,no,no,yes,yes,no
/usr/bin/free,no,no,yes,yes,no
/usr/bin/pmap,no,yes,partial,yes,no
/usr/bin/pwdx,no,no,partial,yes,no
/usr/bin/skill,no,yes,partial,yes,no
/usr/bin/slabtop,no,yes,partial,yes,no
/usr/bin/snice,no,yes,partial,yes,no
/usr/bin/tload,no,no,partial,yes,no
/usr/bin/top,no,yes,partial,yes,no
/usr/bin/vmstat,no,yes,yes,yes,no
/usr/bin/w,no,yes,partial,yes,no
/usr/bin/watch,no,yes,partial,yes,no
/usr/bin/cancel,yes,yes,yes,yes,yes
/usr/bin/cupstestdsc,yes,yes,yes,yes,yes
/usr/bin/ippfind,yes,yes,partial,yes,yes
/usr/bin/ipptool,yes,yes,partial,yes,yes
/usr/bin/lp,yes,yes,partial,yes,yes
/usr/bin/lpoptions,yes,yes,partial,yes,yes
/usr/bin/lppasswd,yes,yes,partial,yes,yes
/usr/bin/lpq,yes,yes,yes,yes,yes
/usr/bin/lpr,yes,yes,partial,yes,yes
/usr/bin/lprm,yes,no,unknown,yes,yes
/usr/bin/lpstat,yes,yes,yes,yes,yes
/usr/bin/dig,yes,yes,partial,yes,no
/usr/bin/host,yes,yes,partial,yes,no
/usr/bin/idnconv,yes,yes,partial,yes,no
/usr/bin/nslookup,yes,yes,partial,yes,no
/usr/bin/nsupdate,yes,yes,partial,yes,no
/usr/bin/appdata2solv,no,yes,partial,yes,no
/usr/bin/comps2solv,no,yes,partial,yes,no
/usr/bin/deltainfoxml2solv,no,yes,partial,yes,no
/usr/bin/dumpsolv,no,yes,partial,yes,no
/usr/bin/installcheck,no,yes,partial,yes,no
/usr/bin/mergesolv,no,yes,partial,yes,no
/usr/bin/repomdxml2solv,no,yes,partial,yes,no
/usr/bin/rpmdb2solv,no,yes,partial,yes,no
/usr/bin/rpmmd2solv,no,yes,partial,yes,no
/usr/bin/rpms2solv,no,yes,partial,yes,no
/usr/bin/susetags2solv,no,yes,partial,yes,no
/usr/bin/testsolv,no,yes,partial,yes,no
/usr/bin/updateinfoxml2solv,no,yes,partial,yes,no
/usr/bin/w3m,yes,yes,partial,yes,no
/usr/bin/slptool,no,yes,partial,yes,no
/usr/bin/qdbus,no,no,partial,yes,no
/usr/bin/xmlpatterns,no,no,unknown,yes,no
/usr/bin/xmlpatternsvalidator,no,no,unknown,yes,no
/usr/bin/genisoimage,no,yes,partial,yes,no
/usr/bin/411toppm,no,no,no,yes,no
/usr/bin/asciitopgm,no,no,unknown,yes,no
/usr/bin/atktopbm,no,no,unknown,yes,no
/usr/bin/avstopam,no,yes,unknown,yes,no
/usr/bin/bioradtopgm,no,no,unknown,yes,no
/usr/bin/bmptopnm,no,yes,no,yes,no
/usr/bin/brushtopbm,no,yes,no,yes,no
/usr/bin/cameratopam,no,yes,partial,yes,no
/usr/bin/cistopbm,no,no,unknown,yes,no
/usr/bin/cmuwmtopbm,no,no,no,yes,no
/usr/bin/ddbugtopbm,no,no,partial,yes,no
/usr/bin/escp2topbm,no,no,no,yes,no
/usr/bin/eyuvtoppm,no,no,no,yes,no
/usr/bin/fiascotopnm,no,yes,partial,yes,no
/usr/bin/fitstopnm,no,yes,partial,yes,no
/usr/bin/fstopgm,no,no,no,yes,no
/usr/bin/gemtopnm,no,no,yes,yes,no
/usr/bin/giftopnm,no,yes,partial,yes,no
/usr/bin/gouldtoppm,no,yes,no,yes,no
/usr/bin/hdifftopam,no,no,unknown,yes,no
/usr/bin/hipstopgm,no,yes,no,yes,no
/usr/bin/ilbmtoppm,no,yes,no,yes,no
/usr/bin/imgtoppm,no,yes,partial,yes,no
/usr/bin/infotopam,no,yes,no,yes,no
/usr/bin/jbigtopnm,no,yes,partial,yes,no
/usr/bin/jpeg2ktopam,no,yes,unknown,yes,no
/usr/bin/jpegtopnm,no,yes,partial,yes,no
/usr/bin/leaftoppm,no,yes,no,yes,no
/usr/bin/lispmtopgm,no,no,unknown,yes,no
/usr/bin/macptopbm,no,no,unknown,yes,no
/usr/bin/mdatopbm,no,no,partial,yes,no
/usr/bin/mgrtopbm,no,no,no,yes,no
/usr/bin/mrftopbm,no,no,no,yes,no
/usr/bin/mtvtoppm,no,no,no,yes,no
/usr/bin/neotoppm,no,no,unknown,yes,no
/usr/bin/palmtopnm,no,yes,partial,yes,no
/usr/bin/pamaddnoise,no,yes,unknown,yes,no
/usr/bin/pamarith,no,yes,yes,yes,no
/usr/bin/pambackground,no,yes,unknown,yes,no
/usr/bin/pambayer,no,yes,no,yes,no
/usr/bin/pamchannel,no,yes,yes,yes,no
/usr/bin/pamcomp,no,yes,no,yes,no
/usr/bin/pamcut,no,yes,unknown,yes,no
/usr/bin/pamdeinterlace,no,yes,unknown,yes,no
/usr/bin/pamdepth,no,yes,unknown,yes,no
/usr/bin/pamdice,no,yes,unknown,yes,no
/usr/bin/pamditherbw,no,yes,unknown,yes,no
/usr/bin/pamedge,no,yes,unknown,yes,no
/usr/bin/pamendian,no,no,unknown,yes,no
/usr/bin/pamenlarge,no,yes,unknown,yes,no
/usr/bin/pamexec,no,yes,unknown,yes,no
/usr/bin/pamfile,no,yes,yes,yes,no
/usr/bin/pamfix,no,yes,unknown,yes,no
/usr/bin/pamflip,no,yes,unknown,yes,no
/usr/bin/pamfunc,no,yes,unknown,yes,no
/usr/bin/pamgauss,no,yes,yes,yes,no
/usr/bin/pamgradient,no,yes,unknown,yes,no
/usr/bin/pamlookup,no,no,unknown,yes,no
/usr/bin/pammasksharpen,no,yes,unknown,yes,no
/usr/bin/pammixinterlace,no,yes,unknown,yes,no
/usr/bin/pammosaicknit,no,yes,unknown,yes,no
/usr/bin/pamoil,no,no,unknown,yes,no
/usr/bin/pampaintspill,no,yes,unknown,yes,no
/usr/bin/pamperspective,no,yes,no,yes,no
/usr/bin/pampick,no,yes,unknown,yes,no
/usr/bin/pampop9,no,no,unknown,yes,no
/usr/bin/pamrecolor,no,yes,unknown,yes,no
/usr/bin/pamrgbatopng,no,yes,partial,yes,no
/usr/bin/pamrubber,no,yes,unknown,yes,no
/usr/bin/pamscale,no,yes,yes,yes,no
/usr/bin/pamseq,no,yes,yes,yes,no
/usr/bin/pamsharpmap,no,yes,unknown,yes,no
/usr/bin/pamsharpness,no,yes,yes,yes,no
/usr/bin/pamsistoaglyph,no,yes,unknown,yes,no
/usr/bin/pamslice,no,no,yes,yes,no
/usr/bin/pamsplit,no,yes,unknown,yes,no
/usr/bin/pamstack,no,yes,yes,yes,no
/usr/bin/pamstereogram,no,yes,yes,yes,no
/usr/bin/pamstretch,no,no,unknown,yes,no
/usr/bin/pamsumm,no,yes,yes,yes,no
/usr/bin/pamsummcol,no,yes,unknown,yes,no
/usr/bin/pamthreshold,no,yes,unknown,yes,no
/usr/bin/pamtilt,no,yes,yes,yes,no
/usr/bin/pamtoavs,no,yes,unknown,yes,no
/usr/bin/pamtodjvurle,no,yes,yes,yes,no
/usr/bin/pamtofits,no,yes,yes,yes,no
/usr/bin/pamtogif,no,yes,unknown,yes,no
/usr/bin/pamtohdiff,no,no,unknown,yes,no
/usr/bin/pamtohtmltbl,no,yes,yes,yes,no
/usr/bin/pamtojpeg2k,no,yes,yes,yes,no
/usr/bin/pamtompfont,no,yes,unknown,yes,no
/usr/bin/pamtooctaveimg,no,yes,yes,yes,no
/usr/bin/pamtopam,no,yes,unknown,yes,no
/usr/bin/pamtopdbimg,no,yes,no,yes,no
/usr/bin/pamtopfm,no,yes,yes,yes,no
/usr/bin/pamtopnm,no,yes,unknown,yes,no
/usr/bin/pamtosrf,no,yes,no,yes,no
/usr/bin/pamtosvg,no,yes,partial,yes,no
/usr/bin/pamtotga,no,yes,unknown,yes,no
/usr/bin/pamtotiff,no,yes,unknown,yes,no
/usr/bin/pamtouil,no,yes,yes,yes,no
/usr/bin/pamtowinicon,no,yes,no,yes,no
/usr/bin/pamtoxvmini,no,yes,yes,yes,no
/usr/bin/pamundice,no,yes,partial,yes,no
/usr/bin/pamvalidate,no,yes,no,yes,no
/usr/bin/pamwipeout,no,yes,unknown,yes,no
/usr/bin/pamx,no,yes,no,yes,no
/usr/bin/pbmclean,no,no,unknown,yes,no
/usr/bin/pbmlife,no,no,unknown,yes,no
/usr/bin/pbmmake,no,no,unknown,yes,no
/usr/bin/pbmmask,no,no,unknown,yes,no
/usr/bin/pbmminkowski,no,no,yes,yes,no
/usr/bin/pbmpage,no,yes,yes,yes,no
/usr/bin/pbmpscale,no,no,unknown,yes,no
/usr/bin/pbmreduce,no,no,unknown,yes,no
/usr/bin/pbmtext,no,yes,no,yes,no
/usr/bin/pbmtextps,no,yes,no,yes,no
/usr/bin/pbmto10x,no,no,yes,yes,no
/usr/bin/pbmto4425,no,no,unknown,yes,no
/usr/bin/pbmtoascii,no,no,unknown,yes,no
/usr/bin/pbmtoatk,no,yes,yes,yes,no
/usr/bin/pbmtobbnbg,no,no,yes,yes,no
/usr/bin/pbmtocis,no,no,unknown,yes,no
/usr/bin/pbmtocmuwm,no,yes,unknown,yes,no
/usr/bin/pbmtodjvurle,no,no,yes,yes,no
/usr/bin/pbmtoepsi,no,no,yes,yes,no
/usr/bin/pbmtoepson,no,no,yes,yes,no
/usr/bin/pbmtoescp2,no,no,partial,yes,no
/usr/bin/pbmtog3,no,yes,unknown,yes,no
/usr/bin/pbmtogem,no,no,unknown,yes,no
/usr/bin/pbmtogo,no,yes,yes,yes,no
/usr/bin/pbmtoibm23xx,no,no,no,yes,no
/usr/bin/pbmtolj,no,no,partial,yes,no
/usr/bin/pbmtoln03,no,yes,yes,yes,no
/usr/bin/pbmtolps,no,no,yes,yes,no
/usr/bin/pbmtomacp,no,yes,unknown,yes,no
/usr/bin/pbmtomatrixorbital,no,no,unknown,yes,no
/usr/bin/pbmtomda,no,no,yes,yes,no
/usr/bin/pbmtomgr,no,no,unknown,yes,no
/usr/bin/pbmtomrf,no,no,yes,yes,no
/usr/bin/pbmtonokia,no,yes,yes,yes,no
/usr/bin/pbmtopgm,no,no,unknown,yes,no
/usr/bin/pbmtopi3,no,no,unknown,yes,no
/usr/bin/pbmtopk,no,yes,partial,yes,no
/usr/bin/pbmtoplot,no,no,unknown,yes,no
/usr/bin/pbmtoppa,no,yes,partial,yes,no
/usr/bin/pbmtopsg3,no,no,yes,yes,no
/usr/bin/pbmtoptx,no,no,unknown,yes,no
/usr/bin/pbmtosunicon,no,no,yes,yes,no
/usr/bin/pbmtowbmp,no,no,unknown,yes,no
/usr/bin/pbmtoxbm,no,no,yes,yes,no
/usr/bin/pbmtoybm,no,no,unknown,yes,no
/usr/bin/pbmtozinc,no,yes,yes,yes,no
/usr/bin/pbmupc,no,no,unknown,yes,no
/usr/bin/pc1toppm,no,no,unknown,yes,no
/usr/bin/pcxtoppm,no,no,unknown,yes,no
/usr/bin/pdbimgtopam,no,yes,partial,yes,no
/usr/bin/pfmtopam,no,yes,no,yes,no
/usr/bin/pgmabel,no,no,unknown,yes,no
/usr/bin/pgmbentley,no,no,unknown,yes,no
/usr/bin/pgmcrater,no,no,unknown,yes,no
/usr/bin/pgmdeshadow,no,no,unknown,yes,no
/usr/bin/pgmenhance,no,no,unknown,yes,no
/usr/bin/pgmhist,no,no,yes,yes,no
/usr/bin/pgmkernel,no,no,unknown,yes,no
/usr/bin/pgmmake,no,no,unknown,yes,no
/usr/bin/pgmmedian,no,no,unknown,yes,no
/usr/bin/pgmminkowski,no,no,yes,yes,no
/usr/bin/pgmmorphconv,no,no,unknown,yes,no
/usr/bin/pgmnoise,no,no,unknown,yes,no
/usr/bin/pgmramp,no,no,unknown,yes,no
/usr/bin/pgmtexture,no,no,yes,yes,no
/usr/bin/pgmtofs,no,no,yes,yes,no
/usr/bin/pgmtolispm,no,no,yes,yes,no
/usr/bin/pgmtopbm,no,no,unknown,yes,no
/usr/bin/pgmtopgm,no,no,unknown,yes,no
/usr/bin/pgmtoppm,no,no,unknown,yes,no
/usr/bin/pi1toppm,no,no,unknown,yes,no
/usr/bin/pi3topbm,no,no,unknown,yes,no
/usr/bin/pjtoppm,no,no,no,yes,no
/usr/bin/pktopbm,no,yes,yes,yes,no
/usr/bin/pngtopam,no,yes,partial,yes,no
/usr/bin/pnmalias,no,no,unknown,yes,no
/usr/bin/pnmcat,no,no,unknown,yes,no
/usr/bin/pnmcolormap,no,yes,no,yes,no
/usr/bin/pnmcomp,no,no,unknown,yes,no
/usr/bin/pnmconvol,no,yes,unknown,yes,no
/usr/bin/pnmcrop,no,no,unknown,yes,no
/usr/bin/pnmgamma,no,no,unknown,yes,no
/usr/bin/pnmhisteq,no,no,yes,yes,no
/usr/bin/pnmhistmap,no,no,no,yes,no
/usr/bin/pnmindex,no,no,yes,yes,no
/usr/bin/pnminvert,no,no,unknown,yes,no
/usr/bin/pnmmercator,no,no,unknown,yes,no
/usr/bin/pnmmontage,no,yes,yes,yes,no
/usr/bin/pnmnlfilt,no,no,unknown,yes,no
/usr/bin/pnmnorm,no,no,unknown,yes,no
/usr/bin/pnmpad,no,no,unknown,yes,no
/usr/bin/pnmpaste,no,no,unknown,yes,no
/usr/bin/pnmpsnr,no,yes,unknown,yes,no
/usr/bin/pnmremap,no,yes,unknown,yes,no
/usr/bin/pnmrotate,no,no,unknown,yes,no
/usr/bin/pnmscalefixed,no,no,unknown,yes,no
/usr/bin/pnmshear,no,no,unknown,yes,no
/usr/bin/pnmsmooth,no,no,unknown,yes,no
/usr/bin/pnmstitch,no,no,yes,yes,no
/usr/bin/pnmtile,no,no,unknown,yes,no
/usr/bin/pnmtoddif,no,yes,yes,yes,no
/usr/bin/pnmtofiasco,no,yes,partial,yes,no
/usr/bin/pnmtojbig,no,yes,partial,yes,no
/usr/bin/pnmtojpeg,no,yes,no,yes,no
/usr/bin/pnmtopalm,no,yes,no,yes,no
/usr/bin/pnmtopclxl,no,yes,no,yes,no
/usr/bin/pnmtopng,no,yes,partial,yes,no
/usr/bin/pnmtops,no,yes,partial,yes,no
/usr/bin/pnmtorast,no,no,no,yes,no
/usr/bin/pnmtorle,no,yes,partial,yes,no
/usr/bin/pnmtosgi,no,no,unknown,yes,no
/usr/bin/pnmtosir,no,no,unknown,yes,no
/usr/bin/pnmtotiffcmyk,no,no,yes,yes,no
/usr/bin/pnmtoxwd,no,no,unknown,yes,no
/usr/bin/ppm3d,no,no,unknown,yes,no
/usr/bin/ppmbrighten,no,no,unknown,yes,no
/usr/bin/ppmchange,no,no,unknown,yes,no
/usr/bin/ppmcie,no,yes,yes,yes,no
/usr/bin/ppmcolormask,no,no,unknown,yes,no
/usr/bin/ppmcolors,no,no,unknown,yes,no
/usr/bin/ppmdcfont,no,yes,yes,yes,no
/usr/bin/ppmddumpfont,no,no,unknown,yes,no
/usr/bin/ppmdim,no,no,unknown,yes,no
/usr/bin/ppmdist,no,no,unknown,yes,no
/usr/bin/ppmdither,no,yes,no,yes,no
/usr/bin/ppmdmkfont,no,yes,unknown,yes,no
/usr/bin/ppmdraw,no,no,no,yes,no
/usr/bin/ppmflash,no,no,unknown,yes,no
/usr/bin/ppmforge,no,no,unknown,yes,no
/usr/bin/ppmglobe,no,no,unknown,yes,no
/usr/bin/ppmhist,no,no,partial,yes,no
/usr/bin/ppmlabel,no,yes,no,yes,no
/usr/bin/ppmmake,no,no,unknown,yes,no
/usr/bin/ppmmix,no,no,unknown,yes,no
/usr/bin/ppmntsc,no,no,unknown,yes,no
/usr/bin/ppmpat,no,no,unknown,yes,no
/usr/bin/ppmrelief,no,no,unknown,yes,no
/usr/bin/ppmrough,no,no,unknown,yes,no
/usr/bin/ppmshift,no,no,unknown,yes,no
/usr/bin/ppmspread,no,no,no,yes,no
/usr/bin/ppmtoacad,no,no,unknown,yes,no
/usr/bin/ppmtoapplevol,no,no,unknown,yes,no
/usr/bin/ppmtoarbtxt,no,yes,partial,yes,no
/usr/bin/ppmtoascii,no,no,yes,yes,no
/usr/bin/ppmtobmp,no,no,unknown,yes,no
/usr/bin/ppmtoeyuv,no,no,unknown,yes,no
/usr/bin/ppmtogif,no,yes,unknown,yes,no
/usr/bin/ppmtoicr,no,no,yes,yes,no
/usr/bin/ppmtoilbm,no,no,no,yes,no
/usr/bin/ppmtoleaf,no,no,unknown,yes,no
/usr/bin/ppmtolj,no,no,partial,yes,no
/usr/bin/ppmtomitsu,no,yes,unknown,yes,no
/usr/bin/ppmtoneo,no,no,unknown,yes,no
/usr/bin/ppmtopcx,no,no,unknown,yes,no
/usr/bin/ppmtopgm,no,no,unknown,yes,no
/usr/bin/ppmtopi1,no,no,unknown,yes,no
/usr/bin/ppmtopict,no,no,unknown,yes,no
/usr/bin/ppmtopj,no,no,yes,yes,no
/usr/bin/ppmtopjxl,no,no,yes,yes,no
/usr/bin/ppmtoppm,no,no,unknown,yes,no
/usr/bin/ppmtopuzz,no,no,unknown,yes,no
/usr/bin/ppmtorgb3,no,no,yes,yes,no
/usr/bin/ppmtosixel,no,no,yes,yes,no
/usr/bin/ppmtospu,no,yes,unknown,yes,no
/usr/bin/ppmtoterm,no,no,yes,yes,no
/usr/bin/ppmtowinicon,no,no,no,yes,no
/usr/bin/ppmtoxpm,no,no,partial,yes,no
/usr/bin/ppmtoyuv,no,no,unknown,yes,no
/usr/bin/ppmtoyuvsplit,no,yes,yes,yes,no
/usr/bin/ppmtv,no,no,unknown,yes,no
/usr/bin/ppmwheel,no,no,unknown,yes,no
/usr/bin/psidtopgm,no,no,unknown,yes,no
/usr/bin/pstopnm,no,yes,partial,yes,no
/usr/bin/qrttoppm,no,no,no,yes,no
/usr/bin/rasttopnm,no,no,no,yes,no
/usr/bin/rawtopgm,no,no,unknown,yes,no
/usr/bin/rawtoppm,no,no,unknown,yes,no
/usr/bin/rgb3toppm,no,no,unknown,yes,no
/usr/bin/rlatopam,no,yes,no,yes,no
/usr/bin/rletopnm,no,yes,partial,yes,no
/usr/bin/sbigtopgm,no,yes,partial,yes,no
/usr/bin/sgitopnm,no,no,no,yes,no
/usr/bin/sirtopnm,no,no,no,yes,no
/usr/bin/sldtoppm,no,yes,no,yes,no
/usr/bin/spctoppm,no,no,unknown,yes,no
/usr/bin/spottopgm,no,no,partial,yes,no
/usr/bin/sputoppm,no,no,unknown,yes,no
/usr/bin/srftopam,no,yes,no,yes,no
/usr/bin/sunicontopnm,no,yes,unknown,yes,no
/usr/bin/svgtopam,no,yes,unknown,yes,no
/usr/bin/tgatoppm,no,yes,partial,yes,no
/usr/bin/thinkjettopbm,no,no,partial,yes,no
/usr/bin/tifftopnm,no,yes,unknown,yes,no
/usr/bin/wbmptopbm,no,no,unknown,yes,no
/usr/bin/winicontopam,no,yes,no,yes,no
/usr/bin/winicontoppm,no,yes,partial,yes,no
/usr/bin/xbmtopbm,no,yes,no,yes,no
/usr/bin/ximtoppm,no,yes,no,yes,no
/usr/bin/xpmtoppm,no,yes,partial,yes,no
/usr/bin/xvminitoppm,no,yes,no,yes,no
/usr/bin/xwdtopnm,no,yes,no,yes,no
/usr/bin/ybmtopbm,no,no,unknown,yes,no
/usr/bin/yuvsplittoppm,no,no,no,yes,no
/usr/bin/yuvtoppm,no,no,no,yes,no
/usr/bin/zeisstopnm,no,no,unknown,yes,no
/usr/bin/ycpc,no,yes,partial,yes,no
/usr/bin/epsffit,no,yes,partial,yes,no
/usr/bin/psbook,no,yes,partial,yes,no
/usr/bin/psnup,no,yes,partial,yes,no
/usr/bin/psresize,no,yes,partial,yes,no
/usr/bin/psselect,no,yes,partial,yes,no
/usr/bin/pstops,no,yes,partial,yes,no
/usr/bin/memhog,no,no,partial,yes,no
/usr/bin/migratepages,no,no,yes,yes,no
/usr/bin/migspeed,no,yes,partial,yes,no
/usr/bin/numactl,no,yes,yes,yes,no
/usr/bin/numademo,no,yes,partial,yes,no
/usr/bin/numastat,no,yes,partial,yes,no
/usr/bin/mailx,no,yes,partial,yes,no
/usr/bin/mkfontscale,no,yes,partial,yes,no
/usr/bin/fonttosfnt,no,yes,partial,yes,no
/usr/bin/fc-cache,no,no,yes,yes,no
/usr/bin/fc-cat,no,no,yes,yes,no
/usr/bin/fc-list,no,no,yes,yes,no
/usr/bin/fc-match,no,no,yes,yes,no
/usr/bin/fc-pattern,no,no,yes,yes,no
/usr/bin/fc-query,no,no,yes,yes,no
/usr/bin/fc-scan,no,no,yes,yes,no
/usr/bin/fc-validate,no,no,yes,yes,no
/usr/bin/fc-cache32,no,no,yes,yes,no
/usr/bin/fc-cat32,no,no,yes,yes,no
/usr/bin/fc-list32,no,no,yes,yes,no
/usr/bin/fc-match32,no,no,yes,yes,no
/usr/bin/vitmp,no,no,no,yes,no
/usr/bin/xxd,no,no,partial,yes,no
/usr/bin/shar,no,yes,partial,yes,no
/usr/bin/unshar,no,yes,partial,yes,no
/usr/bin/uudecode,no,yes,partial,yes,no
/usr/bin/uuencode,no,no,partial,yes,no
/usr/bin/update-mime-database,no,no,no,yes,no
/usr/bin/chvt,no,no,yes,yes,no
/usr/bin/clrunimap,no,no,yes,yes,no
/usr/bin/deallocvt,no,no,yes,yes,no
/usr/bin/dumpkeys,no,no,yes,yes,no
/usr/bin/fgconsole,no,no,yes,yes,no
/usr/bin/getkeycodes,no,no,yes,yes,no
/usr/bin/getunimap,no,yes,yes,yes,no
/usr/bin/kbd_mode,no,no,yes,yes,no
/usr/bin/kbdinfo,no,no,yes,yes,no
/usr/bin/kbdrate,no,no,partial,yes,no
/usr/bin/loadkeys,no,yes,partial,yes,no
/usr/bin/loadunimap,no,yes,partial,yes,no
/usr/bin/mapscrn,no,yes,partial,yes,no
/usr/bin/openvt,no,yes,partial,yes,no
/usr/bin/outpsfheader,no,no,unknown,yes,no
/usr/bin/psfxtable,no,yes,partial,yes,no
/usr/bin/resizecons,no,yes,yes,yes,no
/usr/bin/screendump,no,no,partial,yes,no
/usr/bin/setfont,no,yes,partial,yes,no
/usr/bin/setkeycodes,no,no,yes,yes,no
/usr/bin/setleds,no,no,yes,yes,no
/usr/bin/setlogcons,no,no,yes,yes,no
/usr/bin/setmetamode,no,no,yes,yes,no
/usr/bin/setpalette,no,yes,yes,yes,no
/usr/bin/setvesablank,no,no,yes,yes,no
/usr/bin/setvtrgb,no,no,yes,yes,no
/usr/bin/showconsolefont,no,no,partial,yes,no
/usr/bin/showkey,no,no,partial,yes,no
/usr/bin/spawn_console,no,no,unknown,yes,no
/usr/bin/spawn_login,no,no,unknown,yes,no
/usr/bin/eqn,no,yes,partial,yes,no
/usr/bin/groff,no,yes,partial,yes,no
/usr/bin/grops,no,yes,partial,yes,no
/usr/bin/grotty,no,yes,partial,yes,no
/usr/bin/pic,no,no,partial,yes,no
/usr/bin/preconv,no,yes,partial,yes,no
/usr/bin/soelim,no,no,partial,yes,no
/usr/bin/tbl,no,no,partial,yes,no
/usr/bin/troff,no,yes,partial,yes,no
/usr/bin/ft1dump,no,yes,partial,yes,no
/usr/bin/ft1error,no,no,yes,yes,no
/usr/bin/ft1lint,no,no,partial,yes,no
/usr/bin/ft1metric,no,no,partial,yes,no
/usr/bin/ft1sbit,no,no,partial,yes,no
/usr/bin/ft1string,no,no,partial,yes,no
/usr/bin/ft1strpnm,no,no,partial,yes,no
/usr/bin/ft1strtto,no,no,partial,yes,no
/usr/bin/ft1timer,no,no,partial,yes,no
/usr/bin/ft1view,no,no,partial,yes,no
/usr/bin/ft1zoom,no,no,partial,yes,no
/usr/bin/blkiomon,no,no,partial,yes,no
/usr/bin/blkrawverify,no,yes,partial,yes,no
/usr/bin/btrecord,no,yes,partial,yes,no
/usr/bin/btreplay,no,yes,partial,yes,no
/usr/bin/btt,no,yes,partial,yes,no
/usr/bin/verify_blkparse,no,yes,partial,yes,no
/usr/bin/xli,no,yes,partial,yes,no
/usr/bin/xlito,no,yes,partial,yes,no
/usr/bin/test_xauth,no,no,unknown,yes,no
/usr/bin/xauth,no,yes,partial,yes,no
/usr/bin/xsetroot,no,no,yes,yes,no
/usr/bin/xcursorgen,no,yes,partial,yes,no
/usr/bin/dirmngr,no,yes,partial,yes,no
/usr/bin/dirmngr-client,no,yes,partial,yes,no
/usr/bin/less,no,yes,partial,yes,no
/usr/bin/lessecho,no,yes,yes,yes,no
/usr/bin/lesskey,no,yes,partial,yes,no
/usr/bin/stdlogctl,no,no,yes,yes,no
/usr/bin/p11-kit,no,yes,partial,yes,no
/usr/bin/trust,no,yes,partial,yes,no
/usr/bin/expect,no,yes,yes,yes,no
/usr/bin/applydeltaiso,no,yes,partial,yes,no
/usr/bin/applydeltarpm,no,yes,partial,yes,no
/usr/bin/combinedeltarpm,no,yes,partial,yes,no
/usr/bin/fragiso,no,yes,partial,yes,no
/usr/bin/makedeltaiso,no,yes,partial,yes,no
/usr/bin/makedeltarpm,no,yes,partial,yes,no
/usr/bin/cdinfo,no,no,partial,yes,no
/usr/bin/readom,no,yes,partial,yes,no
/usr/bin/wodim,yes,yes,partial,yes,no
/usr/bin/opieftpd,yes,yes,partial,yes,no
/usr/bin/opiegen,yes,yes,partial,yes,no
/usr/bin/opieinfo,yes,yes,partial,yes,no
/usr/bin/opiekey,yes,yes,partial,yes,no
/usr/bin/opielogin,yes,yes,partial,yes,no
/usr/bin/opiepasswd,yes,yes,partial,yes,no
/usr/bin/opiesu,yes,yes,partial,yes,no
/usr/bin/ping,yes,yes,partial,yes,yes
/usr/bin/ping6,yes,yes,partial,yes,yes
/usr/bin/mkmanifest,no,yes,partial,yes,no
/usr/bin/mtools,no,yes,partial,yes,no
/usr/bin/fipscheck,no,yes,partial,yes,no
/usr/bin/fipshmac,no,yes,partial,yes,no
/usr/bin/envsubst,no,yes,partial,yes,no
/usr/bin/gettext,no,yes,partial,yes,no
/usr/bin/msgfmt,no,yes,partial,yes,no
/usr/bin/ngettext,no,yes,partial,yes,no
/usr/bin/xsltproc,no,no,yes,yes,no
/usr/bin/xrdb,no,yes,partial,yes,no
/usr/bin/funzip-plain,yes,yes,partial,yes,no
/usr/bin/unzip-plain,yes,yes,partial,yes,no
/usr/bin/unzipsfx-plain,yes,yes,partial,yes,no
/usr/bin/lksh,no,yes,partial,yes,no
/usr/bin/mksh,no,yes,partial,yes,no
/usr/bin/lua5.2,no,no,yes,yes,no
/usr/bin/luac5.2,no,no,yes,yes,no
/usr/bin/gawk,no,yes,partial,yes,no
/usr/bin/last,no,yes,partial,yes,no
/usr/bin/xgamma,no,no,yes,yes,no
/usr/bin/xvinfo,no,no,yes,yes,no
/usr/bin/xrandr,no,yes,partial,yes,no
/usr/bin/xev,no,yes,yes,yes,no
/usr/bin/xeyes,no,no,unknown,yes,no
/usr/bin/xsetpointer,no,no,yes,yes,no
/usr/bin/xsetmode,no,no,yes,yes,no
/usr/bin/xinput,no,yes,yes,yes,no
/usr/bin/xdpyinfo,no,no,partial,yes,no
/usr/bin/xset,no,yes,partial,yes,no
/usr/bin/xrestop,no,yes,partial,yes,no
/usr/bin/catman,no,yes,partial,yes,no
/usr/bin/lexgrog,no,no,partial,yes,no
/usr/bin/man,no,yes,partial,yes,no
/usr/bin/mandb,no,no,yes,yes,no
/usr/bin/manpath,no,yes,no,yes,no
/usr/bin/whatis,no,yes,partial,yes,no
/usr/bin/zsoelim,no,yes,partial,yes,no
/usr/bin/sudo,yes,yes,partial,yes,no
/usr/bin/sudoreplay,yes,yes,partial,yes,no
/usr/bin/screen,no,yes,partial,yes,no
/usr/bin/x11perf,no,yes,partial,yes,no
/usr/bin/lsof,no,yes,partial,yes,no
/usr/bin/xwd,no,yes,yes,yes,no
/usr/bin/xkbprint,no,yes,partial,yes,no
/usr/bin/xkbevd,no,yes,partial,yes,no
/usr/bin/xkbcomp,no,yes,partial,yes,no
/usr/bin/setxkbmap,no,yes,partial,yes,no
/usr/bin/aconnect,no,yes,partial,yes,no
/usr/bin/alsaloop,no,yes,partial,yes,no
/usr/bin/alsamixer,no,yes,partial,yes,no
/usr/bin/alsaucm,no,yes,partial,yes,no
/usr/bin/amidi,no,yes,partial,yes,no
/usr/bin/amixer,no,yes,partial,yes,no
/usr/bin/aplay,no,yes,partial,yes,no
/usr/bin/aplaymidi,no,yes,partial,yes,no
/usr/bin/arecordmidi,no,yes,partial,yes,no
/usr/bin/aseqdump,no,yes,partial,yes,no
/usr/bin/aseqnet,no,yes,partial,yes,no
/usr/bin/iecset,no,yes,partial,yes,no
/usr/bin/speaker-test,no,no,partial,yes,no
/usr/bin/xmessage,no,no,partial,yes,no
/usr/bin/xmag,no,yes,yes,yes,no
/usr/bin/xlogo,no,no,yes,yes,no
/usr/bin/xkbbell,no,no,yes,yes,no
/usr/bin/xkbvleds,no,yes,yes,yes,no
/usr/bin/xkbwatch,no,no,yes,yes,no
/usr/bin/xfontsel,no,yes,partial,yes,no
/usr/bin/xfd,no,yes,yes,yes,no
/usr/bin/xconsole,no,yes,partial,yes,no
/usr/bin/xclock,no,no,partial,yes,no
/usr/bin/viewres,no,no,yes,yes,no
/usr/bin/listres,no,no,yes,yes,no
/usr/bin/editres,no,yes,partial,yes,no
/usr/bin/atobm,no,yes,partial,yes,no
/usr/bin/bitmap,no,yes,partial,yes,no
/usr/bin/bmtoa,no,yes,partial,yes,no
/usr/bin/annotate,no,yes,partial,yes,no
/usr/bin/gd2copypal,no,no,unknown,yes,no
/usr/bin/gd2togif,no,no,unknown,yes,no
/usr/bin/gd2topng,no,no,unknown,yes,no
/usr/bin/gdcmpgif,no,no,yes,yes,no
/usr/bin/gdparttopng,no,no,yes,yes,no
/usr/bin/gdtopng,no,no,unknown,yes,no
/usr/bin/giftogd2,no,no,unknown,yes,no
/usr/bin/pngtogd,no,no,unknown,yes,no
/usr/bin/pngtogd2,no,no,unknown,yes,no
/usr/bin/webpng,no,yes,yes,yes,no
/usr/bin/nc,no,yes,partial,yes,no
/usr/bin/dbus-launch.x11,yes,yes,partial,yes,no
/usr/bin/db48_archive,no,no,partial,yes,no
/usr/bin/db48_checkpoint,no,yes,partial,yes,no
/usr/bin/db48_deadlock,no,yes,partial,yes,no
/usr/bin/db48_dump,no,no,partial,yes,no
/usr/bin/db48_hotbackup,no,yes,partial,yes,no
/usr/bin/db48_load,no,yes,partial,yes,no
/usr/bin/db48_printlog,no,yes,partial,yes,no
/usr/bin/db48_recover,no,no,partial,yes,no
/usr/bin/db48_sql,no,yes,partial,yes,no
/usr/bin/db48_stat,no,no,partial,yes,no
/usr/bin/db48_upgrade,no,no,partial,yes,no
/usr/bin/db48_verify,no,no,partial,yes,no
/usr/bin/cal,no,yes,partial,yes,yes
/usr/bin/chrp-addnote,no,no,partial,yes,no
/usr/bin/chrt,no,yes,partial,yes,yes
/usr/bin/col,no,yes,partial,yes,yes
/usr/bin/colcrt,no,no,partial,yes,yes
/usr/bin/colrm,no,yes,partial,yes,yes
/usr/bin/column,no,yes,partial,yes,yes
/usr/bin/dmesg,no,yes,partial,yes,yes
/usr/bin/eject,no,yes,partial,yes,yes
/usr/bin/fallocate,no,yes,partial,yes,yes
/usr/bin/findmnt,no,yes,partial,yes,yes
/usr/bin/flock,no,yes,partial,yes,yes
/usr/bin/getopt,no,no,partial,yes,yes
/usr/bin/hexdump,no,yes,partial,yes,yes
/usr/bin/ionice,no,yes,partial,yes,yes
/usr/bin/ipcmk,no,yes,partial,yes,yes
/usr/bin/ipcrm,no,yes,partial,yes,yes
/usr/bin/ipcs,no,yes,partial,yes,yes
/usr/bin/isosize,no,yes,partial,yes,yes
/usr/bin/kill,no,yes,partial,yes,yes
/usr/bin/line,no,no,yes,yes,yes
/usr/bin/look,no,no,yes,yes,yes
/usr/bin/lsblk,no,yes,partial,yes,yes
/usr/bin/lscpu,no,yes,partial,yes,yes
/usr/bin/lsipc,no,yes,partial,yes,yes
/usr/bin/lslocks,no,yes,partial,yes,yes
/usr/bin/lsns,no,yes,partial,yes,yes
/usr/bin/mcookie,no,yes,partial,yes,yes
/usr/bin/mesg,no,no,yes,yes,yes
/usr/bin/mkzimage_cmdline,no,no,partial,yes,no
/usr/bin/more,no,yes,partial,yes,yes
/usr/bin/mount,yes,yes,partial,yes,yes
/usr/bin/mountpoint,no,yes,yes,yes,yes
/usr/bin/namei,no,yes,partial,yes,yes
/usr/bin/nsenter,no,yes,partial,yes,yes
/usr/bin/prlimit,no,yes,partial,yes,yes
/usr/bin/rename,no,no,partial,yes,yes
/usr/bin/renice,no,no,yes,yes,yes
/usr/bin/rev,no,no,partial,yes,yes
/usr/bin/script,no,yes,partial,yes,yes
/usr/bin/scriptreplay,no,yes,partial,yes,yes
/usr/bin/setarch,no,yes,yes,yes,yes
/usr/bin/setpriv,no,yes,partial,yes,yes
/usr/bin/setsid,no,no,yes,yes,yes
/usr/bin/setterm,no,yes,partial,yes,yes
/usr/bin/su,yes,yes,partial,yes,yes
/usr/bin/tailf,no,yes,partial,yes,yes
/usr/bin/taskset,no,yes,partial,yes,yes
/usr/bin/ul,no,no,partial,yes,yes
/usr/bin/umount,yes,yes,partial,yes,yes
/usr/bin/unshare,no,yes,partial,yes,yes
/usr/bin/utmpdump,no,yes,partial,yes,yes
/usr/bin/uuidgen,no,yes,yes,yes,yes
/usr/bin/wall,yes,yes,partial,yes,yes
/usr/bin/wdctl,no,yes,partial,yes,yes
/usr/bin/whereis,no,yes,partial,yes,yes
/usr/bin/write,yes,yes,partial,yes,yes
/usr/bin/wish8.6,no,no,unknown,yes,no
/usr/bin/curl,no,yes,partial,yes,no
/usr/bin/crash,no,yes,partial,yes,no
/usr/bin/get_kernel_version,no,yes,partial,yes,yes
/usr/bin/pdfdetach,no,yes,partial,yes,no
/usr/bin/pdffonts,no,no,partial,yes,no
/usr/bin/pdfimages,no,yes,partial,yes,no
/usr/bin/pdfinfo,no,yes,partial,yes,no
/usr/bin/pdfseparate,no,yes,partial,yes,no
/usr/bin/pdfsig,no,no,partial,yes,no
/usr/bin/pdftocairo,no,yes,partial,yes,no
/usr/bin/pdftohtml,no,yes,partial,yes,no
/usr/bin/pdftoppm,no,no,partial,yes,no
/usr/bin/pdftops,no,no,partial,yes,no
/usr/bin/pdftotext,no,yes,partial,yes,no
/usr/bin/pdfunite,no,no,partial,yes,no
/usr/bin/chage,yes,yes,partial,yes,no
/usr/bin/chfn,yes,yes,partial,yes,no
/usr/bin/chsh,yes,yes,partial,yes,no
/usr/bin/expiry,yes,yes,partial,yes,no
/usr/bin/gpasswd,yes,yes,partial,yes,no
/usr/bin/lastlog,yes,yes,partial,yes,no
/usr/bin/newgidmap,yes,yes,partial,yes,no
/usr/bin/newgrp,yes,yes,partial,yes,no
/usr/bin/newuidmap,yes,yes,partial,yes,no
/usr/bin/passwd,yes,yes,partial,yes,no
/usr/bin/dbus-run-session,yes,yes,partial,yes,no
/usr/bin/cifscreds,yes,yes,partial,yes,yes
/usr/bin/getcifsacl,yes,no,yes,yes,yes
/usr/bin/setcifsacl,yes,no,yes,yes,yes
/usr/bin/gpg-agent,yes,yes,partial,yes,no
/usr/bin/gpg-connect-agent,yes,yes,partial,yes,no
/usr/bin/gpg2,yes,yes,partial,yes,no
/usr/bin/gpgconf,yes,yes,partial,yes,no
/usr/bin/gpgkey2ssh,yes,yes,partial,yes,no
/usr/bin/gpgparsemail,yes,yes,partial,yes,no
/usr/bin/gpgsm,yes,yes,partial,yes,no
/usr/bin/gpgsplit,yes,yes,partial,yes,no
/usr/bin/gpgtar,yes,yes,partial,yes,no
/usr/bin/gpgv2,yes,yes,partial,yes,no
/usr/bin/kbxutil,yes,yes,partial,yes,no
/usr/bin/scdaemon,yes,yes,partial,yes,no
/usr/bin/watchgnupg,yes,no,partial,yes,no
/usr/bin/qdbusviewer,no,no,no,yes,no
/usr/bin/qmlplugindump,no,no,partial,yes,no
/usr/bin/qmlviewer,no,no,partial,yes,no
/usr/bin/qtconfig,no,no,no,yes,no
/usr/bin/fusermount,yes,yes,partial,yes,no
/usr/bin/ulockmgr_server,no,yes,partial,yes,no
/usr/bin/mailto,no,yes,partial,yes,no
/usr/bin/metamail,no,yes,partial,yes,no
/usr/bin/mmencode,no,yes,partial,yes,no
/usr/bin/richtext,no,yes,partial,yes,no
/usr/bin/richtoatk,no,yes,partial,yes,no
/usr/bin/splitmail,no,yes,partial,yes,no
/usr/bin/resize,no,yes,partial,yes,no
/usr/bin/vttest,no,yes,partial,yes,no
/usr/bin/xterm,no,yes,partial,yes,no
/usr/bin/desktop-file-install,no,yes,no,yes,no
/usr/bin/desktop-file-validate,no,yes,no,yes,no
/usr/bin/update-desktop-database,no,yes,unknown,yes,no
/usr/bin/gapplication,no,no,unknown,yes,no
/usr/bin/gdbus,no,no,unknown,yes,no
/usr/bin/gio-querymodules-64,no,no,unknown,yes,no
/usr/bin/glib-compile-schemas,no,yes,partial,yes,no
/usr/bin/gresource,no,no,unknown,yes,no
/usr/bin/gsettings,no,no,unknown,yes,no
/usr/bin/snapper,no,yes,partial,yes,no
/usr/bin/ruby,no,no,unknown,yes,no
/usr/bin/ruby.ruby2.1,no,no,unknown,yes,no
/usr/bin/keygen,no,no,yes,yes,no
/usr/bin/xinit,no,no,partial,yes,no
/usr/bin/telnet,yes,yes,partial,yes,no
/usr/bin/rcp,yes,yes,partial,yes,no
/usr/bin/rexec,yes,yes,partial,yes,no
/usr/bin/rlogin,yes,yes,partial,yes,no
/usr/bin/rsh,yes,yes,partial,yes,no
/usr/bin/finger,yes,yes,partial,yes,no
/usr/bin/mutt,yes,yes,partial,yes,no
/usr/bin/pgpewrap,yes,yes,partial,yes,no
/usr/bin/pgpring,yes,yes,partial,yes,no
/usr/bin/absset,no,no,yes,yes,no
/usr/bin/evtest,no,yes,partial,yes,no
/usr/bin/ffcfstress,no,no,partial,yes,no
/usr/bin/ffmvforce,no,yes,partial,yes,no
/usr/bin/ffset,no,no,partial,yes,no
/usr/bin/fftest,no,no,partial,yes,no
/usr/bin/inputattach,no,yes,partial,yes,no
/usr/bin/jscal,no,no,partial,yes,no
/usr/bin/jstest,no,yes,partial,yes,no
/usr/bin/ogg123,no,yes,partial,yes,no
/usr/bin/oggdec,no,yes,partial,yes,no
/usr/bin/oggenc,no,yes,partial,yes,no
/usr/bin/ogginfo,no,yes,partial,yes,no
/usr/bin/vcut,no,yes,partial,yes,no
/usr/bin/vorbiscomment,no,yes,partial,yes,no
/usr/bin/cdrdao,no,yes,partial,yes,no
/usr/bin/cue2toc,no,yes,partial,yes,no
/usr/bin/toc2cddb,no,yes,partial,yes,no
/usr/bin/toc2cue,no,yes,partial,yes,no
/usr/bin/dconf,no,yes,partial,yes,no
/usr/bin/icedax,no,yes,partial,yes,no
/usr/bin/gst-device-monitor-1.0,no,no,unknown,yes,no
/usr/bin/gst-discoverer-1.0,no,no,unknown,yes,no
/usr/bin/gst-play-1.0,no,yes,no,yes,no
/usr/bin/gconf-merge-tree,no,yes,partial,yes,no
/usr/bin/gconftool-2,no,yes,no,yes,no
/usr/bin/gsettings-data-convert,no,no,no,yes,no
/usr/bin/mkzftree,no,yes,partial,yes,no
/usr/bin/zypp-CheckAccessDeleted,no,no,yes,yes,no
/usr/bin/zypp-NameReqPrv,no,no,unknown,yes,no
/usr/bin/vncviewer-tigervnc,no,yes,partial,yes,no
/usr/bin/bootctl,yes,yes,partial,yes,yes
/usr/bin/busctl,yes,yes,partial,yes,yes
/usr/bin/coredumpctl,yes,yes,partial,yes,yes
/usr/bin/hostnamectl,yes,yes,partial,yes,yes
/usr/bin/journalctl,yes,yes,partial,yes,yes
/usr/bin/localectl,yes,yes,partial,yes,yes
/usr/bin/loginctl,yes,yes,partial,yes,yes
/usr/bin/machinectl,yes,yes,partial,yes,yes
/usr/bin/systemctl,yes,yes,partial,yes,yes
/usr/bin/systemd-analyze,yes,yes,partial,yes,yes
/usr/bin/systemd-ask-password,yes,yes,partial,yes,yes
/usr/bin/systemd-cat,yes,yes,partial,yes,yes
/usr/bin/systemd-cgls,yes,yes,partial,yes,yes
/usr/bin/systemd-cgtop,yes,yes,partial,yes,yes
/usr/bin/systemd-delta,yes,yes,partial,yes,yes
/usr/bin/systemd-detect-virt,yes,yes,partial,yes,yes
/usr/bin/systemd-escape,yes,yes,partial,yes,yes
/usr/bin/systemd-firstboot,yes,yes,partial,yes,yes
/usr/bin/systemd-inhibit,yes,yes,partial,yes,yes
/usr/bin/systemd-machine-id-setup,yes,yes,partial,yes,yes
/usr/bin/systemd-notify,yes,yes,partial,yes,yes
/usr/bin/systemd-nspawn,yes,yes,partial,yes,yes
/usr/bin/systemd-path,yes,yes,partial,yes,yes
/usr/bin/systemd-run,yes,yes,partial,yes,yes
/usr/bin/systemd-stdio-bridge,yes,yes,partial,yes,yes
/usr/bin/systemd-sysusers,yes,yes,partial,yes,yes
/usr/bin/systemd-tmpfiles,yes,yes,partial,yes,yes
/usr/bin/systemd-tty-ask-password-agent,yes,yes,partial,yes,yes
/usr/bin/timedatectl,yes,yes,partial,yes,yes
/usr/bin/gs,no,yes,partial,yes,no
/usr/bin/gsc,no,no,no,yes,no
/usr/bin/gsx,no,no,no,yes,no
/usr/bin/Xdmx,no,yes,partial,yes,no
/usr/bin/Xephyr,no,yes,partial,yes,no
/usr/bin/Xnest,no,yes,partial,yes,no
/usr/bin/dmxaddinput,no,no,yes,yes,no
/usr/bin/dmxaddscreen,no,no,yes,yes,no
/usr/bin/dmxinfo,no,no,yes,yes,no
/usr/bin/dmxreconfig,no,no,yes,yes,no
/usr/bin/dmxresize,no,no,yes,yes,no
/usr/bin/dmxrminput,no,no,yes,yes,no
/usr/bin/dmxrmscreen,no,no,yes,yes,no
/usr/bin/dmxtodmx,no,yes,partial,yes,no
/usr/bin/dmxwininfo,no,yes,yes,yes,no
/usr/bin/vdltodmx,no,yes,partial,yes,no
/usr/bin/xdmxconfig,no,yes,partial,yes,no
/usr/bin/Xorg,no,yes,partial,yes,no
/usr/bin/Xvfb,no,yes,partial,yes,no
/usr/bin/cvt,no,no,yes,yes,no
/usr/bin/gtf,no,no,yes,yes,no
/usr/bin/zypper,no,yes,no,yes,no
/usr/bin/grub2-editenv,no,no,no,yes,no
/usr/bin/grub2-emu,no,no,no,yes,no
/usr/bin/grub2-emu-lite,no,no,no,yes,no
/usr/bin/grub2-file,no,no,no,yes,no
/usr/bin/grub2-fstest,no,no,no,yes,no
/usr/bin/grub2-glue-efi,no,no,no,yes,no
/usr/bin/grub2-menulst2cfg,no,no,no,yes,no
/usr/bin/grub2-mkfont,no,no,no,yes,no
/usr/bin/grub2-mkimage,no,no,no,yes,no
/usr/bin/grub2-mklayout,no,no,no,yes,no
/usr/bin/grub2-mknetdir,no,no,no,yes,no
/usr/bin/grub2-mkpasswd-pbkdf2,no,no,no,yes,no
/usr/bin/grub2-mkrelpath,no,no,no,yes,no
/usr/bin/grub2-mkrescue,no,no,no,yes,no
/usr/bin/grub2-mkstandalone,no,no,no,yes,no
/usr/bin/grub2-mount,no,no,no,yes,no
/usr/bin/grub2-render-label,no,no,no,yes,no
/usr/bin/grub2-script-check,no,no,no,yes,no
/usr/bin/grub2-syslinux2cfg,no,no,no,yes,no
/usr/bin/systemd-hwdb,yes,yes,partial,yes,yes
/usr/bin/udevadm,yes,yes,partial,yes,yes
/usr/bin/addftinfo,no,no,partial,yes,no
/usr/bin/grn,no,yes,partial,yes,no
/usr/bin/grodvi,no,yes,partial,yes,no
/usr/bin/grolbp,no,yes,partial,yes,no
/usr/bin/grolj4,no,yes,partial,yes,no
/usr/bin/hpftodit,no,yes,partial,yes,no
/usr/bin/indxbib,no,no,partial,yes,no
/usr/bin/lkbib,no,no,partial,yes,no
/usr/bin/lookbib,no,yes,partial,yes,no
/usr/bin/pfbtops,no,no,yes,yes,no
/usr/bin/post-grohtml,no,yes,partial,yes,no
/usr/bin/pre-grohtml,no,yes,partial,yes,no
/usr/bin/refer,no,yes,partial,yes,no
/usr/bin/tfmtodit,no,yes,partial,yes,no
/usr/bin/xtotroff,no,yes,partial,yes,no
/usr/bin/gtk-query-immodules-2.0-64,no,no,unknown,yes,no
/usr/bin/gtk-update-icon-cache-2.0,no,no,no,yes,no
/usr/bin/gxditview,no,yes,partial,yes,no
/usr/bin/xscreensaver,no,yes,partial,yes,no
/usr/bin/xscreensaver-command,no,yes,yes,yes,no
/usr/bin/xscreensaver-demo,no,yes,partial,yes,no
/usr/bin/xscreensaver-gl-helper,no,yes,partial,yes,no
/usr/bin/broadwayd,no,yes,no,yes,no
/usr/bin/gtk-builder-tool,no,no,unknown,yes,no
/usr/bin/gtk-encode-symbolic-svg,no,no,unknown,yes,no
/usr/bin/gtk-launch,no,no,unknown,yes,no
/usr/bin/gtk-query-immodules-3.0-64,no,no,unknown,yes,no
/usr/bin/gtk-query-settings,no,no,yes,yes,no
/usr/bin/gtk-update-icon-cache-3.0,no,no,no,yes,no
/usr/bin/gtk3-icon-browser,no,no,unknown,yes,no
/usr/bin/kmod,no,yes,partial,yes,no
/usr/bin/logger,no,yes,partial,yes,yes
/usr/bin/lslogins,no,yes,partial,yes,yes
/usr/bin/cifsdd,yes,yes,partial,yes,yes
/usr/bin/dbwrap_tool,yes,no,yes,yes,yes
/usr/bin/eventlogadm,yes,yes,partial,yes,yes
/usr/bin/mvxattr,yes,no,unknown,yes,yes
/usr/bin/net,yes,yes,partial,yes,yes
/usr/bin/nmblookup,yes,yes,partial,yes,yes
/usr/bin/oLschema2ldif,yes,yes,yes,yes,yes
/usr/bin/pdbedit,yes,yes,partial,yes,yes
/usr/bin/profiles,yes,yes,partial,yes,yes
/usr/bin/regdiff,yes,no,partial,yes,yes
/usr/bin/regpatch,yes,no,partial,yes,yes
/usr/bin/regshell,yes,no,partial,yes,yes
/usr/bin/regtree,yes,no,partial,yes,yes
/usr/bin/rpcclient,yes,yes,partial,yes,yes
/usr/bin/samba-regedit,yes,no,partial,yes,yes
/usr/bin/sharesec,yes,yes,partial,yes,yes
/usr/bin/smbcacls,yes,yes,partial,yes,yes
/usr/bin/smbclient,yes,yes,partial,yes,yes
/usr/bin/smbcontrol,yes,yes,partial,yes,yes
/usr/bin/smbcquotas,yes,yes,yes,yes,yes
/usr/bin/smbget,yes,yes,partial,yes,yes
/usr/bin/smbpasswd,yes,yes,partial,yes,yes
/usr/bin/smbspool,yes,yes,partial,yes,yes
/usr/bin/smbtree,yes,yes,yes,yes,yes
/usr/bin/testparm,yes,no,partial,yes,yes
/usr/bin/rsync,yes,yes,partial,yes,yes
/usr/bin/scp,yes,yes,partial,yes,yes
/usr/bin/sftp,yes,yes,partial,yes,yes
/usr/bin/ssh,yes,yes,partial,yes,yes
/usr/bin/ssh-add,yes,yes,partial,yes,yes
/usr/bin/ssh-agent,yes,yes,partial,yes,yes
/usr/bin/ssh-keygen,yes,yes,partial,yes,yes
/usr/bin/ssh-keyscan,yes,yes,partial,yes,yes
/usr/bin/testsaslauthd,no,yes,partial,yes,no
/usr/bin/aulast,no,yes,yes,yes,yes
/usr/bin/aulastlog,no,yes,yes,yes,yes
/usr/bin/ausyscall,no,no,yes,yes,yes
/usr/bin/auvirt,no,yes,partial,yes,yes
/usr/bin/at,yes,yes,partial,yes,no
/usr/bin/ipmi_sim,no,yes,partial,yes,no
/usr/bin/ipmi_ui,no,yes,yes,yes,no
/usr/bin/ipmilan,no,yes,partial,yes,no
/usr/bin/openipmi_eventd,no,yes,partial,yes,no
/usr/bin/openipmicmd,no,yes,partial,yes,no
/usr/bin/openipmish,no,yes,partial,yes,no
/usr/bin/rmcp_ping,no,yes,partial,yes,no
/usr/bin/sdrcomp,no,yes,partial,yes,no
/usr/bin/solterm,no,yes,partial,yes,no
/usr/bin/smbstatus,yes,yes,yes,yes,yes
/usr/bin/isdv4-serial-inputattach,no,yes,partial,yes,no
/usr/bin/xsetwacom,no,yes,partial,yes,no
/usr/bin/synclient,no,no,yes,yes,no
/usr/bin/syndaemon,no,yes,yes,yes,no
/usr/bin/lsusb,no,yes,partial,yes,no
/usr/bin/usbhid-dump,no,yes,yes,yes,no
/usr/bin/upower,no,no,unknown,yes,no
/usr/bin/disable-paste,no,no,unknown,yes,no
/usr/bin/display-buttons,no,no,yes,yes,no
/usr/bin/display-coords,no,no,yes,yes,no
/usr/bin/get-versions,no,no,yes,yes,no
/usr/bin/gpm-root,no,yes,partial,yes,no
/usr/bin/hltest,no,yes,partial,yes,no
/usr/bin/mev,no,no,partial,yes,no
/usr/bin/mouse-test,no,yes,partial,yes,no
/usr/bin/bccmd,yes,yes,partial,yes,no
/usr/bin/bluetoothctl,yes,yes,partial,yes,no
/usr/bin/btmon,yes,yes,partial,yes,no
/usr/bin/ciptool,yes,yes,partial,yes,no
/usr/bin/hciattach,yes,yes,partial,yes,no
/usr/bin/hciconfig,yes,yes,partial,yes,no
/usr/bin/hcidump,yes,yes,partial,yes,no
/usr/bin/hcitool,yes,yes,partial,yes,no
/usr/bin/l2ping,yes,yes,partial,yes,no
/usr/bin/rfcomm,yes,yes,partial,yes,no
/usr/bin/sdptool,yes,yes,partial,yes,no
/usr/bin/chooser,no,yes,partial,yes,no
/usr/bin/xdm,no,yes,partial,yes,no
/usr/bin/spd-say,no,no,partial,yes,no
/usr/bin/spdsend,no,yes,partial,yes,no
/usr/bin/speech-dispatcher,no,yes,partial,yes,no
/usr/bin/pkaction,no,no,unknown,yes,no
/usr/bin/pkcheck,no,yes,unknown,yes,no
/usr/bin/pkexec,yes,yes,yes,yes,yes
/usr/bin/pkttyagent,no,no,unknown,yes,no
/usr/bin/crontab,yes,yes,partial,yes,yes
/usr/bin/agentxtrap,no,yes,yes,yes,no
/usr/bin/encode_keychange,no,yes,partial,yes,no
/usr/bin/snmpbulkget,no,yes,yes,yes,no
/usr/bin/snmpbulkwalk,no,yes,yes,yes,no
/usr/bin/snmpdelta,no,yes,partial,yes,no
/usr/bin/snmpdf,no,yes,partial,yes,no
/usr/bin/snmpget,no,yes,yes,yes,no
/usr/bin/snmpgetnext,no,yes,yes,yes,no
/usr/bin/snmpnetstat,no,yes,partial,yes,no
/usr/bin/snmpset,no,yes,yes,yes,no
/usr/bin/snmpstatus,no,yes,partial,yes,no
/usr/bin/snmptable,no,yes,partial,yes,no
/usr/bin/snmptest,no,yes,partial,yes,no
/usr/bin/snmptls,no,yes,yes,yes,no
/usr/bin/snmptranslate,no,no,yes,yes,no
/usr/bin/snmptrap,no,yes,partial,yes,no
/usr/bin/snmpusm,no,yes,partial,yes,no
/usr/bin/snmpvacm,no,yes,yes,yes,no
/usr/bin/snmpwalk,no,yes,yes,yes,no
/usr/bin/plymouth,no,yes,partial,yes,no
/usr/bin/udisksctl,no,yes,no,yes,no
/usr/bin/brltty,no,yes,partial,yes,no
/usr/bin/brltty-atb,no,yes,partial,yes,no
/usr/bin/brltty-ctb,no,yes,partial,yes,no
/usr/bin/brltty-ktb,no,yes,partial,yes,no
/usr/bin/brltty-trtxt,no,yes,partial,yes,no
/usr/bin/brltty-ttb,no,yes,partial,yes,no
/usr/bin/brltty-tune,no,yes,partial,yes,no
/usr/bin/eutp,no,yes,partial,yes,no
/usr/bin/ipmitool,no,yes,partial,yes,no
/usr/bin/pulseaudio,no,yes,yes,yes,yes
/usr/bin/pacat,no,yes,partial,yes,no
/usr/bin/pacmd,no,yes,partial,yes,no
/usr/bin/pactl,no,yes,yes,yes,no
/usr/bin/pasuspender,no,no,yes,yes,no
/usr/bin/pax11publish,no,yes,yes,yes,no
/usr/bin/omshell,yes,yes,partial,yes,yes
/usr/bin/cupstestppd,yes,yes,yes,yes,yes
/usr/bin/WebKitWebDriver,no,yes,partial,yes,yes
/usr/bin/gpk-dbus-service,no,yes,unknown,yes,no
/usr/bin/gpk-install-local-file,no,yes,unknown,yes,no
/usr/bin/gpk-prefs,no,yes,unknown,yes,no
/usr/bin/gpk-update-viewer,no,yes,yes,yes,no
/usr/bin/icehelp,no,yes,partial,yes,no
/usr/bin/icesh-default,no,yes,partial,yes,no
/usr/bin/icesound,no,yes,partial,yes,no
/usr/bin/icewm-default,no,yes,partial,yes,no
/usr/bin/icewm-menu-fdo,no,no,yes,yes,no
/usr/bin/icewm-session-default,no,yes,partial,yes,no
/usr/bin/icewmbg-default,no,yes,partial,yes,no
/usr/bin/icewmhint-default,no,no,partial,yes,no
/usr/bin/icewmtray,no,yes,partial,yes,no
/usr/bin/pkcon,yes,yes,no,yes,no
/usr/bin/pkmon,yes,no,unknown,yes,no
/usr/bin/icesh-lite,no,yes,partial,yes,no
/usr/bin/icewm-lite,no,yes,partial,yes,no
/usr/bin/icewm-session-lite,no,yes,partial,yes,no
/usr/bin/icewmbg-lite,no,yes,partial,yes,no
/usr/bin/icewmhint-lite,no,no,partial,yes,no
/usr/bin/evince,no,yes,no,yes,no
/usr/bin/evince-previewer,no,no,unknown,yes,no
/usr/bin/evince-thumbnailer,no,no,unknown,yes,no
/usr/bin/Xvnc,no,yes,partial,yes,no
/usr/bin/vncconfig,no,yes,partial,yes,no
/usr/bin/vncpasswd,no,yes,partial,yes,no
/usr/bin/x0vncserver,no,yes,partial,yes,no
/usr/bin/xdg-user-dirs-gtk-update,no,no,unknown,yes,no
/usr/bin/gnome-nettool,no,yes,partial,yes,no
/usr/bin/gconf-editor,no,no,unknown,yes,no
/usr/bin/file-roller,no,yes,partial,yes,no
/usr/bin/cardos-tool,no,yes,partial,yes,no
/usr/bin/cryptoflex-tool,no,yes,partial,yes,no
/usr/bin/eidenv,no,yes,partial,yes,no
/usr/bin/iasecc-tool,no,yes,partial,yes,no
/usr/bin/netkey-tool,no,yes,yes,yes,no
/usr/bin/openpgp-tool,no,yes,partial,yes,no
/usr/bin/opensc-explorer,no,yes,partial,yes,no
/usr/bin/opensc-tool,no,yes,partial,yes,no
/usr/bin/piv-tool,no,yes,partial,yes,no
/usr/bin/pkcs11-tool,no,yes,partial,yes,no
/usr/bin/pkcs15-crypt,no,yes,partial,yes,no
/usr/bin/pkcs15-init,no,yes,partial,yes,no
/usr/bin/pkcs15-tool,no,yes,partial,yes,no
/usr/bin/sc-hsm-tool,no,yes,partial,yes,no
/usr/bin/westcos-tool,no,yes,partial,yes,no
/usr/bin/openct-tool,no,yes,yes,yes,no
/usr/bin/gkbd-keyboard-display,no,no,unknown,yes,no
/usr/bin/zenity,no,yes,partial,yes,no
/usr/bin/gnome-session-inhibit,no,no,unknown,yes,no
/usr/bin/gnome-session-quit,no,no,unknown,yes,no
/usr/bin/gnome-terminal,no,yes,unknown,yes,no
/usr/bin/eog,no,no,unknown,yes,no
/usr/bin/nautilus,no,yes,partial,yes,no
/usr/bin/nautilus-autorun-software,no,no,unknown,yes,no
/usr/bin/gucharmap,no,no,unknown,yes,no
/usr/bin/gnome-system-monitor,no,yes,partial,yes,no
/usr/bin/gnomesu,no,no,unknown,yes,no
/usr/bin/yelp,no,no,unknown,yes,no
/usr/bin/gnome-power-statistics,no,yes,unknown,yes,no
/usr/bin/gedit,no,no,unknown,yes,no
/usr/bin/gvfs-cat,no,yes,unknown,yes,no
/usr/bin/gvfs-copy,no,yes,no,yes,no
/usr/bin/gvfs-info,no,no,unknown,yes,no
/usr/bin/gvfs-ls,no,no,unknown,yes,no
/usr/bin/gvfs-mime,no,no,unknown,yes,no
/usr/bin/gvfs-mkdir,no,no,unknown,yes,no
/usr/bin/gvfs-monitor-dir,no,no,unknown,yes,no
/usr/bin/gvfs-monitor-file,no,no,unknown,yes,no
/usr/bin/gvfs-mount,no,yes,no,yes,no
/usr/bin/gvfs-move,no,yes,no,yes,no
/usr/bin/gvfs-open,no,no,unknown,yes,no
/usr/bin/gvfs-rename,no,no,unknown,yes,no
/usr/bin/gvfs-rm,no,no,unknown,yes,no
/usr/bin/gvfs-save,no,yes,no,yes,no
/usr/bin/gvfs-set-attribute,no,no,unknown,yes,no
/usr/bin/gvfs-trash,no,no,unknown,yes,no
/usr/bin/gvfs-tree,no,no,unknown,yes,no
/usr/bin/gcr-viewer,no,no,unknown,yes,no
/usr/bin/bluetooth-sendto,no,no,unknown,yes,no
/usr/bin/brasero,no,yes,unknown,yes,no
/usr/bin/mutter,no,no,unknown,yes,no
/usr/bin/gnome-keyring-3,no,no,unknown,yes,no
/usr/bin/gnome-keyring-daemon,no,yes,partial,yes,no
/usr/bin/gnome-control-center,no,yes,partial,yes,no
/usr/bin/gnome-shell,no,no,unknown,yes,no
/usr/bin/gnome-shell-extension-prefs,no,no,unknown,yes,no
/usr/bin/gdm-screenshot,no,no,unknown,yes,no
/usr/bin/addr2line,no,yes,partial,yes,no
/usr/bin/ar,no,yes,partial,yes,no
/usr/bin/as,no,yes,partial,yes,no
/usr/bin/c++filt,no,yes,partial,yes,no
/usr/bin/dwp,no,yes,partial,yes,no
/usr/bin/elfedit,no,yes,partial,yes,no
/usr/bin/gprof,no,yes,partial,yes,no
/usr/bin/ld.bfd,no,yes,partial,yes,no
/usr/bin/nm,no,yes,partial,yes,no
/usr/bin/objcopy,no,yes,partial,yes,no
/usr/bin/objdump,no,yes,partial,yes,no
/usr/bin/ranlib,no,yes,partial,yes,no
/usr/bin/readelf,no,yes,partial,yes,no
/usr/bin/size,no,yes,partial,yes,no
/usr/bin/strings,no,yes,partial,yes,no
/usr/bin/strip,no,yes,partial,yes,no
/bin/hostname,no,yes,partial,yes,no
/bin/netstat,no,yes,partial,yes,no
/bin/bash,no,yes,partial,yes,no
/bin/keyctl,no,yes,partial,yes,no
/bin/tar,no,yes,partial,yes,no
/bin/fuser,no,yes,partial,yes,no
/bin/rpm,no,no,yes,yes,no
/bin/pgrep,no,yes,partial,yes,no
/bin/pkill,no,yes,partial,yes,no
/bin/ps,no,yes,partial,yes,no
/bin/vim,no,yes,partial,yes,no
/bin/blkparse,no,yes,partial,yes,no
/bin/blktrace,no,yes,partial,yes,no
/bin/fsync,no,no,yes,yes,no
/bin/usleep,no,no,yes,yes,no
/bin/login,no,yes,partial,yes,yes
/bin/tcsh,no,yes,partial,yes,no
/bin/dbus-cleanup-sockets,yes,yes,partial,yes,no
/bin/dbus-daemon,yes,yes,partial,yes,no
/bin/dbus-monitor,yes,no,yes,yes,no
/bin/dbus-send,yes,no,yes,yes,no
/bin/dbus-uuidgen,yes,no,yes,yes,no
