/usr/sbin/sshd,yes,yes,partial,yes,yes
/usr/sbin/visudo,yes,yes,partial,yes,no
/usr/sbin/grub-macbless,no,yes,partial,yes,no
/usr/sbin/pppoe-discovery,no,yes,partial,yes,no
/usr/sbin/grub-probe,no,yes,partial,yes,no
/usr/sbin/cytune,no,no,yes,yes,no
/usr/sbin/pppd,no,yes,partial,yes,no
/usr/sbin/iconvconfig,no,no,no,yes,no
/usr/sbin/tcpdmatch,no,yes,partial,yes,no
/usr/sbin/pwconv,no,yes,partial,yes,no
/usr/sbin/chgpasswd,no,yes,partial,yes,no
/usr/sbin/tcpdump,yes,yes,partial,yes,yes
/usr/sbin/ldattach,no,no,yes,yes,no
/usr/sbin/grub-install,no,yes,partial,yes,no
/usr/sbin/vcstime,no,no,partial,yes,no
/usr/sbin/e4defrag,no,yes,partial,yes,no
/usr/sbin/nfnl_osf,no,yes,partial,yes,no
/usr/sbin/setvesablank,no,yes,yes,yes,no
/usr/sbin/accessdb,yes,no,yes,yes,yes
/usr/sbin/chroot,no,yes,partial,yes,no
/usr/sbin/grpconv,no,yes,partial,yes,no
/usr/sbin/ntpdate,yes,yes,partial,yes,yes
/usr/sbin/pwunconv,no,yes,partial,yes,no
/usr/sbin/chpasswd,no,yes,partial,yes,no
/usr/sbin/aa-exec,no,yes,partial,yes,yes
/usr/sbin/biosdecode,yes,no,partial,yes,yes
/usr/sbin/filefrag,no,yes,yes,yes,no
/usr/sbin/rsyslogd,no,yes,partial,yes,no
/usr/sbin/cron,no,yes,partial,yes,no
/usr/sbin/grpunconv,no,yes,partial,yes,no
/usr/sbin/groupadd,no,yes,partial,yes,no
/usr/sbin/e2freefrag,no,yes,yes,yes,no
/usr/sbin/userdel,no,yes,partial,yes,no
/usr/sbin/groupdel,no,yes,partial,yes,no
/usr/sbin/pam_timestamp_check,yes,yes,yes,yes,no
/usr/sbin/useradd,no,yes,partial,yes,no
/usr/sbin/try-from,no,yes,yes,yes,no
/usr/sbin/rtcwake,no,yes,partial,yes,no
/usr/sbin/arpd,no,yes,partial,yes,no
/usr/sbin/groupmod,no,yes,partial,yes,no
/usr/sbin/zic,no,no,no,yes,no
/usr/sbin/vpddecode,yes,no,partial,yes,yes
/usr/sbin/cppw,no,yes,partial,yes,no
/usr/sbin/irqbalance,no,yes,partial,yes,no
/usr/sbin/vipw,no,yes,partial,yes,no
/usr/sbin/tcpdchk,no,yes,partial,yes,no
/usr/sbin/logrotate,no,yes,partial,yes,no
/usr/sbin/pppstats,no,yes,partial,yes,no
/usr/sbin/ownership,yes,no,partial,yes,yes
/usr/sbin/tunelp,no,no,yes,yes,no
/usr/sbin/rmt-tar,no,yes,partial,yes,no
/usr/sbin/nologin,no,no,yes,yes,no
/usr/sbin/fdformat,no,no,partial,yes,no
/usr/sbin/tcpd,no,yes,yes,yes,no
/usr/sbin/grub-mkdevicemap,no,yes,partial,yes,no
/usr/sbin/arp,no,yes,partial,yes,no
/usr/sbin/usermod,no,yes,partial,yes,no
/usr/sbin/pppdump,no,yes,yes,yes,no
/usr/sbin/grpck,no,yes,partial,yes,no
/usr/sbin/pwck,no,yes,partial,yes,no
/usr/sbin/chat,no,yes,partial,yes,no
/usr/sbin/readprofile,no,yes,partial,yes,no
/usr/sbin/safe_finger,no,no,yes,yes,no
/usr/sbin/newusers,no,yes,partial,yes,no
/usr/sbin/mklost+found,no,no,yes,yes,no
/usr/sbin/uuidd,no,yes,partial,yes,no
/usr/sbin/update-passwd,no,no,partial,yes,no
/usr/sbin/dmidecode,yes,yes,partial,yes,yes
/usr/bin/unlink,no,yes,partial,yes,no
/usr/bin/install,no,yes,partial,yes,no
/usr/bin/preconv,no,yes,partial,yes,no
/usr/bin/tset,no,yes,partial,yes,no
/usr/bin/pinky,no,yes,partial,yes,no
/usr/bin/update-alternatives,no,yes,partial,yes,no
/usr/bin/nstat,no,yes,partial,yes,no
/usr/bin/sudoreplay,yes,yes,partial,yes,no
/usr/bin/envsubst,no,yes,partial,yes,no
/usr/bin/lsof,yes,yes,partial,yes,yes
/usr/bin/toe,no,no,partial,yes,no
/usr/bin/sudo,yes,yes,partial,yes,no
/usr/bin/setarch,no,yes,yes,yes,no
/usr/bin/apt,no,no,unknown,yes,no
/usr/bin/dpkg-split,no,yes,partial,yes,no
/usr/bin/grub-mkimage,no,yes,partial,yes,no
/usr/bin/objcopy,no,yes,partial,yes,no
/usr/bin/apt-cdrom,no,no,no,yes,no
/usr/bin/setleds,no,no,yes,yes,no
/usr/bin/shred,no,yes,partial,yes,no
/usr/bin/grub-file,no,yes,partial,yes,no
/usr/bin/objdump,no,yes,partial,yes,no
/usr/bin/grotty,no,yes,partial,yes,no
/usr/bin/grub-fstest,no,yes,partial,yes,no
/usr/bin/python2.7,no,yes,partial,yes,no
/usr/bin/apt-ftparchive,no,yes,partial,yes,no
/usr/bin/volname,yes,yes,partial,yes,yes
/usr/bin/ipcmk,no,no,yes,yes,no
/usr/bin/readelf,no,yes,partial,yes,no
/usr/bin/whoami,no,yes,partial,yes,no
/usr/bin/expand,no,yes,partial,yes,no
/usr/bin/cmp,no,yes,partial,yes,no
/usr/bin/telnet.netkit,no,yes,partial,yes,no
/usr/bin/dircolors,no,yes,partial,yes,no
/usr/bin/ltrace,no,yes,partial,yes,no
/usr/bin/uniq,no,yes,partial,yes,no
/usr/bin/gprof,no,yes,partial,yes,no
/usr/bin/lexgrog,yes,yes,partial,yes,yes
/usr/bin/setkeycodes,no,yes,yes,yes,no
/usr/bin/shuf,no,yes,partial,yes,no
/usr/bin/env,no,yes,partial,yes,no
/usr/bin/addr2line,no,yes,partial,yes,no
/usr/bin/slabtop,no,yes,partial,yes,no
/usr/bin/expiry,no,yes,partial,yes,no
/usr/bin/strings,no,yes,partial,yes,no
/usr/bin/paste,no,yes,partial,yes,no
/usr/bin/base64,no,yes,partial,yes,no
/usr/bin/passwd,no,yes,partial,yes,no
/usr/bin/chcon,no,yes,partial,yes,no
/usr/bin/test,no,yes,partial,yes,no
/usr/bin/numfmt,no,yes,partial,yes,no
/usr/bin/kbdinfo,no,yes,yes,yes,no
/usr/bin/namei,no,yes,partial,yes,no
/usr/bin/nm,no,yes,partial,yes,no
/usr/bin/c++filt,no,yes,partial,yes,no
/usr/bin/du,no,yes,partial,yes,no
/usr/bin/chrt,no,yes,yes,yes,no
/usr/bin/lspci,no,yes,partial,yes,no
/usr/bin/ngettext,no,yes,partial,yes,no
/usr/bin/ipcs,no,yes,yes,yes,no
/usr/bin/pstree,no,yes,partial,yes,no
/usr/bin/chattr,no,no,yes,yes,no
/usr/bin/groff,no,yes,partial,yes,no
/usr/bin/grub-mkrelpath,no,yes,partial,yes,no
/usr/bin/file,no,yes,yes,yes,no
/usr/bin/diff3,no,yes,partial,yes,no
/usr/bin/tbl,no,no,partial,yes,no
/usr/bin/w.procps,no,yes,partial,yes,no
/usr/bin/csplit,no,yes,partial,yes,no
/usr/bin/pmap,no,yes,partial,yes,no
/usr/bin/wc,no,yes,partial,yes,no
/usr/bin/diff,no,yes,partial,yes,no
/usr/bin/psfxtable,no,yes,partial,yes,no
/usr/bin/uptime,no,no,yes,yes,no
/usr/bin/catman,yes,yes,partial,yes,yes
/usr/bin/ionice,no,yes,yes,yes,no
/usr/bin/nice,no,yes,partial,yes,no
/usr/bin/colcrt,no,no,partial,yes,no
/usr/bin/printf,no,yes,partial,yes,no
/usr/bin/flock,no,no,yes,yes,no
/usr/bin/xxd,no,no,partial,yes,no
/usr/bin/pg,no,yes,partial,yes,no
/usr/bin/make,no,yes,partial,yes,no
/usr/bin/mtr,no,yes,partial,yes,no
/usr/bin/cksum,no,yes,partial,yes,no
/usr/bin/ranlib,no,yes,partial,yes,no
/usr/bin/traceroute6.iputils,no,yes,partial,yes,no
/usr/bin/sftp,yes,yes,partial,yes,yes
/usr/bin/screendump,no,no,partial,yes,no
/usr/bin/a2p,no,yes,partial,yes,no
/usr/bin/pwdx,no,no,partial,yes,no
/usr/bin/lockfile-remove,no,no,yes,yes,no
/usr/bin/unshare,no,no,yes,yes,no
/usr/bin/chsh,no,yes,partial,yes,no
/usr/bin/head,no,yes,partial,yes,no
/usr/bin/gpg,no,yes,partial,yes,no
/usr/bin/oldfind,no,yes,partial,yes,no
/usr/bin/zsoelim,yes,yes,partial,yes,yes
/usr/bin/resizepart,no,yes,partial,yes,no
/usr/bin/showkey,no,yes,partial,yes,no
/usr/bin/dbus-send,no,no,yes,yes,no
/usr/bin/apt-get,no,yes,partial,yes,no
/usr/bin/vim.tiny,no,yes,partial,yes,no
/usr/bin/dbus-monitor,no,no,yes,yes,no
/usr/bin/ncal,no,yes,partial,yes,no
/usr/bin/netkit-ftp,no,yes,partial,yes,no
/usr/bin/ssh-keyscan,yes,yes,partial,yes,yes
/usr/bin/omshell,yes,yes,partial,yes,yes
/usr/bin/hostid,no,yes,partial,yes,no
/usr/bin/deallocvt,no,yes,yes,yes,no
/usr/bin/lscpu,no,yes,partial,yes,no
/usr/bin/dig,yes,yes,partial,yes,yes
/usr/bin/host,yes,yes,partial,yes,yes
/usr/bin/nslookup,yes,yes,partial,yes,yes
/usr/bin/top,no,yes,partial,yes,no
/usr/bin/mesg,no,no,yes,yes,no
/usr/bin/whereis,no,yes,partial,yes,no
/usr/bin/scriptreplay,no,yes,yes,yes,no
/usr/bin/scp,yes,yes,partial,yes,yes
/usr/bin/split,no,yes,partial,yes,no
/usr/bin/getconf,no,no,no,yes,no
/usr/bin/basename,no,yes,partial,yes,no
/usr/bin/tr,no,yes,partial,yes,no
/usr/bin/find,no,yes,partial,yes,no
/usr/bin/dotlockfile,no,yes,partial,yes,no
/usr/bin/yes,no,yes,partial,yes,no
/usr/bin/ssh,yes,yes,partial,yes,yes
/usr/bin/stdbuf,no,yes,partial,yes,no
/usr/bin/lnstat,no,yes,partial,yes,no
/usr/bin/ssh-keygen,yes,yes,partial,yes,yes
/usr/bin/fmt,no,yes,partial,yes,no
/usr/bin/truncate,no,yes,partial,yes,no
/usr/bin/tput,no,no,partial,yes,no
/usr/bin/id,no,yes,partial,yes,no
/usr/bin/pic,no,no,partial,yes,no
/usr/bin/gpasswd,no,yes,partial,yes,no
/usr/bin/timedatectl,no,yes,partial,yes,yes
/usr/bin/ar,no,yes,partial,yes,no
/usr/bin/sum,no,yes,partial,yes,no
/usr/bin/fallocate,no,yes,yes,yes,no
/usr/bin/sha256sum,no,yes,partial,yes,no
/usr/bin/ssh-add,yes,yes,partial,yes,yes
/usr/bin/renice,no,no,yes,yes,no
/usr/bin/apt-extracttemplates,no,yes,partial,yes,no
/usr/bin/mail-lock,no,no,yes,yes,no
/usr/bin/whatis,yes,yes,partial,yes,yes
/usr/bin/getkeycodes,no,yes,yes,yes,no
/usr/bin/elfedit,no,yes,partial,yes,no
/usr/bin/comm,no,yes,partial,yes,no
/usr/bin/getent,no,no,no,yes,no
/usr/bin/dpkg-query,no,yes,partial,yes,no
/usr/bin/groups,no,yes,partial,yes,no
/usr/bin/mail-unlock,no,no,yes,yes,no
/usr/bin/logname,no,yes,partial,yes,no
/usr/bin/stat,no,yes,partial,yes,no
/usr/bin/setpci,no,yes,partial,yes,no
/usr/bin/usbhid-dump,no,yes,yes,yes,no
/usr/bin/ntfsdecrypt,yes,yes,partial,yes,yes
/usr/bin/ld.gold,no,yes,partial,yes,no
/usr/bin/troff,no,yes,partial,yes,no
/usr/bin/look,no,no,unknown,yes,no
/usr/bin/localedef,no,no,no,yes,no
/usr/bin/crontab,no,yes,partial,yes,no
/usr/bin/gettext,no,yes,partial,yes,no
/usr/bin/iconv,no,no,no,yes,no
/usr/bin/bsd-write,no,yes,partial,yes,no
/usr/bin/apt-cache,no,no,partial,yes,no
/usr/bin/watch,no,yes,partial,yes,no
/usr/bin/dpkg,no,yes,partial,yes,no
/usr/bin/dpkg-trigger,no,yes,partial,yes,no
/usr/bin/grub-mkrescue,no,yes,partial,yes,no
/usr/bin/faillog,no,yes,partial,yes,no
/usr/bin/factor,no,yes,partial,yes,no
/usr/bin/grub-render-label,no,yes,partial,yes,no
/usr/bin/hostnamectl,no,yes,partial,yes,yes
/usr/bin/tic,no,yes,partial,yes,no
/usr/bin/setmetamode,no,no,yes,yes,no
/usr/bin/grub-glue-efi,no,yes,partial,yes,no
/usr/bin/pldd,no,no,no,yes,no
/usr/bin/mapscrn,no,yes,partial,yes,no
/usr/bin/rsync,no,yes,partial,yes,no
/usr/bin/skill,no,yes,partial,yes,no
/usr/bin/dirname,no,yes,partial,yes,no
/usr/bin/lzmainfo,no,yes,partial,yes,no
/usr/bin/splitfont,no,yes,yes,yes,no
/usr/bin/prtstat,no,yes,partial,yes,no
/usr/bin/strace,no,yes,partial,yes,no
/usr/bin/size,no,yes,partial,yes,no
/usr/bin/tail,no,yes,partial,yes,no
/usr/bin/tload,no,no,partial,yes,no
/usr/bin/dpkg-deb,no,yes,partial,yes,no
/usr/bin/delpart,no,yes,yes,yes,no
/usr/bin/seq,no,yes,partial,yes,no
/usr/bin/apt-config,no,no,unknown,yes,no
/usr/bin/grub-mount,no,yes,partial,yes,no
/usr/bin/link,no,yes,partial,yes,no
/usr/bin/wall,no,yes,partial,yes,no
/usr/bin/tty,no,yes,partial,yes,no
/usr/bin/free,no,no,yes,yes,no
/usr/bin/perl,no,no,unknown,yes,no
/usr/bin/logger,no,yes,partial,yes,no
/usr/bin/script,no,yes,partial,yes,no
/usr/bin/localectl,no,yes,partial,yes,yes
/usr/bin/sort,no,yes,partial,yes,no
/usr/bin/who,no,yes,partial,yes,no
/usr/bin/mawk,no,yes,partial,yes,no
/usr/bin/bsd-from,no,yes,partial,yes,no
/usr/bin/lockfile-check,no,no,yes,yes,no
/usr/bin/xargs,no,yes,partial,yes,no
/usr/bin/newgrp,no,yes,partial,yes,no
/usr/bin/python3.4,no,yes,partial,yes,no
/usr/bin/expr,no,yes,partial,yes,no
/usr/bin/lsusb,no,yes,partial,yes,no
/usr/bin/ld.bfd,no,yes,partial,yes,no
/usr/bin/pr,no,yes,partial,yes,no
/usr/bin/peekfd,no,no,yes,yes,no
/usr/bin/calendar,no,yes,partial,yes,no
/usr/bin/partx,no,yes,partial,yes,no
/usr/bin/strip,no,yes,partial,yes,no
/usr/bin/setsid,no,no,yes,yes,no
/usr/bin/tracepath,no,yes,partial,yes,no
/usr/bin/wget,no,yes,partial,yes,no
/usr/bin/perl5.18.2,no,no,unknown,yes,no
/usr/bin/mlocate,no,yes,partial,yes,no
/usr/bin/xauth,no,yes,partial,yes,no
/usr/bin/aptitude-curses,yes,yes,partial,yes,yes
/usr/bin/openssl,no,yes,partial,yes,no
/usr/bin/ul,no,no,no,yes,no
/usr/bin/apt-mark,no,no,partial,yes,no
/usr/bin/unexpand,no,yes,partial,yes,no
/usr/bin/updatedb.mlocate,no,yes,partial,yes,no
/usr/bin/lshw,no,yes,partial,yes,no
/usr/bin/soelim,no,no,partial,yes,no
/usr/bin/clear_console,no,no,yes,yes,no
/usr/bin/setterm,no,yes,partial,yes,no
/usr/bin/x86_64-linux-gnu-elfedit,no,yes,partial,yes,no
/usr/bin/eject,yes,yes,partial,yes,yes
/usr/bin/nsupdate,yes,yes,partial,yes,yes
/usr/bin/sha1sum,no,yes,partial,yes,no
/usr/bin/join,no,yes,partial,yes,no
/usr/bin/uuidgen,no,yes,yes,yes,no
/usr/bin/addpart,no,yes,yes,yes,no
/usr/bin/arch,no,yes,partial,yes,no
/usr/bin/mkfifo,no,yes,partial,yes,no
/usr/bin/nl,no,yes,partial,yes,no
/usr/bin/runcon,no,yes,partial,yes,no
/usr/bin/sdiff,no,yes,partial,yes,no
/usr/bin/infocmp,no,yes,partial,yes,no
/usr/bin/last,no,yes,partial,yes,no
/usr/bin/ddate,no,yes,partial,yes,no
/usr/bin/grops,no,yes,partial,yes,no
/usr/bin/printerbanner,no,no,partial,yes,no
/usr/bin/showconsolefont,no,yes,partial,yes,no
/usr/bin/lsattr,no,no,yes,yes,no
/usr/bin/tracepath6,no,yes,partial,yes,no
/usr/bin/sha384sum,no,yes,partial,yes,no
/usr/bin/rev,no,no,partial,yes,no
/usr/bin/fold,no,yes,partial,yes,no
/usr/bin/pcimodules,no,yes,partial,yes,no
/usr/bin/sha224sum,no,yes,partial,yes,no
/usr/bin/dpkg-statoverride,no,yes,partial,yes,no
/usr/bin/infokey,no,yes,partial,yes,no
/usr/bin/tee,no,yes,partial,yes,no
/usr/bin/ischroot,no,no,unknown,yes,no
/usr/bin/tsort,no,yes,partial,yes,no
/usr/bin/nohup,no,yes,partial,yes,no
/usr/bin/mail-touchlock,no,no,yes,yes,no
/usr/bin/grub-editenv,no,yes,partial,yes,no
/usr/bin/lastlog,no,yes,partial,yes,no
/usr/bin/x86_64-linux-gnu-readelf,no,yes,partial,yes,no
/usr/bin/grub-mkstandalone,no,yes,partial,yes,no
/usr/bin/rename.ul,no,no,yes,yes,no
/usr/bin/dwp,no,yes,partial,yes,no
/usr/bin/ptx,no,yes,partial,yes,no
/usr/bin/mcookie,no,yes,partial,yes,no
/usr/bin/manpath,yes,yes,no,yes,yes
/usr/bin/setlogcons,no,yes,yes,yes,no
/usr/bin/apt-sortpkgs,no,no,unknown,yes,no
/usr/bin/users,no,yes,partial,yes,no
/usr/bin/printenv,no,yes,partial,yes,no
/usr/bin/locale,no,no,no,yes,no
/usr/bin/od,no,yes,partial,yes,no
/usr/bin/codepage,no,yes,partial,yes,no
/usr/bin/eqn,no,yes,partial,yes,no
/usr/bin/gpgv,no,yes,partial,yes,no
/usr/bin/chfn,no,yes,partial,yes,no
/usr/bin/ssh-agent,yes,yes,partial,yes,yes
/usr/bin/taskset,no,yes,partial,yes,no
/usr/bin/tac,no,yes,partial,yes,no
/usr/bin/man,yes,yes,partial,yes,yes
/usr/bin/grub-menulst2cfg,no,yes,partial,yes,no
/usr/bin/update-mime-database.real,no,no,no,yes,no
/usr/bin/nproc,no,yes,partial,yes,no
/usr/bin/zdump,no,no,no,yes,no
/usr/bin/grub-script-check,no,yes,partial,yes,no
/usr/bin/clear,no,no,unknown,yes,no
/usr/bin/sha512sum,no,yes,partial,yes,no
/usr/bin/as,no,yes,partial,yes,no
/usr/bin/info,no,yes,partial,yes,no
/usr/bin/vmstat,no,yes,yes,yes,no
/usr/bin/column,no,no,partial,yes,no
/usr/bin/ipcrm,no,no,yes,yes,no
/usr/bin/grub-mknetdir,no,yes,partial,yes,no
/usr/bin/getopt,no,no,partial,yes,no
/usr/bin/line,no,no,no,yes,no
/usr/bin/ginstall-info,no,yes,partial,yes,no
/usr/bin/killall,no,yes,partial,yes,no
/usr/bin/timeout,no,yes,partial,yes,no
/usr/bin/grub-mkfont,no,yes,partial,yes,no
/usr/bin/python3.4m,no,yes,partial,yes,no
/usr/bin/grub-syslinux2cfg,no,yes,partial,yes,no
/usr/bin/chage,no,yes,partial,yes,no
/usr/bin/time,no,no,yes,yes,no
/usr/bin/hexdump,no,yes,partial,yes,no
/usr/bin/xz,no,yes,partial,yes,no
/usr/bin/lockfile-create,no,no,yes,yes,no
/usr/bin/grub-mkpasswd-pbkdf2,no,yes,partial,yes,no
/usr/bin/lockfile-touch,no,no,yes,yes,no
/usr/bin/tabs,no,no,partial,yes,no
/usr/bin/gpgsplit,no,yes,partial,yes,no
/usr/bin/pgrep,no,yes,partial,yes,no
/usr/bin/aa-enabled,no,yes,partial,yes,yes
/usr/bin/resizecons,no,yes,yes,yes,no
/usr/bin/md5sum,no,yes,partial,yes,no
/usr/bin/grub-mklayout,no,yes,partial,yes,no
/usr/bin/dpkg-divert,no,yes,partial,yes,no
/usr/bin/mandb,yes,yes,partial,yes,yes
/usr/bin/colrm,no,no,unknown,yes,no
/usr/bin/loadunimap,no,yes,partial,yes,no
/usr/bin/cut,no,yes,partial,yes,no
/usr/bin/[,no,yes,partial,yes,no
/usr/bin/pathchk,no,yes,partial,yes,no
/usr/bin/col,no,no,no,yes,no
/sbin/start-stop-daemon,no,yes,partial,yes,no
/sbin/tc,no,yes,partial,yes,no
/sbin/apparmor_parser,no,yes,partial,yes,yes
/sbin/capsh,no,no,partial,yes,no
/sbin/mkfs.cramfs,no,yes,partial,yes,no
/sbin/mkfs.fat,no,no,partial,yes,no
/sbin/crda,no,yes,yes,yes,no
/sbin/regdbdump,no,yes,partial,yes,no
/sbin/ntfsclone,yes,yes,partial,yes,yes
/sbin/dmsetup,no,yes,partial,yes,no
/sbin/ntfscp,yes,no,partial,yes,yes
/sbin/killall5,no,yes,partial,yes,no
/sbin/upstart-dbus-bridge,yes,no,unknown,yes,yes
/sbin/badblocks,no,yes,partial,yes,no
/sbin/mkhomedir_helper,no,yes,partial,yes,no
/sbin/ntfslabel,yes,no,partial,yes,yes
/sbin/sfdisk,no,yes,partial,yes,no
/sbin/pam_tally2,no,yes,partial,yes,no
/sbin/upstart-udev-bridge,yes,no,unknown,yes,yes
/sbin/slattach,no,yes,partial,yes,no
/sbin/mkfs,no,no,yes,yes,no
/sbin/ctrlaltdel,no,no,unknown,yes,no
/sbin/xtables-multi,no,yes,partial,yes,no
/sbin/shutdown,yes,yes,partial,yes,yes
/sbin/dhclient,yes,yes,partial,yes,yes
/sbin/pivot_root,no,no,yes,yes,no
/sbin/sysctl,no,yes,partial,yes,no
/sbin/e2fsck,no,yes,partial,yes,no
/sbin/iptunnel,no,yes,partial,yes,no
/sbin/tune2fs,no,yes,partial,yes,no
/sbin/ipmaddr,no,yes,partial,yes,no
/sbin/e2image,no,yes,partial,yes,no
/sbin/nameif,no,yes,partial,yes,no
/sbin/runlevel,yes,yes,no,yes,yes
/sbin/setvtrgb,no,yes,yes,yes,no
/sbin/isosize,no,yes,partial,yes,no
/sbin/parted,no,yes,partial,yes,no
/sbin/initctl,yes,no,yes,yes,yes
/sbin/mii-tool,no,yes,partial,yes,no
/sbin/biosdevname,no,yes,partial,yes,no
/sbin/cfdisk,no,yes,partial,yes,no
/sbin/getty,no,yes,partial,yes,no
/sbin/ifconfig,no,yes,partial,yes,no
/sbin/ldconfig.real,no,no,unknown,yes,no
/sbin/ntfsresize,yes,yes,partial,yes,yes
/sbin/debugfs,no,yes,partial,yes,no
/sbin/getpcaps,no,no,yes,yes,no
/sbin/fsck.cramfs,no,yes,partial,yes,no
/sbin/hwclock,no,yes,partial,yes,no
/sbin/bridge,no,yes,partial,yes,no
/sbin/getcap,no,no,yes,yes,no
/sbin/rtacct,no,yes,partial,yes,no
/sbin/upstart-local-bridge,yes,yes,no,yes,yes
/sbin/switch_root,no,yes,yes,yes,no
/sbin/route,no,yes,partial,yes,no
/sbin/rarp,no,yes,partial,yes,no
/sbin/mkfs.minix,no,yes,partial,yes,no
/sbin/rtmon,no,yes,partial,yes,no
/sbin/fstab-decode,no,no,yes,yes,no
/sbin/losetup,no,yes,partial,yes,no
/sbin/plymouthd,no,yes,partial,yes,no
/sbin/startpar,no,yes,partial,yes,no
/sbin/blkid,no,yes,partial,yes,no
/sbin/logsave,no,yes,partial,yes,no
/sbin/fdisk,no,yes,partial,yes,no
/sbin/sulogin,no,yes,partial,yes,no
/sbin/upstart-socket-bridge,yes,yes,no,yes,yes
/sbin/mkswap,no,yes,partial,yes,no
/sbin/ntfsundelete,yes,yes,partial,yes,yes
/sbin/apm_available,no,no,yes,yes,no
/sbin/ureadahead,yes,yes,partial,yes,yes
/sbin/ifup,no,yes,partial,yes,no
/sbin/partprobe,no,no,yes,yes,no
/sbin/mke2fs,no,yes,partial,yes,no
/sbin/resize2fs,no,no,partial,yes,no
/sbin/fsfreeze,no,no,yes,yes,no
/sbin/e2undo,no,yes,yes,yes,no
/sbin/mntctl,yes,no,yes,yes,yes
/sbin/swaplabel,no,yes,partial,yes,no
/sbin/reboot,yes,yes,no,yes,yes
/sbin/plipconfig,no,no,partial,yes,no
/sbin/fstrim,no,yes,yes,yes,no
/sbin/mountall,yes,yes,partial,yes,yes
/sbin/mount.fuse,yes,no,partial,yes,yes
/sbin/discover,no,yes,yes,yes,no
/sbin/startpar-upstart-inject,no,no,yes,yes,no
/sbin/mkfs.bfs,no,yes,partial,yes,no
/sbin/fsck,no,yes,partial,yes,no
/sbin/kbdrate,no,no,partial,yes,no
/sbin/dumpe2fs,no,yes,partial,yes,no
/sbin/agetty,no,yes,partial,yes,no
/sbin/wipefs,no,yes,partial,yes,no
/sbin/acpi_available,no,no,yes,yes,no
/sbin/hdparm,no,yes,partial,yes,no
/sbin/swapon,no,yes,partial,yes,no
/sbin/setcap,no,no,partial,yes,no
/sbin/mkntfs,yes,yes,partial,yes,yes
/sbin/upstart-file-bridge,yes,yes,partial,yes,yes
/sbin/fatlabel,no,yes,partial,yes,no
/sbin/pam_tally,no,yes,partial,yes,no
/sbin/unix_update,yes,yes,partial,yes,no
/sbin/findfs,no,no,yes,yes,no
/sbin/init,yes,yes,partial,yes,yes
/sbin/lvm,no,yes,partial,yes,no
/sbin/blockdev,no,yes,partial,yes,no
/sbin/fsck.fat,no,yes,partial,yes,no
/sbin/raw,no,no,yes,yes,no
/sbin/upstart-event-bridge,yes,no,unknown,yes,yes
/sbin/telinit,yes,yes,partial,yes,yes
/sbin/fsck.minix,no,yes,partial,yes,no
/sbin/unix_chkpwd,yes,yes,partial,yes,no
/bin/fuser,no,yes,partial,yes,no
/bin/lowntfs-3g,yes,yes,partial,yes,yes
/bin/ntfstruncate,yes,yes,partial,yes,yes
/bin/ntfs-3g.probe,yes,no,no,yes,yes
/bin/whiptail,no,yes,partial,yes,no
/bin/bunzip2,no,yes,partial,yes,no
/bin/tar,no,yes,partial,yes,no
/bin/netstat,no,yes,partial,yes,no
/bin/uname,no,yes,partial,yes,no
/bin/sed,no,yes,partial,yes,no
/bin/readlink,no,yes,partial,yes,no
/bin/kmod,yes,yes,partial,yes,no
/bin/loginctl,no,yes,partial,yes,yes
/bin/sleep,no,yes,partial,yes,no
/bin/plymouth,no,yes,partial,yes,no
/bin/sync,no,yes,partial,yes,no
/bin/cpio,no,yes,partial,yes,no
/bin/cat,no,yes,partial,yes,no
/bin/ntfswipe,yes,no,partial,yes,yes
/bin/ntfscat,yes,no,partial,yes,yes
/bin/mknod,no,yes,partial,yes,no
/bin/ntfsck,yes,yes,partial,yes,yes
/bin/ntfscluster,yes,yes,partial,yes,yes
/bin/dbus-daemon,no,yes,partial,yes,no
/bin/ntfsmftalloc,yes,no,partial,yes,yes
/bin/ls,no,yes,partial,yes,no
/bin/login,no,yes,partial,yes,no
/bin/gzip,no,yes,partial,yes,no
/bin/tailf,no,yes,partial,yes,no
/bin/mktemp,no,yes,partial,yes,no
/bin/udevadm,no,yes,partial,yes,yes
/bin/chgrp,no,yes,partial,yes,no
/bin/findmnt,no,yes,partial,yes,no
/bin/lsblk,no,yes,partial,yes,no
/bin/dbus-uuidgen,no,no,yes,yes,no
/bin/mt-gnu,no,yes,partial,yes,no
/bin/pwd,no,yes,partial,yes,no
/bin/bzip2,no,yes,partial,yes,no
/bin/ping6,no,yes,partial,yes,no
/bin/date,no,yes,partial,yes,no
/bin/mountpoint,no,yes,partial,yes,no
/bin/setfont,no,yes,partial,yes,no
/bin/stty,no,yes,partial,yes,no
/bin/dmesg,no,yes,yes,yes,no
/bin/ntfsls,yes,yes,partial,yes,yes
/bin/mv,no,yes,partial,yes,no
/bin/ntfsinfo,yes,yes,partial,yes,yes
/bin/kbd_mode,no,yes,yes,yes,no
/bin/ntfs-3g.usermap,yes,yes,partial,yes,yes
/bin/echo,no,yes,partial,yes,no
/bin/df,no,yes,partial,yes,no
/bin/dbus-cleanup-sockets,no,yes,partial,yes,no
/bin/grep,no,yes,partial,yes,no
/bin/ss,no,yes,partial,yes,no
/bin/su,no,yes,partial,yes,no
/bin/chown,no,yes,partial,yes,no
/bin/ln,no,yes,partial,yes,no
/bin/run-parts,no,yes,partial,yes,no
/bin/more,no,yes,partial,yes,no
/bin/kill,no,yes,partial,yes,no
/bin/fgrep,no,yes,partial,yes,no
/bin/rmdir,no,yes,partial,yes,no
/bin/busybox,no,no,unknown,yes,no
/bin/openvt,no,yes,partial,yes,no
/bin/lessecho,no,yes,yes,yes,no
/bin/chmod,no,yes,partial,yes,no
/bin/ping,no,yes,partial,yes,no
/bin/plymouth-upstart-bridge,no,no,yes,yes,no
/bin/ip,no,yes,partial,yes,no
/bin/hostname,no,yes,partial,yes,no
/bin/less,no,yes,partial,yes,no
/bin/mount,no,yes,partial,yes,no
/bin/true,no,yes,partial,yes,no
/bin/false,no,yes,partial,yes,no
/bin/ntfs-3g,yes,yes,partial,yes,yes
/bin/bash,no,yes,partial,yes,no
/bin/cp,no,yes,partial,yes,no
/bin/tempfile,no,no,partial,yes,no
/bin/fusermount,yes,yes,partial,yes,yes
/bin/mkdir,no,yes,partial,yes,no
/bin/ed,no,yes,partial,yes,no
/bin/vdir,no,yes,partial,yes,no
/bin/ntfsfix,yes,no,partial,yes,yes
/bin/dumpkeys,no,yes,yes,yes,no
/bin/dd,no,yes,partial,yes,no
/bin/bzcat,no,yes,partial,yes,no
/bin/ntfs-3g.secaudit,yes,yes,partial,yes,yes
/bin/ulockmgr_server,yes,yes,partial,yes,yes
/bin/dash,yes,yes,partial,yes,yes
/bin/chvt,no,yes,yes,yes,no
/bin/nc.openbsd,no,yes,partial,yes,no
/bin/egrep,no,yes,partial,yes,no
/bin/umount,no,yes,partial,yes,no
/bin/rm,no,yes,partial,yes,no
/bin/lesskey,no,yes,partial,yes,no
/bin/dir,no,yes,partial,yes,no
/bin/ps,no,yes,partial,yes,no
/bin/loadkeys,no,yes,partial,yes,no
/bin/ntfscmp,yes,yes,partial,yes,yes
/bin/ntfsmove,yes,no,partial,yes,yes
/bin/nano,no,yes,partial,yes,no
/bin/touch,no,yes,partial,yes,no
/bin/fgconsole,no,yes,yes,yes,no
/bin/ntfsdump_logfile,yes,no,partial,yes,yes
/bin/bzip2recover,no,no,yes,yes,no
