/usr/sbin/rmt-tar,no,yes,partial,yes,no
/usr/sbin/readprofile,no,yes,partial,yes,no
/usr/sbin/tcpd,no,yes,yes,yes,no
/usr/sbin/rtcwake,no,yes,partial,yes,no
/usr/sbin/ownership,yes,yes,partial,yes,yes
/usr/sbin/cppw,yes,yes,partial,yes,yes
/usr/sbin/pwck,yes,yes,partial,yes,yes
/usr/sbin/grpck,yes,yes,partial,yes,yes
/usr/sbin/nologin,yes,no,yes,yes,yes
/usr/sbin/genl,no,yes,partial,yes,no
/usr/sbin/chroot,no,yes,partial,yes,no
/usr/sbin/e2freefrag,no,yes,yes,yes,no
/usr/sbin/visudo,yes,yes,partial,yes,yes
/usr/sbin/tcpdchk,no,yes,partial,yes,no
/usr/sbin/pam_timestamp_check,yes,yes,yes,yes,no
/usr/sbin/groupdel,yes,yes,partial,yes,yes
/usr/sbin/iconvconfig,no,no,no,yes,no
/usr/sbin/zic,no,no,no,yes,no
/usr/sbin/ldattach,no,yes,partial,yes,no
/usr/sbin/tcpdmatch,no,yes,partial,yes,no
/usr/sbin/grub-mkdevicemap,no,yes,partial,yes,no
/usr/sbin/newusers,yes,yes,partial,yes,yes
/usr/sbin/biosdecode,yes,yes,partial,yes,yes
/usr/sbin/sshd,yes,yes,partial,yes,yes
/usr/sbin/pwunconv,yes,yes,partial,yes,yes
/usr/sbin/mklost+found,no,no,yes,yes,no
/usr/sbin/userdel,yes,yes,partial,yes,yes
/usr/sbin/e4defrag,no,yes,partial,yes,no
/usr/sbin/pwconv,yes,yes,partial,yes,yes
/usr/sbin/setvesablank,no,yes,yes,yes,no
/usr/sbin/filefrag,no,yes,partial,yes,no
/usr/sbin/grub-macbless,no,yes,partial,yes,no
/usr/sbin/grpconv,yes,yes,partial,yes,yes
/usr/sbin/grub-install,no,yes,partial,yes,no
/usr/sbin/chgpasswd,yes,yes,partial,yes,yes
/usr/sbin/fdformat,no,yes,partial,yes,no
/usr/sbin/vpddecode,yes,yes,partial,yes,yes
/usr/sbin/chpasswd,yes,yes,partial,yes,yes
/usr/sbin/rsyslogd,no,yes,partial,yes,no
/usr/sbin/logrotate,no,yes,partial,yes,no
/usr/sbin/groupadd,yes,yes,partial,yes,yes
/usr/sbin/safe_finger,no,no,yes,yes,no
/usr/sbin/usermod,yes,yes,partial,yes,yes
/usr/sbin/vipw,yes,yes,partial,yes,yes
/usr/sbin/grub-probe,no,yes,partial,yes,no
/usr/sbin/update-passwd,yes,yes,partial,yes,yes
/usr/sbin/dmidecode,yes,yes,partial,yes,yes
/usr/sbin/arpd,no,yes,partial,yes,no
/usr/sbin/grpunconv,yes,yes,partial,yes,yes
/usr/sbin/arp,no,yes,partial,yes,no
/usr/sbin/groupmod,yes,yes,partial,yes,yes
/usr/sbin/try-from,no,yes,yes,yes,no
/usr/sbin/cron,no,yes,partial,yes,no
/usr/sbin/vcstime,no,yes,partial,yes,no
/usr/sbin/tunelp,no,yes,partial,yes,no
/usr/sbin/useradd,yes,yes,partial,yes,yes
/usr/bin/who,no,yes,partial,yes,no
/usr/bin/wget,yes,yes,partial,yes,yes
/usr/bin/cut,no,yes,partial,yes,no
/usr/bin/dpkg,no,yes,partial,yes,no
/usr/bin/logger,no,yes,partial,yes,no
/usr/bin/nohup,no,yes,partial,yes,no
/usr/bin/mesg,no,yes,yes,yes,no
/usr/bin/sha256sum,no,yes,partial,yes,no
/usr/bin/grub-mkrelpath,no,yes,partial,yes,no
/usr/bin/expr,no,yes,partial,yes,no
/usr/bin/dbus-run-session,yes,yes,partial,yes,yes
/usr/bin/numfmt,no,yes,partial,yes,no
/usr/bin/grub-menulst2cfg,no,yes,partial,yes,no
/usr/bin/grub-mklayout,no,yes,partial,yes,no
/usr/bin/x86_64-linux-gnu-strip,no,yes,partial,yes,no
/usr/bin/setpci,no,yes,partial,yes,no
/usr/bin/kbdinfo,no,yes,yes,yes,no
/usr/bin/tabs,no,no,partial,yes,no
/usr/bin/env,no,yes,partial,yes,no
/usr/bin/pgrep,no,yes,partial,yes,no
/usr/bin/systemd-detect-virt,yes,yes,partial,yes,yes
/usr/bin/x86_64-linux-gnu-as,no,yes,partial,yes,no
/usr/bin/tail,no,yes,partial,yes,no
/usr/bin/grub-script-check,no,yes,partial,yes,no
/usr/bin/x86_64-linux-gnu-size,no,yes,partial,yes,no
/usr/bin/expiry,yes,yes,partial,yes,yes
/usr/bin/getent,no,no,no,yes,no
/usr/bin/xxd,yes,no,partial,yes,yes
/usr/bin/shuf,no,yes,partial,yes,no
/usr/bin/nstat,no,yes,partial,yes,no
/usr/bin/usbhid-dump,no,yes,yes,yes,no
/usr/bin/dpkg-statoverride,no,yes,partial,yes,no
/usr/bin/grub-mount,no,yes,partial,yes,no
/usr/bin/timeout,no,yes,partial,yes,no
/usr/bin/vmstat,no,yes,yes,yes,no
/usr/bin/x86_64-linux-gnu-dwp,no,yes,partial,yes,no
/usr/bin/x86_64-linux-gnu-c++filt,no,yes,partial,yes,no
/usr/bin/[,no,yes,partial,yes,no
/usr/bin/zdump,no,no,no,yes,no
/usr/bin/locale,no,no,no,yes,no
/usr/bin/link,no,yes,partial,yes,no
/usr/bin/shred,no,yes,partial,yes,no
/usr/bin/dpkg-deb,no,yes,partial,yes,no
/usr/bin/sudoreplay,yes,yes,partial,yes,yes
/usr/bin/wc,no,yes,partial,yes,no
/usr/bin/readelf,no,yes,partial,yes,no
/usr/bin/perl,no,yes,partial,yes,no
/usr/bin/psfxtable,no,yes,partial,yes,no
/usr/bin/grub-editenv,no,yes,partial,yes,no
/usr/bin/addpart,no,yes,partial,yes,no
/usr/bin/nsenter,no,yes,partial,yes,no
/usr/bin/factor,no,yes,partial,yes,no
/usr/bin/uptime,no,yes,yes,yes,no
/usr/bin/resizecons,no,yes,yes,yes,no
/usr/bin/setleds,no,no,yes,yes,no
/usr/bin/deallocvt,no,yes,yes,yes,no
/usr/bin/x86_64-linux-gnu-gprof,no,yes,partial,yes,no
/usr/bin/sha224sum,no,yes,partial,yes,no
/usr/bin/apt-sortpkgs,yes,yes,no,yes,yes
/usr/bin/x86_64-linux-gnu-objcopy,no,yes,partial,yes,no
/usr/bin/flock,no,yes,partial,yes,no
/usr/bin/prlimit,no,yes,partial,yes,no
/usr/bin/head,no,yes,partial,yes,no
/usr/bin/loadunimap,no,yes,partial,yes,no
/usr/bin/unexpand,no,yes,partial,yes,no
/usr/bin/grub-mkimage,no,yes,partial,yes,no
/usr/bin/fallocate,no,yes,partial,yes,no
/usr/bin/systemd-cgtop,yes,yes,partial,yes,yes
/usr/bin/openssl,no,yes,partial,yes,no
/usr/bin/grub-file,no,yes,partial,yes,no
/usr/bin/stat,no,yes,partial,yes,no
/usr/bin/localectl,yes,yes,partial,yes,yes
/usr/bin/systemd-stdio-bridge,yes,yes,partial,yes,yes
/usr/bin/diff3,no,yes,partial,yes,no
/usr/bin/x86_64-linux-gnu-addr2line,no,yes,partial,yes,no
/usr/bin/codepage,no,yes,partial,yes,no
/usr/bin/lnstat,no,yes,partial,yes,no
/usr/bin/lsipc,no,yes,partial,yes,no
/usr/bin/file,no,yes,yes,yes,no
/usr/bin/last,no,yes,partial,yes,no
/usr/bin/seq,no,yes,partial,yes,no
/usr/bin/realpath,no,yes,partial,yes,no
/usr/bin/pinky,no,yes,partial,yes,no
/usr/bin/cksum,no,yes,partial,yes,no
/usr/bin/elfedit,no,yes,partial,yes,no
/usr/bin/grub-mkfont,no,yes,partial,yes,no
/usr/bin/delpart,no,yes,partial,yes,no
/usr/bin/x86_64-linux-gnu-ar,no,yes,partial,yes,no
/usr/bin/infocmp,no,yes,partial,yes,no
/usr/bin/nice,no,yes,partial,yes,no
/usr/bin/runcon,no,yes,partial,yes,no
/usr/bin/install,no,yes,partial,yes,no
/usr/bin/systemd-analyze,yes,yes,partial,yes,yes
/usr/bin/chage,yes,yes,partial,yes,yes
/usr/bin/pldd,no,no,no,yes,no
/usr/bin/scriptreplay,no,yes,yes,yes,no
/usr/bin/dbus-update-activation-environment,yes,yes,yes,yes,yes
/usr/bin/sha384sum,no,yes,partial,yes,no
/usr/bin/setterm,no,yes,partial,yes,no
/usr/bin/scp,yes,yes,partial,yes,yes
/usr/bin/grub-syslinux2cfg,no,yes,partial,yes,no
/usr/bin/localedef,no,no,no,yes,no
/usr/bin/screendump,no,no,partial,yes,no
/usr/bin/dircolors,no,yes,partial,yes,no
/usr/bin/systemd-cgls,yes,yes,partial,yes,yes
/usr/bin/yes,no,yes,partial,yes,no
/usr/bin/setmetamode,no,no,yes,yes,no
/usr/bin/dpkg-divert,no,yes,partial,yes,no
/usr/bin/unlink,no,yes,partial,yes,no
/usr/bin/ischroot,no,yes,no,yes,no
/usr/bin/apt-extracttemplates,yes,yes,partial,yes,yes
/usr/bin/xdg-user-dirs-update,no,yes,partial,yes,no
/usr/bin/sdiff,no,yes,partial,yes,no
/usr/bin/tty,no,yes,partial,yes,no
/usr/bin/grub-mkrescue,no,yes,partial,yes,no
/usr/bin/tic,no,yes,partial,yes,no
/usr/bin/apt-cache,yes,yes,partial,yes,yes
/usr/bin/chrt,no,yes,partial,yes,no
/usr/bin/expand,no,yes,partial,yes,no
/usr/bin/gpgsplit,no,yes,partial,yes,no
/usr/bin/unshare,no,yes,partial,yes,no
/usr/bin/printenv,no,yes,partial,yes,no
/usr/bin/namei,no,yes,partial,yes,no
/usr/bin/ssh-agent,yes,yes,partial,yes,yes
/usr/bin/ionice,no,yes,partial,yes,no
/usr/bin/vim.tiny,yes,yes,partial,yes,yes
/usr/bin/grub-mknetdir,no,yes,partial,yes,no
/usr/bin/w.procps,no,yes,partial,yes,no
/usr/bin/script,no,yes,partial,yes,no
/usr/bin/apt-config,yes,yes,no,yes,yes
/usr/bin/md5sum,no,yes,partial,yes,no
/usr/bin/clear,no,no,unknown,yes,no
/usr/bin/apt-cdrom,yes,yes,no,yes,yes
/usr/bin/eject,yes,yes,partial,yes,yes
/usr/bin/chfn,yes,yes,partial,yes,yes
/usr/bin/pwdx,no,yes,partial,yes,no
/usr/bin/test,no,yes,partial,yes,no
/usr/bin/toe,no,yes,partial,yes,no
/usr/bin/clear_console,no,yes,yes,yes,no
/usr/bin/truncate,no,yes,partial,yes,no
/usr/bin/du,no,yes,partial,yes,no
/usr/bin/slabtop,no,yes,partial,yes,no
/usr/bin/pmap,no,yes,partial,yes,no
/usr/bin/hostnamectl,yes,yes,partial,yes,yes
/usr/bin/dbus-send,yes,yes,partial,yes,yes
/usr/bin/python3.5,no,yes,partial,yes,no
/usr/bin/x86_64-linux-gnu-nm,no,yes,partial,yes,no
/usr/bin/x86_64-linux-gnu-objdump,no,yes,partial,yes,no
/usr/bin/dpkg-split,no,yes,partial,yes,no
/usr/bin/apt-mark,yes,yes,unknown,yes,yes
/usr/bin/grub-mkpasswd-pbkdf2,no,yes,partial,yes,no
/usr/bin/sudo,yes,yes,partial,yes,yes
/usr/bin/users,no,yes,partial,yes,no
/usr/bin/base64,no,yes,partial,yes,no
/usr/bin/x86_64-linux-gnu-ranlib,no,yes,partial,yes,no
/usr/bin/line,no,no,yes,yes,no
/usr/bin/find,yes,yes,partial,yes,yes
/usr/bin/gpg,no,yes,partial,yes,no
/usr/bin/lslogins,no,yes,partial,yes,no
/usr/bin/setlogcons,no,yes,yes,yes,no
/usr/bin/bootctl,yes,yes,partial,yes,yes
/usr/bin/dbus-monitor,yes,yes,partial,yes,yes
/usr/bin/getkeycodes,no,yes,yes,yes,no
/usr/bin/ipcmk,no,yes,partial,yes,no
/usr/bin/gpasswd,yes,yes,partial,yes,yes
/usr/bin/join,no,yes,partial,yes,no
/usr/bin/volname,yes,yes,partial,yes,yes
/usr/bin/newgrp,yes,yes,partial,yes,yes
/usr/bin/dbus-daemon,yes,yes,partial,yes,yes
/usr/bin/grub-glue-efi,no,yes,partial,yes,no
/usr/bin/gpgv,no,yes,partial,yes,no
/usr/bin/printf,no,yes,partial,yes,no
/usr/bin/logname,no,yes,partial,yes,no
/usr/bin/chsh,yes,yes,partial,yes,yes
/usr/bin/mawk,no,yes,partial,yes,no
/usr/bin/top,no,yes,partial,yes,no
/usr/bin/sha1sum,no,yes,partial,yes,no
/usr/bin/getconf,no,no,no,yes,no
/usr/bin/hostid,no,yes,partial,yes,no
/usr/bin/lspci,no,yes,partial,yes,no
/usr/bin/cmp,no,yes,partial,yes,no
/usr/bin/od,no,yes,partial,yes,no
/usr/bin/xauth,no,yes,partial,yes,no
/usr/bin/taskset,no,yes,partial,yes,no
/usr/bin/faillog,yes,yes,partial,yes,yes
/usr/bin/lslocks,no,yes,partial,yes,no
/usr/bin/dbus-uuidgen,yes,no,yes,yes,yes
/usr/bin/sort,no,yes,partial,yes,no
/usr/bin/update-mime-database.real,no,yes,no,yes,no
/usr/bin/gettext,no,yes,partial,yes,no
/usr/bin/grub-fstest,no,yes,partial,yes,no
/usr/bin/make,no,yes,partial,yes,no
/usr/bin/systemd-run,yes,yes,partial,yes,yes
/usr/bin/free,no,yes,yes,yes,no
/usr/bin/comm,no,yes,partial,yes,no
/usr/bin/pcimodules,no,yes,partial,yes,no
/usr/bin/ssh-add,yes,yes,partial,yes,yes
/usr/bin/tset,no,yes,partial,yes,no
/usr/bin/python3.5m,no,yes,partial,yes,no
/usr/bin/systemd-cat,yes,yes,partial,yes,yes
/usr/bin/ssh,yes,yes,partial,yes,yes
/usr/bin/dpkg-trigger,no,yes,partial,yes,no
/usr/bin/fmt,no,yes,partial,yes,no
/usr/bin/ipcrm,no,yes,partial,yes,no
/usr/bin/showkey,no,yes,partial,yes,no
/usr/bin/tload,no,yes,partial,yes,no
/usr/bin/rename.ul,no,yes,partial,yes,no
/usr/bin/systemd-path,yes,yes,partial,yes,yes
/usr/bin/splitfont,no,yes,yes,yes,no
/usr/bin/update-alternatives,no,yes,partial,yes,no
/usr/bin/crontab,no,yes,partial,yes,no
/usr/bin/tput,no,yes,partial,yes,no
/usr/bin/mcookie,no,yes,partial,yes,no
/usr/bin/partx,no,yes,partial,yes,no
/usr/bin/xargs,yes,yes,partial,yes,yes
/usr/bin/sum,no,yes,partial,yes,no
/usr/bin/x86_64-linux-gnu-readelf,no,yes,partial,yes,no
/usr/bin/sha512sum,no,yes,partial,yes,no
/usr/bin/pg,no,yes,partial,yes,no
/usr/bin/tee,no,yes,partial,yes,no
/usr/bin/setsid,no,yes,yes,yes,no
/usr/bin/pr,no,yes,partial,yes,no
/usr/bin/setarch,no,yes,yes,yes,no
/usr/bin/utmpdump,no,yes,partial,yes,no
/usr/bin/lscpu,no,yes,partial,yes,no
/usr/bin/wall,no,yes,partial,yes,no
/usr/bin/rev,no,no,partial,yes,no
/usr/bin/tr,no,yes,partial,yes,no
/usr/bin/nl,no,yes,partial,yes,no
/usr/bin/grub-render-label,no,yes,partial,yes,no
/usr/bin/skill,no,yes,partial,yes,no
/usr/bin/dirname,no,yes,partial,yes,no
/usr/bin/tsort,no,yes,partial,yes,no
/usr/bin/base32,no,yes,partial,yes,no
/usr/bin/resizepart,no,yes,partial,yes,no
/usr/bin/arch,no,yes,partial,yes,no
/usr/bin/sftp,yes,yes,partial,yes,yes
/usr/bin/x86_64-linux-gnu-ld.gold,no,yes,partial,yes,no
/usr/bin/lsusb,no,yes,partial,yes,no
/usr/bin/diff,no,yes,partial,yes,no
/usr/bin/renice,no,yes,yes,yes,no
/usr/bin/x86_64-linux-gnu-ld.bfd,no,yes,partial,yes,no
/usr/bin/stdbuf,no,yes,partial,yes,no
/usr/bin/ipcs,no,yes,partial,yes,no
/usr/bin/grub-mkstandalone,no,yes,partial,yes,no
/usr/bin/uniq,no,yes,partial,yes,no
/usr/bin/showconsolefont,no,yes,partial,yes,no
/usr/bin/watch,no,yes,partial,yes,no
/usr/bin/whoami,no,yes,partial,yes,no
/usr/bin/x86_64-linux-gnu-strings,no,yes,partial,yes,no
/usr/bin/envsubst,no,yes,partial,yes,no
/usr/bin/chattr,no,yes,yes,yes,no
/usr/bin/nproc,no,yes,partial,yes,no
/usr/bin/dpkg-query,no,yes,partial,yes,no
/usr/bin/paste,no,yes,partial,yes,no
/usr/bin/systemd-delta,yes,yes,partial,yes,yes
/usr/bin/dbus-cleanup-sockets,yes,yes,partial,yes,yes
/usr/bin/busctl,yes,yes,partial,yes,yes
/usr/bin/apt,yes,yes,unknown,yes,yes
/usr/bin/apt-get,yes,yes,no,yes,yes
/usr/bin/apt-ftparchive,yes,yes,partial,yes,yes
/usr/bin/ptx,no,yes,partial,yes,no
/usr/bin/mkfifo,no,yes,partial,yes,no
/usr/bin/mapscrn,no,yes,partial,yes,no
/usr/bin/systemd-resolve,yes,yes,partial,yes,yes
/usr/bin/iconv,no,no,no,yes,no
/usr/bin/setkeycodes,no,yes,yes,yes,no
/usr/bin/lastlog,yes,yes,partial,yes,yes
/usr/bin/tac,no,yes,partial,yes,no
/usr/bin/lsattr,no,yes,yes,yes,no
/usr/bin/chcon,no,yes,partial,yes,no
/usr/bin/id,no,yes,partial,yes,no
/usr/bin/x86_64-linux-gnu-elfedit,no,yes,partial,yes,no
/usr/bin/ngettext,no,yes,partial,yes,no
/usr/bin/passwd,yes,yes,partial,yes,yes
/usr/bin/perl5.22-x86_64-linux-gnu,no,no,unknown,yes,no
/usr/bin/whereis,no,yes,partial,yes,no
/usr/bin/csplit,no,yes,partial,yes,no
/usr/bin/basename,no,yes,partial,yes,no
/usr/bin/perl5.22.1,no,yes,partial,yes,no
/usr/bin/pathchk,no,yes,partial,yes,no
/usr/bin/timedatectl,yes,yes,partial,yes,yes
/usr/bin/ssh-keyscan,yes,yes,partial,yes,yes
/usr/bin/fold,no,yes,partial,yes,no
/usr/bin/ssh-keygen,yes,yes,partial,yes,yes
/usr/bin/groups,no,yes,partial,yes,no
/usr/bin/getopt,no,yes,partial,yes,no
/usr/bin/split,no,yes,partial,yes,no
/sbin/ipmaddr,no,yes,partial,yes,no
/sbin/losetup,no,yes,partial,yes,no
/sbin/getcap,no,yes,yes,yes,no
/sbin/cfdisk,no,yes,partial,yes,no
/sbin/swaplabel,no,yes,partial,yes,no
/sbin/e2fsck,no,yes,partial,yes,no
/sbin/mkswap,no,yes,partial,yes,no
/sbin/kbdrate,no,yes,partial,yes,no
/sbin/iw,yes,yes,partial,yes,yes
/sbin/rarp,no,yes,partial,yes,no
/sbin/fsfreeze,no,yes,yes,yes,no
/sbin/isosize,no,yes,partial,yes,no
/sbin/getpcaps,no,yes,yes,yes,no
/sbin/swapoff,no,yes,yes,yes,no
/sbin/swapon,no,yes,partial,yes,no
/sbin/sulogin,no,yes,partial,yes,no
/sbin/fstab-decode,no,no,yes,yes,no
/sbin/fsck.cramfs,no,yes,partial,yes,no
/sbin/unix_chkpwd,yes,yes,partial,yes,no
/sbin/setvtrgb,no,yes,yes,yes,no
/sbin/bridge,no,yes,partial,yes,no
/sbin/setcap,no,no,partial,yes,no
/sbin/pivot_root,no,no,yes,yes,no
/sbin/dumpe2fs,no,yes,partial,yes,no
/sbin/mkfs.cramfs,no,yes,partial,yes,no
/sbin/wipefs,no,yes,partial,yes,no
/sbin/tc,no,yes,partial,yes,no
/sbin/mkfs,no,yes,yes,yes,no
/sbin/mkfs.bfs,no,yes,partial,yes,no
/sbin/iptunnel,no,yes,partial,yes,no
/sbin/chcpu,no,yes,partial,yes,no
/sbin/nameif,no,yes,partial,yes,no
/sbin/tipc,no,yes,yes,yes,no
/sbin/rtmon,no,yes,partial,yes,no
/sbin/ureadahead,yes,yes,partial,yes,yes
/sbin/debugfs,no,yes,partial,yes,no
/sbin/discover,no,yes,yes,yes,no
/sbin/killall5,no,yes,partial,yes,no
/sbin/fsck.minix,no,yes,partial,yes,no
/sbin/pam_extrausers_chkpwd,yes,yes,partial,yes,no
/sbin/dhclient,yes,yes,partial,yes,yes
/sbin/fsck,no,yes,partial,yes,no
/sbin/switch_root,no,yes,yes,yes,no
/sbin/ifup,no,yes,partial,yes,no
/sbin/logsave,no,yes,partial,yes,no
/sbin/blkid,no,yes,partial,yes,no
/sbin/capsh,no,no,partial,yes,no
/sbin/start-stop-daemon,no,yes,partial,yes,no
/sbin/plipconfig,no,no,partial,yes,no
/sbin/pam_tally,no,yes,partial,yes,no
/sbin/badblocks,no,yes,partial,yes,no
/sbin/agetty,no,yes,partial,yes,no
/sbin/mke2fs,no,yes,partial,yes,no
/sbin/zramctl,no,yes,partial,yes,no
/sbin/mkfs.minix,no,yes,partial,yes,no
/sbin/fstrim,no,yes,partial,yes,no
/sbin/regdbdump,no,no,yes,yes,no
/sbin/fdisk,no,yes,partial,yes,no
/sbin/ctrlaltdel,no,no,yes,yes,no
/sbin/findfs,no,no,yes,yes,no
/sbin/crda,no,yes,yes,yes,no
/sbin/ifconfig,no,yes,partial,yes,no
/sbin/runuser,no,yes,partial,yes,no
/sbin/e2image,no,yes,partial,yes,no
/sbin/rtacct,no,yes,partial,yes,no
/sbin/raw,no,yes,yes,yes,no
/sbin/sfdisk,no,yes,partial,yes,no
/sbin/sysctl,no,yes,partial,yes,no
/sbin/pam_extrausers_update,yes,yes,partial,yes,no
/sbin/blockdev,no,yes,partial,yes,no
/sbin/resize2fs,no,yes,partial,yes,no
/sbin/unix_update,yes,yes,partial,yes,no
/sbin/mii-tool,no,yes,partial,yes,no
/sbin/blkdiscard,no,yes,partial,yes,no
/sbin/mkhomedir_helper,no,yes,partial,yes,no
/sbin/e2undo,no,yes,yes,yes,no
/sbin/route,no,yes,partial,yes,no
/sbin/hwclock,no,yes,partial,yes,no
/sbin/slattach,no,yes,partial,yes,no
/sbin/pam_tally2,no,yes,partial,yes,no
/sbin/ldconfig.real,no,no,unknown,yes,no
/sbin/tune2fs,no,yes,partial,yes,no
/bin/chown,no,yes,partial,yes,no
/bin/findmnt,no,yes,partial,yes,no
/bin/setfont,no,yes,partial,yes,no
/bin/fgconsole,no,yes,yes,yes,no
/bin/lessecho,yes,yes,yes,yes,yes
/bin/ping6,no,yes,partial,yes,no
/bin/run-parts,no,yes,partial,yes,no
/bin/bash,no,yes,partial,yes,no
/bin/ls,no,yes,partial,yes,no
/bin/mountpoint,no,yes,yes,yes,no
/bin/mv,no,yes,partial,yes,no
/bin/less,yes,yes,partial,yes,yes
/bin/more,no,yes,partial,yes,no
/bin/wdctl,no,yes,partial,yes,no
/bin/netstat,no,yes,partial,yes,no
/bin/systemd-escape,yes,yes,partial,yes,yes
/bin/systemctl,yes,yes,partial,yes,yes
/bin/readlink,no,yes,partial,yes,no
/bin/chmod,no,yes,partial,yes,no
/bin/login,yes,yes,partial,yes,yes
/bin/cpio,no,yes,partial,yes,no
/bin/mkdir,no,yes,partial,yes,no
/bin/umount,no,yes,partial,yes,no
/bin/date,no,yes,partial,yes,no
/bin/nc.openbsd,no,yes,partial,yes,no
/bin/lesskey,yes,yes,partial,yes,yes
/bin/uname,no,yes,partial,yes,no
/bin/echo,no,yes,partial,yes,no
/bin/dmesg,no,yes,partial,yes,no
/bin/sed,no,yes,partial,yes,no
/bin/chgrp,no,yes,partial,yes,no
/bin/sync,no,yes,partial,yes,no
/bin/openvt,no,yes,partial,yes,no
/bin/systemd-hwdb,yes,yes,partial,yes,yes
/bin/lsblk,no,yes,partial,yes,no
/bin/systemd-machine-id-setup,yes,yes,partial,yes,yes
/bin/whiptail,no,yes,partial,yes,no
/bin/mount,no,yes,partial,yes,no
/bin/rm,no,yes,partial,yes,no
/bin/ping,no,yes,partial,yes,no
/bin/loginctl,yes,yes,partial,yes,yes
/bin/mt-gnu,no,yes,partial,yes,no
/bin/mknod,no,yes,partial,yes,no
/bin/touch,no,yes,partial,yes,no
/bin/journalctl,yes,yes,partial,yes,yes
/bin/ss,no,yes,partial,yes,no
/bin/bzip2,no,yes,partial,yes,no
/bin/systemd-tty-ask-password-agent,yes,yes,partial,yes,yes
/bin/bzcat,no,yes,partial,yes,no
/bin/false,no,yes,partial,yes,no
/bin/cp,no,yes,partial,yes,no
/bin/systemd-inhibit,yes,yes,partial,yes,yes
/bin/systemd-tmpfiles,yes,yes,partial,yes,yes
/bin/tempfile,no,yes,partial,yes,no
/bin/su,yes,yes,partial,yes,yes
/bin/chvt,no,yes,yes,yes,no
/bin/true,no,yes,partial,yes,no
/bin/sleep,no,yes,partial,yes,no
/bin/kmod,yes,yes,partial,yes,no
/bin/stty,no,yes,partial,yes,no
/bin/systemd-notify,yes,yes,partial,yes,yes
/bin/dash,yes,yes,partial,yes,yes
/bin/dumpkeys,no,yes,yes,yes,no
/bin/ip,no,yes,partial,yes,no
/bin/df,no,yes,partial,yes,no
/bin/loadkeys,no,yes,partial,yes,no
/bin/dd,no,yes,partial,yes,no
/bin/networkctl,yes,yes,partial,yes,yes
/bin/tailf,no,yes,partial,yes,no
/bin/vdir,no,yes,partial,yes,no
/bin/systemd-ask-password,yes,yes,partial,yes,yes
/bin/ln,no,yes,partial,yes,no
/bin/gzip,no,yes,partial,yes,no
/bin/grep,yes,yes,partial,yes,yes
/bin/udevadm,yes,yes,partial,yes,yes
/bin/hostname,no,yes,partial,yes,no
/bin/kbd_mode,no,yes,yes,yes,no
/bin/tar,no,yes,partial,yes,no
/bin/mktemp,no,yes,partial,yes,no
/bin/dir,no,yes,partial,yes,no
/bin/pwd,no,yes,partial,yes,no
/bin/rmdir,no,yes,partial,yes,no
/bin/cat,no,yes,partial,yes,no
/bin/ps,no,yes,partial,yes,no
/bin/bunzip2,no,yes,partial,yes,no
/bin/kill,no,yes,partial,yes,no
/bin/bzip2recover,no,no,yes,yes,no
