/usr/sbin/zerofree,yes,yes,partial,yes,yes
/usr/sbin/nologin,yes,no,yes,yes,yes
/usr/sbin/xfs_db,yes,yes,partial,yes,yes
/usr/sbin/genl,yes,yes,partial,yes,yes
/usr/sbin/grub-macbless,yes,yes,partial,yes,yes
/usr/sbin/groupmems,yes,yes,partial,yes,yes
/usr/sbin/zic,yes,yes,no,yes,yes
/usr/sbin/irqbalance-ui,yes,yes,partial,yes,yes
/usr/sbin/logrotate,yes,yes,partial,yes,yes
/usr/sbin/grpunconv,yes,yes,partial,yes,yes
/usr/sbin/make-bcache,yes,yes,partial,yes,yes
/usr/sbin/userdel,yes,yes,partial,yes,yes
/usr/sbin/chpasswd,yes,yes,partial,yes,yes
/usr/sbin/vipw,yes,yes,partial,yes,yes
/usr/sbin/xfs_rtcp,yes,yes,partial,yes,yes
/usr/sbin/rsyslogd,yes,yes,partial,yes,yes
/usr/sbin/cron,yes,yes,partial,yes,yes
/usr/sbin/init.lxc.static,no,no,unknown,yes,no
/usr/sbin/acpid,yes,yes,partial,yes,yes
/usr/sbin/grpck,yes,yes,partial,yes,yes
/usr/sbin/visudo,yes,yes,partial,yes,yes
/usr/sbin/vcstime,yes,yes,partial,yes,yes
/usr/sbin/pwunconv,yes,yes,partial,yes,yes
/usr/sbin/mklost+found,yes,no,yes,yes,yes
/usr/sbin/chroot,yes,yes,partial,yes,yes
/usr/sbin/uuidd,yes,yes,partial,yes,yes
/usr/sbin/xfs_mdrestore,yes,yes,partial,yes,yes
/usr/sbin/e2freefrag,yes,yes,yes,yes,yes
/usr/sbin/xfs_copy,yes,yes,partial,yes,yes
/usr/sbin/ldattach,yes,yes,partial,yes,yes
/usr/sbin/biosdecode,yes,yes,partial,yes,yes
/usr/sbin/usermod,yes,yes,partial,yes,yes
/usr/sbin/groupmod,yes,yes,partial,yes,yes
/usr/sbin/chgpasswd,yes,yes,partial,yes,yes
/usr/sbin/xfs_io,yes,yes,partial,yes,yes
/usr/sbin/filefrag,yes,yes,partial,yes,yes
/usr/sbin/dnsmasq,yes,yes,partial,yes,yes
/usr/sbin/vpddecode,yes,yes,partial,yes,yes
/usr/sbin/arpd,yes,yes,partial,yes,yes
/usr/sbin/pwconv,yes,yes,partial,yes,yes
/usr/sbin/arp,yes,yes,partial,yes,yes
/usr/sbin/pam_timestamp_check,yes,yes,yes,yes,yes
/usr/sbin/e4crypt,yes,yes,partial,yes,yes
/usr/sbin/irqbalance,yes,yes,partial,yes,yes
/usr/sbin/update-passwd,yes,yes,partial,yes,yes
/usr/sbin/xfs_logprint,yes,yes,partial,yes,yes
/usr/sbin/dmidecode,yes,yes,partial,yes,yes
/usr/sbin/tcpdump,yes,yes,partial,yes,yes
/usr/sbin/groupadd,yes,yes,partial,yes,yes
/usr/sbin/cppw,yes,yes,partial,yes,yes
/usr/sbin/xfs_estimate,yes,yes,partial,yes,yes
/usr/sbin/rmt-tar,yes,yes,partial,yes,yes
/usr/sbin/grub-install,yes,yes,partial,yes,yes
/usr/sbin/bcache-super-show,yes,yes,partial,yes,yes
/usr/sbin/xfs_fsr,yes,yes,partial,yes,yes
/usr/sbin/useradd,yes,yes,partial,yes,yes
/usr/sbin/nfnl_osf,yes,yes,partial,yes,yes
/usr/sbin/atd,yes,yes,partial,yes,yes
/usr/sbin/readprofile,yes,yes,partial,yes,yes
/usr/sbin/accessdb,yes,no,yes,yes,yes
/usr/sbin/pwck,yes,yes,partial,yes,yes
/usr/sbin/xfs_quota,yes,yes,partial,yes,yes
/usr/sbin/fdformat,yes,yes,partial,yes,yes
/usr/sbin/grub-probe,yes,yes,partial,yes,yes
/usr/sbin/iconvconfig,yes,yes,no,yes,yes
/usr/sbin/grub-mkdevicemap,yes,yes,partial,yes,yes
/usr/sbin/chmem,yes,yes,partial,yes,yes
/usr/sbin/e4defrag,yes,yes,partial,yes,yes
/usr/sbin/rtcwake,yes,yes,partial,yes,yes
/usr/sbin/grpconv,yes,yes,partial,yes,yes
/usr/sbin/groupdel,yes,yes,partial,yes,yes
/usr/sbin/sshd,yes,yes,partial,yes,yes
/usr/sbin/init.lxc,yes,yes,partial,yes,yes
/usr/sbin/setvesablank,yes,yes,yes,yes,yes
/usr/sbin/thermald,yes,yes,partial,yes,yes
/usr/sbin/newusers,yes,yes,partial,yes,yes
/usr/sbin/ownership,yes,yes,partial,yes,yes
/usr/sbin/xfs_growfs,yes,yes,partial,yes,yes
/usr/bin/x86_64-linux-gnu-strip,yes,yes,partial,yes,yes
/usr/bin/systemd-resolve,yes,yes,partial,yes,yes
/usr/bin/uptime,yes,yes,yes,yes,yes
/usr/bin/od,yes,yes,partial,yes,yes
/usr/bin/paste,yes,yes,partial,yes,yes
/usr/bin/vmware-vgauth-cmd,yes,yes,unknown,yes,yes
/usr/bin/ssh-keyscan,yes,yes,partial,yes,yes
/usr/bin/troff,yes,yes,partial,yes,yes
/usr/bin/xargs,yes,yes,partial,yes,yes
/usr/bin/symcryptrun,yes,yes,partial,yes,yes
/usr/bin/x86_64-linux-gnu-size,yes,yes,partial,yes,yes
/usr/bin/xdelta3,yes,yes,partial,yes,yes
/usr/bin/flock,yes,yes,partial,yes,yes
/usr/bin/tee,yes,yes,partial,yes,yes
/usr/bin/truncate,yes,yes,partial,yes,yes
/usr/bin/lscpu,yes,yes,partial,yes,yes
/usr/bin/b2sum,yes,yes,partial,yes,yes
/usr/bin/dpkg-query,yes,yes,partial,yes,yes
/usr/bin/patch,yes,yes,partial,yes,yes
/usr/bin/systemd-analyze,yes,yes,partial,yes,yes
/usr/bin/gpgsm,yes,yes,partial,yes,yes
/usr/bin/tput,yes,yes,partial,yes,yes
/usr/bin/ptx,yes,yes,partial,yes,yes
/usr/bin/vmware-checkvm,yes,yes,yes,yes,yes
/usr/bin/tmux,yes,yes,partial,yes,yes
/usr/bin/chattr,yes,yes,yes,yes,yes
/usr/bin/comm,yes,yes,partial,yes,yes
/usr/bin/prlimit,yes,yes,partial,yes,yes
/usr/bin/timeout,yes,yes,partial,yes,yes
/usr/bin/x86_64-linux-gnu-readelf,yes,yes,partial,yes,yes
/usr/bin/colcrt,yes,no,partial,yes,yes
/usr/bin/skill,yes,yes,partial,yes,yes
/usr/bin/fold,yes,yes,partial,yes,yes
/usr/bin/systemd-detect-virt,yes,no,yes,yes,yes
/usr/bin/w.procps,yes,yes,partial,yes,yes
/usr/bin/systemd-cgtop,yes,yes,partial,yes,yes
/usr/bin/last,yes,yes,partial,yes,yes
/usr/bin/grub-syslinux2cfg,yes,yes,partial,yes,yes
/usr/bin/info,yes,yes,partial,yes,yes
/usr/bin/gpg,yes,yes,partial,yes,yes
/usr/bin/ul,yes,yes,no,yes,yes
/usr/bin/lsof,yes,yes,partial,yes,yes
/usr/bin/users,yes,yes,partial,yes,yes
/usr/bin/xauth,yes,yes,partial,yes,yes
/usr/bin/nl,yes,yes,partial,yes,yes
/usr/bin/sftp,yes,yes,partial,yes,yes
/usr/bin/perl5.26-x86_64-linux-gnu,yes,no,unknown,yes,yes
/usr/bin/unexpand,yes,yes,partial,yes,yes
/usr/bin/install,yes,yes,partial,yes,yes
/usr/bin/wget,yes,yes,partial,yes,yes
/usr/bin/getkeycodes,yes,yes,yes,yes,yes
/usr/bin/tr,yes,yes,partial,yes,yes
/usr/bin/dirmngr-client,yes,yes,partial,yes,yes
/usr/bin/lxc,no,yes,no,yes,no
/usr/bin/tsort,yes,yes,partial,yes,yes
/usr/bin/x86_64-linux-gnu-objcopy,yes,yes,partial,yes,yes
/usr/bin/nice,yes,yes,partial,yes,yes
/usr/bin/grub-script-check,yes,yes,partial,yes,yes
/usr/bin/dircolors,yes,yes,partial,yes,yes
/usr/bin/pmap,yes,yes,partial,yes,yes
/usr/bin/scp,yes,yes,partial,yes,yes
/usr/bin/netkit-ftp,yes,yes,partial,yes,yes
/usr/bin/grub-mkrescue,yes,yes,partial,yes,yes
/usr/bin/mtr-packet,yes,yes,partial,yes,yes
/usr/bin/chsh,yes,yes,partial,yes,yes
/usr/bin/systemd-cat,yes,no,yes,yes,yes
/usr/bin/gpgconf,yes,yes,partial,yes,yes
/usr/bin/tabs,yes,no,partial,yes,yes
/usr/bin/time,yes,yes,yes,yes,yes
/usr/bin/grub-mklayout,yes,yes,partial,yes,yes
/usr/bin/look,yes,yes,unknown,yes,yes
/usr/bin/systemd-delta,yes,yes,partial,yes,yes
/usr/bin/perl,yes,yes,partial,yes,yes
/usr/bin/expr,yes,yes,partial,yes,yes
/usr/bin/pkaction,yes,yes,unknown,yes,yes
/usr/bin/htop,yes,yes,partial,yes,yes
/usr/bin/grub-mount,yes,yes,partial,yes,yes
/usr/bin/setlogcons,yes,yes,yes,yes,yes
/usr/bin/mandb,yes,yes,partial,yes,yes
/usr/bin/python3.6,no,yes,partial,yes,no
/usr/bin/ipcs,yes,yes,partial,yes,yes
/usr/bin/apt-sortpkgs,yes,yes,no,yes,yes
/usr/bin/x86_64-linux-gnu-as,yes,yes,partial,yes,yes
/usr/bin/ngettext,yes,yes,partial,yes,yes
/usr/bin/gettext,yes,yes,partial,yes,yes
/usr/bin/x86_64-linux-gnu-ld.bfd,yes,yes,partial,yes,yes
/usr/bin/renice,yes,yes,yes,yes,yes
/usr/bin/vmware-guestproxycerttool,yes,yes,yes,yes,yes
/usr/bin/tail,yes,yes,partial,yes,yes
/usr/bin/gpg-connect-agent,yes,yes,partial,yes,yes
/usr/bin/vmware-vmblock-fuse,yes,yes,partial,yes,yes
/usr/bin/x86_64-linux-gnu-c++filt,yes,yes,partial,yes,yes
/usr/bin/script,yes,yes,partial,yes,yes
/usr/bin/snapfuse,yes,yes,partial,yes,yes
/usr/bin/cmp,yes,yes,partial,yes,yes
/usr/bin/readelf,yes,yes,partial,yes,yes
/usr/bin/grops,yes,yes,partial,yes,yes
/usr/bin/ntfsdecrypt,yes,yes,partial,yes,yes
/usr/bin/localectl,yes,yes,partial,yes,yes
/usr/bin/sdiff,yes,yes,partial,yes,yes
/usr/bin/aa-exec,yes,yes,partial,yes,yes
/usr/bin/sudoreplay,yes,yes,partial,yes,yes
/usr/bin/id,yes,yes,partial,yes,yes
/usr/bin/realpath,yes,yes,partial,yes,yes
/usr/bin/eqn,yes,yes,partial,yes,yes
/usr/bin/dpkg-deb,yes,yes,partial,yes,yes
/usr/bin/fmt,yes,yes,partial,yes,yes
/usr/bin/shuf,yes,yes,partial,yes,yes
/usr/bin/stat,yes,yes,partial,yes,yes
/usr/bin/printenv,yes,yes,partial,yes,yes
/usr/bin/apt-extracttemplates,yes,yes,partial,yes,yes
/usr/bin/sha256sum,yes,yes,partial,yes,yes
/usr/bin/x86_64-linux-gnu-ld.gold,yes,yes,partial,yes,yes
/usr/bin/ssh-add,yes,yes,partial,yes,yes
/usr/bin/printerbanner,yes,no,partial,yes,yes
/usr/bin/dbus-cleanup-sockets,yes,yes,partial,yes,yes
/usr/bin/psfxtable,yes,yes,partial,yes,yes
/usr/bin/crontab,yes,yes,partial,yes,yes
/usr/bin/tracepath,yes,yes,partial,yes,yes
/usr/bin/passwd,yes,yes,partial,yes,yes
/usr/bin/who,yes,yes,partial,yes,yes
/usr/bin/getconf,yes,no,no,yes,yes
/usr/bin/dirmngr,yes,yes,partial,yes,yes
/usr/bin/[,yes,yes,partial,yes,yes
/usr/bin/hostid,yes,yes,partial,yes,yes
/usr/bin/factor,yes,yes,partial,yes,yes
/usr/bin/addpart,yes,yes,partial,yes,yes
/usr/bin/clear,yes,no,yes,yes,yes
/usr/bin/calendar,yes,yes,partial,yes,yes
/usr/bin/curl,yes,yes,partial,yes,yes
/usr/bin/x86_64-linux-gnu-ranlib,yes,yes,partial,yes,yes
/usr/bin/install-info,yes,yes,partial,yes,yes
/usr/bin/at,yes,yes,partial,yes,yes
/usr/bin/showconsolefont,yes,yes,partial,yes,yes
/usr/bin/delv,yes,yes,partial,yes,yes
/usr/bin/systemd-run,yes,yes,partial,yes,yes
/usr/bin/xz,yes,yes,partial,yes,yes
/usr/bin/lspci,yes,yes,partial,yes,yes
/usr/bin/unsquashfs,yes,yes,partial,yes,yes
/usr/bin/locale,yes,yes,no,yes,yes
/usr/bin/mcookie,yes,yes,partial,yes,yes
/usr/bin/mksquashfs,yes,yes,partial,yes,yes
/usr/bin/newgidmap,yes,yes,partial,yes,yes
/usr/bin/eject,yes,yes,partial,yes,yes
/usr/bin/bsd-from,yes,yes,partial,yes,yes
/usr/bin/chfn,yes,yes,partial,yes,yes
/usr/bin/col,yes,no,no,yes,yes
/usr/bin/find,yes,yes,partial,yes,yes
/usr/bin/gpg-wks-server,yes,yes,partial,yes,yes
/usr/bin/updatedb.mlocate,yes,yes,partial,yes,yes
/usr/bin/usbhid-dump,yes,yes,yes,yes,yes
/usr/bin/rename.ul,yes,yes,partial,yes,yes
/usr/bin/python3.6m,no,yes,partial,yes,no
/usr/bin/aa-enabled,yes,yes,partial,yes,yes
/usr/bin/lsmem,yes,yes,partial,yes,yes
/usr/bin/x86_64-linux-gnu-elfedit,yes,yes,partial,yes,yes
/usr/bin/x86_64-linux-gnu-strings,yes,yes,partial,yes,yes
/usr/bin/dbus-uuidgen,yes,no,yes,yes,yes
/usr/bin/split,yes,yes,partial,yes,yes
/usr/bin/x86_64-linux-gnu-gprof,yes,yes,partial,yes,yes
/usr/bin/lastlog,yes,yes,partial,yes,yes
/usr/bin/lslocks,yes,yes,partial,yes,yes
/usr/bin/ischroot,yes,yes,no,yes,yes
/usr/bin/faillog,yes,yes,partial,yes,yes
/usr/bin/lshw,yes,yes,partial,yes,yes
/usr/bin/test,yes,yes,partial,yes,yes
/usr/bin/vmware-hgfsclient,yes,yes,unknown,yes,yes
/usr/bin/setarch,yes,yes,yes,yes,yes
/usr/bin/git-shell,yes,yes,partial,yes,yes
/usr/bin/dirname,yes,yes,partial,yes,yes
/usr/bin/openssl,yes,yes,partial,yes,yes
/usr/bin/tty,yes,yes,partial,yes,yes
/usr/bin/cksum,yes,yes,partial,yes,yes
/usr/bin/base32,yes,yes,partial,yes,yes
/usr/bin/gawk,yes,yes,partial,yes,yes
/usr/bin/whoami,yes,yes,partial,yes,yes
/usr/bin/newuidmap,yes,yes,partial,yes,yes
/usr/bin/ssh,yes,yes,partial,yes,yes
/usr/bin/timedatectl,yes,yes,partial,yes,yes
/usr/bin/grub-editenv,yes,yes,partial,yes,yes
/usr/bin/seq,yes,yes,partial,yes,yes
/usr/bin/hostnamectl,yes,yes,yes,yes,yes
/usr/bin/update-alternatives,yes,yes,partial,yes,yes
/usr/bin/uniq,yes,yes,partial,yes,yes
/usr/bin/tload,yes,yes,partial,yes,yes
/usr/bin/lslogins,yes,yes,partial,yes,yes
/usr/bin/envsubst,yes,yes,partial,yes,yes
/usr/bin/deallocvt,yes,yes,yes,yes,yes
/usr/bin/lexgrog,yes,yes,partial,yes,yes
/usr/bin/dbus-update-activation-environment,yes,yes,yes,yes,yes
/usr/bin/mtr,yes,yes,partial,yes,yes
/usr/bin/xxd,yes,no,partial,yes,yes
/usr/bin/ssh-agent,yes,yes,partial,yes,yes
/usr/bin/numfmt,yes,yes,partial,yes,yes
/usr/bin/dbus-run-session,yes,yes,partial,yes,yes
/usr/bin/free,yes,yes,yes,yes,yes
/usr/bin/sha1sum,yes,yes,partial,yes,yes
/usr/bin/toe,yes,yes,partial,yes,yes
/usr/bin/screen,yes,yes,partial,yes,yes
/usr/bin/loadunimap,yes,yes,partial,yes,yes
/usr/bin/screendump,yes,yes,partial,yes,yes
/usr/bin/showkey,yes,yes,partial,yes,yes
/usr/bin/dbus-send,yes,yes,partial,yes,yes
/usr/bin/dbus-monitor,yes,yes,partial,yes,yes
/usr/bin/getent,yes,yes,no,yes,yes
/usr/bin/lsns,yes,yes,partial,yes,yes
/usr/bin/resizecons,yes,yes,partial,yes,yes
/usr/bin/vmware-namespace-cmd,yes,yes,yes,yes,yes
/usr/bin/mkfifo,yes,yes,partial,yes,yes
/usr/bin/pstree,yes,yes,partial,yes,yes
/usr/bin/wc,yes,yes,partial,yes,yes
/usr/bin/killall,yes,yes,partial,yes,yes
/usr/bin/logname,yes,yes,partial,yes,yes
/usr/bin/grotty,yes,yes,partial,yes,yes
/usr/bin/rsync,yes,yes,partial,yes,yes
/usr/bin/git-upload-pack,yes,yes,partial,yes,yes
/usr/bin/uuidgen,yes,yes,yes,yes,yes
/usr/bin/splitfont,yes,yes,yes,yes,yes
/usr/bin/dpkg,yes,yes,partial,yes,yes
/usr/bin/gpg-agent,yes,yes,partial,yes,yes
/usr/bin/pinky,yes,yes,partial,yes,yes
/usr/bin/bootctl,yes,yes,partial,yes,yes
/usr/bin/snap,yes,yes,yes,yes,yes
/usr/bin/tset,yes,yes,partial,yes,yes
/usr/bin/iconv,yes,yes,no,yes,yes
/usr/bin/apt-get,yes,yes,no,yes,yes
/usr/bin/sum,yes,yes,partial,yes,yes
/usr/bin/diff,yes,yes,partial,yes,yes
/usr/bin/mlocate,yes,yes,partial,yes,yes
/usr/bin/git,yes,yes,partial,yes,yes
/usr/bin/pwdx,yes,yes,partial,yes,yes
/usr/bin/expand,yes,yes,partial,yes,yes
/usr/bin/head,yes,yes,partial,yes,yes
/usr/bin/man,yes,yes,partial,yes,yes
/usr/bin/diff3,yes,yes,partial,yes,yes
/usr/bin/slabtop,yes,yes,partial,yes,yes
/usr/bin/vmstat,yes,yes,yes,yes,yes
/usr/bin/chcon,yes,yes,partial,yes,yes
/usr/bin/watchgnupg,yes,yes,partial,yes,yes
/usr/bin/setkeycodes,yes,yes,yes,yes,yes
/usr/bin/systemd-stdio-bridge,yes,yes,partial,yes,yes
/usr/bin/lzmainfo,yes,yes,partial,yes,yes
/usr/bin/vmhgfs-fuse,yes,yes,partial,yes,yes
/usr/bin/ltrace,yes,yes,partial,yes,yes
/usr/bin/nsupdate,yes,yes,partial,yes,yes
/usr/bin/whatis,yes,yes,partial,yes,yes
/usr/bin/acpi_listen,yes,yes,partial,yes,yes
/usr/bin/systemd-cgls,yes,yes,yes,yes,yes
/usr/bin/scriptreplay,yes,yes,partial,yes,yes
/usr/bin/nsenter,yes,yes,partial,yes,yes
/usr/bin/sha384sum,yes,yes,partial,yes,yes
/usr/bin/soelim,yes,yes,partial,yes,yes
/usr/bin/setsid,yes,yes,yes,yes,yes
/usr/bin/make,yes,yes,partial,yes,yes
/usr/bin/runcon,yes,yes,partial,yes,yes
/usr/bin/setleds,yes,yes,yes,yes,yes
/usr/bin/nproc,yes,yes,partial,yes,yes
/usr/bin/utmpdump,yes,yes,partial,yes,yes
/usr/bin/host,yes,yes,partial,yes,yes
/usr/bin/ipcmk,yes,yes,partial,yes,yes
/usr/bin/perl5.26.1,yes,yes,partial,yes,yes
/usr/bin/sha512sum,yes,yes,partial,yes,yes
/usr/bin/resizepart,yes,yes,partial,yes,yes
/usr/bin/pr,yes,yes,partial,yes,yes
/usr/bin/arch,yes,yes,partial,yes,yes
/usr/bin/dpkg-statoverride,yes,yes,partial,yes,yes
/usr/bin/pkttyagent,yes,yes,unknown,yes,yes
/usr/bin/top,yes,yes,partial,yes,yes
/usr/bin/watch,yes,yes,partial,yes,yes
/usr/bin/groff,yes,yes,partial,yes,yes
/usr/bin/stdbuf,yes,yes,partial,yes,yes
/usr/bin/telnet.netkit,yes,yes,partial,yes,yes
/usr/bin/gpasswd,yes,yes,partial,yes,yes
/usr/bin/nstat,yes,yes,partial,yes,yes
/usr/bin/vmware-xferlogs,yes,yes,partial,yes,yes
/usr/bin/localedef,yes,yes,no,yes,yes
/usr/bin/bsd-write,yes,yes,partial,yes,yes
/usr/bin/join,yes,yes,partial,yes,yes
/usr/bin/chrt,yes,yes,partial,yes,yes
/usr/bin/pic,yes,yes,partial,yes,yes
/usr/bin/printf,yes,yes,partial,yes,yes
/usr/bin/grub-fstest,yes,yes,partial,yes,yes
/usr/bin/grub-mkfont,yes,yes,partial,yes,yes
/usr/bin/xdg-user-dirs-update,yes,yes,partial,yes,yes
/usr/bin/ipcrm,yes,yes,partial,yes,yes
/usr/bin/lxcfs,yes,yes,yes,yes,yes
/usr/bin/nohup,yes,yes,partial,yes,yes
/usr/bin/busctl,yes,yes,partial,yes,yes
/usr/bin/gpgparsemail,yes,yes,partial,yes,yes
/usr/bin/strace,yes,yes,partial,yes,yes
/usr/bin/wall,yes,yes,partial,yes,yes
/usr/bin/namei,yes,yes,partial,yes,yes
/usr/bin/sha224sum,yes,yes,partial,yes,yes
/usr/bin/tic,yes,yes,partial,yes,yes
/usr/bin/taskset,yes,yes,partial,yes,yes
/usr/bin/sort,yes,yes,partial,yes,yes
/usr/bin/ionice,yes,yes,partial,yes,yes
/usr/bin/grub-mkimage,yes,yes,partial,yes,yes
/usr/bin/pldd,yes,yes,no,yes,yes
/usr/bin/mapscrn,yes,yes,partial,yes,yes
/usr/bin/pslog,yes,yes,partial,yes,yes
/usr/bin/vmware-rpctool,yes,yes,partial,yes,yes
/usr/bin/whereis,yes,yes,partial,yes,yes
/usr/bin/grub-file,yes,yes,partial,yes,yes
/usr/bin/delpart,yes,yes,partial,yes,yes
/usr/bin/grub-glue-efi,yes,yes,partial,yes,yes
/usr/bin/csplit,yes,yes,partial,yes,yes
/usr/bin/pcimodules,yes,yes,partial,yes,yes
/usr/bin/bc,yes,yes,partial,yes,yes
/usr/bin/pkcheck,yes,yes,unknown,yes,yes
/usr/bin/base64,yes,yes,partial,yes,yes
/usr/bin/ssh-keygen,yes,yes,partial,yes,yes
/usr/bin/partx,yes,yes,partial,yes,yes
/usr/bin/x86_64-linux-gnu-nm,yes,yes,partial,yes,yes
/usr/bin/apt-cache,yes,yes,partial,yes,yes
/usr/bin/cut,yes,yes,partial,yes,yes
/usr/bin/du,yes,yes,partial,yes,yes
/usr/bin/apt,yes,yes,unknown,yes,yes
/usr/bin/apt-ftparchive,yes,yes,partial,yes,yes
/usr/bin/x86_64-linux-gnu-dwp,yes,yes,partial,yes,yes
/usr/bin/grub-mkpasswd-pbkdf2,yes,yes,partial,yes,yes
/usr/bin/gpgsplit,yes,yes,partial,yes,yes
/usr/bin/pathchk,yes,yes,partial,yes,yes
/usr/bin/x86_64-linux-gnu-objdump,yes,yes,partial,yes,yes
/usr/bin/uuidparse,yes,yes,partial,yes,yes
/usr/bin/lsipc,yes,yes,partial,yes,yes
/usr/bin/md5sum,yes,yes,partial,yes,yes
/usr/bin/snapctl,yes,yes,yes,yes,yes
/usr/bin/kbdinfo,yes,yes,yes,yes,yes
/usr/bin/clear_console,yes,yes,yes,yes,yes
/usr/bin/traceroute6.iputils,yes,yes,yes,yes,yes
/usr/bin/gpgv,yes,yes,partial,yes,yes
/usr/bin/unlink,yes,yes,partial,yes,yes
/usr/bin/fallocate,yes,yes,partial,yes,yes
/usr/bin/dig,yes,yes,partial,yes,yes
/usr/bin/zdump,yes,yes,no,yes,yes
/usr/bin/prtstat,yes,yes,partial,yes,yes
/usr/bin/pgrep,yes,yes,partial,yes,yes
/usr/bin/tbl,yes,yes,partial,yes,yes
/usr/bin/hexdump,yes,yes,partial,yes,yes
/usr/bin/VGAuthService,yes,yes,partial,yes,yes
/usr/bin/dpkg-divert,yes,yes,partial,yes,yes
/usr/bin/pinentry-curses,yes,yes,partial,yes,yes
/usr/bin/sudo,yes,yes,partial,yes,yes
/usr/bin/column,yes,no,partial,yes,yes
/usr/bin/grub-menulst2cfg,yes,yes,partial,yes,yes
/usr/bin/yes,yes,yes,partial,yes,yes
/usr/bin/grub-render-label,yes,yes,partial,yes,yes
/usr/bin/unshare,yes,yes,partial,yes,yes
/usr/bin/dbus-daemon,yes,yes,partial,yes,yes
/usr/bin/rdma,yes,yes,yes,yes,yes
/usr/bin/tac,yes,yes,partial,yes,yes
/usr/bin/mesg,yes,yes,yes,yes,yes
/usr/bin/ncal,yes,yes,partial,yes,yes
/usr/bin/file,yes,yes,yes,yes,yes
/usr/bin/kbxutil,yes,yes,partial,yes,yes
/usr/bin/setterm,yes,yes,partial,yes,yes
/usr/bin/basename,yes,yes,partial,yes,yes
/usr/bin/setpci,yes,yes,partial,yes,yes
/usr/bin/systemd-path,yes,yes,yes,yes,yes
/usr/bin/rev,yes,no,partial,yes,yes
/usr/bin/getopt,yes,yes,partial,yes,yes
/usr/bin/setmetamode,yes,yes,yes,yes,yes
/usr/bin/mdig,yes,yes,partial,yes,yes
/usr/bin/x86_64-linux-gnu-ar,yes,yes,partial,yes,yes
/usr/bin/newgrp,yes,yes,partial,yes,yes
/usr/bin/volname,yes,yes,partial,yes,yes
/usr/bin/x86_64-linux-gnu-addr2line,yes,yes,partial,yes,yes
/usr/bin/colrm,yes,no,unknown,yes,yes
/usr/bin/lsusb,yes,yes,partial,yes,yes
/usr/bin/systemd-socket-activate,yes,yes,yes,yes,yes
/usr/bin/shred,yes,yes,partial,yes,yes
/usr/bin/grub-mknetdir,yes,yes,partial,yes,yes
/usr/bin/grub-mkrelpath,yes,yes,partial,yes,yes
/usr/bin/env,yes,yes,partial,yes,yes
/usr/bin/expiry,yes,yes,partial,yes,yes
/usr/bin/preconv,yes,yes,partial,yes,yes
/usr/bin/nslookup,yes,yes,partial,yes,yes
/usr/bin/update-mime-database,yes,yes,no,yes,yes
/usr/bin/grub-mkstandalone,yes,yes,partial,yes,yes
/usr/bin/peekfd,yes,yes,yes,yes,yes
/usr/bin/systemd-mount,yes,yes,yes,yes,yes
/usr/bin/dpkg-split,yes,yes,partial,yes,yes
/usr/bin/groups,yes,yes,partial,yes,yes
/usr/bin/lsattr,yes,yes,yes,yes,yes
/usr/bin/codepage,yes,yes,partial,yes,yes
/usr/bin/lnstat,yes,yes,partial,yes,yes
/usr/bin/mawk,yes,yes,partial,yes,yes
/usr/bin/infocmp,yes,yes,partial,yes,yes
/usr/bin/manpath,yes,yes,no,yes,yes
/usr/bin/apt-config,yes,yes,no,yes,yes
/usr/bin/dpkg-trigger,yes,yes,partial,yes,yes
/usr/bin/apt-mark,yes,yes,unknown,yes,yes
/usr/bin/vim.basic,yes,yes,partial,yes,yes
/usr/bin/vim.tiny,yes,yes,partial,yes,yes
/usr/bin/vmware-toolbox-cmd,yes,yes,unknown,yes,yes
/usr/bin/pkexec,yes,yes,yes,yes,yes
/usr/bin/vmware-vgauth-smoketest,yes,yes,yes,yes,yes
/usr/bin/vmtoolsd,yes,yes,no,yes,yes
/usr/bin/elfedit,yes,yes,partial,yes,yes
/usr/bin/link,yes,yes,partial,yes,yes
/usr/bin/logger,yes,yes,partial,yes,yes
/usr/bin/apt-cdrom,yes,yes,no,yes,yes
/usr/bin/catman,yes,yes,partial,yes,yes
/usr/bin/chage,yes,yes,partial,yes,yes
/sbin/switch_root,yes,yes,yes,yes,yes
/sbin/pam_tally2,yes,yes,partial,yes,yes
/sbin/runuser,yes,yes,partial,yes,yes
/sbin/ipmaddr,yes,yes,partial,yes,yes
/sbin/resize2fs,yes,yes,partial,yes,yes
/sbin/ureadahead,yes,yes,partial,yes,yes
/sbin/sfdisk,yes,yes,partial,yes,yes
/sbin/e2image,yes,yes,partial,yes,yes
/sbin/iscsid,yes,yes,partial,yes,yes
/sbin/dmsetup,yes,yes,no,yes,yes
/sbin/mount.fuse,yes,yes,partial,yes,yes
/sbin/mkfs,yes,yes,yes,yes,yes
/sbin/cfdisk,yes,yes,partial,yes,yes
/sbin/ntfsclone,yes,yes,partial,yes,yes
/sbin/lvmpolld,yes,yes,no,yes,yes
/sbin/findfs,yes,no,yes,yes,yes
/sbin/debugfs,yes,yes,partial,yes,yes
/sbin/mdadm,yes,yes,partial,yes,yes
/sbin/nameif,yes,yes,partial,yes,yes
/sbin/mke2fs,yes,yes,partial,yes,yes
/sbin/bridge,yes,yes,partial,yes,yes
/sbin/isosize,yes,yes,partial,yes,yes
/sbin/sulogin,yes,yes,partial,yes,yes
/sbin/cgdisk,yes,yes,partial,yes,yes
/sbin/apparmor_parser,yes,yes,partial,yes,yes
/sbin/mkfs.xfs,yes,yes,partial,yes,yes
/sbin/devlink,yes,yes,partial,yes,yes
/sbin/unix_chkpwd,yes,yes,partial,yes,yes
/sbin/plipconfig,yes,yes,partial,yes,yes
/sbin/partprobe,yes,no,yes,yes,yes
/sbin/iscsistart,yes,yes,partial,yes,yes
/sbin/tc,yes,yes,partial,yes,yes
/sbin/fatlabel,yes,yes,partial,yes,yes
/sbin/getpcaps,yes,yes,yes,yes,yes
/sbin/iw,yes,yes,partial,yes,yes
/sbin/logsave,yes,yes,partial,yes,yes
/sbin/rarp,yes,yes,partial,yes,yes
/sbin/sgdisk,yes,yes,partial,yes,yes
/sbin/losetup,yes,yes,partial,yes,yes
/sbin/integritysetup,yes,yes,partial,yes,yes
/sbin/fstrim,yes,yes,partial,yes,yes
/sbin/chcpu,yes,yes,partial,yes,yes
/sbin/tipc,yes,yes,yes,yes,yes
/sbin/mkntfs,yes,yes,partial,yes,yes
/sbin/dhclient,yes,yes,partial,yes,yes
/sbin/blockdev,yes,yes,partial,yes,yes
/sbin/ntfsresize,yes,yes,partial,yes,yes
/sbin/fixparts,yes,yes,no,yes,yes
/sbin/fstab-decode,yes,no,yes,yes,yes
/sbin/cryptsetup-reencrypt,yes,yes,partial,yes,yes
/sbin/lvm,yes,yes,no,yes,yes
/sbin/fsck.fat,yes,yes,partial,yes,yes
/sbin/dumpe2fs,yes,yes,partial,yes,yes
/sbin/route,yes,yes,partial,yes,yes
/sbin/rtacct,yes,yes,partial,yes,yes
/sbin/xtables-multi,yes,yes,partial,yes,yes
/sbin/ifconfig,yes,yes,partial,yes,yes
/sbin/sysctl,yes,yes,partial,yes,yes
/sbin/badblocks,yes,yes,partial,yes,yes
/sbin/pam_tally,yes,yes,partial,yes,yes
/sbin/e2undo,yes,yes,yes,yes,yes
/sbin/unix_update,yes,yes,partial,yes,yes
/sbin/e2fsck,yes,yes,partial,yes,yes
/sbin/fsck.minix,yes,yes,partial,yes,yes
/sbin/swapoff,yes,yes,yes,yes,yes
/sbin/kbdrate,yes,yes,partial,yes,yes
/sbin/setvtrgb,yes,yes,yes,yes,yes
/sbin/start-stop-daemon,yes,yes,partial,yes,yes
/sbin/mii-tool,yes,yes,partial,yes,yes
/sbin/mount.vmhgfs,yes,yes,partial,yes,yes
/sbin/fdisk,yes,yes,partial,yes,yes
/sbin/hdparm,yes,yes,partial,yes,yes
/sbin/agetty,yes,yes,partial,yes,yes
/sbin/ethtool,yes,yes,partial,yes,yes
/sbin/dmeventd,yes,yes,no,yes,yes
/sbin/lvmetad,yes,yes,no,yes,yes
/sbin/ntfscp,yes,yes,partial,yes,yes
/sbin/plymouthd,yes,yes,partial,yes,yes
/sbin/mdmon,yes,yes,partial,yes,yes
/sbin/iscsiadm,yes,yes,partial,yes,yes
/sbin/ldconfig.real,no,no,unknown,yes,no
/sbin/swaplabel,yes,yes,partial,yes,yes
/sbin/mkfs.cramfs,yes,yes,partial,yes,yes
/sbin/setcap,yes,no,partial,yes,yes
/sbin/mkfs.bfs,yes,yes,partial,yes,yes
/sbin/ntfsundelete,yes,yes,partial,yes,yes
/sbin/getcap,yes,yes,yes,yes,yes
/sbin/pam_extrausers_chkpwd,yes,yes,partial,yes,yes
/sbin/cryptsetup,yes,yes,partial,yes,yes
/sbin/ebtables-restore,yes,yes,partial,yes,yes
/sbin/veritysetup,yes,yes,partial,yes,yes
/sbin/xfs_repair,yes,yes,partial,yes,yes
/sbin/tune2fs,yes,yes,partial,yes,yes
/sbin/ctrlaltdel,yes,yes,partial,yes,yes
/sbin/capsh,yes,no,partial,yes,yes
/sbin/killall5,yes,yes,partial,yes,yes
/sbin/mkhomedir_helper,yes,yes,partial,yes,yes
/sbin/fsck,yes,yes,partial,yes,yes
/sbin/ebtables,yes,yes,unknown,yes,yes
/sbin/rtmon,yes,yes,partial,yes,yes
/sbin/wipefs,yes,yes,partial,yes,yes
/sbin/regdbdump,yes,no,yes,yes,yes
/sbin/raw,yes,yes,yes,yes,yes
/sbin/fsfreeze,yes,yes,yes,yes,yes
/sbin/swapon,yes,yes,partial,yes,yes
/sbin/fsck.cramfs,yes,yes,partial,yes,yes
/sbin/blkid,yes,yes,partial,yes,yes
/sbin/parted,yes,yes,partial,yes,yes
/sbin/pivot_root,yes,no,yes,yes,yes
/sbin/zramctl,yes,yes,partial,yes,yes
/sbin/ntfslabel,yes,yes,partial,yes,yes
/sbin/blkdiscard,yes,yes,partial,yes,yes
/sbin/crda,yes,yes,yes,yes,yes
/sbin/pam_extrausers_update,yes,yes,partial,yes,yes
/sbin/iscsi-iname,yes,yes,partial,yes,yes
/sbin/mkfs.minix,yes,yes,partial,yes,yes
/sbin/gdisk,yes,yes,partial,yes,yes
/sbin/iptunnel,yes,yes,partial,yes,yes
/sbin/slattach,yes,yes,partial,yes,yes
/sbin/mkswap,yes,yes,partial,yes,yes
/sbin/hwclock,yes,yes,partial,yes,yes
/sbin/mkfs.fat,yes,yes,partial,yes,yes
/bin/nc.openbsd,yes,yes,partial,yes,yes
/bin/btrfs-map-logical,yes,yes,partial,yes,yes
/bin/pwd,yes,yes,partial,yes,yes
/bin/ntfstruncate,yes,yes,partial,yes,yes
/bin/ntfsusermap,yes,yes,partial,yes,yes
/bin/mt-gnu,yes,yes,partial,yes,yes
/bin/chown,yes,yes,partial,yes,yes
/bin/kmod,yes,yes,partial,yes,yes
/bin/journalctl,yes,yes,partial,yes,yes
/bin/getfacl,yes,yes,partial,yes,yes
/bin/ip,yes,yes,partial,yes,yes
/bin/df,yes,yes,partial,yes,yes
/bin/lesskey,yes,yes,partial,yes,yes
/bin/ntfsfallocate,yes,yes,partial,yes,yes
/bin/busybox,no,no,unknown,yes,no
/bin/mktemp,yes,yes,partial,yes,yes
/bin/btrfs-select-super,yes,yes,partial,yes,yes
/bin/systemd-sysusers,yes,yes,partial,yes,yes
/bin/ntfsls,yes,yes,partial,yes,yes
/bin/ntfswipe,yes,yes,partial,yes,yes
/bin/ps,yes,yes,partial,yes,yes
/bin/ntfscmp,yes,yes,partial,yes,yes
/bin/mkdir,yes,yes,partial,yes,yes
/bin/bunzip2,yes,yes,partial,yes,yes
/bin/false,yes,yes,partial,yes,yes
/bin/dd,yes,yes,partial,yes,yes
/bin/systemd-tmpfiles,yes,yes,partial,yes,yes
/bin/lessecho,yes,yes,yes,yes,yes
/bin/systemd-escape,yes,yes,yes,yes,yes
/bin/systemd-inhibit,yes,yes,yes,yes,yes
/bin/systemctl,yes,yes,partial,yes,yes
/bin/ntfscluster,yes,yes,partial,yes,yes
/bin/bash,yes,yes,partial,yes,yes
/bin/systemd-hwdb,yes,yes,partial,yes,yes
/bin/date,yes,yes,partial,yes,yes
/bin/btrfs-image,yes,yes,partial,yes,yes
/bin/mknod,yes,yes,partial,yes,yes
/bin/setfacl,yes,yes,partial,yes,yes
/bin/sync,yes,yes,partial,yes,yes
/bin/btrfs-debug-tree,yes,yes,partial,yes,yes
/bin/networkctl,yes,yes,partial,yes,yes
/bin/dmesg,yes,yes,partial,yes,yes
/bin/touch,yes,yes,partial,yes,yes
/bin/btrfs-zero-log,yes,yes,partial,yes,yes
/bin/systemd-machine-id-setup,yes,yes,partial,yes,yes
/bin/dumpkeys,yes,yes,partial,yes,yes
/bin/kill,yes,yes,partial,yes,yes
/bin/uname,yes,yes,partial,yes,yes
/bin/mkfs.btrfs,yes,yes,partial,yes,yes
/bin/chvt,yes,yes,yes,yes,yes
/bin/wdctl,yes,yes,partial,yes,yes
/bin/btrfs-find-root,yes,yes,partial,yes,yes
/bin/tempfile,yes,yes,partial,yes,yes
/bin/bzip2,yes,yes,partial,yes,yes
/bin/more,yes,yes,partial,yes,yes
/bin/ntfsrecover,yes,yes,partial,yes,yes
/bin/lsblk,yes,yes,partial,yes,yes
/bin/ping,yes,yes,partial,yes,yes
/bin/true,yes,yes,partial,yes,yes
/bin/rm,yes,yes,partial,yes,yes
/bin/btrfstune,yes,yes,partial,yes,yes
/bin/chmod,yes,yes,partial,yes,yes
/bin/ln,yes,yes,partial,yes,yes
/bin/openvt,yes,yes,partial,yes,yes
/bin/fusermount,yes,yes,partial,yes,yes
/bin/dash,yes,yes,partial,yes,yes
/bin/ulockmgr_server,yes,yes,partial,yes,yes
/bin/ntfs-3g,yes,yes,partial,yes,yes
/bin/chacl,yes,yes,yes,yes,yes
/bin/grep,yes,yes,partial,yes,yes
/bin/mount,yes,yes,partial,yes,yes
/bin/ed,yes,yes,partial,yes,yes
/bin/nano,yes,yes,partial,yes,yes
/bin/cat,yes,yes,partial,yes,yes
/bin/ntfs-3g.probe,yes,no,no,yes,yes
/bin/lowntfs-3g,yes,yes,partial,yes,yes
/bin/bzcat,yes,yes,partial,yes,yes
/bin/hostname,yes,yes,partial,yes,yes
/bin/ntfsinfo,yes,yes,partial,yes,yes
/bin/loginctl,yes,yes,yes,yes,yes
/bin/setfont,yes,yes,partial,yes,yes
/bin/umount,yes,yes,partial,yes,yes
/bin/systemd-ask-password,yes,yes,yes,yes,yes
/bin/cpio,yes,yes,partial,yes,yes
/bin/whiptail,yes,yes,partial,yes,yes
/bin/stty,yes,yes,partial,yes,yes
/bin/sed,yes,yes,partial,yes,yes
/bin/ls,yes,yes,partial,yes,yes
/bin/less,yes,yes,partial,yes,yes
/bin/su,yes,yes,partial,yes,yes
/bin/vdir,yes,yes,partial,yes,yes
/bin/ntfscat,yes,yes,partial,yes,yes
/bin/systemd-tty-ask-password-agent,yes,yes,partial,yes,yes
/bin/netstat,yes,yes,partial,yes,yes
/bin/echo,yes,yes,partial,yes,yes
/bin/systemd-notify,yes,yes,yes,yes,yes
/bin/ntfsfix,yes,yes,partial,yes,yes
/bin/ntfssecaudit,yes,yes,partial,yes,yes
/bin/bzip2recover,yes,no,yes,yes,yes
/bin/mountpoint,yes,yes,yes,yes,yes
/bin/ss,yes,yes,partial,yes,yes
/bin/ntfsmove,yes,yes,partial,yes,yes
/bin/mv,yes,yes,partial,yes,yes
/bin/readlink,yes,yes,partial,yes,yes
/bin/gzip,yes,yes,partial,yes,yes
/bin/btrfs,yes,yes,partial,yes,yes
/bin/plymouth,yes,yes,partial,yes,yes
/bin/sleep,yes,yes,partial,yes,yes
/bin/tar,yes,yes,partial,yes,yes
/bin/findmnt,yes,yes,partial,yes,yes
/bin/cp,yes,yes,partial,yes,yes
/bin/run-parts,yes,yes,partial,yes,yes
/bin/kbd_mode,yes,yes,yes,yes,yes
/bin/rmdir,yes,yes,partial,yes,yes
/bin/login,yes,yes,partial,yes,yes
/bin/chgrp,yes,yes,partial,yes,yes
/bin/fuser,yes,yes,partial,yes,yes
/bin/fgconsole,yes,yes,yes,yes,yes
/bin/loadkeys,yes,yes,partial,yes,yes
/bin/udevadm,yes,yes,partial,yes,yes
/bin/dir,yes,yes,partial,yes,yes
