/usr/bin/dig,0,1,1,0
/usr/bin/host,0,1,1,0
/usr/bin/nslookup,0,1,1,0
/usr/bin/nsupdate,0,1,1,0
/usr/sbin/rndc,0,1,1,0
/usr/sbin/genrandom,0,1,1,0
/usr/sbin/arpaname,0,1,1,0
/usr/sbin/ddns-confgen,0,1,1,0
/usr/sbin/dnssec-dsfromkey,0,1,1,0
/usr/sbin/dnssec-importkey,0,1,1,0
/usr/sbin/dnssec-keyfromlabel,0,1,1,0
/usr/sbin/dnssec-keygen,0,1,1,0
/usr/sbin/dnssec-revoke,0,1,1,0
/usr/sbin/dnssec-settime,0,1,1,0
/usr/sbin/dnssec-signzone,0,1,1,0
/usr/sbin/dnssec-verify,0,1,1,0
/usr/sbin/isc-hmac-fixup,0,1,1,0
/usr/sbin/named-checkconf,0,1,1,0
/usr/sbin/named-checkzone,0,1,1,0
/usr/sbin/named-journalprint,0,1,1,0
/usr/sbin/nsec3hash,0,1,1,0
/usr/sbin/rndc-confgen,0,1,1,0
/usr/sbin/lwresd,1,1,1,1
/usr/sbin/named,1,1,1,1
