/usr/bin/mysql_tzinfo_to_sql,0,1,1,0
/usr/bin/mysql_upgrade,0,1,1,0
/usr/bin/innochecksum,0,1,1,0
/usr/bin/my_print_defaults,0,1,1,0
/usr/bin/perror,0,1,1,0
/usr/bin/mysqltest,0,1,1,0
/usr/bin/replace,0,1,1,0
/usr/bin/resolve_stack_dump,0,1,1,0
/usr/bin/resolveip,0,1,1,0
/usr/bin/myisam_ftdump,0,1,1,0
/usr/bin/myisampack,0,1,1,0
/usr/bin/myisamlog,0,1,1,0
/usr/bin/mysql,0,1,1,0
/usr/bin/mysql_config_editor,0,1,1,0
/usr/bin/mysql_plugin,0,1,1,0
/usr/bin/mysql_waitpid,0,1,1,0
/usr/bin/mysqladmin,0,1,1,0
/usr/bin/mysqlbinlog,0,1,1,0
/usr/bin/mysqlcheck,0,1,1,0
/usr/bin/mysqldump,0,1,1,0
/usr/bin/mysqlimport,0,1,1,0
/usr/bin/mysqlshow,0,1,1,0
/usr/bin/mysqlslap,0,1,1,0
/usr/bin/netstat,1,1,1,1
/usr/bin/myisamchk,0,1,1,0
/usr/sbin/arp,1,1,1,1
/usr/sbin/ifconfig,1,1,1,1
/usr/sbin/ether-wake,1,1,1,1
/usr/sbin/ipmaddr,1,1,1,1
/usr/sbin/iptunnel,1,1,1,1
/usr/sbin/mii-diag,0,1,1,0
/usr/sbin/mii-tool,1,1,1,1
/usr/sbin/nameif,1,1,1,1
/usr/sbin/plipconfig,1,1,1,1
/usr/sbin/route,1,1,1,1
/usr/sbin/slattach,1,1,1,1
/usr/sbin/mysqld,0,1,1,0
/usr/sbin/mysqld-debug,0,1,1,0
