/usr/sbin/pam_timestamp_check,1,1,1,0
/usr/sbin/groupdel,1,1,1,1
/usr/sbin/exim_lock,1,1,1,1
/usr/sbin/vipw,1,1,1,1
/usr/sbin/rpcinfo,0,1,1,0
/usr/sbin/accessdb,1,0,1,1
/usr/sbin/rmt-tar,0,1,1,0
/usr/sbin/blkmapd,0,0,0,0
/usr/sbin/rpc.svcgssd,0,0,1,0
/usr/sbin/e4defrag,0,1,1,0
/usr/sbin/chpasswd,1,1,1,1
/usr/sbin/fdformat,0,1,1,0
/usr/sbin/apache2,1,1,1,1
/usr/sbin/nologin,1,0,1,1
/usr/sbin/gss_clnt_send_err,0,0,0,0
/usr/sbin/cron,0,1,1,0
/usr/sbin/grub-install,0,0,0,0
/usr/sbin/pwconv,1,1,1,1
/usr/sbin/grub-macbless,0,0,0,0
/usr/sbin/chgpasswd,1,1,1,1
/usr/sbin/nfnl_osf,0,1,1,0
/usr/sbin/tunelp,0,1,1,0
/usr/sbin/safe_finger,0,0,1,0
/usr/sbin/rpc.idmapd,0,0,0,0
/usr/sbin/tcpdmatch,0,1,1,0
/usr/sbin/exim_dumpdb,1,1,1,1
/usr/sbin/tcpdchk,0,1,1,0
/usr/sbin/rpc.gssd,0,0,1,0
/usr/sbin/iconvconfig,0,0,1,0
/usr/sbin/tcpd,0,1,1,0
/usr/sbin/arpd,0,0,0,0
/usr/sbin/e2freefrag,0,1,1,0
/usr/sbin/pwck,1,1,1,1
/usr/sbin/atd,1,1,1,1
/usr/sbin/grpunconv,1,1,1,1
/usr/sbin/irqbalance,0,1,1,0
/usr/sbin/biosdecode,1,0,1,1
/usr/sbin/mklost+found,0,0,1,0
/usr/sbin/rpcdebug,0,0,0,0
/usr/sbin/nfsstat,0,0,0,0
/usr/sbin/try-from,0,1,1,0
/usr/sbin/arp,0,1,1,0
/usr/sbin/chroot,0,1,1,0
/usr/sbin/usermod,1,1,1,1
/usr/sbin/groupadd,1,1,1,1
/usr/sbin/logrotate,0,1,1,0
/usr/sbin/rtcwake,0,1,1,0
/usr/sbin/ldattach,0,1,1,0
/usr/sbin/cppw,1,1,1,1
/usr/sbin/update-passwd,1,1,1,1
/usr/sbin/acpid,0,1,1,0
/usr/sbin/pwunconv,1,1,1,1
/usr/sbin/setvesablank,0,1,1,0
/usr/sbin/readprofile,0,1,1,0
/usr/sbin/httxt2dbm,1,1,1,1
/usr/sbin/exim_fixdb,1,1,1,1
/usr/sbin/useradd,1,1,1,1
/usr/sbin/newusers,1,1,1,1
/usr/sbin/exim_tidydb,1,1,1,1
/usr/sbin/vcstime,0,0,1,0
/usr/sbin/groupmod,1,1,1,1
/usr/sbin/grpconv,1,1,1,1
/usr/sbin/dmidecode,1,1,1,1
/usr/sbin/exim4,1,1,1,1
/usr/sbin/filefrag,0,1,1,0
/usr/sbin/rsyslogd,0,1,1,0
/usr/sbin/grpck,1,1,1,1
/usr/sbin/userdel,1,1,1,1
/usr/sbin/nfsidmap,0,0,0,0
/usr/sbin/exim_dbmbuild,1,1,1,1
/usr/sbin/grub-mkdevicemap,0,0,0,0
/usr/sbin/vpddecode,1,0,1,1
/usr/sbin/sshd,1,1,1,1
/usr/sbin/zic,0,0,1,0
/usr/sbin/ownership,1,0,1,1
/usr/sbin/nfacct,0,1,1,0
/usr/sbin/grub-probe,0,0,0,0
/usr/bin/checkgid,1,1,1,1
/usr/bin/htdbm,1,1,1,1
/usr/bin/rotatelogs,1,1,1,1
/usr/bin/htdigest,1,1,1,1
/usr/bin/ab,1,1,1,1
/usr/bin/htpasswd,1,1,1,1
/usr/bin/fcgistarter,1,1,1,1
/usr/bin/logresolve,1,1,1,1
/usr/bin/htcacheclean,1,1,1,1
/sbin/getpcaps,0,1,1,0
/sbin/blkdiscard,0,1,1,0
/sbin/tune2fs,0,1,1,0
/sbin/switch_root,0,1,1,0
/sbin/rpc.statd,0,0,0,0
/sbin/raw,0,1,1,0
/sbin/slattach,0,1,1,0
/sbin/kbdrate,0,1,1,0
/sbin/sm-notify,0,0,0,0
/sbin/swapon,0,1,1,0
/sbin/tc,0,0,0,0
/sbin/ifup,0,1,1,0
/sbin/discover,0,0,0,0
/sbin/mii-tool,0,1,1,0
/sbin/fsck.minix,0,1,1,0
/sbin/sulogin,0,1,1,0
/sbin/mke2fs,0,1,1,0
/sbin/dumpe2fs,0,1,1,0
/sbin/unix_update,1,1,1,0
/sbin/rpcbind,0,1,1,0
/sbin/dmsetup,1,1,1,1
/sbin/ldconfig.real,0,0,0,0
/sbin/setcap,0,0,1,0
/sbin/mkfs.bfs,0,1,1,0
/sbin/isosize,0,1,1,0
/sbin/badblocks,0,1,1,0
/sbin/sysctl,0,1,1,0
/sbin/resize2fs,0,1,1,0
/sbin/rarp,0,1,1,0
/sbin/rtmon,0,0,0,0
/sbin/route,0,1,1,0
/sbin/chcpu,0,1,1,0
/sbin/swapoff,0,1,1,0
/sbin/mkfs.cramfs,0,1,1,0
/sbin/findfs,0,0,1,0
/sbin/ifconfig,0,1,1,0
/sbin/e2undo,0,1,1,0
/sbin/agetty,0,1,1,0
/sbin/mkswap,0,1,1,0
/sbin/losetup,0,1,1,0
/sbin/start-stop-daemon,0,1,1,0
/sbin/killall5,0,1,1,0
/sbin/blkid,0,1,1,0
/sbin/e2fsck,0,1,1,0
/sbin/unix_chkpwd,1,1,1,0
/sbin/hwclock,0,1,1,0
/sbin/fsck,0,1,1,0
/sbin/rtacct,0,0,0,0
/sbin/cfdisk,0,1,1,0
/sbin/iptunnel,0,1,1,0
/sbin/mkfs,0,0,1,0
/sbin/swaplabel,0,1,1,0
/sbin/runuser,0,1,1,0
/sbin/fsck.cramfs,0,1,1,0
/sbin/fstab-decode,0,0,1,0
/sbin/capsh,0,0,1,0
/sbin/blockdev,0,1,1,0
/sbin/fsfreeze,0,1,1,0
/sbin/fdisk,0,1,1,0
/sbin/pivot_root,0,0,1,0
/sbin/debugfs,0,1,1,0
/sbin/ctrlaltdel,0,0,1,0
/sbin/ipmaddr,0,1,1,0
/sbin/pam_tally,0,1,1,0
/sbin/xtables-multi,0,1,1,0
/sbin/sfdisk,0,1,1,0
/sbin/wipefs,0,1,1,0
/sbin/fstrim,0,1,1,0
/sbin/logsave,0,1,1,0
/sbin/bridge,0,0,0,0
/sbin/mount.nfs,0,0,0,0
/sbin/mkhomedir_helper,0,1,1,0
/sbin/plipconfig,0,0,1,0
/sbin/pam_tally2,0,1,1,0
/sbin/showmount,0,0,0,0
/sbin/nameif,0,1,1,0
/sbin/insserv,0,1,1,0
/sbin/mkfs.minix,0,1,1,0
/sbin/dhclient,1,1,1,1
/sbin/e2image,0,1,1,0
/sbin/getcap,0,1,1,0
