/usr/sbin/mysqld,1,1,1,1
/usr/bin/resolveip,1,1,1,1
/usr/bin/mysql_upgrade,1,1,1,1
/usr/bin/resolve_stack_dump,1,1,1,1
/usr/bin/myisam_ftdump,1,1,1,1
/usr/bin/mysqladmin,1,1,1,1
/usr/bin/myisamlog,1,1,1,1
/usr/bin/replace,1,1,1,1
/usr/bin/innochecksum,1,1,1,1
/usr/bin/mysqldump,1,1,1,1
/usr/bin/mysqlcheck,1,1,1,1
/usr/bin/myisamchk,1,1,1,1
/usr/bin/mysqltest,1,1,1,1
/usr/bin/mysql_client_test,1,1,1,1
/usr/bin/mysqlslap,1,1,1,1
/usr/bin/myisampack,1,1,1,1
/usr/bin/mysqlshow,1,1,1,1
/usr/bin/mysql,1,1,1,1
/usr/bin/mysqlbinlog,1,1,1,1
/usr/bin/mysqlimport,1,1,1,1
/usr/bin/my_print_defaults,1,1,1,1
/usr/bin/mysql_tzinfo_to_sql,1,1,1,1
/usr/bin/mysql_plugin,1,1,1,1
/usr/bin/perror,1,1,1,1
/usr/bin/mysql_waitpid,1,1,1,1
