/usr/bin/Xorg,0,1,1,0
/usr/bin/sperl5.10.0,0,1,1,0
/usr/bin/htdbm2,1,1,1,0
/usr/bin/aulastlog,0,1,1,0
/usr/bin/htpasswd2,1,1,1,0
/usr/bin/get_printing_ticket,1,0,1,0
/usr/bin/htdigest2,1,1,1,0
/usr/bin/keygen,0,0,1,0
/usr/sbin/vigr,0,1,1,0
/usr/sbin/kdumptool,0,1,1,0
/usr/sbin/rpasswdd,1,1,1,0
/usr/sbin/automount,1,1,1,0
/usr/sbin/slpd,0,1,1,0
/usr/sbin/visudo,1,1,1,0
/usr/sbin/cupsd,1,1,1,0
/usr/sbin/filefrag,0,1,1,0
/usr/sbin/rpc.gssd,1,1,1,0
/usr/sbin/packagekitd,0,1,1,0
/usr/sbin/genl,0,1,1,0
/usr/sbin/iconvconfig,0,0,1,0
/usr/sbin/ifdproxy,0,1,1,0
/usr/sbin/biosdecode,0,0,1,0
/usr/sbin/xfs_io,0,1,1,0
/usr/sbin/tcpdmatch,0,1,1,0
/usr/sbin/xfs_estimate,0,1,1,0
/usr/sbin/lsmsr,0,1,1,1
/usr/sbin/iwevent,0,1,1,0
/usr/sbin/zypp-refresh-wrapper,0,0,1,0
/usr/sbin/rtcwake,0,1,1,0
/usr/sbin/smartd,1,1,1,0
/usr/sbin/klogconsole,0,0,1,0
/usr/sbin/repquota,1,1,1,0
/usr/sbin/ntpq,1,1,1,1
/usr/sbin/setquota,1,1,1,0
/usr/sbin/dbconverter,0,1,1,0
/usr/sbin/pam-config,0,1,1,0
/usr/sbin/lpadmin,1,1,1,0
/usr/sbin/testpcsc,0,1,1,0
/usr/sbin/ypset,0,1,1,0
/usr/sbin/s2both,0,1,1,0
/usr/sbin/vipw,0,1,1,0
/usr/sbin/sfcbd,0,1,1,0
/usr/sbin/xw,0,1,1,0
/usr/sbin/ntptime,1,0,1,1
/usr/sbin/zypp-refresh,0,1,1,0
/usr/sbin/arpaname,0,1,1,0
/usr/sbin/snapperd,0,1,1,0
/usr/sbin/vncp,0,1,1,0
/usr/sbin/groupdel,0,1,1,0
/usr/sbin/sshd,1,1,1,1
/usr/sbin/rpc.statd,1,1,1,0
/usr/sbin/sendmail,1,0,1,0
/usr/sbin/postsuper,1,0,1,0
/usr/sbin/quotastats,1,1,1,0
/usr/sbin/console-kit-daemon,0,1,1,0
/usr/sbin/pwunconv,0,1,1,0
/usr/sbin/xcmd,0,1,1,0
/usr/sbin/ownership,0,0,1,0
/usr/sbin/whereiam,0,1,1,0
/usr/sbin/ifdhandler,0,1,1,0
/usr/sbin/gss_clnt_send_err,1,1,1,0
/usr/sbin/qmqp-source,1,0,1,0
/usr/sbin/resume,0,1,1,0
/usr/sbin/efibootmgr,0,1,1,0
/usr/sbin/e2freefrag,0,1,1,0
/usr/sbin/utempter,1,1,1,0
/usr/sbin/accept,1,1,1,0
/usr/sbin/thin_dump,0,1,1,0
/usr/sbin/rndc,1,1,1,0
/usr/sbin/grpunconv,0,1,1,0
/usr/sbin/ntpdate,1,1,1,1
/usr/sbin/pppstats,0,1,1,0
/usr/sbin/freeramdisk,0,0,1,0
/usr/sbin/irqbalance,1,1,1,0
/usr/sbin/dmidecode,0,1,1,0
/usr/sbin/cracklib-packer,0,1,1,0
/usr/sbin/grpck,0,1,1,0
/usr/sbin/cupsfilter,1,1,1,0
/usr/sbin/ntp-keygen,1,1,1,1
/usr/sbin/swat,1,1,1,0
/usr/sbin/edquota,1,1,1,0
/usr/sbin/sysp,0,1,1,0
/usr/sbin/winbindd,1,1,1,0
/usr/sbin/chpasswd,0,1,1,0
/usr/sbin/postlock,1,0,1,0
/usr/sbin/swap-offset,0,1,1,0
/usr/sbin/xapi,0,1,1,0
/usr/sbin/fdformat,0,0,1,0
/usr/sbin/accessdb,0,1,1,0
/usr/sbin/xfs_quota,0,1,1,0
/usr/sbin/iptables-batch,0,1,1,0
/usr/sbin/hald,0,1,1,0
/usr/sbin/cifs.upcall,0,1,1,0
/usr/sbin/ck-log-system-stop,0,1,1,0
/usr/sbin/bonobo-activation-sysconf,0,0,1,0
/usr/sbin/vpddecode,0,0,1,0
/usr/sbin/pppdump,0,1,1,0
/usr/sbin/testsaslauthd,0,1,1,0
/usr/sbin/mklost+found,0,0,1,0
/usr/sbin/xqmstats,1,1,1,0
/usr/sbin/netscsid,0,1,1,0
/usr/sbin/pppoe-discovery,0,1,1,0
/usr/sbin/aer-inject,0,0,1,0
/usr/sbin/fping,0,1,1,0
/usr/sbin/tc,0,1,1,0
/usr/sbin/madt,0,0,1,0
/usr/sbin/thin_restore,0,1,1,0
/usr/sbin/fbmngplay,0,1,1,0
/usr/sbin/tcpdump,0,1,1,0
/usr/sbin/pwck,0,1,1,0
/usr/sbin/lwepgen,0,1,1,0
/usr/sbin/postkick,1,0,1,0
/usr/sbin/mkcomposecache,0,0,1,0
/usr/sbin/grpconv,0,0,1,0
/usr/sbin/tunelp,0,0,1,0
/usr/sbin/iwspy,0,1,1,0
/usr/sbin/pluginviewer,0,0,1,0
/usr/sbin/smtp-source,1,0,1,0
/usr/sbin/usermod,0,1,1,0
/usr/sbin/gdm,0,1,1,0
/usr/sbin/xfs_rtcp,0,1,1,0
/usr/sbin/s2ram,0,1,1,0
/usr/sbin/ck-log-system-restart,0,1,1,0
/usr/sbin/iwpriv,0,1,1,0
/usr/sbin/postdrop,1,0,1,0
/usr/sbin/lpc,1,1,1,0
/usr/sbin/logrotate,0,1,1,0
/usr/sbin/mkfs.fat,0,0,1,0
/usr/sbin/iwlist,0,1,1,0
/usr/sbin/sm-notify,1,1,1,0
/usr/sbin/dots,0,0,1,0
/usr/sbin/saslpasswd2,0,1,1,0
/usr/sbin/sasldblistusers2,0,1,1,0
/usr/sbin/setctsid,0,0,1,0
/usr/sbin/ldattach,0,0,1,0
/usr/sbin/xfs_growfs,0,1,1,0
/usr/sbin/nfnl_osf,0,1,1,0
/usr/sbin/postmulti,0,0,1,0
/usr/sbin/corner,0,0,1,0
/usr/sbin/warnquota,1,1,1,0
/usr/sbin/ifrename,0,1,1,0
/usr/sbin/ck-log-system-start,0,1,1,0
/usr/sbin/nmbd,1,1,1,0
/usr/sbin/smtp-sink,1,1,1,0
/usr/sbin/safe_finger,1,0,1,0
/usr/sbin/openwsmand,0,1,1,0
/usr/sbin/smbd,1,1,1,0
/usr/sbin/postmap,1,0,1,0
/usr/sbin/zic,0,1,1,0
/usr/sbin/addpart,0,1,1,0
/usr/sbin/openct-control,0,1,1,0
/usr/sbin/lpinfo,1,0,1,0
/usr/sbin/fatlabel,0,1,1,0
/usr/sbin/groupadd,0,1,1,0
/usr/sbin/arpd,0,1,1,0
/usr/sbin/xfine,0,1,1,0
/usr/sbin/xfs_logprint,0,1,1,0
/usr/sbin/sssd,0,1,1,0
/usr/sbin/yppoll,0,1,1,0
/usr/sbin/suspend-keygen,0,1,1,0
/usr/sbin/xtables-multi,0,1,1,0
/usr/sbin/showmount,1,1,1,0
/usr/sbin/scpm,0,1,1,0
/usr/sbin/iwconfig,0,1,1,0
/usr/sbin/cracklib-check,0,1,1,0
/usr/sbin/cupsctl,1,0,1,0
/usr/sbin/dnssec-dsfromkey,1,1,1,0
/usr/sbin/lnstat,0,1,1,0
/usr/sbin/lpmove,1,1,1,0
/usr/sbin/alsactl,0,1,1,0
/usr/sbin/ntpd,1,1,1,1
/usr/sbin/cron,1,1,1,0
/usr/sbin/saslauthd,0,1,1,0
/usr/sbin/tickadj,1,0,1,1
/usr/sbin/xfs_db,0,1,1,0
/usr/sbin/dnssec-keyfromlabel,1,1,1,0
/usr/sbin/xfs_mdrestore,0,1,1,0
/usr/sbin/chat,1,1,1,0
/usr/sbin/splashy_config,0,0,1,0
/usr/sbin/ipmievd,0,1,1,0
/usr/sbin/rtacct,0,1,1,0
/usr/sbin/ec_access,0,1,1,0
/usr/sbin/sntp,1,1,1,1
/usr/sbin/mce-inject,0,0,1,0
/usr/sbin/postalias,1,0,1,0
/usr/sbin/quota_nld,1,1,1,0
/usr/sbin/atd,1,1,1,0
/usr/sbin/xidle,0,1,1,0
/usr/sbin/rndc-confgen,1,1,1,0
/usr/sbin/try-from,1,1,1,0
/usr/sbin/thin_check,0,1,1,0
/usr/sbin/s2disk,0,1,1,0
/usr/sbin/ntpdc,1,1,1,1
/usr/sbin/nscd,1,0,1,1
/usr/sbin/postlog,1,0,1,0
/usr/sbin/cupsaddsmb,1,1,1,0
/usr/sbin/pmvarrun,0,1,1,0
/usr/sbin/userdel,0,1,1,0
/usr/sbin/netdate,0,1,1,0
/usr/sbin/postqueue,1,1,1,0
/usr/sbin/fbtruetype,0,1,1,0
/usr/sbin/xmode,0,0,1,0
/usr/sbin/uuidd,0,1,1,0
/usr/sbin/faillog,0,1,1,0
/usr/sbin/postcat,1,0,1,0
/usr/sbin/rpcdebug,1,1,1,0
/usr/sbin/tcpdchk,0,1,1,0
/usr/sbin/gpm,0,1,1,0
/usr/sbin/zdump,0,1,1,0
/usr/sbin/grub,0,0,1,0
/usr/sbin/yptest,0,1,1,0
/usr/sbin/splashy,0,1,1,0
/usr/sbin/postconf,1,1,1,0
/usr/sbin/useradd,0,1,1,0
/usr/sbin/nfsstat,1,1,1,0
/usr/sbin/ss,0,1,1,0
/usr/sbin/rpc.idmapd,1,1,1,0
/usr/sbin/xfs_copy,0,1,1,0
/usr/sbin/hwinfo,0,1,1,0
/usr/sbin/acpidump,0,1,1,0
/usr/sbin/itox,0,1,1,0
/usr/sbin/traceroute,1,1,1,0
/usr/sbin/pptp,0,1,1,0
/usr/sbin/mcelog,0,1,1,0
/usr/sbin/smartctl,1,1,1,0
/usr/sbin/cpufreq-bench,0,1,1,0
/usr/sbin/readprofile,0,1,1,0
/usr/sbin/nstat,0,1,1,0
/usr/sbin/xquery,0,1,1,0
/usr/sbin/pcscd,0,1,1,0
/usr/sbin/rpcinfo,0,0,1,0
/usr/sbin/xfs_fsr,0,1,1,0
/usr/sbin/cups-genppd.5.0,0,1,1,0
/usr/sbin/pppd,1,1,1,0
/usr/sbin/quot,1,1,1,0
/usr/sbin/glibc_post_upgrade,0,0,1,0
/usr/sbin/fsck.fat,0,1,1,0
/usr/sbin/testX,0,0,1,0
/usr/sbin/splashy_update,0,1,1,0
/usr/sbin/icmpinfo,0,0,1,0
/usr/sbin/cracklib-unpacker,0,0,1,0
/usr/sbin/postfix,1,0,1,0
/usr/sbin/ip6tables-batch,0,1,1,0
/usr/sbin/partprobe,0,0,1,0
/usr/sbin/parted,0,1,1,0
/usr/sbin/tcpd,1,1,1,0
/usr/sbin/pwconv,0,1,1,0
/usr/sbin/partx,0,1,1,0
/usr/sbin/iwgetid,0,1,1,0
/usr/sbin/rtmon,0,1,1,0
/usr/sbin/delpart,0,1,1,0
/usr/sbin/xlook,0,0,1,0
/usr/sbin/xinetd,1,1,1,0
/usr/sbin/ifstat,0,1,1,0
/usr/sbin/cryptconfig,0,1,1,0
/usr/sbin/ypbind,0,1,1,0
/usr/sbin/groupmod,0,1,1,0
/usr/sbin/mk_isdnhwdb,0,1,1,0
/usr/sbin/convertquota,1,1,1,0
/sbin/mkswap,0,1,1,0
/sbin/ethtool,0,1,1,0
/sbin/mount.encfs13,0,0,1,0
/sbin/insmod,0,0,1,0
/sbin/lspci,0,1,1,0
/sbin/btrfs-find-root,0,1,1,0
/sbin/mkfs.xfs,0,1,1,0
/sbin/mkhomedir_helper,0,1,1,0
/sbin/debugfs,0,1,1,0
/sbin/splash,0,1,1,0
/sbin/get_kernel_version,0,1,1,0
/sbin/rvmtab,0,1,1,0
/sbin/fsfreeze,0,0,1,0
/sbin/iptunnel,0,1,1,0
/sbin/btrfs-debug-tree,0,1,1,0
/sbin/multipathd,0,1,1,0
/sbin/fsck.ext4,0,1,1,0
/sbin/sysctl,0,1,1,0
/sbin/pivot_root,0,0,1,0
/sbin/ifplugstatus,0,1,1,0
/sbin/fsck.minix,0,1,1,0
/sbin/dhcpcd,1,1,1,0
/sbin/dmsetup,0,1,1,0
/sbin/powerd,0,1,1,0
/sbin/unix2_chkpwd,0,1,1,0
/sbin/blkid,0,1,1,0
/sbin/setpci,0,1,1,0
/sbin/clockdiff,1,1,1,0
/sbin/tracepath,1,1,1,0
/sbin/auditd,1,1,1,1
/sbin/startpar,0,1,1,0
/sbin/haveged,0,1,1,1
/sbin/mount.nfs,1,1,1,0
/sbin/btrfs-image,0,1,1,0
/sbin/ip,0,1,1,0
/sbin/mkfs.ext2,0,1,1,0
/sbin/chcpu,0,1,1,0
/sbin/klogd,1,1,1,0
/sbin/sulogin,0,1,1,0
/sbin/mingetty,0,1,1,0
/sbin/mkfs.ext4,0,1,1,0
/sbin/mke2fs,0,1,1,0
/sbin/mkfs,0,0,1,0
/sbin/mkfs.btrfs,0,1,1,0
/sbin/fdisk,0,1,1,0
/sbin/tracepath6,1,1,1,0
/sbin/sfdisk,0,1,1,0
/sbin/install-info,0,1,1,0
/sbin/btrfs-select-super,0,1,1,0
/sbin/xfs_repair,0,1,1,0
/sbin/in.rdisc,1,1,1,0
/sbin/microcode_ctl,0,1,1,0
/sbin/cfdisk,0,1,1,0
/sbin/lvm,0,1,1,0
/sbin/ifuser,0,1,1,0
/sbin/request-key,0,0,1,0
/sbin/btrfs,0,1,1,0
/sbin/btrfsck,0,1,1,0
/sbin/quotaon,1,1,1,0
/sbin/fsck,0,1,1,0
/sbin/killall5,0,1,1,0
/sbin/blogd,0,1,1,0
/sbin/kexec,0,1,1,0
/sbin/plipconfig,0,0,1,0
/sbin/fsck.cramfs,0,1,1,0
/sbin/iscsid,0,1,1,0
/sbin/ifplugd,0,1,1,0
/sbin/mkfs.bfs,0,1,1,0
/sbin/rarp,0,1,1,0
/sbin/e2image,0,1,1,0
/sbin/dumpe2fs,0,1,1,0
/sbin/switch_root,0,1,1,0
/sbin/mpathpersist,0,0,1,0
/sbin/ifenslave,0,1,1,0
/sbin/vhangup,0,1,1,0
/sbin/modinfo,0,1,1,0
/sbin/mkill,0,1,1,0
/sbin/auditctl,0,1,1,0
/sbin/rmmod,0,1,1,0
/sbin/killproc,0,1,1,0
/sbin/e2undo,0,1,1,0
/sbin/iscsiuio,0,1,1,0
/sbin/mdmon,0,1,1,1
/sbin/tune2fs,0,1,1,0
/sbin/mount.cifs,0,1,1,0
/sbin/iscsiadm,0,1,1,0
/sbin/reiserfsck,0,1,1,0
/sbin/raw,0,0,1,0
/sbin/nameif,0,1,1,0
/sbin/unix_update,1,1,1,0
/sbin/ausearch,0,1,1,0
/sbin/depmod,0,1,1,0
/sbin/badblocks,0,1,1,0
/sbin/dmeventd,0,1,1,0
/sbin/vconfig,0,1,1,0
/sbin/dmevent_tool,0,0,1,0
/sbin/detectups,0,1,1,0
/sbin/autoip,0,1,1,0
/sbin/kpartx,0,1,1,0
/sbin/iscsi-iname,0,1,1,0
/sbin/biosdevname,0,1,1,0
/sbin/showconsole,0,1,1,0
/sbin/e2fsck,0,1,1,0
/sbin/e2label,0,1,1,0
/sbin/fsck.ext2,0,1,1,0
/sbin/resize_reiserfs,0,1,1,0
/sbin/ctrlaltdel,0,0,1,0
/sbin/cryptsetup,0,1,1,0
/sbin/setdasd,0,1,1,0
/sbin/fbresolution,0,0,1,0
/sbin/ipmaddr,0,1,1,0
/sbin/wipefs,0,1,1,0
/sbin/unix_chkpwd,1,1,1,0
/sbin/mkfs.minix,0,1,1,0
/sbin/arp,0,1,1,0
/sbin/swaplabel,0,1,1,0
/sbin/hashalot,0,1,1,0
/sbin/btrfs-convert,0,1,1,0
/sbin/mkfs.reiserfs,0,1,1,0
/sbin/startproc,0,1,1,0
/sbin/fbtest,0,0,1,0
/sbin/hdparm,0,1,1,0
/sbin/shutdown,0,1,1,0
/sbin/debugreiserfs,0,1,1,0
/sbin/slattach,0,1,1,0
/sbin/udevd,0,1,1,0
/sbin/btrfs-show-super,0,1,1,0
/sbin/pam_tally2,0,1,1,0
/sbin/quotacheck,1,1,1,0
/sbin/blogger,0,1,1,0
/sbin/init,0,1,1,0
/sbin/route,0,1,1,0
/sbin/pam_timestamp_check,1,1,1,0
/sbin/pam_tally,0,1,1,0
/sbin/audispd,1,1,1,1
/sbin/fbset,0,0,1,0
/sbin/mdadm,0,1,1,0
/sbin/rpcbind,1,1,1,0
/sbin/eliloalt,0,0,1,0
/sbin/fsck.reiserfs,0,1,1,0
/sbin/swapon,0,1,1,0
/sbin/ldconfig,0,0,1,0
/sbin/runlevel,0,0,1,0
/sbin/isserial,0,0,1,0
/sbin/udevadm,0,1,1,0
/sbin/splashpbm,0,0,1,0
/sbin/mount.fuse,0,0,1,0
/sbin/agetty,0,1,1,0
/sbin/resize2fs,0,0,1,0
/sbin/fsck.ext3,0,1,1,0
/sbin/vmcore-dmesg,0,1,1,0
/sbin/mkreiserfs,0,1,1,0
/sbin/brctl,0,1,1,0
/sbin/mkfs.cramfs,0,1,1,0
/sbin/start-stop-daemon,0,1,1,0
/sbin/hwclock,0,1,1,0
/sbin/autrace,0,1,1,0
/sbin/pmap_set2,0,1,1,0
/sbin/halt,0,1,1,0
/sbin/arping,1,1,1,0
/sbin/checkproc,0,1,1,0
/sbin/ifconfig,0,1,1,0
/sbin/syslog-ng,0,1,1,0
/sbin/rmt,0,1,1,0
/sbin/multipath,0,1,1,0
/sbin/apparmor_parser,0,1,1,0
/sbin/nologin,0,0,1,0
/sbin/blockdev,0,1,1,0
/sbin/rpcinfo,1,1,1,0
/sbin/losetup,0,1,1,0
/sbin/md_monitor,0,1,1,0
/sbin/btrfstune,0,1,1,0
/sbin/mkfs.ext3,0,1,1,0
/sbin/modprobe,0,1,1,0
/sbin/findfs,0,0,1,0
/sbin/reiserfstune,0,1,1,0
/sbin/aureport,0,1,1,0
/sbin/insserv,0,1,1,0
/sbin/acpid,0,1,1,0
/sbin/adjtimex,0,1,1,0
/sbin/fstrim,0,1,1,0
/sbin/logsave,0,1,1,0
/sbin/dmraid,0,1,1,0
/sbin/elvtune,0,1,1,0
/sbin/kdump,0,0,1,0
/sbin/btrfs-zero-log,0,1,1,0
