/sbin/ldconfig,0,0,1,0
/sbin/arp,0,1,1,0
/sbin/ether-wake,0,1,1,0
/sbin/ifconfig,0,1,1,0
/sbin/ipmaddr,0,1,1,0
/sbin/iptunnel,0,1,1,0
/sbin/nameif,0,1,1,0
/sbin/plipconfig,0,0,1,0
/sbin/rarp,0,1,1,0
/sbin/route,0,1,1,0
/sbin/slattach,0,1,1,0
/sbin/mingetty,0,1,1,0
/sbin/apparmor_parser,0,0,1,0
/sbin/key.dns_resolver,0,1,1,0
/sbin/request-key,0,0,1,0
/sbin/debugreiserfs,0,1,1,0
/sbin/mkreiserfs,0,1,1,0
/sbin/reiserfsck,0,1,1,0
/sbin/reiserfstune,0,0,1,0
/sbin/resize_reiserfs,0,1,1,0
/sbin/install-info,0,1,1,0
/sbin/rmt,0,1,1,0
/sbin/sysctl,0,1,1,0
/sbin/blogctl,0,1,1,0
/sbin/blogd,0,1,1,0
/sbin/blogger,0,0,1,0
/sbin/isserial,0,0,1,0
/sbin/showconsole,0,1,1,0
/sbin/mkhomedir_helper,0,1,1,0
/sbin/pam_tally2,0,1,1,0
/sbin/pam_timestamp_check,1,1,1,0
/sbin/unix_chkpwd,1,1,1,0
/sbin/unix_update,1,1,1,0
/sbin/checkproc,0,1,1,0
/sbin/fstab-decode,0,0,1,0
/sbin/killall5,0,1,1,0
/sbin/killproc,0,1,1,0
/sbin/mkill,0,1,1,0
/sbin/rvmtab,0,1,1,0
/sbin/startpar,0,1,1,0
/sbin/startproc,0,1,1,0
/sbin/vhangup,0,1,1,0
/sbin/lspci,0,1,1,0
/sbin/setpci,0,1,1,0
/sbin/unix2_chkpwd,1,1,1,0
/sbin/mount.cifs,1,1,1,1
/sbin/dmeventd,1,1,1,1
/sbin/dmsetup,1,1,1,1
/sbin/kpartx,1,1,1,1
/sbin/iscsi-iname,0,1,1,0
/sbin/iscsiadm,0,1,1,0
/sbin/iscsid,0,1,1,0
/sbin/iscsistart,0,1,1,0
/sbin/lvm,1,1,1,1
/sbin/lvmetad,1,1,1,1
/sbin/dmevent_tool,0,0,1,0
/sbin/dmraid,0,1,1,0
/sbin/biosdevname,0,1,1,0
/sbin/iscsiuio,0,1,1,0
/sbin/mpathpersist,1,0,1,1
/sbin/multipath,1,1,1,1
/sbin/multipathd,1,1,1,1
/sbin/pmap_set2,1,1,1,1
/sbin/rpcbind,1,1,1,1
/sbin/rpcinfo,1,1,1,1
/sbin/mdadm,0,1,1,0
/sbin/mdmon,0,1,1,1
/sbin/ifuser,0,1,1,0
/sbin/mount.nfs,1,1,1,0
/sbin/nfsdcltrack,1,0,1,0
/sbin/dhclient,1,1,1,1
/usr/sbin/glibc_post_upgrade,0,0,1,0
/usr/sbin/iconvconfig,0,0,1,0
/usr/sbin/traceroute,1,1,1,1
/usr/sbin/mkfs.xfs,0,1,1,0
/usr/sbin/xfs_copy,0,1,1,0
/usr/sbin/xfs_db,0,1,1,0
/usr/sbin/xfs_estimate,0,1,1,0
/usr/sbin/xfs_fsr,0,1,1,0
/usr/sbin/xfs_growfs,0,1,1,0
/usr/sbin/xfs_io,0,1,1,0
/usr/sbin/xfs_logprint,0,1,1,0
/usr/sbin/xfs_mdrestore,0,1,1,0
/usr/sbin/xfs_quota,0,1,1,0
/usr/sbin/xfs_repair,0,1,1,0
/usr/sbin/xfs_rtcp,0,1,1,0
/usr/sbin/iconvconfig-32,0,0,1,0
/usr/sbin/vconfig,0,1,1,0
/usr/sbin/fixmbr,0,0,1,0
/usr/sbin/hardlink,0,0,1,0
/usr/sbin/fping,0,1,1,0
/usr/sbin/fping6,0,1,1,0
/usr/sbin/ethtool,0,1,1,0
/usr/sbin/fatlabel,0,1,1,0
/usr/sbin/fsck.fat,0,1,1,0
/usr/sbin/mkfs.fat,0,0,1,0
/usr/sbin/biosdecode,0,0,1,0
/usr/sbin/dmidecode,0,1,1,0
/usr/sbin/ownership,0,0,1,0
/usr/sbin/vpddecode,0,0,1,0
/usr/sbin/adjtimex,0,1,1,0
/usr/sbin/pptp,0,1,1,0
/usr/sbin/yppoll,0,1,1,0
/usr/sbin/ypset,0,1,1,0
/usr/sbin/yptest,0,1,1,0
/usr/sbin/safe_finger,1,0,1,0
/usr/sbin/tcpd,1,1,1,0
/usr/sbin/tcpdchk,0,1,1,0
/usr/sbin/tcpdmatch,0,1,1,0
/usr/sbin/try-from,1,1,1,0
/usr/sbin/efibootdump,0,1,1,0
/usr/sbin/efibootmgr,0,1,1,0
/usr/sbin/lsmsr,0,1,1,1
/usr/sbin/cracklib-check,0,1,1,0
/usr/sbin/cracklib-packer,0,1,1,0
/usr/sbin/cracklib-unpacker,0,0,1,0
/usr/sbin/convertquota,1,1,1,0
/usr/sbin/edquota,1,1,1,0
/usr/sbin/quot,1,1,1,0
/usr/sbin/quota_nld,1,1,1,0
/usr/sbin/quotacheck,1,1,1,0
/usr/sbin/quotaon,1,1,1,0
/usr/sbin/quotastats,1,1,1,0
/usr/sbin/repquota,1,1,1,0
/usr/sbin/setquota,1,1,1,0
/usr/sbin/warnquota,1,1,1,0
/usr/sbin/xqmstats,1,1,1,0
/usr/sbin/btrfs,0,1,1,0
/usr/sbin/btrfs-convert,0,1,1,0
/usr/sbin/btrfs-debug-tree,0,1,1,0
/usr/sbin/btrfs-image,0,1,1,0
/usr/sbin/btrfs-show-super,0,1,1,0
/usr/sbin/btrfs-zero-log,0,1,1,0
/usr/sbin/btrfstune,0,1,1,0
/usr/sbin/mkfs.btrfs,0,1,1,0
/usr/sbin/badblocks,0,1,1,0
/usr/sbin/debugfs,0,1,1,0
/usr/sbin/dumpe2fs,0,1,1,0
/usr/sbin/e2freefrag,0,1,1,0
/usr/sbin/e2image,0,1,1,0
/usr/sbin/e2undo,0,1,1,0
/usr/sbin/e4defrag,0,1,1,0
/usr/sbin/filefrag,0,1,1,0
/usr/sbin/logsave,0,1,1,0
/usr/sbin/mklost+found,0,0,1,0
/usr/sbin/resize2fs,0,0,1,0
/usr/sbin/e2fsck,0,1,1,0
/usr/sbin/fsck.ext2,0,1,1,0
/usr/sbin/fsck.ext3,0,1,1,0
/usr/sbin/fsck.ext4,0,1,1,0
/usr/sbin/e2label,0,1,1,0
/usr/sbin/tune2fs,0,1,1,0
/usr/sbin/mke2fs,0,1,1,0
/usr/sbin/mkfs.ext2,0,1,1,0
/usr/sbin/mkfs.ext3,0,1,1,0
/usr/sbin/mkfs.ext4,0,1,1,0
/usr/sbin/hwinfo,0,1,1,0
/usr/sbin/mk_isdnhwdb,0,1,1,0
/usr/sbin/arpd,0,1,1,0
/usr/sbin/bridge,0,1,1,0
/usr/sbin/genl,0,1,1,0
/usr/sbin/ifstat,0,1,1,0
/usr/sbin/ip,0,1,1,0
/usr/sbin/lnstat,0,1,1,0
/usr/sbin/nstat,0,1,1,0
/usr/sbin/rtacct,0,1,1,0
/usr/sbin/rtmon,0,1,1,0
/usr/sbin/ss,0,1,1,0
/usr/sbin/tc,0,1,1,0
/usr/sbin/tipc,0,1,1,0
/usr/sbin/nfnl_osf,0,1,1,0
/usr/sbin/tcpdump,0,1,1,0
/usr/sbin/crda,0,0,1,0
/usr/sbin/regdbdump,0,0,1,0
/usr/sbin/pluginviewer,0,0,1,0
/usr/sbin/sasldblistusers2,0,1,1,0
/usr/sbin/saslpasswd2,0,1,1,0
/usr/sbin/ip6tables-batch,0,1,1,0
/usr/sbin/iptables-batch,0,1,1,0
/usr/sbin/xtables-multi,0,1,1,0
/usr/sbin/zdump,0,1,1,0
/usr/sbin/zic,0,1,1,0
/usr/sbin/cupsaccept,1,1,1,1
/usr/sbin/lpadmin,1,1,1,1
/usr/sbin/lpc,1,1,1,1
/usr/sbin/lpinfo,1,0,1,1
/usr/sbin/lpmove,1,1,1,1
/usr/sbin/arpaname,1,1,1,0
/usr/sbin/ddns-confgen,1,1,1,0
/usr/sbin/dnssec-dsfromkey,1,1,1,0
/usr/sbin/dnssec-importkey,1,1,1,0
/usr/sbin/dnssec-keyfromlabel,1,1,1,0
/usr/sbin/dnssec-keygen,1,1,1,0
/usr/sbin/dnssec-revoke,1,1,1,0
/usr/sbin/dnssec-settime,1,1,1,0
/usr/sbin/dnssec-signzone,1,1,1,0
/usr/sbin/dnssec-verify,1,1,1,0
/usr/sbin/genrandom,1,0,1,0
/usr/sbin/isc-hmac-fixup,1,1,1,0
/usr/sbin/named-journalprint,1,0,1,0
/usr/sbin/nsec3hash,1,1,1,0
/usr/sbin/rndc,1,1,1,0
/usr/sbin/rndc-confgen,1,1,1,0
/usr/sbin/ifrename,0,1,1,0
/usr/sbin/iwconfig,0,1,1,0
/usr/sbin/iwevent,0,1,1,0
/usr/sbin/iwgetid,0,1,1,0
/usr/sbin/iwlist,0,1,1,0
/usr/sbin/iwpriv,0,1,1,0
/usr/sbin/iwspy,0,1,1,0
/usr/sbin/lwepgen,0,1,1,0
/usr/sbin/update-alternatives,0,1,1,0
/usr/sbin/fbtest,0,0,1,0
/usr/sbin/hdparm,0,1,1,0
/usr/sbin/cups-browsed,0,1,1,0
/usr/sbin/netscsid,0,1,1,0
/usr/sbin/arping,1,1,1,1
/usr/sbin/clockdiff,1,1,1,1
/usr/sbin/ifenslave,0,1,1,0
/usr/sbin/in.rdisc,1,1,1,1
/usr/sbin/tracepath,1,1,1,1
/usr/sbin/tracepath6,1,1,1,1
/usr/sbin/cgdisk,0,1,1,0
/usr/sbin/gdisk,0,1,1,0
/usr/sbin/sgdisk,0,1,1,0
/usr/sbin/accessdb,0,0,1,0
/usr/sbin/visudo,1,1,1,0
/usr/sbin/chat,1,1,1,0
/usr/sbin/pppd,1,1,1,0
/usr/sbin/pppdump,0,1,1,0
/usr/sbin/pppoe-discovery,0,1,1,0
/usr/sbin/pppstats,0,1,1,0
/usr/sbin/pam-config,0,1,1,0
/usr/sbin/alsactl,0,1,1,0
/usr/sbin/vlock-main,0,1,1,0
/usr/sbin/kdump,0,0,1,0
/usr/sbin/kexec,0,1,1,0
/usr/sbin/vmcore-dmesg,0,1,1,0
/usr/sbin/addpart,0,1,1,1
/usr/sbin/agetty,0,1,1,1
/usr/sbin/blkdiscard,0,1,1,1
/usr/sbin/blkid,0,1,1,1
/usr/sbin/blockdev,0,1,1,1
/usr/sbin/cfdisk,0,1,1,1
/usr/sbin/chcpu,0,0,1,1
/usr/sbin/ctrlaltdel,0,0,1,1
/usr/sbin/delpart,0,1,1,1
/usr/sbin/fdformat,0,1,1,1
/usr/sbin/fdisk,0,1,1,1
/usr/sbin/findfs,0,0,1,1
/usr/sbin/fsck,0,1,1,1
/usr/sbin/fsck.cramfs,0,1,1,1
/usr/sbin/fsck.minix,0,1,1,1
/usr/sbin/fsfreeze,0,0,1,1
/usr/sbin/fstrim,0,1,1,1
/usr/sbin/hwclock,0,1,1,1
/usr/sbin/klogconsole,0,0,1,0
/usr/sbin/ldattach,0,1,1,1
/usr/sbin/losetup,0,1,1,1
/usr/sbin/mkfs,0,0,1,1
/usr/sbin/mkfs.bfs,0,1,1,1
/usr/sbin/mkfs.cramfs,0,1,1,1
/usr/sbin/mkfs.minix,0,1,1,1
/usr/sbin/mkswap,0,1,1,1
/usr/sbin/nologin,0,1,1,1
/usr/sbin/partx,0,1,1,1
/usr/sbin/pivot_root,0,0,1,1
/usr/sbin/raw,0,0,1,1
/usr/sbin/readprofile,0,1,1,1
/usr/sbin/resizepart,0,1,1,1
/usr/sbin/rtcwake,0,1,1,1
/usr/sbin/runuser,0,1,1,1
/usr/sbin/setctsid,0,0,1,0
/usr/sbin/sfdisk,0,1,1,1
/usr/sbin/sulogin,0,1,1,1
/usr/sbin/swaplabel,0,1,1,1
/usr/sbin/swapoff,0,0,1,1
/usr/sbin/swapon,0,1,1,1
/usr/sbin/switch_root,0,1,1,1
/usr/sbin/tunelp,0,1,1,1
/usr/sbin/wipefs,0,1,1,1
/usr/sbin/zramctl,0,1,1,1
/usr/sbin/chpasswd,1,1,1,0
/usr/sbin/groupadd,1,1,1,0
/usr/sbin/groupdel,1,1,1,0
/usr/sbin/groupmod,1,1,1,0
/usr/sbin/grpck,1,1,1,0
/usr/sbin/newusers,1,1,1,0
/usr/sbin/pwck,1,1,1,0
/usr/sbin/pwconv,1,1,1,0
/usr/sbin/pwunconv,1,1,1,0
/usr/sbin/useradd,1,1,1,0
/usr/sbin/userdel,1,1,1,0
/usr/sbin/usermod,1,1,1,0
/usr/sbin/vipw,1,1,1,0
/usr/sbin/cifs.idmap,1,0,1,1
/usr/sbin/cifs.upcall,1,1,1,1
/usr/sbin/mount.fuse,0,0,1,0
/usr/sbin/mksubvolume,0,1,1,0
/usr/sbin/snapperd,0,1,1,0
/usr/sbin/icmpinfo,0,0,1,0
/usr/sbin/lockdev,1,0,1,0
/usr/sbin/zypp-refresh,1,0,1,1
/usr/sbin/pdata_tools,0,1,1,0
/usr/sbin/grub2-bios-setup,0,0,1,0
/usr/sbin/grub2-install,0,0,1,0
/usr/sbin/grub2-macbless,0,0,1,0
/usr/sbin/grub2-ofpathname,0,0,1,0
/usr/sbin/grub2-probe,0,0,1,0
/usr/sbin/grub2-sparc64-setup,0,0,1,0
/usr/sbin/cryptsetup,0,1,1,0
/usr/sbin/cryptsetup-reencrypt,0,1,1,0
/usr/sbin/veritysetup,0,1,1,0
/usr/sbin/mount.crypt,0,1,1,0
/usr/sbin/pmt-ehd,0,1,1,0
/usr/sbin/pmvarrun,0,1,1,0
/usr/sbin/cryptconfig,0,1,1,0
/usr/sbin/itox,0,1,1,0
/usr/sbin/xinetd,1,1,1,0
/usr/sbin/sshd,1,1,1,1
/usr/sbin/ntp-keygen,1,1,1,1
/usr/sbin/ntpd,1,1,1,1
/usr/sbin/ntpdate,1,1,1,1
/usr/sbin/ntpdc,1,1,1,1
/usr/sbin/ntpq,1,1,1,1
/usr/sbin/ntptime,1,0,1,1
/usr/sbin/sntp,1,1,1,1
/usr/sbin/tickadj,1,0,1,1
/usr/sbin/nscd,1,1,1,1
/usr/sbin/logrotate,0,1,1,0
/usr/sbin/saslauthd,0,1,1,0
/usr/sbin/testsaslauthd,0,1,1,0
/usr/sbin/automount,1,1,1,0
/usr/sbin/audispd,1,1,1,1
/usr/sbin/auditctl,1,1,1,1
/usr/sbin/auditd,1,1,1,1
/usr/sbin/aureport,0,1,1,1
/usr/sbin/ausearch,0,1,1,1
/usr/sbin/autrace,0,1,1,1
/usr/sbin/atd,1,1,1,0
/usr/sbin/wicked,0,1,1,0
/usr/sbin/wickedd,0,0,1,0
/usr/sbin/wickedd-nanny,0,1,1,0
/usr/sbin/nmbd,1,1,1,1
/usr/sbin/smbd,1,1,1,1
/usr/sbin/kdumptool,0,1,1,0
/usr/sbin/vsftpd,1,1,1,1
/usr/sbin/smartctl,1,1,1,0
/usr/sbin/smartd,1,1,1,0
/usr/sbin/fatresize,0,0,1,0
/usr/sbin/parted,0,1,1,0
/usr/sbin/partprobe,0,0,1,0
/usr/sbin/slpd,0,1,1,0
/usr/sbin/irqbalance,1,1,1,1
/usr/sbin/haveged,1,1,1,1
/usr/sbin/gpm,0,1,1,0
/usr/sbin/inputattach,0,1,1,0
/usr/sbin/mcelog,0,1,1,0
/usr/sbin/ypbind,0,1,1,0
/usr/sbin/cron,1,1,1,1
/usr/sbin/snmpd,1,1,1,0
/usr/sbin/snmptrapd,1,1,1,0
/usr/sbin/plymouthd,0,1,1,0
/usr/sbin/umount.udisks2,0,0,1,0
/usr/sbin/rtkitctl,0,0,1,0
/usr/sbin/ipmievd,0,1,1,0
/usr/sbin/rsyslogd,0,1,1,0
/usr/sbin/postalias,1,0,1,0
/usr/sbin/postcat,1,0,1,0
/usr/sbin/postconf,1,1,1,0
/usr/sbin/postdrop,1,0,1,0
/usr/sbin/postfix,1,0,1,0
/usr/sbin/postkick,1,0,1,0
/usr/sbin/postlock,1,0,1,0
/usr/sbin/postlog,1,0,1,0
/usr/sbin/postmap,1,0,1,0
/usr/sbin/postmulti,1,0,1,0
/usr/sbin/postqueue,1,0,1,0
/usr/sbin/postsuper,1,0,1,0
/usr/sbin/qmqp-source,1,0,1,0
/usr/sbin/sendmail,1,0,1,0
/usr/sbin/smtp-sink,1,1,1,0
/usr/sbin/smtp-source,1,0,1,0
/usr/sbin/blkmapd,1,1,1,0
/usr/sbin/nfsidmap,1,1,1,0
/usr/sbin/nfsstat,1,1,1,0
/usr/sbin/rpc.gssd,1,1,1,0
/usr/sbin/rpc.idmapd,1,1,1,0
/usr/sbin/rpc.statd,1,1,1,0
/usr/sbin/rpc.svcgssd,1,1,1,0
/usr/sbin/rpcdebug,1,1,1,0
/usr/sbin/showmount,1,1,1,0
/usr/sbin/sm-notify,1,1,1,0
/usr/sbin/pcscd,0,1,1,0
/usr/sbin/cupsaddsmb,1,1,1,1
/usr/sbin/cupsctl,1,0,1,1
/usr/sbin/cupsd,1,1,1,1
/usr/sbin/cupsfilter,1,1,1,1
/usr/sbin/exportfs,1,1,1,0
/usr/sbin/rpc.mountd,1,1,1,0
/usr/sbin/rpc.nfsd,1,1,1,0
/usr/sbin/ifdhandler,0,1,1,0
/usr/sbin/ifdproxy,0,1,1,0
/usr/sbin/openct-control,0,1,1,0
/usr/sbin/gdm,0,1,1,0
/usr/bin/keygen,0,0,1,0
/usr/bin/ab,1,1,1,0
/usr/bin/htdbm,1,1,1,0
/usr/bin/htdigest,1,1,1,0
/usr/bin/htpasswd,1,1,1,0
/usr/bin/httxt2dbm,1,1,1,0
/usr/bin/logresolve,1,0,1,0
