/usr/sbin/aa-exec,0,1,1,1
/usr/sbin/mysqld,0,1,1,1
/usr/bin/innochecksum,0,1,1,1
/usr/bin/myisampack,0,1,1,1
/usr/bin/prtstat,0,1,1,0
/usr/bin/mysql_secure_installation,0,1,1,1
/usr/bin/myisamlog,0,1,1,1
/usr/bin/mysql_embedded,0,1,1,1
/usr/bin/perror,0,1,1,1
/usr/bin/pstree,0,1,1,0
/usr/bin/mysql_config_editor,0,1,1,1
/usr/bin/mysql,0,1,1,1
/usr/bin/replace,0,1,1,1
/usr/bin/mysql_install_db,0,1,1,1
/usr/bin/mysqlshow,0,1,1,1
/usr/bin/resolveip,0,1,1,1
/usr/bin/mysql_ssl_rsa_setup,0,1,1,1
/usr/bin/myisam_ftdump,0,1,1,1
/usr/bin/mysqladmin,0,1,1,1
/usr/bin/mysqlbinlog,0,1,1,1
/usr/bin/mysql_tzinfo_to_sql,0,1,1,1
/usr/bin/my_print_defaults,0,1,1,1
/usr/bin/mysqlslap,0,1,1,1
/usr/bin/peekfd,0,1,1,0
/usr/bin/aa-enabled,0,1,1,1
/usr/bin/mysql_plugin,0,1,1,1
/usr/bin/mysql_upgrade,0,1,1,1
/usr/bin/mysqlimport,0,1,1,1
/usr/bin/killall,0,1,1,0
/usr/bin/mysqlpump,0,1,1,1
/usr/bin/myisamchk,0,1,1,1
/usr/bin/mysqlcheck,0,1,1,1
/usr/bin/mysqldump,0,1,1,1
/sbin/apparmor_parser,0,1,1,1
/bin/fuser,0,1,1,0
