/usr/sbin/zerofree,1,1,1,1
/usr/sbin/nologin,1,0,1,1
/usr/sbin/xfs_db,1,1,1,1
/usr/sbin/genl,1,1,1,1
/usr/sbin/grub-macbless,1,1,1,1
/usr/sbin/groupmems,1,1,1,1
/usr/sbin/zic,1,1,1,1
/usr/sbin/irqbalance-ui,1,1,1,1
/usr/sbin/logrotate,1,1,1,1
/usr/sbin/grpunconv,1,1,1,1
/usr/sbin/make-bcache,1,1,1,1
/usr/sbin/userdel,1,1,1,1
/usr/sbin/chpasswd,1,1,1,1
/usr/sbin/vipw,1,1,1,1
/usr/sbin/xfs_rtcp,1,1,1,1
/usr/sbin/rsyslogd,1,1,1,1
/usr/sbin/cron,1,1,1,1
/usr/sbin/init.lxc.static,0,0,1,0
/usr/sbin/acpid,1,1,1,1
/usr/sbin/grpck,1,1,1,1
/usr/sbin/visudo,1,1,1,1
/usr/sbin/vcstime,1,1,1,1
/usr/sbin/pwunconv,1,1,1,1
/usr/sbin/mklost+found,1,0,1,1
/usr/sbin/chroot,1,1,1,1
/usr/sbin/uuidd,1,1,1,1
/usr/sbin/xfs_mdrestore,1,1,1,1
/usr/sbin/e2freefrag,1,1,1,1
/usr/sbin/xfs_copy,1,1,1,1
/usr/sbin/ldattach,1,1,1,1
/usr/sbin/biosdecode,1,1,1,1
/usr/sbin/usermod,1,1,1,1
/usr/sbin/groupmod,1,1,1,1
/usr/sbin/chgpasswd,1,1,1,1
/usr/sbin/xfs_io,1,1,1,1
/usr/sbin/filefrag,1,1,1,1
/usr/sbin/dnsmasq,1,1,1,1
/usr/sbin/vpddecode,1,1,1,1
/usr/sbin/arpd,1,1,1,1
/usr/sbin/pwconv,1,1,1,1
/usr/sbin/arp,1,1,1,1
/usr/sbin/pam_timestamp_check,1,1,1,1
/usr/sbin/e4crypt,1,1,1,1
/usr/sbin/irqbalance,1,1,1,1
/usr/sbin/update-passwd,1,1,1,1
/usr/sbin/xfs_logprint,1,1,1,1
/usr/sbin/dmidecode,1,1,1,1
/usr/sbin/tcpdump,1,1,1,1
/usr/sbin/groupadd,1,1,1,1
/usr/sbin/cppw,1,1,1,1
/usr/sbin/xfs_estimate,1,1,1,1
/usr/sbin/rmt-tar,1,1,1,1
/usr/sbin/grub-install,1,1,1,1
/usr/sbin/bcache-super-show,1,1,1,1
/usr/sbin/xfs_fsr,1,1,1,1
/usr/sbin/useradd,1,1,1,1
/usr/sbin/nfnl_osf,1,1,1,1
/usr/sbin/atd,1,1,1,1
/usr/sbin/readprofile,1,1,1,1
/usr/sbin/accessdb,1,0,1,1
/usr/sbin/pwck,1,1,1,1
/usr/sbin/xfs_quota,1,1,1,1
/usr/sbin/fdformat,1,1,1,1
/usr/sbin/grub-probe,1,1,1,1
/usr/sbin/iconvconfig,1,1,1,1
/usr/sbin/grub-mkdevicemap,1,1,1,1
/usr/sbin/chmem,1,1,1,1
/usr/sbin/e4defrag,1,1,1,1
/usr/sbin/rtcwake,1,1,1,1
/usr/sbin/grpconv,1,1,1,1
/usr/sbin/groupdel,1,1,1,1
/usr/sbin/sshd,1,1,1,1
/usr/sbin/init.lxc,1,1,1,1
/usr/sbin/setvesablank,1,1,1,1
/usr/sbin/thermald,1,1,1,1
/usr/sbin/newusers,1,1,1,1
/usr/sbin/ownership,1,1,1,1
/usr/sbin/xfs_growfs,1,1,1,1
/usr/bin/x86_64-linux-gnu-strip,1,1,1,1
/usr/bin/systemd-resolve,1,1,1,1
/usr/bin/uptime,1,1,1,1
/usr/bin/od,1,1,1,1
/usr/bin/paste,1,1,1,1
/usr/bin/vmware-vgauth-cmd,1,1,1,1
/usr/bin/ssh-keyscan,1,1,1,1
/usr/bin/troff,1,1,1,1
/usr/bin/xargs,1,1,1,1
/usr/bin/symcryptrun,1,1,1,1
/usr/bin/x86_64-linux-gnu-size,1,1,1,1
/usr/bin/xdelta3,1,1,1,1
/usr/bin/flock,1,1,1,1
/usr/bin/tee,1,1,1,1
/usr/bin/truncate,1,1,1,1
/usr/bin/lscpu,1,1,1,1
/usr/bin/b2sum,1,1,1,1
/usr/bin/dpkg-query,1,1,1,1
/usr/bin/patch,1,1,1,1
/usr/bin/systemd-analyze,1,1,1,1
/usr/bin/gpgsm,1,1,1,1
/usr/bin/tput,1,1,1,1
/usr/bin/ptx,1,1,1,1
/usr/bin/vmware-checkvm,1,1,1,1
/usr/bin/tmux,1,1,1,1
/usr/bin/chattr,1,1,1,1
/usr/bin/comm,1,1,1,1
/usr/bin/prlimit,1,1,1,1
/usr/bin/timeout,1,1,1,1
/usr/bin/x86_64-linux-gnu-readelf,1,1,1,1
/usr/bin/colcrt,1,0,1,1
/usr/bin/skill,1,1,1,1
/usr/bin/fold,1,1,1,1
/usr/bin/systemd-detect-virt,1,0,1,1
/usr/bin/w.procps,1,1,1,1
/usr/bin/systemd-cgtop,1,1,1,1
/usr/bin/last,1,1,1,1
/usr/bin/grub-syslinux2cfg,1,1,1,1
/usr/bin/info,1,1,1,1
/usr/bin/gpg,1,1,1,1
/usr/bin/ul,1,1,1,1
/usr/bin/lsof,1,1,1,1
/usr/bin/users,1,1,1,1
/usr/bin/xauth,1,1,1,1
/usr/bin/nl,1,1,1,1
/usr/bin/sftp,1,1,1,1
/usr/bin/perl5.26-x86_64-linux-gnu,1,0,1,1
/usr/bin/unexpand,1,1,1,1
/usr/bin/install,1,1,1,1
/usr/bin/wget,1,1,1,1
/usr/bin/getkeycodes,1,1,1,1
/usr/bin/tr,1,1,1,1
/usr/bin/dirmngr-client,1,1,1,1
/usr/bin/lxc,0,1,1,0
/usr/bin/tsort,1,1,1,1
/usr/bin/x86_64-linux-gnu-objcopy,1,1,1,1
/usr/bin/nice,1,1,1,1
/usr/bin/grub-script-check,1,1,1,1
/usr/bin/dircolors,1,1,1,1
/usr/bin/pmap,1,1,1,1
/usr/bin/scp,1,1,1,1
/usr/bin/netkit-ftp,1,1,1,1
/usr/bin/grub-mkrescue,1,1,1,1
/usr/bin/mtr-packet,1,1,1,1
/usr/bin/chsh,1,1,1,1
/usr/bin/systemd-cat,1,0,1,1
/usr/bin/gpgconf,1,1,1,1
/usr/bin/tabs,1,0,1,1
/usr/bin/time,1,1,1,1
/usr/bin/grub-mklayout,1,1,1,1
/usr/bin/look,1,1,1,1
/usr/bin/systemd-delta,1,1,1,1
/usr/bin/perl,1,1,1,1
/usr/bin/expr,1,1,1,1
/usr/bin/pkaction,1,1,1,1
/usr/bin/htop,1,1,1,1
/usr/bin/grub-mount,1,1,1,1
/usr/bin/setlogcons,1,1,1,1
/usr/bin/mandb,1,1,1,1
/usr/bin/python3.6,0,1,1,0
/usr/bin/ipcs,1,1,1,1
/usr/bin/apt-sortpkgs,1,1,1,1
/usr/bin/x86_64-linux-gnu-as,1,1,1,1
/usr/bin/ngettext,1,1,1,1
/usr/bin/gettext,1,1,1,1
/usr/bin/x86_64-linux-gnu-ld.bfd,1,1,1,1
/usr/bin/renice,1,1,1,1
/usr/bin/vmware-guestproxycerttool,1,1,1,1
/usr/bin/tail,1,1,1,1
/usr/bin/gpg-connect-agent,1,1,1,1
/usr/bin/vmware-vmblock-fuse,1,1,1,1
/usr/bin/x86_64-linux-gnu-c++filt,1,1,1,1
/usr/bin/script,1,1,1,1
/usr/bin/snapfuse,1,1,1,1
/usr/bin/cmp,1,1,1,1
/usr/bin/readelf,1,1,1,1
/usr/bin/grops,1,1,1,1
/usr/bin/ntfsdecrypt,1,1,1,1
/usr/bin/localectl,1,1,1,1
/usr/bin/sdiff,1,1,1,1
/usr/bin/aa-exec,1,1,1,1
/usr/bin/sudoreplay,1,1,1,1
/usr/bin/id,1,1,1,1
/usr/bin/realpath,1,1,1,1
/usr/bin/eqn,1,1,1,1
/usr/bin/dpkg-deb,1,1,1,1
/usr/bin/fmt,1,1,1,1
/usr/bin/shuf,1,1,1,1
/usr/bin/stat,1,1,1,1
/usr/bin/printenv,1,1,1,1
/usr/bin/apt-extracttemplates,1,1,1,1
/usr/bin/sha256sum,1,1,1,1
/usr/bin/x86_64-linux-gnu-ld.gold,1,1,1,1
/usr/bin/ssh-add,1,1,1,1
/usr/bin/printerbanner,1,0,1,1
/usr/bin/dbus-cleanup-sockets,1,1,1,1
/usr/bin/psfxtable,1,1,1,1
/usr/bin/crontab,1,1,1,1
/usr/bin/tracepath,1,1,1,1
/usr/bin/passwd,1,1,1,1
/usr/bin/who,1,1,1,1
/usr/bin/getconf,1,0,1,1
/usr/bin/dirmngr,1,1,1,1
/usr/bin/[,1,1,1,1
/usr/bin/hostid,1,1,1,1
/usr/bin/factor,1,1,1,1
/usr/bin/addpart,1,1,1,1
/usr/bin/clear,1,0,1,1
/usr/bin/calendar,1,1,1,1
/usr/bin/curl,1,1,1,1
/usr/bin/x86_64-linux-gnu-ranlib,1,1,1,1
/usr/bin/install-info,1,1,1,1
/usr/bin/at,1,1,1,1
/usr/bin/showconsolefont,1,1,1,1
/usr/bin/delv,1,1,1,1
/usr/bin/systemd-run,1,1,1,1
/usr/bin/xz,1,1,1,1
/usr/bin/lspci,1,1,1,1
/usr/bin/unsquashfs,1,1,1,1
/usr/bin/locale,1,1,1,1
/usr/bin/mcookie,1,1,1,1
/usr/bin/mksquashfs,1,1,1,1
/usr/bin/newgidmap,1,1,1,1
/usr/bin/eject,1,1,1,1
/usr/bin/bsd-from,1,1,1,1
/usr/bin/chfn,1,1,1,1
/usr/bin/col,1,0,1,1
/usr/bin/find,1,1,1,1
/usr/bin/gpg-wks-server,1,1,1,1
/usr/bin/updatedb.mlocate,1,1,1,1
/usr/bin/usbhid-dump,1,1,1,1
/usr/bin/rename.ul,1,1,1,1
/usr/bin/python3.6m,0,1,1,0
/usr/bin/aa-enabled,1,1,1,1
/usr/bin/lsmem,1,1,1,1
/usr/bin/x86_64-linux-gnu-elfedit,1,1,1,1
/usr/bin/x86_64-linux-gnu-strings,1,1,1,1
/usr/bin/dbus-uuidgen,1,0,1,1
/usr/bin/split,1,1,1,1
/usr/bin/x86_64-linux-gnu-gprof,1,1,1,1
/usr/bin/lastlog,1,1,1,1
/usr/bin/lslocks,1,1,1,1
/usr/bin/ischroot,1,1,1,1
/usr/bin/faillog,1,1,1,1
/usr/bin/lshw,1,1,1,1
/usr/bin/test,1,1,1,1
/usr/bin/vmware-hgfsclient,1,1,1,1
/usr/bin/setarch,1,1,1,1
/usr/bin/git-shell,1,1,1,1
/usr/bin/dirname,1,1,1,1
/usr/bin/openssl,1,1,1,1
/usr/bin/tty,1,1,1,1
/usr/bin/cksum,1,1,1,1
/usr/bin/base32,1,1,1,1
/usr/bin/gawk,1,1,1,1
/usr/bin/whoami,1,1,1,1
/usr/bin/newuidmap,1,1,1,1
/usr/bin/ssh,1,1,1,1
/usr/bin/timedatectl,1,1,1,1
/usr/bin/grub-editenv,1,1,1,1
/usr/bin/seq,1,1,1,1
/usr/bin/hostnamectl,1,1,1,1
/usr/bin/update-alternatives,1,1,1,1
/usr/bin/uniq,1,1,1,1
/usr/bin/tload,1,1,1,1
/usr/bin/lslogins,1,1,1,1
/usr/bin/envsubst,1,1,1,1
/usr/bin/deallocvt,1,1,1,1
/usr/bin/lexgrog,1,1,1,1
/usr/bin/dbus-update-activation-environment,1,1,1,1
/usr/bin/mtr,1,1,1,1
/usr/bin/xxd,1,0,1,1
/usr/bin/ssh-agent,1,1,1,1
/usr/bin/numfmt,1,1,1,1
/usr/bin/dbus-run-session,1,1,1,1
/usr/bin/free,1,1,1,1
/usr/bin/sha1sum,1,1,1,1
/usr/bin/toe,1,1,1,1
/usr/bin/screen,1,1,1,1
/usr/bin/loadunimap,1,1,1,1
/usr/bin/screendump,1,1,1,1
/usr/bin/showkey,1,1,1,1
/usr/bin/dbus-send,1,1,1,1
/usr/bin/dbus-monitor,1,1,1,1
/usr/bin/getent,1,1,1,1
/usr/bin/lsns,1,1,1,1
/usr/bin/resizecons,1,1,1,1
/usr/bin/vmware-namespace-cmd,1,1,1,1
/usr/bin/mkfifo,1,1,1,1
/usr/bin/pstree,1,1,1,1
/usr/bin/wc,1,1,1,1
/usr/bin/killall,1,1,1,1
/usr/bin/logname,1,1,1,1
/usr/bin/grotty,1,1,1,1
/usr/bin/rsync,1,1,1,1
/usr/bin/git-upload-pack,1,1,1,1
/usr/bin/uuidgen,1,1,1,1
/usr/bin/splitfont,1,1,1,1
/usr/bin/dpkg,1,1,1,1
/usr/bin/gpg-agent,1,1,1,1
/usr/bin/pinky,1,1,1,1
/usr/bin/bootctl,1,1,1,1
/usr/bin/snap,1,1,1,1
/usr/bin/tset,1,1,1,1
/usr/bin/iconv,1,1,1,1
/usr/bin/apt-get,1,1,1,1
/usr/bin/sum,1,1,1,1
/usr/bin/diff,1,1,1,1
/usr/bin/mlocate,1,1,1,1
/usr/bin/git,1,1,1,1
/usr/bin/pwdx,1,1,1,1
/usr/bin/expand,1,1,1,1
/usr/bin/head,1,1,1,1
/usr/bin/man,1,1,1,1
/usr/bin/diff3,1,1,1,1
/usr/bin/slabtop,1,1,1,1
/usr/bin/vmstat,1,1,1,1
/usr/bin/chcon,1,1,1,1
/usr/bin/watchgnupg,1,1,1,1
/usr/bin/setkeycodes,1,1,1,1
/usr/bin/systemd-stdio-bridge,1,1,1,1
/usr/bin/lzmainfo,1,1,1,1
/usr/bin/vmhgfs-fuse,1,1,1,1
/usr/bin/ltrace,1,1,1,1
/usr/bin/nsupdate,1,1,1,1
/usr/bin/whatis,1,1,1,1
/usr/bin/acpi_listen,1,1,1,1
/usr/bin/systemd-cgls,1,1,1,1
/usr/bin/scriptreplay,1,1,1,1
/usr/bin/nsenter,1,1,1,1
/usr/bin/sha384sum,1,1,1,1
/usr/bin/soelim,1,1,1,1
/usr/bin/setsid,1,1,1,1
/usr/bin/make,1,1,1,1
/usr/bin/runcon,1,1,1,1
/usr/bin/setleds,1,1,1,1
/usr/bin/nproc,1,1,1,1
/usr/bin/utmpdump,1,1,1,1
/usr/bin/host,1,1,1,1
/usr/bin/ipcmk,1,1,1,1
/usr/bin/perl5.26.1,1,1,1,1
/usr/bin/sha512sum,1,1,1,1
/usr/bin/resizepart,1,1,1,1
/usr/bin/pr,1,1,1,1
/usr/bin/arch,1,1,1,1
/usr/bin/dpkg-statoverride,1,1,1,1
/usr/bin/pkttyagent,1,1,1,1
/usr/bin/top,1,1,1,1
/usr/bin/watch,1,1,1,1
/usr/bin/groff,1,1,1,1
/usr/bin/stdbuf,1,1,1,1
/usr/bin/telnet.netkit,1,1,1,1
/usr/bin/gpasswd,1,1,1,1
/usr/bin/nstat,1,1,1,1
/usr/bin/vmware-xferlogs,1,1,1,1
/usr/bin/localedef,1,1,1,1
/usr/bin/bsd-write,1,1,1,1
/usr/bin/join,1,1,1,1
/usr/bin/chrt,1,1,1,1
/usr/bin/pic,1,1,1,1
/usr/bin/printf,1,1,1,1
/usr/bin/grub-fstest,1,1,1,1
/usr/bin/grub-mkfont,1,1,1,1
/usr/bin/xdg-user-dirs-update,1,1,1,1
/usr/bin/ipcrm,1,1,1,1
/usr/bin/lxcfs,1,1,1,1
/usr/bin/nohup,1,1,1,1
/usr/bin/busctl,1,1,1,1
/usr/bin/gpgparsemail,1,1,1,1
/usr/bin/strace,1,1,1,1
/usr/bin/wall,1,1,1,1
/usr/bin/namei,1,1,1,1
/usr/bin/sha224sum,1,1,1,1
/usr/bin/tic,1,1,1,1
/usr/bin/taskset,1,1,1,1
/usr/bin/sort,1,1,1,1
/usr/bin/ionice,1,1,1,1
/usr/bin/grub-mkimage,1,1,1,1
/usr/bin/pldd,1,1,1,1
/usr/bin/mapscrn,1,1,1,1
/usr/bin/pslog,1,1,1,1
/usr/bin/vmware-rpctool,1,1,1,1
/usr/bin/whereis,1,1,1,1
/usr/bin/grub-file,1,1,1,1
/usr/bin/delpart,1,1,1,1
/usr/bin/grub-glue-efi,1,1,1,1
/usr/bin/csplit,1,1,1,1
/usr/bin/pcimodules,1,1,1,1
/usr/bin/bc,1,1,1,1
/usr/bin/pkcheck,1,1,1,1
/usr/bin/base64,1,1,1,1
/usr/bin/ssh-keygen,1,1,1,1
/usr/bin/partx,1,1,1,1
/usr/bin/x86_64-linux-gnu-nm,1,1,1,1
/usr/bin/apt-cache,1,1,1,1
/usr/bin/cut,1,1,1,1
/usr/bin/du,1,1,1,1
/usr/bin/apt,1,1,1,1
/usr/bin/apt-ftparchive,1,1,1,1
/usr/bin/x86_64-linux-gnu-dwp,1,1,1,1
/usr/bin/grub-mkpasswd-pbkdf2,1,1,1,1
/usr/bin/gpgsplit,1,1,1,1
/usr/bin/pathchk,1,1,1,1
/usr/bin/x86_64-linux-gnu-objdump,1,1,1,1
/usr/bin/uuidparse,1,1,1,1
/usr/bin/lsipc,1,1,1,1
/usr/bin/md5sum,1,1,1,1
/usr/bin/snapctl,1,1,1,1
/usr/bin/kbdinfo,1,1,1,1
/usr/bin/clear_console,1,1,1,1
/usr/bin/traceroute6.iputils,1,1,1,1
/usr/bin/gpgv,1,1,1,1
/usr/bin/unlink,1,1,1,1
/usr/bin/fallocate,1,1,1,1
/usr/bin/dig,1,1,1,1
/usr/bin/zdump,1,1,1,1
/usr/bin/prtstat,1,1,1,1
/usr/bin/pgrep,1,1,1,1
/usr/bin/tbl,1,1,1,1
/usr/bin/hexdump,1,1,1,1
/usr/bin/VGAuthService,1,1,1,1
/usr/bin/dpkg-divert,1,1,1,1
/usr/bin/pinentry-curses,1,1,1,1
/usr/bin/sudo,1,1,1,1
/usr/bin/column,1,0,1,1
/usr/bin/grub-menulst2cfg,1,1,1,1
/usr/bin/yes,1,1,1,1
/usr/bin/grub-render-label,1,1,1,1
/usr/bin/unshare,1,1,1,1
/usr/bin/dbus-daemon,1,1,1,1
/usr/bin/rdma,1,1,1,1
/usr/bin/tac,1,1,1,1
/usr/bin/mesg,1,1,1,1
/usr/bin/ncal,1,1,1,1
/usr/bin/file,1,1,1,1
/usr/bin/kbxutil,1,1,1,1
/usr/bin/setterm,1,1,1,1
/usr/bin/basename,1,1,1,1
/usr/bin/setpci,1,1,1,1
/usr/bin/systemd-path,1,1,1,1
/usr/bin/rev,1,0,1,1
/usr/bin/getopt,1,1,1,1
/usr/bin/setmetamode,1,1,1,1
/usr/bin/mdig,1,1,1,1
/usr/bin/x86_64-linux-gnu-ar,1,1,1,1
/usr/bin/newgrp,1,1,1,1
/usr/bin/volname,1,1,1,1
/usr/bin/x86_64-linux-gnu-addr2line,1,1,1,1
/usr/bin/colrm,1,0,1,1
/usr/bin/lsusb,1,1,1,1
/usr/bin/systemd-socket-activate,1,1,1,1
/usr/bin/shred,1,1,1,1
/usr/bin/grub-mknetdir,1,1,1,1
/usr/bin/grub-mkrelpath,1,1,1,1
/usr/bin/env,1,1,1,1
/usr/bin/expiry,1,1,1,1
/usr/bin/preconv,1,1,1,1
/usr/bin/nslookup,1,1,1,1
/usr/bin/update-mime-database,1,1,1,1
/usr/bin/grub-mkstandalone,1,1,1,1
/usr/bin/peekfd,1,1,1,1
/usr/bin/systemd-mount,1,1,1,1
/usr/bin/dpkg-split,1,1,1,1
/usr/bin/groups,1,1,1,1
/usr/bin/lsattr,1,1,1,1
/usr/bin/codepage,1,1,1,1
/usr/bin/lnstat,1,1,1,1
/usr/bin/mawk,1,1,1,1
/usr/bin/infocmp,1,1,1,1
/usr/bin/manpath,1,1,1,1
/usr/bin/apt-config,1,1,1,1
/usr/bin/dpkg-trigger,1,1,1,1
/usr/bin/apt-mark,1,1,1,1
/usr/bin/vim.basic,1,1,1,1
/usr/bin/vim.tiny,1,1,1,1
/usr/bin/vmware-toolbox-cmd,1,1,1,1
/usr/bin/pkexec,1,1,1,1
/usr/bin/vmware-vgauth-smoketest,1,1,1,1
/usr/bin/vmtoolsd,1,1,1,1
/usr/bin/elfedit,1,1,1,1
/usr/bin/link,1,1,1,1
/usr/bin/logger,1,1,1,1
/usr/bin/apt-cdrom,1,1,1,1
/usr/bin/catman,1,1,1,1
/usr/bin/chage,1,1,1,1
/sbin/switch_root,1,1,1,1
/sbin/pam_tally2,1,1,1,1
/sbin/runuser,1,1,1,1
/sbin/ipmaddr,1,1,1,1
/sbin/resize2fs,1,1,1,1
/sbin/ureadahead,1,1,1,1
/sbin/sfdisk,1,1,1,1
/sbin/e2image,1,1,1,1
/sbin/iscsid,1,1,1,1
/sbin/dmsetup,1,1,1,1
/sbin/mount.fuse,1,1,1,1
/sbin/mkfs,1,1,1,1
/sbin/cfdisk,1,1,1,1
/sbin/ntfsclone,1,1,1,1
/sbin/lvmpolld,1,1,1,1
/sbin/findfs,1,0,1,1
/sbin/debugfs,1,1,1,1
/sbin/mdadm,1,1,1,1
/sbin/nameif,1,1,1,1
/sbin/mke2fs,1,1,1,1
/sbin/bridge,1,1,1,1
/sbin/isosize,1,1,1,1
/sbin/sulogin,1,1,1,1
/sbin/cgdisk,1,1,1,1
/sbin/apparmor_parser,1,1,1,1
/sbin/mkfs.xfs,1,1,1,1
/sbin/devlink,1,1,1,1
/sbin/unix_chkpwd,1,1,1,1
/sbin/plipconfig,1,1,1,1
/sbin/partprobe,1,0,1,1
/sbin/iscsistart,1,1,1,1
/sbin/tc,1,1,1,1
/sbin/fatlabel,1,1,1,1
/sbin/getpcaps,1,1,1,1
/sbin/iw,1,1,1,1
/sbin/logsave,1,1,1,1
/sbin/rarp,1,1,1,1
/sbin/sgdisk,1,1,1,1
/sbin/losetup,1,1,1,1
/sbin/integritysetup,1,1,1,1
/sbin/fstrim,1,1,1,1
/sbin/chcpu,1,1,1,1
/sbin/tipc,1,1,1,1
/sbin/mkntfs,1,1,1,1
/sbin/dhclient,1,1,1,1
/sbin/blockdev,1,1,1,1
/sbin/ntfsresize,1,1,1,1
/sbin/fixparts,1,1,1,1
/sbin/fstab-decode,1,0,1,1
/sbin/cryptsetup-reencrypt,1,1,1,1
/sbin/lvm,1,1,1,1
/sbin/fsck.fat,1,1,1,1
/sbin/dumpe2fs,1,1,1,1
/sbin/route,1,1,1,1
/sbin/rtacct,1,1,1,1
/sbin/xtables-multi,1,1,1,1
/sbin/ifconfig,1,1,1,1
/sbin/sysctl,1,1,1,1
/sbin/badblocks,1,1,1,1
/sbin/pam_tally,1,1,1,1
/sbin/e2undo,1,1,1,1
/sbin/unix_update,1,1,1,1
/sbin/e2fsck,1,1,1,1
/sbin/fsck.minix,1,1,1,1
/sbin/swapoff,1,1,1,1
/sbin/kbdrate,1,1,1,1
/sbin/setvtrgb,1,1,1,1
/sbin/start-stop-daemon,1,1,1,1
/sbin/mii-tool,1,1,1,1
/sbin/mount.vmhgfs,1,1,1,1
/sbin/fdisk,1,1,1,1
/sbin/hdparm,1,1,1,1
/sbin/agetty,1,1,1,1
/sbin/ethtool,1,1,1,1
/sbin/dmeventd,1,1,1,1
/sbin/lvmetad,1,1,1,1
/sbin/ntfscp,1,1,1,1
/sbin/plymouthd,1,1,1,1
/sbin/mdmon,1,1,1,1
/sbin/iscsiadm,1,1,1,1
/sbin/ldconfig.real,0,0,1,0
/sbin/swaplabel,1,1,1,1
/sbin/mkfs.cramfs,1,1,1,1
/sbin/setcap,1,0,1,1
/sbin/mkfs.bfs,1,1,1,1
/sbin/ntfsundelete,1,1,1,1
/sbin/getcap,1,1,1,1
/sbin/pam_extrausers_chkpwd,1,1,1,1
/sbin/cryptsetup,1,1,1,1
/sbin/ebtables-restore,1,1,1,1
/sbin/veritysetup,1,1,1,1
/sbin/xfs_repair,1,1,1,1
/sbin/tune2fs,1,1,1,1
/sbin/ctrlaltdel,1,1,1,1
/sbin/capsh,1,0,1,1
/sbin/killall5,1,1,1,1
/sbin/mkhomedir_helper,1,1,1,1
/sbin/fsck,1,1,1,1
/sbin/ebtables,1,1,1,1
/sbin/rtmon,1,1,1,1
/sbin/wipefs,1,1,1,1
/sbin/regdbdump,1,0,1,1
/sbin/raw,1,1,1,1
/sbin/fsfreeze,1,1,1,1
/sbin/swapon,1,1,1,1
/sbin/fsck.cramfs,1,1,1,1
/sbin/blkid,1,1,1,1
/sbin/parted,1,1,1,1
/sbin/pivot_root,1,0,1,1
/sbin/zramctl,1,1,1,1
/sbin/ntfslabel,1,1,1,1
/sbin/blkdiscard,1,1,1,1
/sbin/crda,1,1,1,1
/sbin/pam_extrausers_update,1,1,1,1
/sbin/iscsi-iname,1,1,1,1
/sbin/mkfs.minix,1,1,1,1
/sbin/gdisk,1,1,1,1
/sbin/iptunnel,1,1,1,1
/sbin/slattach,1,1,1,1
/sbin/mkswap,1,1,1,1
/sbin/hwclock,1,1,1,1
/sbin/mkfs.fat,1,1,1,1
/bin/nc.openbsd,1,1,1,1
/bin/btrfs-map-logical,1,1,1,1
/bin/pwd,1,1,1,1
/bin/ntfstruncate,1,1,1,1
/bin/ntfsusermap,1,1,1,1
/bin/mt-gnu,1,1,1,1
/bin/chown,1,1,1,1
/bin/kmod,1,1,1,1
/bin/journalctl,1,1,1,1
/bin/getfacl,1,1,1,1
/bin/ip,1,1,1,1
/bin/df,1,1,1,1
/bin/lesskey,1,1,1,1
/bin/ntfsfallocate,1,1,1,1
/bin/busybox,0,0,1,0
/bin/mktemp,1,1,1,1
/bin/btrfs-select-super,1,1,1,1
/bin/systemd-sysusers,1,1,1,1
/bin/ntfsls,1,1,1,1
/bin/ntfswipe,1,1,1,1
/bin/ps,1,1,1,1
/bin/ntfscmp,1,1,1,1
/bin/mkdir,1,1,1,1
/bin/bunzip2,1,1,1,1
/bin/false,1,1,1,1
/bin/dd,1,1,1,1
/bin/systemd-tmpfiles,1,1,1,1
/bin/lessecho,1,1,1,1
/bin/systemd-escape,1,1,1,1
/bin/systemd-inhibit,1,1,1,1
/bin/systemctl,1,1,1,1
/bin/ntfscluster,1,1,1,1
/bin/bash,1,1,1,1
/bin/systemd-hwdb,1,1,1,1
/bin/date,1,1,1,1
/bin/btrfs-image,1,1,1,1
/bin/mknod,1,1,1,1
/bin/setfacl,1,1,1,1
/bin/sync,1,1,1,1
/bin/btrfs-debug-tree,1,1,1,1
/bin/networkctl,1,1,1,1
/bin/dmesg,1,1,1,1
/bin/touch,1,1,1,1
/bin/btrfs-zero-log,1,1,1,1
/bin/systemd-machine-id-setup,1,1,1,1
/bin/dumpkeys,1,1,1,1
/bin/kill,1,1,1,1
/bin/uname,1,1,1,1
/bin/mkfs.btrfs,1,1,1,1
/bin/chvt,1,1,1,1
/bin/wdctl,1,1,1,1
/bin/btrfs-find-root,1,1,1,1
/bin/tempfile,1,1,1,1
/bin/bzip2,1,1,1,1
/bin/more,1,1,1,1
/bin/ntfsrecover,1,1,1,1
/bin/lsblk,1,1,1,1
/bin/ping,1,1,1,1
/bin/true,1,1,1,1
/bin/rm,1,1,1,1
/bin/btrfstune,1,1,1,1
/bin/chmod,1,1,1,1
/bin/ln,1,1,1,1
/bin/openvt,1,1,1,1
/bin/fusermount,1,1,1,1
/bin/dash,1,1,1,1
/bin/ulockmgr_server,1,1,1,1
/bin/ntfs-3g,1,1,1,1
/bin/chacl,1,1,1,1
/bin/grep,1,1,1,1
/bin/mount,1,1,1,1
/bin/ed,1,1,1,1
/bin/nano,1,1,1,1
/bin/cat,1,1,1,1
/bin/ntfs-3g.probe,1,0,1,1
/bin/lowntfs-3g,1,1,1,1
/bin/bzcat,1,1,1,1
/bin/hostname,1,1,1,1
/bin/ntfsinfo,1,1,1,1
/bin/loginctl,1,1,1,1
/bin/setfont,1,1,1,1
/bin/umount,1,1,1,1
/bin/systemd-ask-password,1,1,1,1
/bin/cpio,1,1,1,1
/bin/whiptail,1,1,1,1
/bin/stty,1,1,1,1
/bin/sed,1,1,1,1
/bin/ls,1,1,1,1
/bin/less,1,1,1,1
/bin/su,1,1,1,1
/bin/vdir,1,1,1,1
/bin/ntfscat,1,1,1,1
/bin/systemd-tty-ask-password-agent,1,1,1,1
/bin/netstat,1,1,1,1
/bin/echo,1,1,1,1
/bin/systemd-notify,1,1,1,1
/bin/ntfsfix,1,1,1,1
/bin/ntfssecaudit,1,1,1,1
/bin/bzip2recover,1,0,1,1
/bin/mountpoint,1,1,1,1
/bin/ss,1,1,1,1
/bin/ntfsmove,1,1,1,1
/bin/mv,1,1,1,1
/bin/readlink,1,1,1,1
/bin/gzip,1,1,1,1
/bin/btrfs,1,1,1,1
/bin/plymouth,1,1,1,1
/bin/sleep,1,1,1,1
/bin/tar,1,1,1,1
/bin/findmnt,1,1,1,1
/bin/cp,1,1,1,1
/bin/run-parts,1,1,1,1
/bin/kbd_mode,1,1,1,1
/bin/rmdir,1,1,1,1
/bin/login,1,1,1,1
/bin/chgrp,1,1,1,1
/bin/fuser,1,1,1,1
/bin/fgconsole,1,1,1,1
/bin/loadkeys,1,1,1,1
/bin/udevadm,1,1,1,1
/bin/dir,1,1,1,1
