/usr/sbin/named-checkconf,1,1,1,1
/usr/sbin/dnssec-keygen-pkcs11,1,1,1,1
/usr/sbin/dnssec-signzone,1,1,1,1
/usr/sbin/dnssec-verify-pkcs11,1,1,1,1
/usr/sbin/nsec3hash,1,1,1,1
/usr/sbin/dnssec-signzone-pkcs11,1,1,1,1
/usr/sbin/pkcs11-tokens,1,0,1,1
/usr/sbin/dnssec-settime-pkcs11,1,1,1,1
/usr/sbin/isc-hmac-fixup,1,1,1,1
/usr/sbin/named,1,1,1,1
/usr/sbin/dnssec-settime,1,1,1,1
/usr/sbin/rndc,1,1,1,1
/usr/sbin/pkcs11-keygen,1,0,1,1
/usr/sbin/named-pkcs11,1,1,1,1
/usr/sbin/pkcs11-list,1,0,1,1
/usr/sbin/dnssec-keyfromlabel,1,1,1,1
/usr/sbin/dnssec-importkey,1,1,1,1
/usr/sbin/dnssec-importkey-pkcs11,1,1,1,1
/usr/sbin/dnssec-revoke-pkcs11,1,1,1,1
/usr/sbin/dnssec-dsfromkey,1,1,1,1
/usr/sbin/genrandom,1,1,1,1
/usr/sbin/named-journalprint,1,1,1,1
/usr/sbin/dnssec-verify,1,1,1,1
/usr/sbin/dnssec-revoke,1,1,1,1
/usr/sbin/dnssec-keyfromlabel-pkcs11,1,1,1,1
/usr/sbin/dnssec-keygen,1,1,1,1
/usr/sbin/named-checkzone,1,1,1,1
/usr/sbin/ddns-confgen,1,1,1,1
/usr/sbin/dnssec-dsfromkey-pkcs11,1,1,1,1
/usr/sbin/pkcs11-destroy,1,0,1,1
/usr/sbin/rndc-confgen,1,1,1,1
/usr/bin/arpaname,1,1,1,1
/usr/bin/named-rrchecker,1,1,1,1
